IQ-TREE multicore version 1.6.12 for Mac OS X 64-bit built Aug 15 2019
Developed by Bui Quang Minh, Nguyen Lam Tung, Olga Chernomor,
Heiko Schmidt, Dominik Schrempf, Michael Woodhams.

Host:    Bushras-MacBook-Air.local (SSE4.2, 16 GB RAM)
Command: /Users/bushrakhan/Desktop/NIPGR-data/MADS-box-Evolutionary-gene-detection/bin/iqtree -s /Users/bushrakhan/Desktop/NIPGR-data/MADS-box-Evolutionary-gene-detection/Workflow_Step-by-Step/TASK_1/uploads/Combined_MADS_Rice_AT_Aligned.fa -m AUTO -bb 1000 -nt 2 -pre /Users/bushrakhan/Desktop/NIPGR-data/MADS-box-Evolutionary-gene-detection/Workflow_Step-by-Step/TASK_1/uploads/Rice_MADS_Domain_ML
Seed:    126266 (Using SPRNG - Scalable Parallel Random Number Generator)
Time:    Fri Apr  3 11:09:11 2026
Kernel:  SSE2 - 2 threads (10 CPU cores detected)

Reading alignment file /Users/bushrakhan/Desktop/NIPGR-data/MADS-box-Evolutionary-gene-detection/Workflow_Step-by-Step/TASK_1/uploads/Combined_MADS_Rice_AT_Aligned.fa ... Fasta format detected
Alignment most likely contains protein sequences
Alignment has 152 sequences with 49 columns, 49 distinct patterns
45 parsimony-informative, 3 singleton sites, 0 constant sites
WARNING: Some sequence names are changed as follows:
AT2G45650.1|PACid:19638787_10_57 -> AT2G45650.1_PACid_19638787_10_57
AT4G11880.1|PACid:19643844_10_57 -> AT4G11880.1_PACid_19643844_10_57
AT4G09960.1|PACid:19648309_10_57 -> AT4G09960.1_PACid_19648309_10_57
AT4G09960.4|PACid:19648308_10_57 -> AT4G09960.4_PACid_19648308_10_57
AT4G18960.1|PACid:19647337_26_73 -> AT4G18960.1_PACid_19647337_26_73
AT4G09960.3|PACid:19648307_36_83 -> AT4G09960.3_PACid_19648307_36_83
AT4G09960.2|PACid:19648310_10_57 -> AT4G09960.2_PACid_19648310_10_57
AT2G45660.1|PACid:19641052_10_57 -> AT2G45660.1_PACid_19641052_10_57
AT4G22950.1|PACid:19647692_10_57 -> AT4G22950.1_PACid_19647692_10_57
AT4G22950.1|PACid:19647692_94_105 -> AT4G22950.1_PACid_19647692_94_105
AT1G24260.3|PACid:19651405_10_57 -> AT1G24260.3_PACid_19651405_10_57
AT5G15800.1|PACid:19670123_10_57 -> AT5G15800.1_PACid_19670123_10_57
AT1G24260.1|PACid:19651404_10_57 -> AT1G24260.1_PACid_19651404_10_57
AT1G24260.2|PACid:19651403_10_57 -> AT1G24260.2_PACid_19651403_10_57
AT5G15800.2|PACid:19670122_10_57 -> AT5G15800.2_PACid_19670122_10_57
AT2G22540.1|PACid:19641563_10_57 -> AT2G22540.1_PACid_19641563_10_57
AT3G57390.1|PACid:19659472_10_57 -> AT3G57390.1_PACid_19659472_10_57
AT5G13790.1|PACid:19669343_10_57 -> AT5G13790.1_PACid_19669343_10_57
AT5G51870.2|PACid:19672301_10_57 -> AT5G51870.2_PACid_19672301_10_57
AT5G51870.1|PACid:19672300_10_57 -> AT5G51870.1_PACid_19672300_10_57
AT5G51870.3|PACid:19672299_10_57 -> AT5G51870.3_PACid_19672299_10_57
AT3G58780.2|PACid:19662660_25_72 -> AT3G58780.2_PACid_19662660_25_72
AT2G42830.1|PACid:19643528_25_72 -> AT2G42830.1_PACid_19643528_25_72
AT3G58780.1|PACid:19662659_25_72 -> AT3G58780.1_PACid_19662659_25_72
AT2G42830.2|PACid:19643527_25_72 -> AT2G42830.2_PACid_19643527_25_72
AT3G58780.3|PACid:19662658_25_72 -> AT3G58780.3_PACid_19662658_25_72
AT3G02310.1|PACid:19661943_10_57 -> AT3G02310.1_PACid_19661943_10_57
AT2G14210.1|PACid:19638394_10_57 -> AT2G14210.1_PACid_19638394_10_57
AT2G03710.3|PACid:19640310_10_57 -> AT2G03710.3_PACid_19640310_10_57
AT1G69120.1|PACid:19653480_10_57 -> AT1G69120.1_PACid_19653480_10_57
AT5G60910.1|PACid:19670614_10_57 -> AT5G60910.1_PACid_19670614_10_57
AT5G51860.2|PACid:19671372_10_57 -> AT5G51860.2_PACid_19671372_10_57
AT5G51860.1|PACid:19671371_10_57 -> AT5G51860.1_PACid_19671371_10_57
AT2G03710.2|PACid:19640309_10_57 -> AT2G03710.2_PACid_19640309_10_57
AT2G03710.1|PACid:19640308_10_57 -> AT2G03710.1_PACid_19640308_10_57
AT3G30260.1|PACid:19662130_10_57 -> AT3G30260.1_PACid_19662130_10_57
AT2G24840.1|PACid:19642372_71_118 -> AT2G24840.1_PACid_19642372_71_118
AT2G22540.2|PACid:19641564_10_55 -> AT2G22540.2_PACid_19641564_10_55
AT3G57230.1|PACid:19665060_10_57 -> AT3G57230.1_PACid_19665060_10_57
AT3G57230.2|PACid:19665061_10_57 -> AT3G57230.2_PACid_19665061_10_57
AT4G37940.1|PACid:19644309_10_57 -> AT4G37940.1_PACid_19644309_10_57
AT4G24540.1|PACid:19648389_10_57 -> AT4G24540.1_PACid_19648389_10_57
AT3G61120.1|PACid:19662463_10_57 -> AT3G61120.1_PACid_19662463_10_57
AT3G54340.1|PACid:19659884_10_57 -> AT3G54340.1_PACid_19659884_10_57
AT1G26310.1|PACid:19650942_10_57 -> AT1G26310.1_PACid_19650942_10_57
AT1G22130.1|PACid:19651829_10_55 -> AT1G22130.1_PACid_19651829_10_55
AT5G62165.4|PACid:19672598_10_57 -> AT5G62165.4_PACid_19672598_10_57
AT5G60440.1|PACid:19665878_15_62 -> AT5G60440.1_PACid_19665878_15_62
AT5G62165.1|PACid:19672595_10_57 -> AT5G62165.1_PACid_19672595_10_57
AT5G62165.2|PACid:19672596_10_57 -> AT5G62165.2_PACid_19672596_10_57
AT5G62165.3|PACid:19672597_10_57 -> AT5G62165.3_PACid_19672597_10_57
AT2G22630.1|PACid:19642313_10_57 -> AT2G22630.1_PACid_19642313_10_57
AT1G77980.1|PACid:19650219_10_55 -> AT1G77980.1_PACid_19650219_10_55
AT1G71692.1|PACid:19653064_10_56 -> AT1G71692.1_PACid_19653064_10_56
AT1G01530.1|PACid:19655032_15_62 -> AT1G01530.1_PACid_19655032_15_62
AT1G65360.1|PACid:19652033_15_62 -> AT1G65360.1_PACid_19652033_15_62
AT5G10140.2|PACid:19672042_10_57 -> AT5G10140.2_PACid_19672042_10_57
AT5G10140.4|PACid:19672041_10_57 -> AT5G10140.4_PACid_19672041_10_57
AT5G10140.3|PACid:19672040_10_57 -> AT5G10140.3_PACid_19672040_10_57
AT5G10140.1|PACid:19672039_10_57 -> AT5G10140.1_PACid_19672039_10_57
AT3G66656.1|PACid:19662106_10_57 -> AT3G66656.1_PACid_19662106_10_57
AT5G23260.2|PACid:19667542_10_57 -> AT5G23260.2_PACid_19667542_10_57
AT5G23260.3|PACid:19667544_10_57 -> AT5G23260.3_PACid_19667544_10_57
AT5G23260.1|PACid:19667543_10_57 -> AT5G23260.1_PACid_19667543_10_57
AT4G36590.1|PACid:19644661_15_62 -> AT4G36590.1_PACid_19644661_15_62
AT2G34440.1|PACid:19639540_12_57 -> AT2G34440.1_PACid_19639540_12_57
AT5G65070.1|PACid:19666742_10_57 -> AT5G65070.1_PACid_19666742_10_57
AT1G77950.1|PACid:19656697_10_55 -> AT1G77950.1_PACid_19656697_10_55
AT1G77950.2|PACid:19656698_10_55 -> AT1G77950.2_PACid_19656698_10_55
AT5G65070.3|PACid:19666740_10_57 -> AT5G65070.3_PACid_19666740_10_57
AT5G65070.2|PACid:19666741_10_57 -> AT5G65070.2_PACid_19666741_10_57
AT1G77080.5|PACid:19652600_10_55 -> AT1G77080.5_PACid_19652600_10_55
AT1G77080.2|PACid:19652599_10_55 -> AT1G77080.2_PACid_19652599_10_55
AT1G77080.4|PACid:19652598_10_55 -> AT1G77080.4_PACid_19652598_10_55
AT5G65080.2|PACid:19670373_10_55 -> AT5G65080.2_PACid_19670373_10_55
AT1G31140.1|PACid:19657778_10_57 -> AT1G31140.1_PACid_19657778_10_57
AT1G31140.2|PACid:19657777_10_57 -> AT1G31140.2_PACid_19657777_10_57
AT5G65080.1|PACid:19670372_17_62 -> AT5G65080.1_PACid_19670372_17_62
AT1G47760.1|PACid:19657551_10_57 -> AT1G47760.1_PACid_19657551_10_57
AT5G20240.1|PACid:19673101_10_57 -> AT5G20240.1_PACid_19673101_10_57
AT1G18750.1|PACid:19654582_10_57 -> AT1G18750.1_PACid_19654582_10_57
AT1G72350.1|PACid:19656010_55_98 -> AT1G72350.1_PACid_19656010_55_98
AT5G65050.2|PACid:19667307_10_55 -> AT5G65050.2_PACid_19667307_10_55
AT5G65050.1|PACid:19667306_10_55 -> AT5G65050.1_PACid_19667306_10_55
AT5G65050.3|PACid:19667305_10_55 -> AT5G65050.3_PACid_19667305_10_55
AT5G65060.2|PACid:19668929_10_55 -> AT5G65060.2_PACid_19668929_10_55
AT5G65060.1|PACid:19668928_10_55 -> AT5G65060.1_PACid_19668928_10_55
AT1G17310.1|PACid:19656321_56_103 -> AT1G17310.1_PACid_19656321_56_103
AT1G28460.1|PACid:19649164_16_63 -> AT1G28460.1_PACid_19649164_16_63
AT2G03060.2|PACid:19640478_10_53 -> AT2G03060.2_PACid_19640478_10_53
AT2G03060.1|PACid:19640479_10_53 -> AT2G03060.1_PACid_19640479_10_53
AT3G04100.1|PACid:19663352_22_69 -> AT3G04100.1_PACid_19663352_22_69
AT3G04100.1|PACid:19663352_104_117 -> AT3G04100.1_PACid_19663352_104_117
AT1G29962.1|PACid:19658277_16_63 -> AT1G29962.1_PACid_19658277_16_63
AT5G48670.1|PACid:19672717_10_51 -> AT5G48670.1_PACid_19672717_10_51
AT2G26320.1|PACid:19638466_26_73 -> AT2G26320.1_PACid_19638466_26_73
AT1G69540.1|PACid:19658298_11_53 -> AT1G69540.1_PACid_19658298_11_53
AT3G05860.2|PACid:19660459_10_51 -> AT3G05860.2_PACid_19660459_10_51
AT3G05860.3|PACid:19660458_10_51 -> AT3G05860.3_PACid_19660458_10_51
AT3G05860.1|PACid:19660457_10_51 -> AT3G05860.1_PACid_19660457_10_51
AT5G27960.1|PACid:19666678_9_48 -> AT5G27960.1_PACid_19666678_9_48
AT1G65330.1|PACid:19653684_9_53 -> AT1G65330.1_PACid_19653684_9_53
AT5G55690.1|PACid:19665481_10_51 -> AT5G55690.1_PACid_19665481_10_51
AT5G55690.1|PACid:19665481_137_148 -> AT5G55690.1_PACid_19665481_137_148
AT1G65300.1|PACid:19652716_10_51 -> AT1G65300.1_PACid_19652716_10_51
AT5G26630.1|PACid:19667105_10_50 -> AT5G26630.1_PACid_19667105_10_50
AT5G26650.1|PACid:19669215_9_48 -> AT5G26650.1_PACid_19669215_9_48
AT1G28450.1|PACid:19650560_16_63 -> AT1G28450.1_PACid_19650560_16_63
AT3G18650.1|PACid:19661489_5_23 -> AT3G18650.1_PACid_19661489_5_23
AT3G18650.1|PACid:19661489_30_72 -> AT3G18650.1_PACid_19661489_30_72
AT5G58890.1|PACid:19667567_10_52 -> AT5G58890.1_PACid_19667567_10_52
AT5G26580.1|PACid:19673075_11_50 -> AT5G26580.1_PACid_19673075_11_50
AT4G02235.1|PACid:19647863_9_54 -> AT4G02235.1_PACid_19647863_9_54
AT1G22590.2|PACid:19655507_11_50 -> AT1G22590.2_PACid_19655507_11_50
AT5G65330.1|PACid:19672137_7_52 -> AT5G65330.1_PACid_19672137_7_52
AT5G39750.1|PACid:19667213_25_64 -> AT5G39750.1_PACid_19667213_25_64
AT5G40120.1|PACid:19671880_17_56 -> AT5G40120.1_PACid_19671880_17_56
AT5G38740.1|PACid:19668168_26_65 -> AT5G38740.1_PACid_19668168_26_65
AT5G41200.1|PACid:19667742_19_57 -> AT5G41200.1_PACid_19667742_19_57
AT5G40220.1|PACid:19669238_18_57 -> AT5G40220.1_PACid_19669238_18_57
AT1G46408.1|PACid:19654736_12_53 -> AT1G46408.1_PACid_19654736_12_53
AT5G39810.1|PACid:19670065_25_64 -> AT5G39810.1_PACid_19670065_25_64
AT1G31630.1|PACid:19652269_10_56 -> AT1G31630.1_PACid_19652269_10_56
AT4G11250.1|PACid:19648763_10_51 -> AT4G11250.1_PACid_19648763_10_51
AT5G27090.2|PACid:19670535_29_70 -> AT5G27090.2_PACid_19670535_29_70
AT5G27090.1|PACid:19670534_29_70 -> AT5G27090.1_PACid_19670534_29_70
AT5G06500.1|PACid:19671199_10_53 -> AT5G06500.1_PACid_19671199_10_53
AT5G27070.1|PACid:19671195_30_71 -> AT5G27070.1_PACid_19671195_30_71
AT5G26950.1|PACid:19666538_30_71 -> AT5G26950.1_PACid_19666538_30_71
AT5G26880.1|PACid:19668576_156_166 -> AT5G26880.1_PACid_19668576_156_166
AT5G26880.1|PACid:19668576_241_274 -> AT5G26880.1_PACid_19668576_241_274
AT5G27944.1|PACid:19666623_30_71 -> AT5G27944.1_PACid_19666623_30_71
AT5G27580.1|PACid:19672891_30_71 -> AT5G27580.1_PACid_19672891_30_71
AT2G40210.1|PACid:19638131_10_51 -> AT2G40210.1_PACid_19638131_10_51
AT1G31640.1|PACid:19651329_12_56 -> AT1G31640.1_PACid_19651329_12_56
AT5G04640.1|PACid:19673003_13_53 -> AT5G04640.1_PACid_19673003_13_53
AT5G49490.1|PACid:19668119_54_95 -> AT5G49490.1_PACid_19668119_54_95
AT1G60920.1|PACid:19654635_12_50 -> AT1G60920.1_PACid_19654635_12_50
AT1G48150.1|PACid:19654851_28_67 -> AT1G48150.1_PACid_19654851_28_67
AT5G38620.1|PACid:19667041_14_55 -> AT5G38620.1_PACid_19667041_14_55
AT5G27130.1|PACid:19666602_23_63 -> AT5G27130.1_PACid_19666602_23_63
AT1G60040.1|PACid:19653511_20_62 -> AT1G60040.1_PACid_19653511_20_62
AT5G49420.1|PACid:19672206_16_57 -> AT5G49420.1_PACid_19672206_16_57
AT2G28700.1|PACid:19641128_11_50 -> AT2G28700.1_PACid_19641128_11_50
AT5G27050.1|PACid:19667506_1_28 -> AT5G27050.1_PACid_19667506_1_28
AT1G59810.1|PACid:19650751_19_61 -> AT1G59810.1_PACid_19650751_19_61
AT1G60880.1|PACid:19658292_12_41 -> AT1G60880.1_PACid_19658292_12_41
AT1G54760.1|PACid:19656422_19_43 -> AT1G54760.1_PACid_19656422_19_43
AT5G37415.1|PACid:19671670_85_109 -> AT5G37415.1_PACid_19671670_85_109
AT5G27810.1|PACid:19666054_1_26 -> AT5G27810.1_PACid_19666054_1_26
AT1G33070.1|PACid:19656210_4_24 -> AT1G33070.1_PACid_19656210_4_24
AT2G15660.1|PACid:19640579_30_44 -> AT2G15660.1_PACid_19640579_30_44

                                    Gap/Ambiguity  Composition  p-value
   1  AT2G45650.1_PACid_19638787_10_57      2.04%    passed     99.96%
   2  AT4G11880.1_PACid_19643844_10_57      2.04%    passed     99.99%
   3  AT4G09960.1_PACid_19648309_10_57      2.04%    passed     98.89%
   4  AT4G09960.4_PACid_19648308_10_57      2.04%    passed     98.89%
   5  AT4G18960.1_PACid_19647337_26_73      2.04%    passed     98.89%
   6  AT4G09960.3_PACid_19648307_36_83      2.04%    passed     98.89%
   7  AT4G09960.2_PACid_19648310_10_57      2.04%    passed     98.89%
   8  AT2G45660.1_PACid_19641052_10_57      2.04%    passed    100.00%
   9  AT4G22950.1_PACid_19647692_10_57      2.04%    passed     99.87%
  10  AT4G22950.1_PACid_19647692_94_105    75.51%    passed     90.52%
  11  AT1G24260.3_PACid_19651405_10_57      2.04%    passed     98.66%
  12  AT5G15800.1_PACid_19670123_10_57      2.04%    passed     98.66%
  13  AT1G24260.1_PACid_19651404_10_57      2.04%    passed     98.66%
  14  AT1G24260.2_PACid_19651403_10_57      2.04%    passed     98.66%
  15  AT5G15800.2_PACid_19670122_10_57      2.04%    passed     98.66%
  16  AT2G22540.1_PACid_19641563_10_57      2.04%    passed     96.81%
  17  AT3G57390.1_PACid_19659472_10_57      2.04%    passed     98.88%
  18  AT5G13790.1_PACid_19669343_10_57      2.04%    passed     99.64%
  19  AT5G51870.2_PACid_19672301_10_57      2.04%    passed     49.24%
  20  AT5G51870.1_PACid_19672300_10_57      2.04%    passed     49.24%
  21  AT5G51870.3_PACid_19672299_10_57      2.04%    passed     49.24%
  22  AT3G58780.2_PACid_19662660_25_72      2.04%    passed     96.99%
  23  AT2G42830.1_PACid_19643528_25_72      2.04%    passed     96.99%
  24  AT3G58780.1_PACid_19662659_25_72      2.04%    passed     96.99%
  25  AT2G42830.2_PACid_19643527_25_72      2.04%    passed     96.99%
  26  AT3G58780.3_PACid_19662658_25_72      2.04%    passed     96.99%
  27  AT3G02310.1_PACid_19661943_10_57      2.04%    passed     99.35%
  28  AT2G14210.1_PACid_19638394_10_57      2.04%    passed     99.58%
  29  AT2G03710.3_PACid_19640310_10_57      2.04%    passed     97.53%
  30  AT1G69120.1_PACid_19653480_10_57      2.04%    passed     64.62%
  31  AT5G60910.1_PACid_19670614_10_57      2.04%    passed     99.83%
  32  AT5G51860.2_PACid_19671372_10_57      2.04%    passed     96.82%
  33  AT5G51860.1_PACid_19671371_10_57      2.04%    passed     96.82%
  34  AT2G03710.2_PACid_19640309_10_57      2.04%    passed     97.53%
  35  AT2G03710.1_PACid_19640308_10_57      2.04%    passed     97.53%
  36  AT3G30260.1_PACid_19662130_10_57      2.04%    passed     99.82%
  37  AT2G24840.1_PACid_19642372_71_118     2.04%    passed     57.04%
  38  AT2G22540.2_PACid_19641564_10_55      6.12%    passed     98.33%
  39  AT3G57230.1_PACid_19665060_10_57      2.04%    passed     99.99%
  40  AT3G57230.2_PACid_19665061_10_57      2.04%    passed     99.99%
  41  AT4G37940.1_PACid_19644309_10_57      2.04%    passed     93.93%
  42  AT4G24540.1_PACid_19648389_10_57      2.04%    passed     79.17%
  43  AT3G61120.1_PACid_19662463_10_57      2.04%    passed     99.98%
  44  AT3G54340.1_PACid_19659884_10_57      2.04%    passed     59.17%
  45  AT1G26310.1_PACid_19650942_10_57      2.04%    passed     99.85%
  46  AT1G22130.1_PACid_19651829_10_55      6.12%    passed     94.89%
  47  AT5G62165.4_PACid_19672598_10_57      2.04%    passed     99.67%
  48  AT5G60440.1_PACid_19665878_15_62      2.04%    passed     90.49%
  49  AT5G62165.1_PACid_19672595_10_57      2.04%    passed     99.67%
  50  AT5G62165.2_PACid_19672596_10_57      2.04%    passed     99.67%
  51  AT5G62165.3_PACid_19672597_10_57      2.04%    passed     99.67%
  52  AT2G22630.1_PACid_19642313_10_57      2.04%    passed     76.02%
  53  AT1G77980.1_PACid_19650219_10_55      6.12%    passed     97.21%
  54  AT1G71692.1_PACid_19653064_10_56      4.08%    passed     86.86%
  55  AT1G01530.1_PACid_19655032_15_62      2.04%    passed     99.83%
  56  AT1G65360.1_PACid_19652033_15_62      2.04%    passed     37.78%
  57  AT5G10140.2_PACid_19672042_10_57      2.04%    passed     96.66%
  58  AT5G10140.4_PACid_19672041_10_57      2.04%    passed     96.66%
  59  AT5G10140.3_PACid_19672040_10_57      2.04%    passed     96.66%
  60  AT5G10140.1_PACid_19672039_10_57      2.04%    passed     96.66%
  61  AT3G66656.1_PACid_19662106_10_57      2.04%    passed     87.75%
  62  AT5G23260.2_PACid_19667542_10_57      2.04%    passed     97.20%
  63  AT5G23260.3_PACid_19667544_10_57      2.04%    passed     97.20%
  64  AT5G23260.1_PACid_19667543_10_57      2.04%    passed     97.20%
  65  AT4G36590.1_PACid_19644661_15_62      2.04%    passed     78.76%
  66  AT2G34440.1_PACid_19639540_12_57      6.12%    passed     91.49%
  67  AT5G65070.1_PACid_19666742_10_57      2.04%    passed     98.44%
  68  AT1G77950.1_PACid_19656697_10_55      6.12%    passed     96.11%
  69  AT1G77950.2_PACid_19656698_10_55      6.12%    passed     96.11%
  70  AT5G65070.3_PACid_19666740_10_57      2.04%    passed     98.44%
  71  AT5G65070.2_PACid_19666741_10_57      2.04%    passed     98.44%
  72  AT1G77080.5_PACid_19652600_10_55      6.12%    passed     90.60%
  73  AT1G77080.2_PACid_19652599_10_55      6.12%    passed     90.60%
  74  AT1G77080.4_PACid_19652598_10_55      6.12%    passed     90.60%
  75  AT5G65080.2_PACid_19670373_10_55      6.12%    passed     99.37%
  76  AT1G31140.1_PACid_19657778_10_57      2.04%    passed     50.84%
  77  AT1G31140.2_PACid_19657777_10_57      2.04%    passed     50.84%
  78  AT5G65080.1_PACid_19670372_17_62      6.12%    passed     99.37%
  79  AT1G47760.1_PACid_19657551_10_57      2.04%    passed     91.39%
  80  AT5G20240.1_PACid_19673101_10_57      2.04%    passed     74.49%
  81  AT1G18750.1_PACid_19654582_10_57      2.04%    passed     99.95%
  82  AT1G72350.1_PACid_19656010_55_98     10.20%    passed     96.60%
  83  AT5G65050.2_PACid_19667307_10_55      6.12%    passed     94.86%
  84  AT5G65050.1_PACid_19667306_10_55      6.12%    passed     94.86%
  85  AT5G65050.3_PACid_19667305_10_55      6.12%    passed     94.86%
  86  AT5G65060.2_PACid_19668929_10_55      6.12%    passed     94.40%
  87  AT5G65060.1_PACid_19668928_10_55      6.12%    passed     94.40%
  88  AT1G17310.1_PACid_19656321_56_103     2.04%    passed     97.65%
  89  AT1G28460.1_PACid_19649164_16_63      2.04%    passed     84.38%
  90  AT2G03060.2_PACid_19640478_10_53     10.20%    passed     94.24%
  91  AT2G03060.1_PACid_19640479_10_53     10.20%    passed     94.24%
  92  AT3G04100.1_PACid_19663352_22_69      2.04%    passed     10.46%
  93  AT3G04100.1_PACid_19663352_104_117   71.43%    passed     10.20%
  94  AT1G29962.1_PACid_19658277_16_63      2.04%    passed     98.89%
  95  AT5G48670.1_PACid_19672717_10_51     14.29%    passed     78.77%
  96  AT2G26320.1_PACid_19638466_26_73      2.04%    passed     72.73%
  97  AT1G69540.1_PACid_19658298_11_53     12.24%    failed      0.28%
  98  AT3G05860.2_PACid_19660459_10_51     14.29%    passed     96.88%
  99  AT3G05860.3_PACid_19660458_10_51     14.29%    passed     96.88%
 100  AT3G05860.1_PACid_19660457_10_51     14.29%    passed     96.88%
 101  AT5G27960.1_PACid_19666678_9_48      18.37%    passed     99.39%
 102  AT1G65330.1_PACid_19653684_9_53       8.16%    passed     99.08%
 103  AT5G55690.1_PACid_19665481_10_51     14.29%    passed     70.38%
 104  AT5G55690.1_PACid_19665481_137_148   75.51%    passed     28.98%
 105  AT1G65300.1_PACid_19652716_10_51     14.29%    passed     69.94%
 106  AT5G26630.1_PACid_19667105_10_50     16.33%    passed     87.97%
 107  AT5G26650.1_PACid_19669215_9_48      18.37%    passed     99.83%
 108  AT1G28450.1_PACid_19650560_16_63      2.04%    passed     96.84%
 109  AT3G18650.1_PACid_19661489_5_23      61.22%    failed      1.23%
 110  AT3G18650.1_PACid_19661489_30_72     12.24%    passed     78.91%
 111  AT5G58890.1_PACid_19667567_10_52     12.24%    passed     82.41%
 112  AT5G26580.1_PACid_19673075_11_50     18.37%    passed     85.65%
 113  AT4G02235.1_PACid_19647863_9_54       6.12%    passed     78.25%
 114  AT1G22590.2_PACid_19655507_11_50     18.37%    passed     99.67%
 115  AT5G65330.1_PACid_19672137_7_52       6.12%    passed     76.96%
 116  AT5G39750.1_PACid_19667213_25_64     18.37%    passed     46.62%
 117  AT5G40120.1_PACid_19671880_17_56     18.37%    passed     46.62%
 118  AT5G38740.1_PACid_19668168_26_65     18.37%    passed     46.62%
 119  AT5G41200.1_PACid_19667742_19_57     20.41%    passed     42.63%
 120  AT5G40220.1_PACid_19669238_18_57     18.37%    passed     46.62%
 121  AT1G46408.1_PACid_19654736_12_53     14.29%    passed     93.20%
 122  AT5G39810.1_PACid_19670065_25_64     18.37%    passed     48.64%
 123  AT1G31630.1_PACid_19652269_10_56      4.08%    passed     25.28%
 124  AT4G11250.1_PACid_19648763_10_51     14.29%    passed     27.66%
 125  AT5G27090.2_PACid_19670535_29_70     14.29%    passed     89.14%
 126  AT5G27090.1_PACid_19670534_29_70     14.29%    passed     89.14%
 127  AT5G06500.1_PACid_19671199_10_53     10.20%    passed      7.98%
 128  AT5G27070.1_PACid_19671195_30_71     14.29%    passed     79.98%
 129  AT5G26950.1_PACid_19666538_30_71     14.29%    passed     79.98%
 130  AT5G26880.1_PACid_19668576_156_166   77.55%    passed     66.47%
 131  AT5G26880.1_PACid_19668576_241_274   30.61%    passed     31.74%
 132  AT5G27944.1_PACid_19666623_30_71     14.29%    passed     75.62%
 133  AT5G27580.1_PACid_19672891_30_71     14.29%    passed     60.20%
 134  AT2G40210.1_PACid_19638131_10_51     14.29%    passed     72.78%
 135  AT1G31640.1_PACid_19651329_12_56      8.16%    failed      4.07%
 136  AT5G04640.1_PACid_19673003_13_53     16.33%    passed     68.19%
 137  AT5G49490.1_PACid_19668119_54_95     14.29%    passed     62.60%
 138  AT1G60920.1_PACid_19654635_12_50     20.41%    passed     98.59%
 139  AT1G48150.1_PACid_19654851_28_67     18.37%    passed     80.28%
 140  AT5G38620.1_PACid_19667041_14_55     14.29%    passed     44.89%
 141  AT5G27130.1_PACid_19666602_23_63     16.33%    passed     92.09%
 142  AT1G60040.1_PACid_19653511_20_62     12.24%    passed      7.68%
 143  AT5G49420.1_PACid_19672206_16_57     14.29%    passed     53.10%
 144  AT2G28700.1_PACid_19641128_11_50     18.37%    passed     54.42%
 145  AT5G27050.1_PACid_19667506_1_28      42.86%    passed     94.06%
 146  AT1G59810.1_PACid_19650751_19_61     12.24%    passed      6.85%
 147  AT1G60880.1_PACid_19658292_12_41     38.78%    passed     99.45%
 148  AT1G54760.1_PACid_19656422_19_43     48.98%    passed     77.30%
 149  AT5G37415.1_PACid_19671670_85_109    48.98%    failed      1.45%
 150  AT5G27810.1_PACid_19666054_1_26      46.94%    passed     32.63%
 151  AT1G33070.1_PACid_19656210_4_24      57.14%    passed     86.02%
 152  AT2G15660.1_PACid_19640579_30_44     69.39%    failed      2.43%
WARNING: 7 sequences contain more than 50% gaps/ambiguity
****  TOTAL                                11.06%  5 sequences failed composition chi2 test (p-value<5%; df=19)
NOTE: AT4G09960.4_PACid_19648308_10_57 is identical to AT4G09960.1_PACid_19648309_10_57 but kept for subsequent analysis
NOTE: AT5G15800.1_PACid_19670123_10_57 is identical to AT1G24260.3_PACid_19651405_10_57 but kept for subsequent analysis
NOTE: AT5G51870.1_PACid_19672300_10_57 is identical to AT5G51870.2_PACid_19672301_10_57 but kept for subsequent analysis
NOTE: AT2G42830.1_PACid_19643528_25_72 is identical to AT3G58780.2_PACid_19662660_25_72 but kept for subsequent analysis
NOTE: AT2G03710.2_PACid_19640309_10_57 is identical to AT2G03710.3_PACid_19640310_10_57 but kept for subsequent analysis
NOTE: AT5G51860.1_PACid_19671371_10_57 is identical to AT5G51860.2_PACid_19671372_10_57 but kept for subsequent analysis
NOTE: AT3G57230.2_PACid_19665061_10_57 is identical to AT3G57230.1_PACid_19665060_10_57 but kept for subsequent analysis
NOTE: AT5G62165.1_PACid_19672595_10_57 is identical to AT5G62165.4_PACid_19672598_10_57 but kept for subsequent analysis
NOTE: AT5G10140.4_PACid_19672041_10_57 is identical to AT5G10140.2_PACid_19672042_10_57 but kept for subsequent analysis
NOTE: AT5G23260.3_PACid_19667544_10_57 is identical to AT5G23260.2_PACid_19667542_10_57 but kept for subsequent analysis
NOTE: AT5G65070.3_PACid_19666740_10_57 is identical to AT5G65070.1_PACid_19666742_10_57 but kept for subsequent analysis
NOTE: AT1G77950.2_PACid_19656698_10_55 is identical to AT1G77950.1_PACid_19656697_10_55 but kept for subsequent analysis
NOTE: AT1G77080.2_PACid_19652599_10_55 is identical to AT1G77080.5_PACid_19652600_10_55 but kept for subsequent analysis
NOTE: AT5G65080.1_PACid_19670372_17_62 is identical to AT5G65080.2_PACid_19670373_10_55 but kept for subsequent analysis
NOTE: AT1G31140.2_PACid_19657777_10_57 is identical to AT1G31140.1_PACid_19657778_10_57 but kept for subsequent analysis
NOTE: AT5G65050.1_PACid_19667306_10_55 is identical to AT5G65050.2_PACid_19667307_10_55 but kept for subsequent analysis
NOTE: AT5G65060.1_PACid_19668928_10_55 is identical to AT5G65060.2_PACid_19668929_10_55 but kept for subsequent analysis
NOTE: AT2G03060.1_PACid_19640479_10_53 is identical to AT2G03060.2_PACid_19640478_10_53 but kept for subsequent analysis
NOTE: AT3G05860.3_PACid_19660458_10_51 is identical to AT3G05860.2_PACid_19660459_10_51 but kept for subsequent analysis
NOTE: AT5G40120.1_PACid_19671880_17_56 is identical to AT5G39750.1_PACid_19667213_25_64 but kept for subsequent analysis
NOTE: AT5G27090.1_PACid_19670534_29_70 is identical to AT5G27090.2_PACid_19670535_29_70 but kept for subsequent analysis
NOTE: AT5G26950.1_PACid_19666538_30_71 is identical to AT5G27070.1_PACid_19671195_30_71 but kept for subsequent analysis
NOTE: 21 identical sequences (see below) will be ignored for subsequent analysis
NOTE: AT4G09960.3_PACid_19648307_36_83 (identical to AT4G09960.1_PACid_19648309_10_57) is ignored but added at the end
NOTE: AT4G09960.2_PACid_19648310_10_57 (identical to AT4G09960.1_PACid_19648309_10_57) is ignored but added at the end
NOTE: AT1G24260.1_PACid_19651404_10_57 (identical to AT1G24260.3_PACid_19651405_10_57) is ignored but added at the end
NOTE: AT1G24260.2_PACid_19651403_10_57 (identical to AT1G24260.3_PACid_19651405_10_57) is ignored but added at the end
NOTE: AT5G15800.2_PACid_19670122_10_57 (identical to AT1G24260.3_PACid_19651405_10_57) is ignored but added at the end
NOTE: AT5G51870.3_PACid_19672299_10_57 (identical to AT5G51870.2_PACid_19672301_10_57) is ignored but added at the end
NOTE: AT3G58780.1_PACid_19662659_25_72 (identical to AT3G58780.2_PACid_19662660_25_72) is ignored but added at the end
NOTE: AT2G42830.2_PACid_19643527_25_72 (identical to AT3G58780.2_PACid_19662660_25_72) is ignored but added at the end
NOTE: AT3G58780.3_PACid_19662658_25_72 (identical to AT3G58780.2_PACid_19662660_25_72) is ignored but added at the end
NOTE: AT2G03710.1_PACid_19640308_10_57 (identical to AT2G03710.3_PACid_19640310_10_57) is ignored but added at the end
NOTE: AT5G62165.2_PACid_19672596_10_57 (identical to AT5G62165.4_PACid_19672598_10_57) is ignored but added at the end
NOTE: AT5G62165.3_PACid_19672597_10_57 (identical to AT5G62165.4_PACid_19672598_10_57) is ignored but added at the end
NOTE: AT5G10140.3_PACid_19672040_10_57 (identical to AT5G10140.2_PACid_19672042_10_57) is ignored but added at the end
NOTE: AT5G10140.1_PACid_19672039_10_57 (identical to AT5G10140.2_PACid_19672042_10_57) is ignored but added at the end
NOTE: AT5G23260.1_PACid_19667543_10_57 (identical to AT5G23260.2_PACid_19667542_10_57) is ignored but added at the end
NOTE: AT5G65070.2_PACid_19666741_10_57 (identical to AT5G65070.1_PACid_19666742_10_57) is ignored but added at the end
NOTE: AT1G77080.4_PACid_19652598_10_55 (identical to AT1G77080.5_PACid_19652600_10_55) is ignored but added at the end
NOTE: AT5G65050.3_PACid_19667305_10_55 (identical to AT5G65050.2_PACid_19667307_10_55) is ignored but added at the end
NOTE: AT3G05860.1_PACid_19660457_10_51 (identical to AT3G05860.2_PACid_19660459_10_51) is ignored but added at the end
NOTE: AT5G38740.1_PACid_19668168_26_65 (identical to AT5G39750.1_PACid_19667213_25_64) is ignored but added at the end
NOTE: AT5G40220.1_PACid_19669238_18_57 (identical to AT5G39750.1_PACid_19667213_25_64) is ignored but added at the end

For your convenience alignment with unique sequences printed to /Users/bushrakhan/Desktop/NIPGR-data/MADS-box-Evolutionary-gene-detection/Workflow_Step-by-Step/TASK_1/uploads/Rice_MADS_Domain_ML.uniqueseq.phy

Create initial parsimony tree by phylogenetic likelihood library (PLL)... 0.019 seconds
Generating 1000 samples for ultrafast bootstrap (seed: 126266)...
ERROR: File not found AUTO

******************************************************
CHECKPOINT: Resuming analysis from /Users/bushrakhan/Desktop/NIPGR-data/MADS-box-Evolutionary-gene-detection/Workflow_Step-by-Step/TASK_1/uploads/Rice_MADS_Domain_ML.ckp.gz

IQ-TREE multicore version 1.6.12 for Mac OS X 64-bit built Aug 15 2019
Developed by Bui Quang Minh, Nguyen Lam Tung, Olga Chernomor,
Heiko Schmidt, Dominik Schrempf, Michael Woodhams.

Host:    Bushras-MacBook-Air.local (SSE4.2, 16 GB RAM)
Command: /Users/bushrakhan/Desktop/NIPGR-data/MADS-box-Evolutionary-gene-detection/bin/iqtree -s /Users/bushrakhan/Desktop/NIPGR-data/MADS-box-Evolutionary-gene-detection/Workflow_Step-by-Step/TASK_1/uploads/Combined_MADS_Rice_AT_Aligned.fa -m TEST -bb 1000 -nt 2 -pre /Users/bushrakhan/Desktop/NIPGR-data/MADS-box-Evolutionary-gene-detection/Workflow_Step-by-Step/TASK_1/uploads/Rice_MADS_Domain_ML
Seed:    458034 (Using SPRNG - Scalable Parallel Random Number Generator)
Time:    Fri Apr  3 11:09:19 2026
Kernel:  SSE2 - 2 threads (10 CPU cores detected)

WARNING: Command-line argument `TEST` differs from checkpoint `AUTO`
WARNING: Command-line differs from checkpoint!
Reading alignment file /Users/bushrakhan/Desktop/NIPGR-data/MADS-box-Evolutionary-gene-detection/Workflow_Step-by-Step/TASK_1/uploads/Combined_MADS_Rice_AT_Aligned.fa ... Fasta format detected
Alignment most likely contains protein sequences
Alignment has 152 sequences with 49 columns, 49 distinct patterns
45 parsimony-informative, 3 singleton sites, 0 constant sites
WARNING: Some sequence names are changed as follows:
AT2G45650.1|PACid:19638787_10_57 -> AT2G45650.1_PACid_19638787_10_57
AT4G11880.1|PACid:19643844_10_57 -> AT4G11880.1_PACid_19643844_10_57
AT4G09960.1|PACid:19648309_10_57 -> AT4G09960.1_PACid_19648309_10_57
AT4G09960.4|PACid:19648308_10_57 -> AT4G09960.4_PACid_19648308_10_57
AT4G18960.1|PACid:19647337_26_73 -> AT4G18960.1_PACid_19647337_26_73
AT4G09960.3|PACid:19648307_36_83 -> AT4G09960.3_PACid_19648307_36_83
AT4G09960.2|PACid:19648310_10_57 -> AT4G09960.2_PACid_19648310_10_57
AT2G45660.1|PACid:19641052_10_57 -> AT2G45660.1_PACid_19641052_10_57
AT4G22950.1|PACid:19647692_10_57 -> AT4G22950.1_PACid_19647692_10_57
AT4G22950.1|PACid:19647692_94_105 -> AT4G22950.1_PACid_19647692_94_105
AT1G24260.3|PACid:19651405_10_57 -> AT1G24260.3_PACid_19651405_10_57
AT5G15800.1|PACid:19670123_10_57 -> AT5G15800.1_PACid_19670123_10_57
AT1G24260.1|PACid:19651404_10_57 -> AT1G24260.1_PACid_19651404_10_57
AT1G24260.2|PACid:19651403_10_57 -> AT1G24260.2_PACid_19651403_10_57
AT5G15800.2|PACid:19670122_10_57 -> AT5G15800.2_PACid_19670122_10_57
AT2G22540.1|PACid:19641563_10_57 -> AT2G22540.1_PACid_19641563_10_57
AT3G57390.1|PACid:19659472_10_57 -> AT3G57390.1_PACid_19659472_10_57
AT5G13790.1|PACid:19669343_10_57 -> AT5G13790.1_PACid_19669343_10_57
AT5G51870.2|PACid:19672301_10_57 -> AT5G51870.2_PACid_19672301_10_57
AT5G51870.1|PACid:19672300_10_57 -> AT5G51870.1_PACid_19672300_10_57
AT5G51870.3|PACid:19672299_10_57 -> AT5G51870.3_PACid_19672299_10_57
AT3G58780.2|PACid:19662660_25_72 -> AT3G58780.2_PACid_19662660_25_72
AT2G42830.1|PACid:19643528_25_72 -> AT2G42830.1_PACid_19643528_25_72
AT3G58780.1|PACid:19662659_25_72 -> AT3G58780.1_PACid_19662659_25_72
AT2G42830.2|PACid:19643527_25_72 -> AT2G42830.2_PACid_19643527_25_72
AT3G58780.3|PACid:19662658_25_72 -> AT3G58780.3_PACid_19662658_25_72
AT3G02310.1|PACid:19661943_10_57 -> AT3G02310.1_PACid_19661943_10_57
AT2G14210.1|PACid:19638394_10_57 -> AT2G14210.1_PACid_19638394_10_57
AT2G03710.3|PACid:19640310_10_57 -> AT2G03710.3_PACid_19640310_10_57
AT1G69120.1|PACid:19653480_10_57 -> AT1G69120.1_PACid_19653480_10_57
AT5G60910.1|PACid:19670614_10_57 -> AT5G60910.1_PACid_19670614_10_57
AT5G51860.2|PACid:19671372_10_57 -> AT5G51860.2_PACid_19671372_10_57
AT5G51860.1|PACid:19671371_10_57 -> AT5G51860.1_PACid_19671371_10_57
AT2G03710.2|PACid:19640309_10_57 -> AT2G03710.2_PACid_19640309_10_57
AT2G03710.1|PACid:19640308_10_57 -> AT2G03710.1_PACid_19640308_10_57
AT3G30260.1|PACid:19662130_10_57 -> AT3G30260.1_PACid_19662130_10_57
AT2G24840.1|PACid:19642372_71_118 -> AT2G24840.1_PACid_19642372_71_118
AT2G22540.2|PACid:19641564_10_55 -> AT2G22540.2_PACid_19641564_10_55
AT3G57230.1|PACid:19665060_10_57 -> AT3G57230.1_PACid_19665060_10_57
AT3G57230.2|PACid:19665061_10_57 -> AT3G57230.2_PACid_19665061_10_57
AT4G37940.1|PACid:19644309_10_57 -> AT4G37940.1_PACid_19644309_10_57
AT4G24540.1|PACid:19648389_10_57 -> AT4G24540.1_PACid_19648389_10_57
AT3G61120.1|PACid:19662463_10_57 -> AT3G61120.1_PACid_19662463_10_57
AT3G54340.1|PACid:19659884_10_57 -> AT3G54340.1_PACid_19659884_10_57
AT1G26310.1|PACid:19650942_10_57 -> AT1G26310.1_PACid_19650942_10_57
AT1G22130.1|PACid:19651829_10_55 -> AT1G22130.1_PACid_19651829_10_55
AT5G62165.4|PACid:19672598_10_57 -> AT5G62165.4_PACid_19672598_10_57
AT5G60440.1|PACid:19665878_15_62 -> AT5G60440.1_PACid_19665878_15_62
AT5G62165.1|PACid:19672595_10_57 -> AT5G62165.1_PACid_19672595_10_57
AT5G62165.2|PACid:19672596_10_57 -> AT5G62165.2_PACid_19672596_10_57
AT5G62165.3|PACid:19672597_10_57 -> AT5G62165.3_PACid_19672597_10_57
AT2G22630.1|PACid:19642313_10_57 -> AT2G22630.1_PACid_19642313_10_57
AT1G77980.1|PACid:19650219_10_55 -> AT1G77980.1_PACid_19650219_10_55
AT1G71692.1|PACid:19653064_10_56 -> AT1G71692.1_PACid_19653064_10_56
AT1G01530.1|PACid:19655032_15_62 -> AT1G01530.1_PACid_19655032_15_62
AT1G65360.1|PACid:19652033_15_62 -> AT1G65360.1_PACid_19652033_15_62
AT5G10140.2|PACid:19672042_10_57 -> AT5G10140.2_PACid_19672042_10_57
AT5G10140.4|PACid:19672041_10_57 -> AT5G10140.4_PACid_19672041_10_57
AT5G10140.3|PACid:19672040_10_57 -> AT5G10140.3_PACid_19672040_10_57
AT5G10140.1|PACid:19672039_10_57 -> AT5G10140.1_PACid_19672039_10_57
AT3G66656.1|PACid:19662106_10_57 -> AT3G66656.1_PACid_19662106_10_57
AT5G23260.2|PACid:19667542_10_57 -> AT5G23260.2_PACid_19667542_10_57
AT5G23260.3|PACid:19667544_10_57 -> AT5G23260.3_PACid_19667544_10_57
AT5G23260.1|PACid:19667543_10_57 -> AT5G23260.1_PACid_19667543_10_57
AT4G36590.1|PACid:19644661_15_62 -> AT4G36590.1_PACid_19644661_15_62
AT2G34440.1|PACid:19639540_12_57 -> AT2G34440.1_PACid_19639540_12_57
AT5G65070.1|PACid:19666742_10_57 -> AT5G65070.1_PACid_19666742_10_57
AT1G77950.1|PACid:19656697_10_55 -> AT1G77950.1_PACid_19656697_10_55
AT1G77950.2|PACid:19656698_10_55 -> AT1G77950.2_PACid_19656698_10_55
AT5G65070.3|PACid:19666740_10_57 -> AT5G65070.3_PACid_19666740_10_57
AT5G65070.2|PACid:19666741_10_57 -> AT5G65070.2_PACid_19666741_10_57
AT1G77080.5|PACid:19652600_10_55 -> AT1G77080.5_PACid_19652600_10_55
AT1G77080.2|PACid:19652599_10_55 -> AT1G77080.2_PACid_19652599_10_55
AT1G77080.4|PACid:19652598_10_55 -> AT1G77080.4_PACid_19652598_10_55
AT5G65080.2|PACid:19670373_10_55 -> AT5G65080.2_PACid_19670373_10_55
AT1G31140.1|PACid:19657778_10_57 -> AT1G31140.1_PACid_19657778_10_57
AT1G31140.2|PACid:19657777_10_57 -> AT1G31140.2_PACid_19657777_10_57
AT5G65080.1|PACid:19670372_17_62 -> AT5G65080.1_PACid_19670372_17_62
AT1G47760.1|PACid:19657551_10_57 -> AT1G47760.1_PACid_19657551_10_57
AT5G20240.1|PACid:19673101_10_57 -> AT5G20240.1_PACid_19673101_10_57
AT1G18750.1|PACid:19654582_10_57 -> AT1G18750.1_PACid_19654582_10_57
AT1G72350.1|PACid:19656010_55_98 -> AT1G72350.1_PACid_19656010_55_98
AT5G65050.2|PACid:19667307_10_55 -> AT5G65050.2_PACid_19667307_10_55
AT5G65050.1|PACid:19667306_10_55 -> AT5G65050.1_PACid_19667306_10_55
AT5G65050.3|PACid:19667305_10_55 -> AT5G65050.3_PACid_19667305_10_55
AT5G65060.2|PACid:19668929_10_55 -> AT5G65060.2_PACid_19668929_10_55
AT5G65060.1|PACid:19668928_10_55 -> AT5G65060.1_PACid_19668928_10_55
AT1G17310.1|PACid:19656321_56_103 -> AT1G17310.1_PACid_19656321_56_103
AT1G28460.1|PACid:19649164_16_63 -> AT1G28460.1_PACid_19649164_16_63
AT2G03060.2|PACid:19640478_10_53 -> AT2G03060.2_PACid_19640478_10_53
AT2G03060.1|PACid:19640479_10_53 -> AT2G03060.1_PACid_19640479_10_53
AT3G04100.1|PACid:19663352_22_69 -> AT3G04100.1_PACid_19663352_22_69
AT3G04100.1|PACid:19663352_104_117 -> AT3G04100.1_PACid_19663352_104_117
AT1G29962.1|PACid:19658277_16_63 -> AT1G29962.1_PACid_19658277_16_63
AT5G48670.1|PACid:19672717_10_51 -> AT5G48670.1_PACid_19672717_10_51
AT2G26320.1|PACid:19638466_26_73 -> AT2G26320.1_PACid_19638466_26_73
AT1G69540.1|PACid:19658298_11_53 -> AT1G69540.1_PACid_19658298_11_53
AT3G05860.2|PACid:19660459_10_51 -> AT3G05860.2_PACid_19660459_10_51
AT3G05860.3|PACid:19660458_10_51 -> AT3G05860.3_PACid_19660458_10_51
AT3G05860.1|PACid:19660457_10_51 -> AT3G05860.1_PACid_19660457_10_51
AT5G27960.1|PACid:19666678_9_48 -> AT5G27960.1_PACid_19666678_9_48
AT1G65330.1|PACid:19653684_9_53 -> AT1G65330.1_PACid_19653684_9_53
AT5G55690.1|PACid:19665481_10_51 -> AT5G55690.1_PACid_19665481_10_51
AT5G55690.1|PACid:19665481_137_148 -> AT5G55690.1_PACid_19665481_137_148
AT1G65300.1|PACid:19652716_10_51 -> AT1G65300.1_PACid_19652716_10_51
AT5G26630.1|PACid:19667105_10_50 -> AT5G26630.1_PACid_19667105_10_50
AT5G26650.1|PACid:19669215_9_48 -> AT5G26650.1_PACid_19669215_9_48
AT1G28450.1|PACid:19650560_16_63 -> AT1G28450.1_PACid_19650560_16_63
AT3G18650.1|PACid:19661489_5_23 -> AT3G18650.1_PACid_19661489_5_23
AT3G18650.1|PACid:19661489_30_72 -> AT3G18650.1_PACid_19661489_30_72
AT5G58890.1|PACid:19667567_10_52 -> AT5G58890.1_PACid_19667567_10_52
AT5G26580.1|PACid:19673075_11_50 -> AT5G26580.1_PACid_19673075_11_50
AT4G02235.1|PACid:19647863_9_54 -> AT4G02235.1_PACid_19647863_9_54
AT1G22590.2|PACid:19655507_11_50 -> AT1G22590.2_PACid_19655507_11_50
AT5G65330.1|PACid:19672137_7_52 -> AT5G65330.1_PACid_19672137_7_52
AT5G39750.1|PACid:19667213_25_64 -> AT5G39750.1_PACid_19667213_25_64
AT5G40120.1|PACid:19671880_17_56 -> AT5G40120.1_PACid_19671880_17_56
AT5G38740.1|PACid:19668168_26_65 -> AT5G38740.1_PACid_19668168_26_65
AT5G41200.1|PACid:19667742_19_57 -> AT5G41200.1_PACid_19667742_19_57
AT5G40220.1|PACid:19669238_18_57 -> AT5G40220.1_PACid_19669238_18_57
AT1G46408.1|PACid:19654736_12_53 -> AT1G46408.1_PACid_19654736_12_53
AT5G39810.1|PACid:19670065_25_64 -> AT5G39810.1_PACid_19670065_25_64
AT1G31630.1|PACid:19652269_10_56 -> AT1G31630.1_PACid_19652269_10_56
AT4G11250.1|PACid:19648763_10_51 -> AT4G11250.1_PACid_19648763_10_51
AT5G27090.2|PACid:19670535_29_70 -> AT5G27090.2_PACid_19670535_29_70
AT5G27090.1|PACid:19670534_29_70 -> AT5G27090.1_PACid_19670534_29_70
AT5G06500.1|PACid:19671199_10_53 -> AT5G06500.1_PACid_19671199_10_53
AT5G27070.1|PACid:19671195_30_71 -> AT5G27070.1_PACid_19671195_30_71
AT5G26950.1|PACid:19666538_30_71 -> AT5G26950.1_PACid_19666538_30_71
AT5G26880.1|PACid:19668576_156_166 -> AT5G26880.1_PACid_19668576_156_166
AT5G26880.1|PACid:19668576_241_274 -> AT5G26880.1_PACid_19668576_241_274
AT5G27944.1|PACid:19666623_30_71 -> AT5G27944.1_PACid_19666623_30_71
AT5G27580.1|PACid:19672891_30_71 -> AT5G27580.1_PACid_19672891_30_71
AT2G40210.1|PACid:19638131_10_51 -> AT2G40210.1_PACid_19638131_10_51
AT1G31640.1|PACid:19651329_12_56 -> AT1G31640.1_PACid_19651329_12_56
AT5G04640.1|PACid:19673003_13_53 -> AT5G04640.1_PACid_19673003_13_53
AT5G49490.1|PACid:19668119_54_95 -> AT5G49490.1_PACid_19668119_54_95
AT1G60920.1|PACid:19654635_12_50 -> AT1G60920.1_PACid_19654635_12_50
AT1G48150.1|PACid:19654851_28_67 -> AT1G48150.1_PACid_19654851_28_67
AT5G38620.1|PACid:19667041_14_55 -> AT5G38620.1_PACid_19667041_14_55
AT5G27130.1|PACid:19666602_23_63 -> AT5G27130.1_PACid_19666602_23_63
AT1G60040.1|PACid:19653511_20_62 -> AT1G60040.1_PACid_19653511_20_62
AT5G49420.1|PACid:19672206_16_57 -> AT5G49420.1_PACid_19672206_16_57
AT2G28700.1|PACid:19641128_11_50 -> AT2G28700.1_PACid_19641128_11_50
AT5G27050.1|PACid:19667506_1_28 -> AT5G27050.1_PACid_19667506_1_28
AT1G59810.1|PACid:19650751_19_61 -> AT1G59810.1_PACid_19650751_19_61
AT1G60880.1|PACid:19658292_12_41 -> AT1G60880.1_PACid_19658292_12_41
AT1G54760.1|PACid:19656422_19_43 -> AT1G54760.1_PACid_19656422_19_43
AT5G37415.1|PACid:19671670_85_109 -> AT5G37415.1_PACid_19671670_85_109
AT5G27810.1|PACid:19666054_1_26 -> AT5G27810.1_PACid_19666054_1_26
AT1G33070.1|PACid:19656210_4_24 -> AT1G33070.1_PACid_19656210_4_24
AT2G15660.1|PACid:19640579_30_44 -> AT2G15660.1_PACid_19640579_30_44

                                    Gap/Ambiguity  Composition  p-value
   1  AT2G45650.1_PACid_19638787_10_57      2.04%    passed     99.96%
   2  AT4G11880.1_PACid_19643844_10_57      2.04%    passed     99.99%
   3  AT4G09960.1_PACid_19648309_10_57      2.04%    passed     98.89%
   4  AT4G09960.4_PACid_19648308_10_57      2.04%    passed     98.89%
   5  AT4G18960.1_PACid_19647337_26_73      2.04%    passed     98.89%
   6  AT4G09960.3_PACid_19648307_36_83      2.04%    passed     98.89%
   7  AT4G09960.2_PACid_19648310_10_57      2.04%    passed     98.89%
   8  AT2G45660.1_PACid_19641052_10_57      2.04%    passed    100.00%
   9  AT4G22950.1_PACid_19647692_10_57      2.04%    passed     99.87%
  10  AT4G22950.1_PACid_19647692_94_105    75.51%    passed     90.52%
  11  AT1G24260.3_PACid_19651405_10_57      2.04%    passed     98.66%
  12  AT5G15800.1_PACid_19670123_10_57      2.04%    passed     98.66%
  13  AT1G24260.1_PACid_19651404_10_57      2.04%    passed     98.66%
  14  AT1G24260.2_PACid_19651403_10_57      2.04%    passed     98.66%
  15  AT5G15800.2_PACid_19670122_10_57      2.04%    passed     98.66%
  16  AT2G22540.1_PACid_19641563_10_57      2.04%    passed     96.81%
  17  AT3G57390.1_PACid_19659472_10_57      2.04%    passed     98.88%
  18  AT5G13790.1_PACid_19669343_10_57      2.04%    passed     99.64%
  19  AT5G51870.2_PACid_19672301_10_57      2.04%    passed     49.24%
  20  AT5G51870.1_PACid_19672300_10_57      2.04%    passed     49.24%
  21  AT5G51870.3_PACid_19672299_10_57      2.04%    passed     49.24%
  22  AT3G58780.2_PACid_19662660_25_72      2.04%    passed     96.99%
  23  AT2G42830.1_PACid_19643528_25_72      2.04%    passed     96.99%
  24  AT3G58780.1_PACid_19662659_25_72      2.04%    passed     96.99%
  25  AT2G42830.2_PACid_19643527_25_72      2.04%    passed     96.99%
  26  AT3G58780.3_PACid_19662658_25_72      2.04%    passed     96.99%
  27  AT3G02310.1_PACid_19661943_10_57      2.04%    passed     99.35%
  28  AT2G14210.1_PACid_19638394_10_57      2.04%    passed     99.58%
  29  AT2G03710.3_PACid_19640310_10_57      2.04%    passed     97.53%
  30  AT1G69120.1_PACid_19653480_10_57      2.04%    passed     64.62%
  31  AT5G60910.1_PACid_19670614_10_57      2.04%    passed     99.83%
  32  AT5G51860.2_PACid_19671372_10_57      2.04%    passed     96.82%
  33  AT5G51860.1_PACid_19671371_10_57      2.04%    passed     96.82%
  34  AT2G03710.2_PACid_19640309_10_57      2.04%    passed     97.53%
  35  AT2G03710.1_PACid_19640308_10_57      2.04%    passed     97.53%
  36  AT3G30260.1_PACid_19662130_10_57      2.04%    passed     99.82%
  37  AT2G24840.1_PACid_19642372_71_118     2.04%    passed     57.04%
  38  AT2G22540.2_PACid_19641564_10_55      6.12%    passed     98.33%
  39  AT3G57230.1_PACid_19665060_10_57      2.04%    passed     99.99%
  40  AT3G57230.2_PACid_19665061_10_57      2.04%    passed     99.99%
  41  AT4G37940.1_PACid_19644309_10_57      2.04%    passed     93.93%
  42  AT4G24540.1_PACid_19648389_10_57      2.04%    passed     79.17%
  43  AT3G61120.1_PACid_19662463_10_57      2.04%    passed     99.98%
  44  AT3G54340.1_PACid_19659884_10_57      2.04%    passed     59.17%
  45  AT1G26310.1_PACid_19650942_10_57      2.04%    passed     99.85%
  46  AT1G22130.1_PACid_19651829_10_55      6.12%    passed     94.89%
  47  AT5G62165.4_PACid_19672598_10_57      2.04%    passed     99.67%
  48  AT5G60440.1_PACid_19665878_15_62      2.04%    passed     90.49%
  49  AT5G62165.1_PACid_19672595_10_57      2.04%    passed     99.67%
  50  AT5G62165.2_PACid_19672596_10_57      2.04%    passed     99.67%
  51  AT5G62165.3_PACid_19672597_10_57      2.04%    passed     99.67%
  52  AT2G22630.1_PACid_19642313_10_57      2.04%    passed     76.02%
  53  AT1G77980.1_PACid_19650219_10_55      6.12%    passed     97.21%
  54  AT1G71692.1_PACid_19653064_10_56      4.08%    passed     86.86%
  55  AT1G01530.1_PACid_19655032_15_62      2.04%    passed     99.83%
  56  AT1G65360.1_PACid_19652033_15_62      2.04%    passed     37.78%
  57  AT5G10140.2_PACid_19672042_10_57      2.04%    passed     96.66%
  58  AT5G10140.4_PACid_19672041_10_57      2.04%    passed     96.66%
  59  AT5G10140.3_PACid_19672040_10_57      2.04%    passed     96.66%
  60  AT5G10140.1_PACid_19672039_10_57      2.04%    passed     96.66%
  61  AT3G66656.1_PACid_19662106_10_57      2.04%    passed     87.75%
  62  AT5G23260.2_PACid_19667542_10_57      2.04%    passed     97.20%
  63  AT5G23260.3_PACid_19667544_10_57      2.04%    passed     97.20%
  64  AT5G23260.1_PACid_19667543_10_57      2.04%    passed     97.20%
  65  AT4G36590.1_PACid_19644661_15_62      2.04%    passed     78.76%
  66  AT2G34440.1_PACid_19639540_12_57      6.12%    passed     91.49%
  67  AT5G65070.1_PACid_19666742_10_57      2.04%    passed     98.44%
  68  AT1G77950.1_PACid_19656697_10_55      6.12%    passed     96.11%
  69  AT1G77950.2_PACid_19656698_10_55      6.12%    passed     96.11%
  70  AT5G65070.3_PACid_19666740_10_57      2.04%    passed     98.44%
  71  AT5G65070.2_PACid_19666741_10_57      2.04%    passed     98.44%
  72  AT1G77080.5_PACid_19652600_10_55      6.12%    passed     90.60%
  73  AT1G77080.2_PACid_19652599_10_55      6.12%    passed     90.60%
  74  AT1G77080.4_PACid_19652598_10_55      6.12%    passed     90.60%
  75  AT5G65080.2_PACid_19670373_10_55      6.12%    passed     99.37%
  76  AT1G31140.1_PACid_19657778_10_57      2.04%    passed     50.84%
  77  AT1G31140.2_PACid_19657777_10_57      2.04%    passed     50.84%
  78  AT5G65080.1_PACid_19670372_17_62      6.12%    passed     99.37%
  79  AT1G47760.1_PACid_19657551_10_57      2.04%    passed     91.39%
  80  AT5G20240.1_PACid_19673101_10_57      2.04%    passed     74.49%
  81  AT1G18750.1_PACid_19654582_10_57      2.04%    passed     99.95%
  82  AT1G72350.1_PACid_19656010_55_98     10.20%    passed     96.60%
  83  AT5G65050.2_PACid_19667307_10_55      6.12%    passed     94.86%
  84  AT5G65050.1_PACid_19667306_10_55      6.12%    passed     94.86%
  85  AT5G65050.3_PACid_19667305_10_55      6.12%    passed     94.86%
  86  AT5G65060.2_PACid_19668929_10_55      6.12%    passed     94.40%
  87  AT5G65060.1_PACid_19668928_10_55      6.12%    passed     94.40%
  88  AT1G17310.1_PACid_19656321_56_103     2.04%    passed     97.65%
  89  AT1G28460.1_PACid_19649164_16_63      2.04%    passed     84.38%
  90  AT2G03060.2_PACid_19640478_10_53     10.20%    passed     94.24%
  91  AT2G03060.1_PACid_19640479_10_53     10.20%    passed     94.24%
  92  AT3G04100.1_PACid_19663352_22_69      2.04%    passed     10.46%
  93  AT3G04100.1_PACid_19663352_104_117   71.43%    passed     10.20%
  94  AT1G29962.1_PACid_19658277_16_63      2.04%    passed     98.89%
  95  AT5G48670.1_PACid_19672717_10_51     14.29%    passed     78.77%
  96  AT2G26320.1_PACid_19638466_26_73      2.04%    passed     72.73%
  97  AT1G69540.1_PACid_19658298_11_53     12.24%    failed      0.28%
  98  AT3G05860.2_PACid_19660459_10_51     14.29%    passed     96.88%
  99  AT3G05860.3_PACid_19660458_10_51     14.29%    passed     96.88%
 100  AT3G05860.1_PACid_19660457_10_51     14.29%    passed     96.88%
 101  AT5G27960.1_PACid_19666678_9_48      18.37%    passed     99.39%
 102  AT1G65330.1_PACid_19653684_9_53       8.16%    passed     99.08%
 103  AT5G55690.1_PACid_19665481_10_51     14.29%    passed     70.38%
 104  AT5G55690.1_PACid_19665481_137_148   75.51%    passed     28.98%
 105  AT1G65300.1_PACid_19652716_10_51     14.29%    passed     69.94%
 106  AT5G26630.1_PACid_19667105_10_50     16.33%    passed     87.97%
 107  AT5G26650.1_PACid_19669215_9_48      18.37%    passed     99.83%
 108  AT1G28450.1_PACid_19650560_16_63      2.04%    passed     96.84%
 109  AT3G18650.1_PACid_19661489_5_23      61.22%    failed      1.23%
 110  AT3G18650.1_PACid_19661489_30_72     12.24%    passed     78.91%
 111  AT5G58890.1_PACid_19667567_10_52     12.24%    passed     82.41%
 112  AT5G26580.1_PACid_19673075_11_50     18.37%    passed     85.65%
 113  AT4G02235.1_PACid_19647863_9_54       6.12%    passed     78.25%
 114  AT1G22590.2_PACid_19655507_11_50     18.37%    passed     99.67%
 115  AT5G65330.1_PACid_19672137_7_52       6.12%    passed     76.96%
 116  AT5G39750.1_PACid_19667213_25_64     18.37%    passed     46.62%
 117  AT5G40120.1_PACid_19671880_17_56     18.37%    passed     46.62%
 118  AT5G38740.1_PACid_19668168_26_65     18.37%    passed     46.62%
 119  AT5G41200.1_PACid_19667742_19_57     20.41%    passed     42.63%
 120  AT5G40220.1_PACid_19669238_18_57     18.37%    passed     46.62%
 121  AT1G46408.1_PACid_19654736_12_53     14.29%    passed     93.20%
 122  AT5G39810.1_PACid_19670065_25_64     18.37%    passed     48.64%
 123  AT1G31630.1_PACid_19652269_10_56      4.08%    passed     25.28%
 124  AT4G11250.1_PACid_19648763_10_51     14.29%    passed     27.66%
 125  AT5G27090.2_PACid_19670535_29_70     14.29%    passed     89.14%
 126  AT5G27090.1_PACid_19670534_29_70     14.29%    passed     89.14%
 127  AT5G06500.1_PACid_19671199_10_53     10.20%    passed      7.98%
 128  AT5G27070.1_PACid_19671195_30_71     14.29%    passed     79.98%
 129  AT5G26950.1_PACid_19666538_30_71     14.29%    passed     79.98%
 130  AT5G26880.1_PACid_19668576_156_166   77.55%    passed     66.47%
 131  AT5G26880.1_PACid_19668576_241_274   30.61%    passed     31.74%
 132  AT5G27944.1_PACid_19666623_30_71     14.29%    passed     75.62%
 133  AT5G27580.1_PACid_19672891_30_71     14.29%    passed     60.20%
 134  AT2G40210.1_PACid_19638131_10_51     14.29%    passed     72.78%
 135  AT1G31640.1_PACid_19651329_12_56      8.16%    failed      4.07%
 136  AT5G04640.1_PACid_19673003_13_53     16.33%    passed     68.19%
 137  AT5G49490.1_PACid_19668119_54_95     14.29%    passed     62.60%
 138  AT1G60920.1_PACid_19654635_12_50     20.41%    passed     98.59%
 139  AT1G48150.1_PACid_19654851_28_67     18.37%    passed     80.28%
 140  AT5G38620.1_PACid_19667041_14_55     14.29%    passed     44.89%
 141  AT5G27130.1_PACid_19666602_23_63     16.33%    passed     92.09%
 142  AT1G60040.1_PACid_19653511_20_62     12.24%    passed      7.68%
 143  AT5G49420.1_PACid_19672206_16_57     14.29%    passed     53.10%
 144  AT2G28700.1_PACid_19641128_11_50     18.37%    passed     54.42%
 145  AT5G27050.1_PACid_19667506_1_28      42.86%    passed     94.06%
 146  AT1G59810.1_PACid_19650751_19_61     12.24%    passed      6.85%
 147  AT1G60880.1_PACid_19658292_12_41     38.78%    passed     99.45%
 148  AT1G54760.1_PACid_19656422_19_43     48.98%    passed     77.30%
 149  AT5G37415.1_PACid_19671670_85_109    48.98%    failed      1.45%
 150  AT5G27810.1_PACid_19666054_1_26      46.94%    passed     32.63%
 151  AT1G33070.1_PACid_19656210_4_24      57.14%    passed     86.02%
 152  AT2G15660.1_PACid_19640579_30_44     69.39%    failed      2.43%
WARNING: 7 sequences contain more than 50% gaps/ambiguity
****  TOTAL                                11.06%  5 sequences failed composition chi2 test (p-value<5%; df=19)
NOTE: AT4G09960.4_PACid_19648308_10_57 is identical to AT4G09960.1_PACid_19648309_10_57 but kept for subsequent analysis
NOTE: AT5G15800.1_PACid_19670123_10_57 is identical to AT1G24260.3_PACid_19651405_10_57 but kept for subsequent analysis
NOTE: AT5G51870.1_PACid_19672300_10_57 is identical to AT5G51870.2_PACid_19672301_10_57 but kept for subsequent analysis
NOTE: AT2G42830.1_PACid_19643528_25_72 is identical to AT3G58780.2_PACid_19662660_25_72 but kept for subsequent analysis
NOTE: AT2G03710.2_PACid_19640309_10_57 is identical to AT2G03710.3_PACid_19640310_10_57 but kept for subsequent analysis
NOTE: AT5G51860.1_PACid_19671371_10_57 is identical to AT5G51860.2_PACid_19671372_10_57 but kept for subsequent analysis
NOTE: AT3G57230.2_PACid_19665061_10_57 is identical to AT3G57230.1_PACid_19665060_10_57 but kept for subsequent analysis
NOTE: AT5G62165.1_PACid_19672595_10_57 is identical to AT5G62165.4_PACid_19672598_10_57 but kept for subsequent analysis
NOTE: AT5G10140.4_PACid_19672041_10_57 is identical to AT5G10140.2_PACid_19672042_10_57 but kept for subsequent analysis
NOTE: AT5G23260.3_PACid_19667544_10_57 is identical to AT5G23260.2_PACid_19667542_10_57 but kept for subsequent analysis
NOTE: AT5G65070.3_PACid_19666740_10_57 is identical to AT5G65070.1_PACid_19666742_10_57 but kept for subsequent analysis
NOTE: AT1G77950.2_PACid_19656698_10_55 is identical to AT1G77950.1_PACid_19656697_10_55 but kept for subsequent analysis
NOTE: AT1G77080.2_PACid_19652599_10_55 is identical to AT1G77080.5_PACid_19652600_10_55 but kept for subsequent analysis
NOTE: AT5G65080.1_PACid_19670372_17_62 is identical to AT5G65080.2_PACid_19670373_10_55 but kept for subsequent analysis
NOTE: AT1G31140.2_PACid_19657777_10_57 is identical to AT1G31140.1_PACid_19657778_10_57 but kept for subsequent analysis
NOTE: AT5G65050.1_PACid_19667306_10_55 is identical to AT5G65050.2_PACid_19667307_10_55 but kept for subsequent analysis
NOTE: AT5G65060.1_PACid_19668928_10_55 is identical to AT5G65060.2_PACid_19668929_10_55 but kept for subsequent analysis
NOTE: AT2G03060.1_PACid_19640479_10_53 is identical to AT2G03060.2_PACid_19640478_10_53 but kept for subsequent analysis
NOTE: AT3G05860.3_PACid_19660458_10_51 is identical to AT3G05860.2_PACid_19660459_10_51 but kept for subsequent analysis
NOTE: AT5G40120.1_PACid_19671880_17_56 is identical to AT5G39750.1_PACid_19667213_25_64 but kept for subsequent analysis
NOTE: AT5G27090.1_PACid_19670534_29_70 is identical to AT5G27090.2_PACid_19670535_29_70 but kept for subsequent analysis
NOTE: AT5G26950.1_PACid_19666538_30_71 is identical to AT5G27070.1_PACid_19671195_30_71 but kept for subsequent analysis
NOTE: 21 identical sequences (see below) will be ignored for subsequent analysis
NOTE: AT4G09960.3_PACid_19648307_36_83 (identical to AT4G09960.1_PACid_19648309_10_57) is ignored but added at the end
NOTE: AT4G09960.2_PACid_19648310_10_57 (identical to AT4G09960.1_PACid_19648309_10_57) is ignored but added at the end
NOTE: AT1G24260.1_PACid_19651404_10_57 (identical to AT1G24260.3_PACid_19651405_10_57) is ignored but added at the end
NOTE: AT1G24260.2_PACid_19651403_10_57 (identical to AT1G24260.3_PACid_19651405_10_57) is ignored but added at the end
NOTE: AT5G15800.2_PACid_19670122_10_57 (identical to AT1G24260.3_PACid_19651405_10_57) is ignored but added at the end
NOTE: AT5G51870.3_PACid_19672299_10_57 (identical to AT5G51870.2_PACid_19672301_10_57) is ignored but added at the end
NOTE: AT3G58780.1_PACid_19662659_25_72 (identical to AT3G58780.2_PACid_19662660_25_72) is ignored but added at the end
NOTE: AT2G42830.2_PACid_19643527_25_72 (identical to AT3G58780.2_PACid_19662660_25_72) is ignored but added at the end
NOTE: AT3G58780.3_PACid_19662658_25_72 (identical to AT3G58780.2_PACid_19662660_25_72) is ignored but added at the end
NOTE: AT2G03710.1_PACid_19640308_10_57 (identical to AT2G03710.3_PACid_19640310_10_57) is ignored but added at the end
NOTE: AT5G62165.2_PACid_19672596_10_57 (identical to AT5G62165.4_PACid_19672598_10_57) is ignored but added at the end
NOTE: AT5G62165.3_PACid_19672597_10_57 (identical to AT5G62165.4_PACid_19672598_10_57) is ignored but added at the end
NOTE: AT5G10140.3_PACid_19672040_10_57 (identical to AT5G10140.2_PACid_19672042_10_57) is ignored but added at the end
NOTE: AT5G10140.1_PACid_19672039_10_57 (identical to AT5G10140.2_PACid_19672042_10_57) is ignored but added at the end
NOTE: AT5G23260.1_PACid_19667543_10_57 (identical to AT5G23260.2_PACid_19667542_10_57) is ignored but added at the end
NOTE: AT5G65070.2_PACid_19666741_10_57 (identical to AT5G65070.1_PACid_19666742_10_57) is ignored but added at the end
NOTE: AT1G77080.4_PACid_19652598_10_55 (identical to AT1G77080.5_PACid_19652600_10_55) is ignored but added at the end
NOTE: AT5G65050.3_PACid_19667305_10_55 (identical to AT5G65050.2_PACid_19667307_10_55) is ignored but added at the end
NOTE: AT3G05860.1_PACid_19660457_10_51 (identical to AT3G05860.2_PACid_19660459_10_51) is ignored but added at the end
NOTE: AT5G38740.1_PACid_19668168_26_65 (identical to AT5G39750.1_PACid_19667213_25_64) is ignored but added at the end
NOTE: AT5G40220.1_PACid_19669238_18_57 (identical to AT5G39750.1_PACid_19667213_25_64) is ignored but added at the end

For your convenience alignment with unique sequences printed to /Users/bushrakhan/Desktop/NIPGR-data/MADS-box-Evolutionary-gene-detection/Workflow_Step-by-Step/TASK_1/uploads/Rice_MADS_Domain_ML.uniqueseq.phy


Create initial parsimony tree by phylogenetic likelihood library (PLL)... 0.014 seconds
NOTE: ModelFinder requires 5 MB RAM!
ModelFinder will test 168 protein models (sample size: 49) ...
 No. Model         -LnL         df  AIC          AICc         BIC
  1  Dayhoff       4162.848     259 8843.696     143523.696   9333.678
  2  Dayhoff+I     4162.805     260 8845.610     144565.610   9337.484
  3  Dayhoff+G4    4050.717     260 8621.434     144341.434   9113.308
  4  Dayhoff+I+G4  4050.526     261 8623.052     145387.052   9116.817
  5  Dayhoff+F     4146.338     278 8848.676     163972.676   9374.602
  6  Dayhoff+F+I   4146.324     279 8850.647     165090.647   9378.465
  7  Dayhoff+F+G4  4029.466     279 8616.932     164856.932   9144.750
  8  Dayhoff+F+I+G4 4029.463     280 8618.925     165978.925   9148.635
  9  mtMAM         4553.222     259 9624.443     144304.443   10114.425
 10  mtMAM+I       4553.171     260 9626.341     145346.341   10118.215
 11  mtMAM+G4      4303.457     260 9126.914     144846.914   9618.787
 12  mtMAM+I+G4    4303.327     261 9128.653     145892.653   9622.418
 13  mtMAM+F       4313.424     278 9182.848     164306.848   9708.774
 14  mtMAM+F+I     4313.355     279 9184.710     165424.710   9712.528
 15  mtMAM+F+G4    4127.617     279 8813.235     165053.235   9341.052
 16  mtMAM+F+I+G4  4127.572     280 8815.145     166175.145   9344.854
 17  JTT           4149.464     259 8816.927     143496.927   9306.909
 18  JTT+I         4149.463     260 8818.927     144538.927   9310.800
 19  JTT+G4        4012.116     260 8544.231     144264.231   9036.104
 20  JTT+I+G4      4012.114     261 8546.229     145310.229   9039.994
 21  JTT+F         4156.148     278 8868.297     163992.297   9394.223
 22  JTT+F+I       4156.078     279 8870.156     165110.156   9397.974
 23  JTT+F+G4      4014.979     279 8587.958     164827.958   9115.776
 24  JTT+F+I+G4    4014.977     280 8589.954     165949.954   9119.664
 25  WAG           4148.531     259 8815.063     143495.063   9305.044
 26  WAG+I         4148.524     260 8817.048     144537.048   9308.921
 27  WAG+G4        4022.259     260 8564.517     144284.517   9056.391
 28  WAG+I+G4      4022.254     261 8566.508     145330.508   9060.273
 29  WAG+F         4160.106     278 8876.213     164000.213   9402.139
 30  WAG+F+I       4160.089     279 8878.178     165118.178   9405.995
 31  WAG+F+G4      4028.313     279 8614.626     164854.626   9142.443
 32  WAG+F+I+G4    4028.299     280 8616.598     165976.598   9146.308
 33  cpREV         4184.458     259 8886.916     143566.916   9376.897
 34  cpREV+I       4184.435     260 8888.870     144608.870   9380.743
 35  cpREV+G4      4030.499     260 8580.997     144300.997   9072.870
 36  cpREV+I+G4    4030.499     261 8582.999     145346.999   9076.764
 37  cpREV+F       4235.197     278 9026.394     164150.394   9552.320
 38  cpREV+F+I     4235.193     279 9028.385     165268.385   9556.203
 39  cpREV+F+G4    4075.677     279 8709.354     164949.354   9237.172
 40  cpREV+F+I+G4  4075.675     280 8711.350     166071.350   9241.059
 41  mtREV         4419.951     259 9357.902     144037.902   9847.883
 42  mtREV+I       4419.920     260 9359.840     145079.840   9851.713
 43  mtREV+G4      4239.360     260 8998.720     144718.720   9490.593
 44  mtREV+I+G4    4239.349     261 9000.698     145764.698   9494.464
 45  mtREV+F       4222.672     278 9001.344     164125.344   9527.270
 46  mtREV+F+I     4222.641     279 9003.282     165243.282   9531.100
 47  mtREV+F+G4    4076.697     279 8711.394     164951.394   9239.212
 48  mtREV+F+I+G4  4076.693     280 8713.385     166073.385   9243.095
 49  rtREV         4216.096     259 8950.192     143630.192   9440.173
 50  rtREV+I       4216.090     260 8952.180     144672.180   9444.054
 51  rtREV+G4      4071.975     260 8663.951     144383.951   9155.824
 52  rtREV+I+G4    4071.969     261 8665.938     145429.938   9159.703
 53  rtREV+F       4204.198     278 8964.396     164088.396   9490.322
 54  rtREV+F+I     4204.195     279 8966.390     165206.390   9494.208
 55  rtREV+F+G4    4051.327     279 8660.654     164900.654   9188.472
 56  rtREV+F+I+G4  4051.322     280 8662.645     166022.645   9192.355
 57  mtART         4506.262     259 9530.524     144210.524   10020.506
 58  mtART+I       4506.203     260 9532.406     145252.406   10024.279
 59  mtART+G4      4236.916     260 8993.832     144713.832   9485.705
 60  mtART+I+G4    4236.901     261 8995.801     145759.801   9489.566
 61  mtART+F       4322.598     278 9201.196     164325.196   9727.122
 62  mtART+F+I     4322.552     279 9203.104     165443.104   9730.922
 63  mtART+F+G4    4120.406     279 8798.812     165038.812   9326.630
 64  mtART+F+I+G4  4120.393     280 8800.785     166160.785   9330.495
 65  mtZOA         4380.954     259 9279.908     143959.908   9769.889
 66  mtZOA+I       4380.937     260 9281.874     145001.874   9773.747
 67  mtZOA+G4      4154.590     260 8829.180     144549.180   9321.053
 68  mtZOA+I+G4    4154.585     261 8831.171     145595.171   9324.936
 69  mtZOA+F       4248.717     278 9053.435     164177.435   9579.361
 70  mtZOA+F+I     4248.702     279 9055.403     165295.403   9583.221
 71  mtZOA+F+G4    4068.722     279 8695.443     164935.443   9223.261
 72  mtZOA+F+I+G4  4068.722     280 8697.444     166057.444   9227.153
 73  VT            4169.484     259 8856.968     143536.968   9346.950
 74  VT+I          4169.478     260 8858.955     144578.955   9350.828
 75  VT+G4         4044.224     260 8608.449     144328.449   9100.322
 76  VT+I+G4       4044.224     261 8610.448     145374.448   9104.213
 77  VT+F          4182.336     278 8920.673     164044.673   9446.599
 78  VT+F+I        4182.307     279 8922.615     165162.615   9450.433
 79  VT+F+G4       4053.571     279 8665.141     164905.141   9192.959
 80  VT+F+I+G4     4053.569     280 8667.139     166027.139   9196.848
 81  LG            4137.571     259 8793.142     143473.142   9283.123
 82  LG+I          4137.535     260 8795.069     144515.069   9286.943
 83  LG+G4         3993.145     260 8506.290     144226.290   8998.163
 84  LG+I+G4       3993.136     261 8508.273     145272.273   9002.038
 85  LG+F          4160.708     278 8877.417     164001.417   9403.343
 86  LG+F+I        4160.669     279 8879.339     165119.339   9407.157
 87  LG+F+G4       4008.792     279 8575.583     164815.583   9103.401
 88  LG+F+I+G4     4008.780     280 8577.560     165937.560   9107.269
 89  DCMut         4163.010     259 8844.020     143524.020   9334.002
 90  DCMut+I       4162.979     260 8845.958     144565.958   9337.831
 91  DCMut+G4      4051.078     260 8622.157     144342.157   9114.030
 92  DCMut+I+G4    4051.033     261 8624.066     145388.066   9117.831
 93  DCMut+F       4146.449     278 8848.897     163972.897   9374.823
 94  DCMut+F+I     4146.438     279 8850.876     165090.876   9378.693
 95  DCMut+F+G4    4029.757     279 8617.514     164857.514   9145.332
 96  DCMut+F+I+G4  4029.754     280 8619.507     165979.507   9149.217
 97  PMB           4213.212     259 8944.423     143624.423   9434.405
 98  PMB+I         4213.191     260 8946.381     144666.381   9438.255
 99  PMB+G4        4088.302     260 8696.604     144416.604   9188.478
100  PMB+I+G4      4088.240     261 8698.480     145462.480   9192.245
101  PMB+F         4227.736     278 9011.472     164135.472   9537.398
102  PMB+F+I       4227.727     279 9013.454     165253.454   9541.272
103  PMB+F+G4      4099.399     279 8756.797     164996.797   9284.615
104  PMB+F+I+G4    4099.396     280 8758.792     166118.792   9288.502
105  HIVb          4263.714     259 9045.429     143725.429   9535.410
106  HIVb+I        4263.699     260 9047.398     144767.398   9539.271
107  HIVb+G4       4076.908     260 8673.816     144393.816   9165.689
108  HIVb+I+G4     4076.902     261 8675.803     145439.803   9169.568
109  HIVb+F        4276.450     278 9108.900     164232.900   9634.826
110  HIVb+F+I      4276.423     279 9110.846     165350.846   9638.664
111  HIVb+F+G4     4077.010     279 8712.020     164952.020   9239.838
112  HIVb+F+I+G4   4076.992     280 8713.984     166073.984   9243.693
113  HIVw          4447.120     259 9412.239     144092.239   9902.221
114  HIVw+I        4447.097     260 9414.194     145134.194   9906.067
115  HIVw+G4       4235.753     260 8991.505     144711.505   9483.378
116  HIVw+I+G4     4235.733     261 8993.467     145757.467   9487.232
117  HIVw+F        4407.419     278 9370.839     164494.839   9896.765
118  HIVw+F+I      4407.393     279 9372.785     165612.785   9900.603
119  HIVw+F+G4     4202.249     279 8962.498     165202.498   9490.316
120  HIVw+F+I+G4   4202.202     280 8964.403     166324.403   9494.113
121  JTTDCMut      4148.592     259 8815.185     143495.185   9305.166
122  JTTDCMut+I    4148.514     260 8817.028     144537.028   9308.901
123  JTTDCMut+G4   4011.848     260 8543.696     144263.696   9035.569
124  JTTDCMut+I+G4 4011.847     261 8545.693     145309.693   9039.458
125  JTTDCMut+F    4155.018     278 8866.036     163990.036   9391.962
126  JTTDCMut+F+I  4154.947     279 8867.895     165107.895   9395.713
127  JTTDCMut+F+G4 4014.462     279 8586.925     164826.925   9114.743
128  JTTDCMut+F+I+G4 4014.461     280 8588.922     165948.922   9118.632
129  FLU           4228.654     259 8975.307     143655.307   9465.289
130  FLU+I         4228.637     260 8977.274     144697.274   9469.147
131  FLU+G4        4041.837     260 8603.674     144323.674   9095.547
132  FLU+I+G4      4041.841     261 8605.682     145369.682   9099.447
133  FLU+F         4269.469     278 9094.937     164218.937   9620.863
134  FLU+F+I       4269.440     279 9096.880     165336.880   9624.698
135  FLU+F+G4      4061.266     279 8680.532     164920.532   9208.350
136  FLU+F+I+G4    4061.266     280 8682.532     166042.532   9212.241
137  Blosum62      4204.320     259 8926.640     143606.640   9416.622
138  Blosum62+I    4204.285     260 8928.570     144648.570   9420.443
139  Blosum62+G4   4077.203     260 8674.405     144394.405   9166.279
140  Blosum62+I+G4 4077.201     261 8676.403     145440.403   9170.168
141  Blosum62+F    4228.686     278 9013.372     164137.372   9539.298
142  Blosum62+F+I  4228.663     279 9015.327     165255.327   9543.145
143  Blosum62+F+G4 4097.694     279 8753.388     164993.388   9281.206
144  Blosum62+F+I+G4 4097.694     280 8755.388     166115.388   9285.097
145  mtMet         4380.152     259 9278.305     143958.305   9768.286
146  mtMet+I       4380.133     260 9280.266     145000.266   9772.139
147  mtMet+G4      4179.647     260 8879.293     144599.293   9371.167
148  mtMet+I+G4    4179.640     261 8881.280     145645.280   9375.045
149  mtMet+F       4216.176     278 8988.352     164112.352   9514.278
150  mtMet+F+I     4216.165     279 8990.330     165230.330   9518.148
151  mtMet+F+G4    4058.972     279 8675.944     164915.944   9203.761
152  mtMet+F+I+G4  4058.972     280 8677.945     166037.945   9207.654
153  mtVer         4470.834     259 9459.667     144139.667   9949.649
154  mtVer+I       4470.828     260 9461.656     145181.656   9953.529
155  mtVer+G4      4264.396     260 9048.791     144768.791   9540.665
156  mtVer+I+G4    4264.391     261 9050.783     145814.783   9544.548
157  mtVer+F       4260.234     278 9076.468     164200.468   9602.394
158  mtVer+F+I     4260.190     279 9078.381     165318.381   9606.198
159  mtVer+F+G4    4106.514     279 8771.029     165011.029   9298.847
160  mtVer+F+I+G4  4106.492     280 8772.983     166132.983   9302.693
161  mtInv         4371.532     259 9261.064     143941.064   9751.046
162  mtInv+I       4371.510     260 9263.019     144983.019   9754.892
163  mtInv+G4      4186.298     260 8892.597     144612.597   9384.470
164  mtInv+I+G4    4186.275     261 8894.549     145658.549   9388.314
165  mtInv+F       4189.702     278 8935.404     164059.404   9461.330
166  mtInv+F+I     4189.696     279 8937.393     165177.393   9465.210
167  mtInv+F+G4    4044.967     279 8647.935     164887.935   9175.753
168  mtInv+F+I+G4  4044.968     280 8649.935     166009.935   9179.645
Akaike Information Criterion:           LG+G4
Corrected Akaike Information Criterion: LG
Bayesian Information Criterion:         LG+G4
Best-fit model: LG+G4 chosen according to BIC

All model information printed to /Users/bushrakhan/Desktop/NIPGR-data/MADS-box-Evolutionary-gene-detection/Workflow_Step-by-Step/TASK_1/uploads/Rice_MADS_Domain_ML.model.gz
CPU time for ModelFinder: 33.102 seconds (0h:0m:33s)
Wall-clock time for ModelFinder: 17.968 seconds (0h:0m:17s)
Generating 1000 samples for ultrafast bootstrap (seed: 458034)...

NOTE: 5 MB RAM (0 GB) is required!
Estimate model parameters (epsilon = 0.100)
1. Initial log-likelihood: -4132.290
2. Current log-likelihood: -3985.268
3. Current log-likelihood: -3984.076
Optimal log-likelihood: -3983.940
Gamma shape alpha: 1.497
Parameters optimization took 3 rounds (0.357 sec)
Computing ML distances based on estimated model parameters... 5.523 sec
WARNING: Some pairwise ML distances are too long (saturated)
Computing BIONJ tree...
0.009 seconds
Log-likelihood of BIONJ tree: -4022.131
--------------------------------------------------------------------
|             INITIALIZING CANDIDATE TREE SET                      |
--------------------------------------------------------------------
Generating 98 parsimony trees... 1.613 second
Computing log-likelihood of 98 initial trees ... 3.150 seconds
Current best score: -3939.746

Do NNI search on 20 best initial trees
Estimate model parameters (epsilon = 0.100)
BETTER TREE FOUND at iteration 1: -3913.290
Estimate model parameters (epsilon = 0.100)
BETTER TREE FOUND at iteration 2: -3910.014
Iteration 10 / LogL: -3926.330 / Time: 0h:0m:13s
Iteration 20 / LogL: -3926.428 / Time: 0h:0m:20s
Finish initializing candidate tree set (20)
Current best tree score: -3910.014 / CPU time: 16.973
Number of iterations: 20
--------------------------------------------------------------------
|               OPTIMIZING CANDIDATE TREE SET                      |
--------------------------------------------------------------------
Iteration 30 / LogL: -3913.681 / Time: 0h:0m:26s (0h:1m:5s left)
Estimate model parameters (epsilon = 0.100)
BETTER TREE FOUND at iteration 31: -3907.056
Iteration 40 / LogL: -3914.732 / Time: 0h:0m:33s (0h:1m:18s left)
Estimate model parameters (epsilon = 0.100)
BETTER TREE FOUND at iteration 47: -3903.858
Estimate model parameters (epsilon = 0.100)
BETTER TREE FOUND at iteration 50: -3903.635
Iteration 50 / LogL: -3903.635 / Time: 0h:0m:40s (0h:1m:22s left)
Log-likelihood cutoff on original alignment: -3955.762
Iteration 60 / LogL: -3907.700 / Time: 0h:0m:47s (0h:1m:13s left)
Estimate model parameters (epsilon = 0.100)
BETTER TREE FOUND at iteration 64: -3903.043
Estimate model parameters (epsilon = 0.100)
BETTER TREE FOUND at iteration 65: -3901.831
Iteration 70 / LogL: -3902.720 / Time: 0h:0m:55s (0h:1m:16s left)
Estimate model parameters (epsilon = 0.100)
BETTER TREE FOUND at iteration 72: -3899.830
Iteration 80 / LogL: -3901.111 / Time: 0h:1m:2s (0h:1m:12s left)
Estimate model parameters (epsilon = 0.100)
BETTER TREE FOUND at iteration 82: -3898.130
Iteration 90 / LogL: -3918.534 / Time: 0h:1m:8s (0h:1m:11s left)
Iteration 100 / LogL: -3902.310 / Time: 0h:1m:15s (0h:1m:2s left)
Log-likelihood cutoff on original alignment: -3955.762
NOTE: Bootstrap correlation coefficient of split occurrence frequencies: 0.972
NOTE: UFBoot does not converge, continue at least 100 more iterations
Iteration 110 / LogL: -3898.607 / Time: 0h:1m:22s (0h:1m:8s left)
Iteration 120 / LogL: -3898.301 / Time: 0h:1m:29s (0h:1m:0s left)
Iteration 130 / LogL: -3898.963 / Time: 0h:1m:36s (0h:0m:52s left)
Iteration 140 / LogL: -3911.386 / Time: 0h:1m:42s (0h:0m:44s left)
Iteration 150 / LogL: -3898.583 / Time: 0h:1m:49s (0h:0m:36s left)
Log-likelihood cutoff on original alignment: -3955.762
Iteration 160 / LogL: -3907.637 / Time: 0h:1m:57s (0h:0m:29s left)
Iteration 170 / LogL: -3898.247 / Time: 0h:2m:4s (0h:0m:22s left)
Iteration 180 / LogL: -3904.504 / Time: 0h:2m:11s (0h:0m:14s left)
Iteration 190 / LogL: -3899.531 / Time: 0h:2m:17s (0h:0m:7s left)
Iteration 200 / LogL: -3899.176 / Time: 0h:2m:24s (0h:0m:0s left)
Log-likelihood cutoff on original alignment: -3955.762
NOTE: Bootstrap correlation coefficient of split occurrence frequencies: 0.996
TREE SEARCH COMPLETED AFTER 200 ITERATIONS / Time: 0h:2m:25s

--------------------------------------------------------------------
|                    FINALIZING TREE SEARCH                        |
--------------------------------------------------------------------
Performs final model parameters optimization
Estimate model parameters (epsilon = 0.010)
1. Initial log-likelihood: -3898.130
Optimal log-likelihood: -3898.130
Gamma shape alpha: 1.538
Parameters optimization took 1 rounds (0.042 sec)
BEST SCORE FOUND : -3898.130
Creating bootstrap support values...
Split supports printed to NEXUS file /Users/bushrakhan/Desktop/NIPGR-data/MADS-box-Evolutionary-gene-detection/Workflow_Step-by-Step/TASK_1/uploads/Rice_MADS_Domain_ML.splits.nex
Total tree length: 26.744

Total number of iterations: 200
CPU time used for tree search: 277.979 sec (0h:4m:37s)
Wall-clock time used for tree search: 142.035 sec (0h:2m:22s)
Total CPU time used: 285.212 sec (0h:4m:45s)
Total wall-clock time used: 145.944 sec (0h:2m:25s)

Computing bootstrap consensus tree...
Reading input file /Users/bushrakhan/Desktop/NIPGR-data/MADS-box-Evolutionary-gene-detection/Workflow_Step-by-Step/TASK_1/uploads/Rice_MADS_Domain_ML.splits.nex...
131 taxa and 1381 splits.
Consensus tree written to /Users/bushrakhan/Desktop/NIPGR-data/MADS-box-Evolutionary-gene-detection/Workflow_Step-by-Step/TASK_1/uploads/Rice_MADS_Domain_ML.contree
Reading input trees file /Users/bushrakhan/Desktop/NIPGR-data/MADS-box-Evolutionary-gene-detection/Workflow_Step-by-Step/TASK_1/uploads/Rice_MADS_Domain_ML.contree
Log-likelihood of consensus tree: -3898.241

Analysis results written to: 
  IQ-TREE report:                /Users/bushrakhan/Desktop/NIPGR-data/MADS-box-Evolutionary-gene-detection/Workflow_Step-by-Step/TASK_1/uploads/Rice_MADS_Domain_ML.iqtree
  Maximum-likelihood tree:       /Users/bushrakhan/Desktop/NIPGR-data/MADS-box-Evolutionary-gene-detection/Workflow_Step-by-Step/TASK_1/uploads/Rice_MADS_Domain_ML.treefile
  Likelihood distances:          /Users/bushrakhan/Desktop/NIPGR-data/MADS-box-Evolutionary-gene-detection/Workflow_Step-by-Step/TASK_1/uploads/Rice_MADS_Domain_ML.mldist

Ultrafast bootstrap approximation results written to:
  Split support values:          /Users/bushrakhan/Desktop/NIPGR-data/MADS-box-Evolutionary-gene-detection/Workflow_Step-by-Step/TASK_1/uploads/Rice_MADS_Domain_ML.splits.nex
  Consensus tree:                /Users/bushrakhan/Desktop/NIPGR-data/MADS-box-Evolutionary-gene-detection/Workflow_Step-by-Step/TASK_1/uploads/Rice_MADS_Domain_ML.contree
  Screen log file:               /Users/bushrakhan/Desktop/NIPGR-data/MADS-box-Evolutionary-gene-detection/Workflow_Step-by-Step/TASK_1/uploads/Rice_MADS_Domain_ML.log

Date and Time: Fri Apr  3 11:12:03 2026
