IQ-TREE multicore version 1.6.12 for Mac OS X 64-bit built Aug 15 2019
Developed by Bui Quang Minh, Nguyen Lam Tung, Olga Chernomor,
Heiko Schmidt, Dominik Schrempf, Michael Woodhams.

Host:    Bushras-MacBook-Air.local (SSE4.2, 16 GB RAM)
Command: /Users/bushrakhan/Desktop/NIPGR-data/MADS-box-Evolutionary-gene-detection/bin/iqtree -s /Users/bushrakhan/Desktop/NIPGR-data/MADS-box-Evolutionary-gene-detection/Workflow_Step-by-Step/TASK_1/uploads/Combined_Kbox_Rice_AT_Aligned.fa -m AUTO -bb 1000 -nt 2 -pre /Users/bushrakhan/Desktop/NIPGR-data/MADS-box-Evolutionary-gene-detection/Workflow_Step-by-Step/TASK_1/uploads/Rice_Kbox_Domain_ML
Seed:    196052 (Using SPRNG - Scalable Parallel Random Number Generator)
Time:    Fri Apr  3 11:09:11 2026
Kernel:  SSE2 - 2 threads (10 CPU cores detected)

Reading alignment file /Users/bushrakhan/Desktop/NIPGR-data/MADS-box-Evolutionary-gene-detection/Workflow_Step-by-Step/TASK_1/uploads/Combined_Kbox_Rice_AT_Aligned.fa ... Fasta format detected
Alignment most likely contains protein sequences
Alignment has 108 sequences with 108 columns, 107 distinct patterns
90 parsimony-informative, 9 singleton sites, 9 constant sites
WARNING: Some sequence names are changed as follows:
AT1G69120.1|PACid:19653480_85_172 -> AT1G69120.1_PACid_19653480_85_172
AT1G26310.1|PACid:19650942_85_174 -> AT1G26310.1_PACid_19650942_85_174
AT5G60910.2|PACid:19670615_23_110 -> AT5G60910.2_PACid_19670615_23_110
AT5G60910.1|PACid:19670614_85_172 -> AT5G60910.1_PACid_19670614_85_172
AT2G45650.1|PACid:19638787_83_170 -> AT2G45650.1_PACid_19638787_83_170
AT3G58780.2|PACid:19662660_93_179 -> AT3G58780.2_PACid_19662660_93_179
AT3G58780.1|PACid:19662659_100_186 -> AT3G58780.1_PACid_19662659_100_186
AT3G58780.3|PACid:19662658_125_211 -> AT3G58780.3_PACid_19662658_125_211
AT4G18960.1|PACid:19647337_102_187 -> AT4G18960.1_PACid_19647337_102_187
AT4G18960.2|PACid:19647338_88_173 -> AT4G18960.2_PACid_19647338_88_173
AT2G45660.1|PACid:19641052_83_171 -> AT2G45660.1_PACid_19641052_83_171
AT2G42830.1|PACid:19643528_100_186 -> AT2G42830.1_PACid_19643528_100_186
AT5G15800.1|PACid:19670123_84_172 -> AT5G15800.1_PACid_19670123_84_172
AT5G15800.2|PACid:19670122_84_172 -> AT5G15800.2_PACid_19670122_84_172
AT4G09960.1|PACid:19648309_86_171 -> AT4G09960.1_PACid_19648309_86_171
AT4G37940.1|PACid:19644309_83_171 -> AT4G37940.1_PACid_19644309_83_171
AT4G37940.1|PACid:19644309_159_183 -> AT4G37940.1_PACid_19644309_159_183
AT4G09960.3|PACid:19648307_112_197 -> AT4G09960.3_PACid_19648307_112_197
AT1G24260.2|PACid:19651403_93_175 -> AT1G24260.2_PACid_19651403_93_175
AT3G02310.1|PACid:19661943_84_172 -> AT3G02310.1_PACid_19661943_84_172
AT2G42830.2|PACid:19643527_100_188 -> AT2G42830.2_PACid_19643527_100_188
AT1G24260.1|PACid:19651404_92_174 -> AT1G24260.1_PACid_19651404_92_174
AT4G22950.1|PACid:19647692_83_169 -> AT4G22950.1_PACid_19647692_83_169
AT3G57230.1|PACid:19665060_82_170 -> AT3G57230.1_PACid_19665060_82_170
AT3G57230.1|PACid:19665060_165_184 -> AT3G57230.1_PACid_19665060_165_184
AT3G61120.1|PACid:19662463_85_168 -> AT3G61120.1_PACid_19662463_85_168
AT2G14210.1|PACid:19638394_83_170 -> AT2G14210.1_PACid_19638394_83_170
AT2G14210.1|PACid:19638394_170_185 -> AT2G14210.1_PACid_19638394_170_185
AT2G03710.3|PACid:19640310_85_172 -> AT2G03710.3_PACid_19640310_85_172
AT2G22630.1|PACid:19642313_83_171 -> AT2G22630.1_PACid_19642313_83_171
AT2G22630.1|PACid:19642313_165_183 -> AT2G22630.1_PACid_19642313_165_183
AT2G03710.2|PACid:19640309_85_173 -> AT2G03710.2_PACid_19640309_85_173
AT2G03710.1|PACid:19640308_85_173 -> AT2G03710.1_PACid_19640308_85_173
AT4G11880.1|PACid:19643844_84_171 -> AT4G11880.1_PACid_19643844_84_171
AT4G09960.4|PACid:19648308_86_175 -> AT4G09960.4_PACid_19648308_86_175
AT3G30260.1|PACid:19662130_87_171 -> AT3G30260.1_PACid_19662130_87_171
AT5G62165.1|PACid:19672595_84_170 -> AT5G62165.1_PACid_19672595_84_170
AT5G62165.2|PACid:19672596_84_170 -> AT5G62165.2_PACid_19672596_84_170
AT5G62165.3|PACid:19672597_84_170 -> AT5G62165.3_PACid_19672597_84_170
AT1G24260.3|PACid:19651405_93_160 -> AT1G24260.3_PACid_19651405_93_160
AT5G51870.1|PACid:19672300_88_172 -> AT5G51870.1_PACid_19672300_88_172
AT5G51870.3|PACid:19672299_88_171 -> AT5G51870.3_PACid_19672299_88_171
AT5G23260.2|PACid:19667542_82_170 -> AT5G23260.2_PACid_19667542_82_170
AT5G13790.1|PACid:19669343_75_165 -> AT5G13790.1_PACid_19669343_75_165
AT5G51860.2|PACid:19671372_89_172 -> AT5G51860.2_PACid_19671372_89_172
AT1G71692.1|PACid:19653064_99_180 -> AT1G71692.1_PACid_19653064_99_180
AT5G51860.1|PACid:19671371_89_171 -> AT5G51860.1_PACid_19671371_89_171
AT4G09960.2|PACid:19648310_86_165 -> AT4G09960.2_PACid_19648310_86_165
AT5G62165.5|PACid:19672599_43_117 -> AT5G62165.5_PACid_19672599_43_117
AT4G24540.1|PACid:19648389_91_172 -> AT4G24540.1_PACid_19648389_91_172
AT3G57390.2|PACid:19659473_34_118 -> AT3G57390.2_PACid_19659473_34_118
AT3G57390.1|PACid:19659472_95_179 -> AT3G57390.1_PACid_19659472_95_179
AT2G22540.2|PACid:19641564_87_165 -> AT2G22540.2_PACid_19641564_87_165
AT2G22540.1|PACid:19641563_92_170 -> AT2G22540.1_PACid_19641563_92_170
AT2G22540.1|PACid:19641563_166_184 -> AT2G22540.1_PACid_19641563_166_184
AT3G54340.1|PACid:19659884_81_168 -> AT3G54340.1_PACid_19659884_81_168
AT5G20240.1|PACid:19673101_81_164 -> AT5G20240.1_PACid_19673101_81_164
AT3G57230.2|PACid:19665061_106_169 -> AT3G57230.2_PACid_19665061_106_169
AT3G57230.2|PACid:19665061_164_183 -> AT3G57230.2_PACid_19665061_164_183
AT5G51870.2|PACid:19672301_88_148 -> AT5G51870.2_PACid_19672301_88_148
AT5G23260.1|PACid:19667543_82_165 -> AT5G23260.1_PACid_19667543_82_165
AT5G62165.4|PACid:19672598_84_157 -> AT5G62165.4_PACid_19672598_84_157
AT5G23260.3|PACid:19667544_82_152 -> AT5G23260.3_PACid_19667544_82_152
AT5G10140.2|PACid:19672042_89_164 -> AT5G10140.2_PACid_19672042_89_164
AT5G10140.1|PACid:19672039_89_164 -> AT5G10140.1_PACid_19672039_89_164
AT5G10140.3|PACid:19672040_89_164 -> AT5G10140.3_PACid_19672040_89_164
AT2G41470.1|PACid:19641817_21_83 -> AT2G41470.1_PACid_19641817_21_83
AT2G41470.1|PACid:19641817_120_196 -> AT2G41470.1_PACid_19641817_120_196
AT2G41470.1|PACid:19641817_249_309 -> AT2G41470.1_PACid_19641817_249_309
AT2G41470.1|PACid:19641817_355_410 -> AT2G41470.1_PACid_19641817_355_410
AT1G77080.2|PACid:19652599_93_160 -> AT1G77080.2_PACid_19652599_93_160
AT1G77080.5|PACid:19652600_96_164 -> AT1G77080.5_PACid_19652600_96_164
AT5G65060.1|PACid:19668928_96_164 -> AT5G65060.1_PACid_19668928_96_164
AT1G77080.4|PACid:19652598_96_164 -> AT1G77080.4_PACid_19652598_96_164
AT5G65050.2|PACid:19667307_98_164 -> AT5G65050.2_PACid_19667307_98_164
AT5G65080.1|PACid:19670372_101_170 -> AT5G65080.1_PACid_19670372_101_170
AT5G65050.3|PACid:19667305_98_164 -> AT5G65050.3_PACid_19667305_98_164
AT5G65080.2|PACid:19670373_93_162 -> AT5G65080.2_PACid_19670373_93_162
AT5G65060.2|PACid:19668929_102_153 -> AT5G65060.2_PACid_19668929_102_153
AT5G65070.2|PACid:19666741_141_195 -> AT5G65070.2_PACid_19666741_141_195
AT5G65070.1|PACid:19666742_110_164 -> AT5G65070.1_PACid_19666742_110_164
AT5G65070.3|PACid:19666740_142_196 -> AT5G65070.3_PACid_19666740_142_196
AT5G10140.4|PACid:19672041_90_154 -> AT5G10140.4_PACid_19672041_90_154
AT1G77080.3|PACid:19652601_82_126 -> AT1G77080.3_PACid_19652601_82_126
AT1G31150.1|PACid:19651250_574_639 -> AT1G31150.1_PACid_19651250_574_639
AT5G65050.1|PACid:19667306_98_149 -> AT5G65050.1_PACid_19667306_98_149
AT1G31140.2|PACid:19657777_95_158 -> AT1G31140.2_PACid_19657777_95_158
AT1G31140.1|PACid:19657778_95_156 -> AT1G31140.1_PACid_19657778_95_156
AT2G41445.1|PACid:19641714_37_93 -> AT2G41445.1_PACid_19641714_37_93
AT2G41445.1|PACid:19641714_149_217 -> AT2G41445.1_PACid_19641714_149_217
AT1G77950.1|PACid:19656697_125_198 -> AT1G77950.1_PACid_19656697_125_198
AT1G77950.2|PACid:19656698_125_198 -> AT1G77950.2_PACid_19656698_125_198
AT1G22130.1|PACid:19651829_125_192 -> AT1G22130.1_PACid_19651829_125_192
AT1G77980.1|PACid:19650219_124_189 -> AT1G77980.1_PACid_19650219_124_189
AT2G41440.1|PACid:19638798_42_120 -> AT2G41440.1_PACid_19638798_42_120
AT2G41440.1|PACid:19638798_151_202 -> AT2G41440.1_PACid_19638798_151_202
AT2G41440.2|PACid:19638799_33_84 -> AT2G41440.2_PACid_19638799_33_84
AT1G69540.1|PACid:19658298_146_182 -> AT1G69540.1_PACid_19658298_146_182
AT1G59810.1|PACid:19650751_99_152 -> AT1G59810.1_PACid_19650751_99_152
AT2G03060.2|PACid:19640478_88_99 -> AT2G03060.2_PACid_19640478_88_99
AT2G03060.2|PACid:19640478_114_176 -> AT2G03060.2_PACid_19640478_114_176
AT4G27630.1|PACid:19644925_67_96 -> AT4G27630.1_PACid_19644925_67_96
AT4G27630.1|PACid:19644925_136_162 -> AT4G27630.1_PACid_19644925_136_162
AT2G11620.1|PACid:19641263_210_250 -> AT2G11620.1_PACid_19641263_210_250
AT2G11620.1|PACid:19641263_324_348 -> AT2G11620.1_PACid_19641263_324_348
AT2G11620.1|PACid:19641263_364_388 -> AT2G11620.1_PACid_19641263_364_388
AT2G11620.1|PACid:19641263_406_426 -> AT2G11620.1_PACid_19641263_406_426
AT2G11620.1|PACid:19641263_442_465 -> AT2G11620.1_PACid_19641263_442_465

                                    Gap/Ambiguity  Composition  p-value
   1  AT1G69120.1_PACid_19653480_85_172    18.52%    passed     79.14%
   2  AT1G26310.1_PACid_19650942_85_174    16.67%    passed     80.52%
   3  AT5G60910.2_PACid_19670615_23_110    18.52%    passed     25.42%
   4  AT5G60910.1_PACid_19670614_85_172    18.52%    passed     25.42%
   5  AT2G45650.1_PACid_19638787_83_170    18.52%    passed     51.95%
   6  AT3G58780.2_PACid_19662660_93_179    19.44%    passed     63.24%
   7  AT3G58780.1_PACid_19662659_100_186   19.44%    passed     63.24%
   8  AT3G58780.3_PACid_19662658_125_211   19.44%    passed     63.24%
   9  AT4G18960.1_PACid_19647337_102_187   20.37%    passed     43.04%
  10  AT4G18960.2_PACid_19647338_88_173    20.37%    passed     43.04%
  11  AT2G45660.1_PACid_19641052_83_171    17.59%    passed      9.38%
  12  AT2G42830.1_PACid_19643528_100_186   19.44%    passed     75.23%
  13  AT5G15800.1_PACid_19670123_84_172    17.59%    passed     43.88%
  14  AT5G15800.2_PACid_19670122_84_172    17.59%    passed     43.88%
  15  AT4G09960.1_PACid_19648309_86_171    20.37%    passed     70.31%
  16  AT4G37940.1_PACid_19644309_83_171    17.59%    passed     71.08%
  17  AT4G37940.1_PACid_19644309_159_183   76.85%    passed     93.45%
  18  AT4G09960.3_PACid_19648307_112_197   20.37%    passed     70.31%
  19  AT1G24260.2_PACid_19651403_93_175    23.15%    passed     32.80%
  20  AT3G02310.1_PACid_19661943_84_172    17.59%    passed     44.75%
  21  AT2G42830.2_PACid_19643527_100_188   17.59%    passed     80.66%
  22  AT1G24260.1_PACid_19651404_92_174    23.15%    passed     32.80%
  23  AT4G22950.1_PACid_19647692_83_169    19.44%    passed     78.05%
  24  AT3G57230.1_PACid_19665060_82_170    17.59%    passed     72.09%
  25  AT3G57230.1_PACid_19665060_165_184   81.48%    passed     16.93%
  26  AT3G61120.1_PACid_19662463_85_168    22.22%    passed     70.04%
  27  AT2G14210.1_PACid_19638394_83_170    18.52%    passed     90.60%
  28  AT2G14210.1_PACid_19638394_170_185   85.19%    passed     38.66%
  29  AT2G03710.3_PACid_19640310_85_172    18.52%    passed     81.46%
  30  AT2G22630.1_PACid_19642313_83_171    17.59%    passed     88.21%
  31  AT2G22630.1_PACid_19642313_165_183   82.41%    passed     97.05%
  32  AT2G03710.2_PACid_19640309_85_173    17.59%    passed     81.15%
  33  AT2G03710.1_PACid_19640308_85_173    17.59%    passed     81.15%
  34  AT4G11880.1_PACid_19643844_84_171    18.52%    passed     93.11%
  35  AT4G09960.4_PACid_19648308_86_175    16.67%    passed     65.77%
  36  AT3G30260.1_PACid_19662130_87_171    21.30%    passed     66.11%
  37  AT5G62165.1_PACid_19672595_84_170    19.44%    passed     34.83%
  38  AT5G62165.2_PACid_19672596_84_170    19.44%    passed     34.83%
  39  AT5G62165.3_PACid_19672597_84_170    19.44%    passed     34.83%
  40  AT1G24260.3_PACid_19651405_93_160    37.04%    passed     56.21%
  41  AT5G51870.1_PACid_19672300_88_172    21.30%    passed     91.94%
  42  AT5G51870.3_PACid_19672299_88_171    22.22%    passed     93.20%
  43  AT5G23260.2_PACid_19667542_82_170    17.59%    failed      0.64%
  44  AT5G13790.1_PACid_19669343_75_165    15.74%    passed     97.31%
  45  AT5G51860.2_PACid_19671372_89_172    22.22%    passed     47.19%
  46  AT1G71692.1_PACid_19653064_99_180    24.07%    passed     24.70%
  47  AT5G51860.1_PACid_19671371_89_171    23.15%    passed     60.70%
  48  AT4G09960.2_PACid_19648310_86_165    25.93%    passed     36.75%
  49  AT5G62165.5_PACid_19672599_43_117    30.56%    passed     40.57%
  50  AT4G24540.1_PACid_19648389_91_172    24.07%    passed     13.95%
  51  AT3G57390.2_PACid_19659473_34_118    21.30%    passed     99.69%
  52  AT3G57390.1_PACid_19659472_95_179    21.30%    passed     99.69%
  53  AT2G22540.2_PACid_19641564_87_165    26.85%    passed     80.52%
  54  AT2G22540.1_PACid_19641563_92_170    26.85%    passed     80.52%
  55  AT2G22540.1_PACid_19641563_166_184   82.41%    passed     37.43%
  56  AT3G54340.1_PACid_19659884_81_168    18.52%    passed     34.07%
  57  AT5G20240.1_PACid_19673101_81_164    22.22%    passed     77.10%
  58  AT3G57230.2_PACid_19665061_106_169   40.74%    passed     73.40%
  59  AT3G57230.2_PACid_19665061_164_183   81.48%    passed     16.93%
  60  AT5G51870.2_PACid_19672301_88_148    43.52%    passed     63.83%
  61  AT5G23260.1_PACid_19667543_82_165    22.22%    failed      0.48%
  62  AT5G62165.4_PACid_19672598_84_157    31.48%    passed     79.37%
  63  AT5G23260.3_PACid_19667544_82_152    34.26%    failed      0.11%
  64  AT5G10140.2_PACid_19672042_89_164    29.63%    passed     52.51%
  65  AT5G10140.1_PACid_19672039_89_164    29.63%    passed     45.39%
  66  AT5G10140.3_PACid_19672040_89_164    29.63%    passed     26.71%
  67  AT2G41470.1_PACid_19641817_21_83     41.67%    passed     40.35%
  68  AT2G41470.1_PACid_19641817_120_196   28.70%    passed     25.52%
  69  AT2G41470.1_PACid_19641817_249_309   43.52%    passed     82.00%
  70  AT2G41470.1_PACid_19641817_355_410   48.15%    failed      0.01%
  71  AT1G77080.2_PACid_19652599_93_160    37.04%    passed     68.13%
  72  AT1G77080.5_PACid_19652600_96_164    36.11%    passed     68.45%
  73  AT5G65060.1_PACid_19668928_96_164    36.11%    passed     55.03%
  74  AT1G77080.4_PACid_19652598_96_164    36.11%    passed     69.04%
  75  AT5G65050.2_PACid_19667307_98_164    37.96%    passed     36.41%
  76  AT5G65080.1_PACid_19670372_101_170   35.19%    passed     67.62%
  77  AT5G65050.3_PACid_19667305_98_164    37.96%    passed     36.41%
  78  AT5G65080.2_PACid_19670373_93_162    35.19%    passed     67.62%
  79  AT5G65060.2_PACid_19668929_102_153   51.85%    passed     77.72%
  80  AT5G65070.2_PACid_19666741_141_195   49.07%    passed     82.88%
  81  AT5G65070.1_PACid_19666742_110_164   49.07%    passed     82.88%
  82  AT5G65070.3_PACid_19666740_142_196   49.07%    passed     82.88%
  83  AT5G10140.4_PACid_19672041_90_154    39.81%    passed     39.00%
  84  AT1G77080.3_PACid_19652601_82_126    58.33%    passed     37.86%
  85  AT1G31150.1_PACid_19651250_574_639   38.89%    passed     73.18%
  86  AT5G65050.1_PACid_19667306_98_149    51.85%    passed     49.65%
  87  AT1G31140.2_PACid_19657777_95_158    40.74%    passed     61.96%
  88  AT1G31140.1_PACid_19657778_95_156    42.59%    passed     56.51%
  89  AT2G41445.1_PACid_19641714_37_93     47.22%    passed     46.60%
  90  AT2G41445.1_PACid_19641714_149_217   36.11%    failed      3.48%
  91  AT1G77950.1_PACid_19656697_125_198   31.48%    failed      3.55%
  92  AT1G77950.2_PACid_19656698_125_198   31.48%    failed      3.55%
  93  AT1G22130.1_PACid_19651829_125_192   37.04%    passed      9.68%
  94  AT1G77980.1_PACid_19650219_124_189   38.89%    passed     16.80%
  95  AT2G41440.1_PACid_19638798_42_120    26.85%    passed     82.58%
  96  AT2G41440.1_PACid_19638798_151_202   51.85%    failed      0.19%
  97  AT2G41440.2_PACid_19638799_33_84     51.85%    failed      0.19%
  98  AT1G69540.1_PACid_19658298_146_182   65.74%    passed     10.95%
  99  AT1G59810.1_PACid_19650751_99_152    50.00%    passed     54.15%
 100  AT2G03060.2_PACid_19640478_88_99     88.89%    passed     50.05%
 101  AT2G03060.2_PACid_19640478_114_176   41.67%    passed     24.93%
 102  AT4G27630.1_PACid_19644925_67_96     72.22%    passed      6.14%
 103  AT4G27630.1_PACid_19644925_136_162   75.00%    passed     90.75%
 104  AT2G11620.1_PACid_19641263_210_250   62.04%    failed      0.00%
 105  AT2G11620.1_PACid_19641263_324_348   76.85%    failed      0.00%
 106  AT2G11620.1_PACid_19641263_364_388   76.85%    passed     22.49%
 107  AT2G11620.1_PACid_19641263_406_426   80.56%    passed     21.08%
 108  AT2G11620.1_PACid_19641263_442_465   77.78%    failed      2.44%
WARNING: 20 sequences contain more than 50% gaps/ambiguity
****  TOTAL                                35.77%  12 sequences failed composition chi2 test (p-value<5%; df=19)
NOTE: AT5G60910.1_PACid_19670614_85_172 is identical to AT5G60910.2_PACid_19670615_23_110 but kept for subsequent analysis
NOTE: AT3G58780.1_PACid_19662659_100_186 is identical to AT3G58780.2_PACid_19662660_93_179 but kept for subsequent analysis
NOTE: AT4G18960.2_PACid_19647338_88_173 is identical to AT4G18960.1_PACid_19647337_102_187 but kept for subsequent analysis
NOTE: AT5G15800.2_PACid_19670122_84_172 is identical to AT5G15800.1_PACid_19670123_84_172 but kept for subsequent analysis
NOTE: AT4G09960.3_PACid_19648307_112_197 is identical to AT4G09960.1_PACid_19648309_86_171 but kept for subsequent analysis
NOTE: AT1G24260.1_PACid_19651404_92_174 is identical to AT1G24260.2_PACid_19651403_93_175 but kept for subsequent analysis
NOTE: AT3G57230.2_PACid_19665061_164_183 is identical to AT3G57230.1_PACid_19665060_165_184 but kept for subsequent analysis
NOTE: AT2G03710.1_PACid_19640308_85_173 is identical to AT2G03710.2_PACid_19640309_85_173 but kept for subsequent analysis
NOTE: AT5G62165.2_PACid_19672596_84_170 is identical to AT5G62165.1_PACid_19672595_84_170 but kept for subsequent analysis
NOTE: AT3G57390.1_PACid_19659472_95_179 is identical to AT3G57390.2_PACid_19659473_34_118 but kept for subsequent analysis
NOTE: AT2G22540.1_PACid_19641563_92_170 is identical to AT2G22540.2_PACid_19641564_87_165 but kept for subsequent analysis
NOTE: AT5G65050.3_PACid_19667305_98_164 is identical to AT5G65050.2_PACid_19667307_98_164 but kept for subsequent analysis
NOTE: AT5G65080.2_PACid_19670373_93_162 is identical to AT5G65080.1_PACid_19670372_101_170 but kept for subsequent analysis
NOTE: AT5G65070.1_PACid_19666742_110_164 is identical to AT5G65070.2_PACid_19666741_141_195 but kept for subsequent analysis
NOTE: AT1G77950.2_PACid_19656698_125_198 is identical to AT1G77950.1_PACid_19656697_125_198 but kept for subsequent analysis
NOTE: AT2G41440.2_PACid_19638799_33_84 is identical to AT2G41440.1_PACid_19638798_151_202 but kept for subsequent analysis
NOTE: 3 identical sequences (see below) will be ignored for subsequent analysis
NOTE: AT3G58780.3_PACid_19662658_125_211 (identical to AT3G58780.2_PACid_19662660_93_179) is ignored but added at the end
NOTE: AT5G62165.3_PACid_19672597_84_170 (identical to AT5G62165.1_PACid_19672595_84_170) is ignored but added at the end
NOTE: AT5G65070.3_PACid_19666740_142_196 (identical to AT5G65070.2_PACid_19666741_141_195) is ignored but added at the end

For your convenience alignment with unique sequences printed to /Users/bushrakhan/Desktop/NIPGR-data/MADS-box-Evolutionary-gene-detection/Workflow_Step-by-Step/TASK_1/uploads/Rice_Kbox_Domain_ML.uniqueseq.phy

Create initial parsimony tree by phylogenetic likelihood library (PLL)... 0.015 seconds
Generating 1000 samples for ultrafast bootstrap (seed: 196052)...
ERROR: File not found AUTO

******************************************************
CHECKPOINT: Resuming analysis from /Users/bushrakhan/Desktop/NIPGR-data/MADS-box-Evolutionary-gene-detection/Workflow_Step-by-Step/TASK_1/uploads/Rice_Kbox_Domain_ML.ckp.gz

IQ-TREE multicore version 1.6.12 for Mac OS X 64-bit built Aug 15 2019
Developed by Bui Quang Minh, Nguyen Lam Tung, Olga Chernomor,
Heiko Schmidt, Dominik Schrempf, Michael Woodhams.

Host:    Bushras-MacBook-Air.local (SSE4.2, 16 GB RAM)
Command: /Users/bushrakhan/Desktop/NIPGR-data/MADS-box-Evolutionary-gene-detection/bin/iqtree -s /Users/bushrakhan/Desktop/NIPGR-data/MADS-box-Evolutionary-gene-detection/Workflow_Step-by-Step/TASK_1/uploads/Combined_Kbox_Rice_AT_Aligned.fa -m TEST -bb 1000 -nt 2 -pre /Users/bushrakhan/Desktop/NIPGR-data/MADS-box-Evolutionary-gene-detection/Workflow_Step-by-Step/TASK_1/uploads/Rice_Kbox_Domain_ML
Seed:    774740 (Using SPRNG - Scalable Parallel Random Number Generator)
Time:    Fri Apr  3 11:12:03 2026
Kernel:  SSE2 - 2 threads (10 CPU cores detected)

WARNING: Command-line argument `TEST` differs from checkpoint `AUTO`
WARNING: Command-line differs from checkpoint!
Reading alignment file /Users/bushrakhan/Desktop/NIPGR-data/MADS-box-Evolutionary-gene-detection/Workflow_Step-by-Step/TASK_1/uploads/Combined_Kbox_Rice_AT_Aligned.fa ... Fasta format detected
Alignment most likely contains protein sequences
Alignment has 108 sequences with 108 columns, 107 distinct patterns
90 parsimony-informative, 9 singleton sites, 9 constant sites
WARNING: Some sequence names are changed as follows:
AT1G69120.1|PACid:19653480_85_172 -> AT1G69120.1_PACid_19653480_85_172
AT1G26310.1|PACid:19650942_85_174 -> AT1G26310.1_PACid_19650942_85_174
AT5G60910.2|PACid:19670615_23_110 -> AT5G60910.2_PACid_19670615_23_110
AT5G60910.1|PACid:19670614_85_172 -> AT5G60910.1_PACid_19670614_85_172
AT2G45650.1|PACid:19638787_83_170 -> AT2G45650.1_PACid_19638787_83_170
AT3G58780.2|PACid:19662660_93_179 -> AT3G58780.2_PACid_19662660_93_179
AT3G58780.1|PACid:19662659_100_186 -> AT3G58780.1_PACid_19662659_100_186
AT3G58780.3|PACid:19662658_125_211 -> AT3G58780.3_PACid_19662658_125_211
AT4G18960.1|PACid:19647337_102_187 -> AT4G18960.1_PACid_19647337_102_187
AT4G18960.2|PACid:19647338_88_173 -> AT4G18960.2_PACid_19647338_88_173
AT2G45660.1|PACid:19641052_83_171 -> AT2G45660.1_PACid_19641052_83_171
AT2G42830.1|PACid:19643528_100_186 -> AT2G42830.1_PACid_19643528_100_186
AT5G15800.1|PACid:19670123_84_172 -> AT5G15800.1_PACid_19670123_84_172
AT5G15800.2|PACid:19670122_84_172 -> AT5G15800.2_PACid_19670122_84_172
AT4G09960.1|PACid:19648309_86_171 -> AT4G09960.1_PACid_19648309_86_171
AT4G37940.1|PACid:19644309_83_171 -> AT4G37940.1_PACid_19644309_83_171
AT4G37940.1|PACid:19644309_159_183 -> AT4G37940.1_PACid_19644309_159_183
AT4G09960.3|PACid:19648307_112_197 -> AT4G09960.3_PACid_19648307_112_197
AT1G24260.2|PACid:19651403_93_175 -> AT1G24260.2_PACid_19651403_93_175
AT3G02310.1|PACid:19661943_84_172 -> AT3G02310.1_PACid_19661943_84_172
AT2G42830.2|PACid:19643527_100_188 -> AT2G42830.2_PACid_19643527_100_188
AT1G24260.1|PACid:19651404_92_174 -> AT1G24260.1_PACid_19651404_92_174
AT4G22950.1|PACid:19647692_83_169 -> AT4G22950.1_PACid_19647692_83_169
AT3G57230.1|PACid:19665060_82_170 -> AT3G57230.1_PACid_19665060_82_170
AT3G57230.1|PACid:19665060_165_184 -> AT3G57230.1_PACid_19665060_165_184
AT3G61120.1|PACid:19662463_85_168 -> AT3G61120.1_PACid_19662463_85_168
AT2G14210.1|PACid:19638394_83_170 -> AT2G14210.1_PACid_19638394_83_170
AT2G14210.1|PACid:19638394_170_185 -> AT2G14210.1_PACid_19638394_170_185
AT2G03710.3|PACid:19640310_85_172 -> AT2G03710.3_PACid_19640310_85_172
AT2G22630.1|PACid:19642313_83_171 -> AT2G22630.1_PACid_19642313_83_171
AT2G22630.1|PACid:19642313_165_183 -> AT2G22630.1_PACid_19642313_165_183
AT2G03710.2|PACid:19640309_85_173 -> AT2G03710.2_PACid_19640309_85_173
AT2G03710.1|PACid:19640308_85_173 -> AT2G03710.1_PACid_19640308_85_173
AT4G11880.1|PACid:19643844_84_171 -> AT4G11880.1_PACid_19643844_84_171
AT4G09960.4|PACid:19648308_86_175 -> AT4G09960.4_PACid_19648308_86_175
AT3G30260.1|PACid:19662130_87_171 -> AT3G30260.1_PACid_19662130_87_171
AT5G62165.1|PACid:19672595_84_170 -> AT5G62165.1_PACid_19672595_84_170
AT5G62165.2|PACid:19672596_84_170 -> AT5G62165.2_PACid_19672596_84_170
AT5G62165.3|PACid:19672597_84_170 -> AT5G62165.3_PACid_19672597_84_170
AT1G24260.3|PACid:19651405_93_160 -> AT1G24260.3_PACid_19651405_93_160
AT5G51870.1|PACid:19672300_88_172 -> AT5G51870.1_PACid_19672300_88_172
AT5G51870.3|PACid:19672299_88_171 -> AT5G51870.3_PACid_19672299_88_171
AT5G23260.2|PACid:19667542_82_170 -> AT5G23260.2_PACid_19667542_82_170
AT5G13790.1|PACid:19669343_75_165 -> AT5G13790.1_PACid_19669343_75_165
AT5G51860.2|PACid:19671372_89_172 -> AT5G51860.2_PACid_19671372_89_172
AT1G71692.1|PACid:19653064_99_180 -> AT1G71692.1_PACid_19653064_99_180
AT5G51860.1|PACid:19671371_89_171 -> AT5G51860.1_PACid_19671371_89_171
AT4G09960.2|PACid:19648310_86_165 -> AT4G09960.2_PACid_19648310_86_165
AT5G62165.5|PACid:19672599_43_117 -> AT5G62165.5_PACid_19672599_43_117
AT4G24540.1|PACid:19648389_91_172 -> AT4G24540.1_PACid_19648389_91_172
AT3G57390.2|PACid:19659473_34_118 -> AT3G57390.2_PACid_19659473_34_118
AT3G57390.1|PACid:19659472_95_179 -> AT3G57390.1_PACid_19659472_95_179
AT2G22540.2|PACid:19641564_87_165 -> AT2G22540.2_PACid_19641564_87_165
AT2G22540.1|PACid:19641563_92_170 -> AT2G22540.1_PACid_19641563_92_170
AT2G22540.1|PACid:19641563_166_184 -> AT2G22540.1_PACid_19641563_166_184
AT3G54340.1|PACid:19659884_81_168 -> AT3G54340.1_PACid_19659884_81_168
AT5G20240.1|PACid:19673101_81_164 -> AT5G20240.1_PACid_19673101_81_164
AT3G57230.2|PACid:19665061_106_169 -> AT3G57230.2_PACid_19665061_106_169
AT3G57230.2|PACid:19665061_164_183 -> AT3G57230.2_PACid_19665061_164_183
AT5G51870.2|PACid:19672301_88_148 -> AT5G51870.2_PACid_19672301_88_148
AT5G23260.1|PACid:19667543_82_165 -> AT5G23260.1_PACid_19667543_82_165
AT5G62165.4|PACid:19672598_84_157 -> AT5G62165.4_PACid_19672598_84_157
AT5G23260.3|PACid:19667544_82_152 -> AT5G23260.3_PACid_19667544_82_152
AT5G10140.2|PACid:19672042_89_164 -> AT5G10140.2_PACid_19672042_89_164
AT5G10140.1|PACid:19672039_89_164 -> AT5G10140.1_PACid_19672039_89_164
AT5G10140.3|PACid:19672040_89_164 -> AT5G10140.3_PACid_19672040_89_164
AT2G41470.1|PACid:19641817_21_83 -> AT2G41470.1_PACid_19641817_21_83
AT2G41470.1|PACid:19641817_120_196 -> AT2G41470.1_PACid_19641817_120_196
AT2G41470.1|PACid:19641817_249_309 -> AT2G41470.1_PACid_19641817_249_309
AT2G41470.1|PACid:19641817_355_410 -> AT2G41470.1_PACid_19641817_355_410
AT1G77080.2|PACid:19652599_93_160 -> AT1G77080.2_PACid_19652599_93_160
AT1G77080.5|PACid:19652600_96_164 -> AT1G77080.5_PACid_19652600_96_164
AT5G65060.1|PACid:19668928_96_164 -> AT5G65060.1_PACid_19668928_96_164
AT1G77080.4|PACid:19652598_96_164 -> AT1G77080.4_PACid_19652598_96_164
AT5G65050.2|PACid:19667307_98_164 -> AT5G65050.2_PACid_19667307_98_164
AT5G65080.1|PACid:19670372_101_170 -> AT5G65080.1_PACid_19670372_101_170
AT5G65050.3|PACid:19667305_98_164 -> AT5G65050.3_PACid_19667305_98_164
AT5G65080.2|PACid:19670373_93_162 -> AT5G65080.2_PACid_19670373_93_162
AT5G65060.2|PACid:19668929_102_153 -> AT5G65060.2_PACid_19668929_102_153
AT5G65070.2|PACid:19666741_141_195 -> AT5G65070.2_PACid_19666741_141_195
AT5G65070.1|PACid:19666742_110_164 -> AT5G65070.1_PACid_19666742_110_164
AT5G65070.3|PACid:19666740_142_196 -> AT5G65070.3_PACid_19666740_142_196
AT5G10140.4|PACid:19672041_90_154 -> AT5G10140.4_PACid_19672041_90_154
AT1G77080.3|PACid:19652601_82_126 -> AT1G77080.3_PACid_19652601_82_126
AT1G31150.1|PACid:19651250_574_639 -> AT1G31150.1_PACid_19651250_574_639
AT5G65050.1|PACid:19667306_98_149 -> AT5G65050.1_PACid_19667306_98_149
AT1G31140.2|PACid:19657777_95_158 -> AT1G31140.2_PACid_19657777_95_158
AT1G31140.1|PACid:19657778_95_156 -> AT1G31140.1_PACid_19657778_95_156
AT2G41445.1|PACid:19641714_37_93 -> AT2G41445.1_PACid_19641714_37_93
AT2G41445.1|PACid:19641714_149_217 -> AT2G41445.1_PACid_19641714_149_217
AT1G77950.1|PACid:19656697_125_198 -> AT1G77950.1_PACid_19656697_125_198
AT1G77950.2|PACid:19656698_125_198 -> AT1G77950.2_PACid_19656698_125_198
AT1G22130.1|PACid:19651829_125_192 -> AT1G22130.1_PACid_19651829_125_192
AT1G77980.1|PACid:19650219_124_189 -> AT1G77980.1_PACid_19650219_124_189
AT2G41440.1|PACid:19638798_42_120 -> AT2G41440.1_PACid_19638798_42_120
AT2G41440.1|PACid:19638798_151_202 -> AT2G41440.1_PACid_19638798_151_202
AT2G41440.2|PACid:19638799_33_84 -> AT2G41440.2_PACid_19638799_33_84
AT1G69540.1|PACid:19658298_146_182 -> AT1G69540.1_PACid_19658298_146_182
AT1G59810.1|PACid:19650751_99_152 -> AT1G59810.1_PACid_19650751_99_152
AT2G03060.2|PACid:19640478_88_99 -> AT2G03060.2_PACid_19640478_88_99
AT2G03060.2|PACid:19640478_114_176 -> AT2G03060.2_PACid_19640478_114_176
AT4G27630.1|PACid:19644925_67_96 -> AT4G27630.1_PACid_19644925_67_96
AT4G27630.1|PACid:19644925_136_162 -> AT4G27630.1_PACid_19644925_136_162
AT2G11620.1|PACid:19641263_210_250 -> AT2G11620.1_PACid_19641263_210_250
AT2G11620.1|PACid:19641263_324_348 -> AT2G11620.1_PACid_19641263_324_348
AT2G11620.1|PACid:19641263_364_388 -> AT2G11620.1_PACid_19641263_364_388
AT2G11620.1|PACid:19641263_406_426 -> AT2G11620.1_PACid_19641263_406_426
AT2G11620.1|PACid:19641263_442_465 -> AT2G11620.1_PACid_19641263_442_465

                                    Gap/Ambiguity  Composition  p-value
   1  AT1G69120.1_PACid_19653480_85_172    18.52%    passed     79.14%
   2  AT1G26310.1_PACid_19650942_85_174    16.67%    passed     80.52%
   3  AT5G60910.2_PACid_19670615_23_110    18.52%    passed     25.42%
   4  AT5G60910.1_PACid_19670614_85_172    18.52%    passed     25.42%
   5  AT2G45650.1_PACid_19638787_83_170    18.52%    passed     51.95%
   6  AT3G58780.2_PACid_19662660_93_179    19.44%    passed     63.24%
   7  AT3G58780.1_PACid_19662659_100_186   19.44%    passed     63.24%
   8  AT3G58780.3_PACid_19662658_125_211   19.44%    passed     63.24%
   9  AT4G18960.1_PACid_19647337_102_187   20.37%    passed     43.04%
  10  AT4G18960.2_PACid_19647338_88_173    20.37%    passed     43.04%
  11  AT2G45660.1_PACid_19641052_83_171    17.59%    passed      9.38%
  12  AT2G42830.1_PACid_19643528_100_186   19.44%    passed     75.23%
  13  AT5G15800.1_PACid_19670123_84_172    17.59%    passed     43.88%
  14  AT5G15800.2_PACid_19670122_84_172    17.59%    passed     43.88%
  15  AT4G09960.1_PACid_19648309_86_171    20.37%    passed     70.31%
  16  AT4G37940.1_PACid_19644309_83_171    17.59%    passed     71.08%
  17  AT4G37940.1_PACid_19644309_159_183   76.85%    passed     93.45%
  18  AT4G09960.3_PACid_19648307_112_197   20.37%    passed     70.31%
  19  AT1G24260.2_PACid_19651403_93_175    23.15%    passed     32.80%
  20  AT3G02310.1_PACid_19661943_84_172    17.59%    passed     44.75%
  21  AT2G42830.2_PACid_19643527_100_188   17.59%    passed     80.66%
  22  AT1G24260.1_PACid_19651404_92_174    23.15%    passed     32.80%
  23  AT4G22950.1_PACid_19647692_83_169    19.44%    passed     78.05%
  24  AT3G57230.1_PACid_19665060_82_170    17.59%    passed     72.09%
  25  AT3G57230.1_PACid_19665060_165_184   81.48%    passed     16.93%
  26  AT3G61120.1_PACid_19662463_85_168    22.22%    passed     70.04%
  27  AT2G14210.1_PACid_19638394_83_170    18.52%    passed     90.60%
  28  AT2G14210.1_PACid_19638394_170_185   85.19%    passed     38.66%
  29  AT2G03710.3_PACid_19640310_85_172    18.52%    passed     81.46%
  30  AT2G22630.1_PACid_19642313_83_171    17.59%    passed     88.21%
  31  AT2G22630.1_PACid_19642313_165_183   82.41%    passed     97.05%
  32  AT2G03710.2_PACid_19640309_85_173    17.59%    passed     81.15%
  33  AT2G03710.1_PACid_19640308_85_173    17.59%    passed     81.15%
  34  AT4G11880.1_PACid_19643844_84_171    18.52%    passed     93.11%
  35  AT4G09960.4_PACid_19648308_86_175    16.67%    passed     65.77%
  36  AT3G30260.1_PACid_19662130_87_171    21.30%    passed     66.11%
  37  AT5G62165.1_PACid_19672595_84_170    19.44%    passed     34.83%
  38  AT5G62165.2_PACid_19672596_84_170    19.44%    passed     34.83%
  39  AT5G62165.3_PACid_19672597_84_170    19.44%    passed     34.83%
  40  AT1G24260.3_PACid_19651405_93_160    37.04%    passed     56.21%
  41  AT5G51870.1_PACid_19672300_88_172    21.30%    passed     91.94%
  42  AT5G51870.3_PACid_19672299_88_171    22.22%    passed     93.20%
  43  AT5G23260.2_PACid_19667542_82_170    17.59%    failed      0.64%
  44  AT5G13790.1_PACid_19669343_75_165    15.74%    passed     97.31%
  45  AT5G51860.2_PACid_19671372_89_172    22.22%    passed     47.19%
  46  AT1G71692.1_PACid_19653064_99_180    24.07%    passed     24.70%
  47  AT5G51860.1_PACid_19671371_89_171    23.15%    passed     60.70%
  48  AT4G09960.2_PACid_19648310_86_165    25.93%    passed     36.75%
  49  AT5G62165.5_PACid_19672599_43_117    30.56%    passed     40.57%
  50  AT4G24540.1_PACid_19648389_91_172    24.07%    passed     13.95%
  51  AT3G57390.2_PACid_19659473_34_118    21.30%    passed     99.69%
  52  AT3G57390.1_PACid_19659472_95_179    21.30%    passed     99.69%
  53  AT2G22540.2_PACid_19641564_87_165    26.85%    passed     80.52%
  54  AT2G22540.1_PACid_19641563_92_170    26.85%    passed     80.52%
  55  AT2G22540.1_PACid_19641563_166_184   82.41%    passed     37.43%
  56  AT3G54340.1_PACid_19659884_81_168    18.52%    passed     34.07%
  57  AT5G20240.1_PACid_19673101_81_164    22.22%    passed     77.10%
  58  AT3G57230.2_PACid_19665061_106_169   40.74%    passed     73.40%
  59  AT3G57230.2_PACid_19665061_164_183   81.48%    passed     16.93%
  60  AT5G51870.2_PACid_19672301_88_148    43.52%    passed     63.83%
  61  AT5G23260.1_PACid_19667543_82_165    22.22%    failed      0.48%
  62  AT5G62165.4_PACid_19672598_84_157    31.48%    passed     79.37%
  63  AT5G23260.3_PACid_19667544_82_152    34.26%    failed      0.11%
  64  AT5G10140.2_PACid_19672042_89_164    29.63%    passed     52.51%
  65  AT5G10140.1_PACid_19672039_89_164    29.63%    passed     45.39%
  66  AT5G10140.3_PACid_19672040_89_164    29.63%    passed     26.71%
  67  AT2G41470.1_PACid_19641817_21_83     41.67%    passed     40.35%
  68  AT2G41470.1_PACid_19641817_120_196   28.70%    passed     25.52%
  69  AT2G41470.1_PACid_19641817_249_309   43.52%    passed     82.00%
  70  AT2G41470.1_PACid_19641817_355_410   48.15%    failed      0.01%
  71  AT1G77080.2_PACid_19652599_93_160    37.04%    passed     68.13%
  72  AT1G77080.5_PACid_19652600_96_164    36.11%    passed     68.45%
  73  AT5G65060.1_PACid_19668928_96_164    36.11%    passed     55.03%
  74  AT1G77080.4_PACid_19652598_96_164    36.11%    passed     69.04%
  75  AT5G65050.2_PACid_19667307_98_164    37.96%    passed     36.41%
  76  AT5G65080.1_PACid_19670372_101_170   35.19%    passed     67.62%
  77  AT5G65050.3_PACid_19667305_98_164    37.96%    passed     36.41%
  78  AT5G65080.2_PACid_19670373_93_162    35.19%    passed     67.62%
  79  AT5G65060.2_PACid_19668929_102_153   51.85%    passed     77.72%
  80  AT5G65070.2_PACid_19666741_141_195   49.07%    passed     82.88%
  81  AT5G65070.1_PACid_19666742_110_164   49.07%    passed     82.88%
  82  AT5G65070.3_PACid_19666740_142_196   49.07%    passed     82.88%
  83  AT5G10140.4_PACid_19672041_90_154    39.81%    passed     39.00%
  84  AT1G77080.3_PACid_19652601_82_126    58.33%    passed     37.86%
  85  AT1G31150.1_PACid_19651250_574_639   38.89%    passed     73.18%
  86  AT5G65050.1_PACid_19667306_98_149    51.85%    passed     49.65%
  87  AT1G31140.2_PACid_19657777_95_158    40.74%    passed     61.96%
  88  AT1G31140.1_PACid_19657778_95_156    42.59%    passed     56.51%
  89  AT2G41445.1_PACid_19641714_37_93     47.22%    passed     46.60%
  90  AT2G41445.1_PACid_19641714_149_217   36.11%    failed      3.48%
  91  AT1G77950.1_PACid_19656697_125_198   31.48%    failed      3.55%
  92  AT1G77950.2_PACid_19656698_125_198   31.48%    failed      3.55%
  93  AT1G22130.1_PACid_19651829_125_192   37.04%    passed      9.68%
  94  AT1G77980.1_PACid_19650219_124_189   38.89%    passed     16.80%
  95  AT2G41440.1_PACid_19638798_42_120    26.85%    passed     82.58%
  96  AT2G41440.1_PACid_19638798_151_202   51.85%    failed      0.19%
  97  AT2G41440.2_PACid_19638799_33_84     51.85%    failed      0.19%
  98  AT1G69540.1_PACid_19658298_146_182   65.74%    passed     10.95%
  99  AT1G59810.1_PACid_19650751_99_152    50.00%    passed     54.15%
 100  AT2G03060.2_PACid_19640478_88_99     88.89%    passed     50.05%
 101  AT2G03060.2_PACid_19640478_114_176   41.67%    passed     24.93%
 102  AT4G27630.1_PACid_19644925_67_96     72.22%    passed      6.14%
 103  AT4G27630.1_PACid_19644925_136_162   75.00%    passed     90.75%
 104  AT2G11620.1_PACid_19641263_210_250   62.04%    failed      0.00%
 105  AT2G11620.1_PACid_19641263_324_348   76.85%    failed      0.00%
 106  AT2G11620.1_PACid_19641263_364_388   76.85%    passed     22.49%
 107  AT2G11620.1_PACid_19641263_406_426   80.56%    passed     21.08%
 108  AT2G11620.1_PACid_19641263_442_465   77.78%    failed      2.44%
WARNING: 20 sequences contain more than 50% gaps/ambiguity
****  TOTAL                                35.77%  12 sequences failed composition chi2 test (p-value<5%; df=19)
NOTE: AT5G60910.1_PACid_19670614_85_172 is identical to AT5G60910.2_PACid_19670615_23_110 but kept for subsequent analysis
NOTE: AT3G58780.1_PACid_19662659_100_186 is identical to AT3G58780.2_PACid_19662660_93_179 but kept for subsequent analysis
NOTE: AT4G18960.2_PACid_19647338_88_173 is identical to AT4G18960.1_PACid_19647337_102_187 but kept for subsequent analysis
NOTE: AT5G15800.2_PACid_19670122_84_172 is identical to AT5G15800.1_PACid_19670123_84_172 but kept for subsequent analysis
NOTE: AT4G09960.3_PACid_19648307_112_197 is identical to AT4G09960.1_PACid_19648309_86_171 but kept for subsequent analysis
NOTE: AT1G24260.1_PACid_19651404_92_174 is identical to AT1G24260.2_PACid_19651403_93_175 but kept for subsequent analysis
NOTE: AT3G57230.2_PACid_19665061_164_183 is identical to AT3G57230.1_PACid_19665060_165_184 but kept for subsequent analysis
NOTE: AT2G03710.1_PACid_19640308_85_173 is identical to AT2G03710.2_PACid_19640309_85_173 but kept for subsequent analysis
NOTE: AT5G62165.2_PACid_19672596_84_170 is identical to AT5G62165.1_PACid_19672595_84_170 but kept for subsequent analysis
NOTE: AT3G57390.1_PACid_19659472_95_179 is identical to AT3G57390.2_PACid_19659473_34_118 but kept for subsequent analysis
NOTE: AT2G22540.1_PACid_19641563_92_170 is identical to AT2G22540.2_PACid_19641564_87_165 but kept for subsequent analysis
NOTE: AT5G65050.3_PACid_19667305_98_164 is identical to AT5G65050.2_PACid_19667307_98_164 but kept for subsequent analysis
NOTE: AT5G65080.2_PACid_19670373_93_162 is identical to AT5G65080.1_PACid_19670372_101_170 but kept for subsequent analysis
NOTE: AT5G65070.1_PACid_19666742_110_164 is identical to AT5G65070.2_PACid_19666741_141_195 but kept for subsequent analysis
NOTE: AT1G77950.2_PACid_19656698_125_198 is identical to AT1G77950.1_PACid_19656697_125_198 but kept for subsequent analysis
NOTE: AT2G41440.2_PACid_19638799_33_84 is identical to AT2G41440.1_PACid_19638798_151_202 but kept for subsequent analysis
NOTE: 3 identical sequences (see below) will be ignored for subsequent analysis
NOTE: AT3G58780.3_PACid_19662658_125_211 (identical to AT3G58780.2_PACid_19662660_93_179) is ignored but added at the end
NOTE: AT5G62165.3_PACid_19672597_84_170 (identical to AT5G62165.1_PACid_19672595_84_170) is ignored but added at the end
NOTE: AT5G65070.3_PACid_19666740_142_196 (identical to AT5G65070.2_PACid_19666741_141_195) is ignored but added at the end

For your convenience alignment with unique sequences printed to /Users/bushrakhan/Desktop/NIPGR-data/MADS-box-Evolutionary-gene-detection/Workflow_Step-by-Step/TASK_1/uploads/Rice_Kbox_Domain_ML.uniqueseq.phy


Create initial parsimony tree by phylogenetic likelihood library (PLL)... 0.011 seconds
NOTE: ModelFinder requires 8 MB RAM!
ModelFinder will test 168 protein models (sample size: 108) ...
 No. Model         -LnL         df  AIC          AICc         BIC
  1  Dayhoff       7941.790     207 16297.581    102409.581   16852.782
  2  Dayhoff+I     7941.785     208 16299.571    103243.571   16857.454
  3  Dayhoff+G4    7844.851     208 16105.702    103049.702   16663.586
  4  Dayhoff+I+G4  7844.857     209 16107.714    103887.714   16668.279
  5  Dayhoff+F     7896.770     226 16245.540    118849.540   16851.702
  6  Dayhoff+F+I   7896.677     227 16247.354    119759.354   16856.198
  7  Dayhoff+F+G4  7798.083     227 16050.166    119562.166   16659.010
  8  Dayhoff+F+I+G4 7798.083     228 16052.166    120476.166   16663.692
  9  mtMAM         8431.982     207 17277.963    103389.963   17833.164
 10  mtMAM+I       8431.958     208 17279.916    104223.916   17837.799
 11  mtMAM+G4      8204.756     208 16825.513    103769.513   17383.396
 12  mtMAM+I+G4    8204.761     209 16827.522    104607.522   17388.088
 13  mtMAM+F       8050.861     226 16553.723    119157.723   17159.884
 14  mtMAM+F+I     8050.762     227 16555.524    120067.524   17164.368
 15  mtMAM+F+G4    7926.561     227 16307.122    119819.122   16915.965
 16  mtMAM+F+I+G4  7926.556     228 16309.112    120733.112   16920.638
 17  JTT           7842.916     207 16099.832    102211.832   16655.033
 18  JTT+I         7842.906     208 16101.812    103045.812   16659.695
 19  JTT+G4        7757.808     208 15931.616    102875.616   16489.499
 20  JTT+I+G4      7757.808     209 15933.615    103713.615   16494.181
 21  JTT+F         7800.017     226 16052.034    118656.034   16658.196
 22  JTT+F+I       7799.985     227 16053.971    119565.971   16662.815
 23  JTT+F+G4      7712.401     227 15878.802    119390.802   16487.646
 24  JTT+F+I+G4    7712.380     228 15880.760    120304.760   16492.286
 25  WAG           7857.770     207 16129.539    102241.539   16684.740
 26  WAG+I         7857.759     208 16131.517    103075.517   16689.400
 27  WAG+G4        7773.363     208 15962.725    102906.725   16520.608
 28  WAG+I+G4      7773.360     209 15964.720    103744.720   16525.286
 29  WAG+F         7900.833     226 16253.666    118857.666   16859.828
 30  WAG+F+I       7900.825     227 16255.649    119767.649   16864.493
 31  WAG+F+G4      7799.378     227 16052.756    119564.756   16661.600
 32  WAG+F+I+G4    7799.374     228 16054.747    120478.747   16666.273
 33  cpREV         7939.038     207 16292.075    102404.075   16847.276
 34  cpREV+I       7939.028     208 16294.056    103238.056   16851.939
 35  cpREV+G4      7841.872     208 16099.744    103043.744   16657.628
 36  cpREV+I+G4    7841.872     209 16101.744    103881.744   16662.310
 37  cpREV+F       8049.986     226 16551.972    119155.972   17158.134
 38  cpREV+F+I     8049.973     227 16553.946    120065.946   17162.789
 39  cpREV+F+G4    7914.668     227 16283.336    119795.336   16892.179
 40  cpREV+F+I+G4  7914.630     228 16285.260    120709.260   16896.786
 41  mtREV         8253.156     207 16920.313    103032.313   17475.514
 42  mtREV+I       8253.135     208 16922.270    103866.270   17480.154
 43  mtREV+G4      8103.072     208 16622.145    103566.145   17180.028
 44  mtREV+I+G4    8103.055     209 16624.110    104404.110   17184.675
 45  mtREV+F       7961.795     226 16375.590    118979.590   16981.752
 46  mtREV+F+I     7961.778     227 16377.557    119889.557   16986.401
 47  mtREV+F+G4    7856.908     227 16167.815    119679.815   16776.659
 48  mtREV+F+I+G4  7856.905     228 16169.810    120593.810   16781.336
 49  rtREV         7874.468     207 16162.937    102274.937   16718.138
 50  rtREV+I       7874.416     208 16164.832    103108.832   16722.715
 51  rtREV+G4      7789.124     208 15994.247    102938.247   16552.130
 52  rtREV+I+G4    7789.121     209 15996.243    103776.243   16556.808
 53  rtREV+F       7864.762     226 16181.524    118785.524   16787.686
 54  rtREV+F+I     7864.739     227 16183.478    119695.478   16792.322
 55  rtREV+F+G4    7773.513     227 16001.026    119513.026   16609.870
 56  rtREV+F+I+G4  7773.486     228 16002.972    120426.972   16614.498
 57  mtART         8461.355     207 17336.709    103448.709   17891.910
 58  mtART+I       8461.348     208 17338.696    104282.696   17896.579
 59  mtART+G4      8221.965     208 16859.929    103803.929   17417.813
 60  mtART+I+G4    8221.928     209 16861.855    104641.855   17422.421
 61  mtART+F       8020.212     226 16492.424    119096.424   17098.586
 62  mtART+F+I     8020.208     227 16494.417    120006.417   17103.261
 63  mtART+F+G4    7886.828     227 16227.655    119739.655   16836.499
 64  mtART+F+I+G4  7886.806     228 16229.612    120653.612   16841.138
 65  mtZOA         8234.704     207 16883.407    102995.407   17438.608
 66  mtZOA+I       8234.693     208 16885.385    103829.385   17443.268
 67  mtZOA+G4      8048.867     208 16513.733    103457.733   17071.616
 68  mtZOA+I+G4    8048.854     209 16515.708    104295.708   17076.273
 69  mtZOA+F       7947.282     226 16346.563    118950.563   16952.725
 70  mtZOA+F+I     7947.273     227 16348.546    119860.546   16957.389
 71  mtZOA+F+G4    7832.588     227 16119.176    119631.176   16728.020
 72  mtZOA+F+I+G4  7832.586     228 16121.172    120545.172   16732.698
 73  VT            7852.530     207 16119.059    102231.059   16674.261
 74  VT+I          7852.512     208 16121.024    103065.024   16678.907
 75  VT+G4         7774.873     208 15965.746    102909.746   16523.630
 76  VT+I+G4       7774.872     209 15967.743    103747.743   16528.309
 77  VT+F          7856.535     226 16165.069    118769.069   16771.231
 78  VT+F+I        7856.513     227 16167.026    119679.026   16775.869
 79  VT+F+G4       7773.714     227 16001.429    119513.429   16610.273
 80  VT+F+I+G4     7773.712     228 16003.425    120427.425   16614.951
 81  LG            7825.017     207 16064.034    102176.034   16619.235
 82  LG+I          7825.000     208 16066.000    103010.000   16623.884
 83  LG+G4         7732.116     208 15880.231    102824.231   16438.115
 84  LG+I+G4       7732.113     209 15882.225    103662.225   16442.791
 85  LG+F          7857.535     226 16167.070    118771.070   16773.232
 86  LG+F+I        7857.506     227 16169.012    119681.012   16777.856
 87  LG+F+G4       7760.866     227 15975.731    119487.731   16584.575
 88  LG+F+I+G4     7760.834     228 15977.668    120401.668   16589.194
 89  DCMut         7941.436     207 16296.871    102408.871   16852.072
 90  DCMut+I       7941.419     208 16298.837    103242.837   16856.721
 91  DCMut+G4      7844.753     208 16105.505    103049.505   16663.389
 92  DCMut+I+G4    7844.748     209 16107.497    103887.497   16668.062
 93  DCMut+F       7896.376     226 16244.751    118848.751   16850.913
 94  DCMut+F+I     7896.289     227 16246.578    119758.578   16855.422
 95  DCMut+F+G4    7797.889     227 16049.779    119561.779   16658.622
 96  DCMut+F+I+G4  7797.889     228 16051.778    120475.778   16663.304
 97  PMB           7940.300     207 16294.599    102406.599   16849.800
 98  PMB+I         7940.297     208 16296.595    103240.595   16854.478
 99  PMB+G4        7857.428     208 16130.855    103074.855   16688.739
100  PMB+I+G4      7857.424     209 16132.847    103912.847   16693.413
101  PMB+F         7956.915     226 16365.829    118969.829   16971.991
102  PMB+F+I       7956.911     227 16367.823    119879.823   16976.666
103  PMB+F+G4      7868.331     227 16190.662    119702.662   16799.506
104  PMB+F+I+G4    7868.328     228 16192.655    120616.655   16804.181
105  HIVb          7981.663     207 16377.325    102489.325   16932.527
106  HIVb+I        7981.637     208 16379.274    103323.274   16937.158
107  HIVb+G4       7875.854     208 16167.708    103111.708   16725.591
108  HIVb+I+G4     7875.852     209 16169.704    103949.704   16730.269
109  HIVb+F        7919.758     226 16291.517    118895.517   16897.678
110  HIVb+F+I      7919.471     227 16292.942    119804.942   16901.786
111  HIVb+F+G4     7807.368     227 16068.736    119580.736   16677.579
112  HIVb+F+I+G4   7807.337     228 16070.674    120494.674   16682.199
113  HIVw          8336.739     207 17087.477    103199.477   17642.678
114  HIVw+I        8336.698     208 17089.397    104033.397   17647.280
115  HIVw+G4       8210.395     208 16836.791    103780.791   17394.674
116  HIVw+I+G4     8210.392     209 16838.784    104618.784   17399.350
117  HIVw+F        8142.241     226 16736.482    119340.482   17342.644
118  HIVw+F+I      8142.220     227 16738.440    120250.440   17347.284
119  HIVw+F+G4     7999.789     227 16453.578    119965.578   17062.422
120  HIVw+F+I+G4   7999.756     228 16455.511    120879.511   17067.037
121  JTTDCMut      7843.908     207 16101.816    102213.816   16657.017
122  JTTDCMut+I    7843.899     208 16103.798    103047.798   16661.681
123  JTTDCMut+G4   7758.920     208 15933.839    102877.839   16491.722
124  JTTDCMut+I+G4 7758.920     209 15935.839    103715.839   16496.405
125  JTTDCMut+F    7803.598     226 16059.196    118663.196   16665.358
126  JTTDCMut+F+I  7803.563     227 16061.126    119573.126   16669.970
127  JTTDCMut+F+G4 7715.902     227 15885.804    119397.804   16494.648
128  JTTDCMut+F+I+G4 7715.881     228 15887.762    120311.762   16499.288
129  FLU           8034.596     207 16483.191    102595.191   17038.392
130  FLU+I         8034.570     208 16485.139    103429.139   17043.023
131  FLU+G4        7922.721     208 16261.442    103205.442   16819.326
132  FLU+I+G4      7922.705     209 16263.411    104043.411   16823.976
133  FLU+F         8011.372     226 16474.744    119078.744   17080.906
134  FLU+F+I       8011.315     227 16476.630    119988.630   17085.474
135  FLU+F+G4      7881.592     227 16217.183    119729.183   16826.027
136  FLU+F+I+G4    7881.590     228 16219.179    120643.179   16830.705
137  Blosum62      7923.893     207 16261.787    102373.787   16816.988
138  Blosum62+I    7923.876     208 16263.751    103207.751   16821.634
139  Blosum62+G4   7841.299     208 16098.598    103042.598   16656.481
140  Blosum62+I+G4 7841.299     209 16100.598    103880.598   16661.163
141  Blosum62+F    7977.777     226 16407.554    119011.554   17013.716
142  Blosum62+F+I  7977.772     227 16409.545    119921.545   17018.389
143  Blosum62+F+G4 7884.789     227 16223.578    119735.578   16832.422
144  Blosum62+F+I+G4 7884.781     228 16225.562    120649.562   16837.088
145  mtMet         8263.791     207 16941.581    103053.581   17496.782
146  mtMet+I       8263.777     208 16943.554    103887.554   17501.437
147  mtMet+G4      8098.821     208 16613.642    103557.642   17171.526
148  mtMet+I+G4    8098.819     209 16615.638    104395.638   17176.204
149  mtMet+F       7885.074     226 16222.149    118826.149   16828.311
150  mtMet+F+I     7884.966     227 16223.931    119735.931   16832.775
151  mtMet+F+G4    7782.151     227 16018.302    119530.302   16627.145
152  mtMet+F+I+G4  7782.141     228 16020.283    120444.283   16631.809
153  mtVer         8293.567     207 17001.134    103113.134   17556.335
154  mtVer+I       8293.546     208 17003.092    103947.092   17560.975
155  mtVer+G4      8131.746     208 16679.492    103623.492   17237.375
156  mtVer+I+G4    8131.751     209 16681.501    104461.501   17242.067
157  mtVer+F       7981.381     226 16414.761    119018.761   17020.923
158  mtVer+F+I     7981.333     227 16416.665    119928.665   17025.509
159  mtVer+F+G4    7859.785     227 16173.570    119685.570   16782.413
160  mtVer+F+I+G4  7859.786     228 16175.571    120599.571   16787.097
161  mtInv         8325.303     207 17064.607    103176.607   17619.808
162  mtInv+I       8325.296     208 17066.592    104010.592   17624.476
163  mtInv+G4      8167.215     208 16750.430    103694.430   17308.313
164  mtInv+I+G4    8167.204     209 16752.408    104532.408   17312.973
165  mtInv+F       7871.354     226 16194.709    118798.709   16800.870
166  mtInv+F+I     7871.263     227 16196.526    119708.526   16805.370
167  mtInv+F+G4    7772.532     227 15999.063    119511.063   16607.907
168  mtInv+F+I+G4  7772.520     228 16001.041    120425.041   16612.567
Akaike Information Criterion:           JTT+F+G4
Corrected Akaike Information Criterion: LG
Bayesian Information Criterion:         LG+G4
Best-fit model: LG+G4 chosen according to BIC

All model information printed to /Users/bushrakhan/Desktop/NIPGR-data/MADS-box-Evolutionary-gene-detection/Workflow_Step-by-Step/TASK_1/uploads/Rice_Kbox_Domain_ML.model.gz
CPU time for ModelFinder: 50.272 seconds (0h:0m:50s)
Wall-clock time for ModelFinder: 26.916 seconds (0h:0m:26s)
Generating 1000 samples for ultrafast bootstrap (seed: 774740)...

NOTE: 8 MB RAM (0 GB) is required!
Estimate model parameters (epsilon = 0.100)
1. Initial log-likelihood: -8026.937
2. Current log-likelihood: -7719.157
3. Current log-likelihood: -7715.475
Optimal log-likelihood: -7715.406
Gamma shape alpha: 3.503
Parameters optimization took 3 rounds (0.369 sec)
Computing ML distances based on estimated model parameters... 3.766 sec
WARNING: Some pairwise ML distances are too long (saturated)
Computing BIONJ tree...
0.006 seconds
Log-likelihood of BIONJ tree: -7760.969
--------------------------------------------------------------------
|             INITIALIZING CANDIDATE TREE SET                      |
--------------------------------------------------------------------
Generating 98 parsimony trees... 1.332 second
Computing log-likelihood of 98 initial trees ... 4.378 seconds
Current best score: -7709.754

Do NNI search on 20 best initial trees
Estimate model parameters (epsilon = 0.100)
BETTER TREE FOUND at iteration 1: -7675.959
Estimate model parameters (epsilon = 0.100)
BETTER TREE FOUND at iteration 2: -7669.626
Iteration 10 / LogL: -7669.830 / Time: 0h:0m:17s
Iteration 20 / LogL: -7677.655 / Time: 0h:0m:27s
Finish initializing candidate tree set (20)
Current best tree score: -7669.626 / CPU time: 24.379
Number of iterations: 20
--------------------------------------------------------------------
|               OPTIMIZING CANDIDATE TREE SET                      |
--------------------------------------------------------------------
Estimate model parameters (epsilon = 0.100)
BETTER TREE FOUND at iteration 23: -7666.154
Estimate model parameters (epsilon = 0.100)
BETTER TREE FOUND at iteration 24: -7666.082
Estimate model parameters (epsilon = 0.100)
BETTER TREE FOUND at iteration 26: -7665.388
Estimate model parameters (epsilon = 0.100)
BETTER TREE FOUND at iteration 27: -7665.321
Iteration 30 / LogL: -7666.217 / Time: 0h:0m:39s (0h:2m:12s left)
Estimate model parameters (epsilon = 0.100)
BETTER TREE FOUND at iteration 34: -7663.755
Estimate model parameters (epsilon = 0.100)
BETTER TREE FOUND at iteration 39: -7663.134
Iteration 40 / LogL: -7664.585 / Time: 0h:0m:51s (0h:2m:11s left)
Estimate model parameters (epsilon = 0.100)
BETTER TREE FOUND at iteration 41: -7662.946
Estimate model parameters (epsilon = 0.100)
BETTER TREE FOUND at iteration 43: -7661.391
Estimate model parameters (epsilon = 0.100)
BETTER TREE FOUND at iteration 48: -7660.712
Iteration 50 / LogL: -7661.395 / Time: 0h:1m:2s (0h:2m:5s left)
Log-likelihood cutoff on original alignment: -7719.823
Iteration 60 / LogL: -7664.427 / Time: 0h:1m:13s (0h:1m:49s left)
BETTER TREE FOUND at iteration 69: -7660.706
Iteration 70 / LogL: -7665.259 / Time: 0h:1m:23s (0h:2m:0s left)
Iteration 80 / LogL: -7660.706 / Time: 0h:1m:33s (0h:1m:45s left)
BETTER TREE FOUND at iteration 84: -7660.706
Iteration 90 / LogL: -7661.402 / Time: 0h:1m:43s (0h:1m:49s left)
Iteration 100 / LogL: -7665.255 / Time: 0h:1m:54s (0h:1m:36s left)
Log-likelihood cutoff on original alignment: -7719.823
NOTE: Bootstrap correlation coefficient of split occurrence frequencies: 0.996
Iteration 110 / LogL: -7673.110 / Time: 0h:2m:4s (0h:1m:42s left)
BETTER TREE FOUND at iteration 116: -7660.706
Iteration 120 / LogL: -7664.495 / Time: 0h:2m:14s (0h:1m:48s left)
BETTER TREE FOUND at iteration 127: -7660.706
Iteration 130 / LogL: -7660.903 / Time: 0h:2m:25s (0h:1m:49s left)
Iteration 140 / LogL: -7660.706 / Time: 0h:2m:35s (0h:1m:37s left)
Iteration 150 / LogL: -7661.559 / Time: 0h:2m:46s (0h:1m:26s left)
Log-likelihood cutoff on original alignment: -7719.823
Iteration 160 / LogL: -7660.710 / Time: 0h:2m:58s (0h:1m:15s left)
Iteration 170 / LogL: -7665.589 / Time: 0h:3m:8s (0h:1m:3s left)
Iteration 180 / LogL: -7664.457 / Time: 0h:3m:19s (0h:0m:52s left)
Iteration 190 / LogL: -7672.503 / Time: 0h:3m:30s (0h:0m:41s left)
Iteration 200 / LogL: -7661.557 / Time: 0h:3m:40s (0h:0m:29s left)
Log-likelihood cutoff on original alignment: -7719.823
NOTE: Bootstrap correlation coefficient of split occurrence frequencies: 0.999
Iteration 210 / LogL: -7672.655 / Time: 0h:3m:52s (0h:1m:39s left)
Iteration 220 / LogL: -7660.706 / Time: 0h:4m:3s (0h:1m:28s left)
TREE SEARCH COMPLETED AFTER 228 ITERATIONS / Time: 0h:4m:11s

--------------------------------------------------------------------
|                    FINALIZING TREE SEARCH                        |
--------------------------------------------------------------------
Performs final model parameters optimization
Estimate model parameters (epsilon = 0.010)
1. Initial log-likelihood: -7660.706
Optimal log-likelihood: -7660.706
Gamma shape alpha: 3.593
Parameters optimization took 1 rounds (0.059 sec)
BEST SCORE FOUND : -7660.706
Creating bootstrap support values...
Split supports printed to NEXUS file /Users/bushrakhan/Desktop/NIPGR-data/MADS-box-Evolutionary-gene-detection/Workflow_Step-by-Step/TASK_1/uploads/Rice_Kbox_Domain_ML.splits.nex
Total tree length: 38.623

Total number of iterations: 228
CPU time used for tree search: 480.951 sec (0h:8m:0s)
Wall-clock time used for tree search: 249.192 sec (0h:4m:9s)
Total CPU time used: 486.890 sec (0h:8m:6s)
Total wall-clock time used: 252.389 sec (0h:4m:12s)

Computing bootstrap consensus tree...
Reading input file /Users/bushrakhan/Desktop/NIPGR-data/MADS-box-Evolutionary-gene-detection/Workflow_Step-by-Step/TASK_1/uploads/Rice_Kbox_Domain_ML.splits.nex...
105 taxa and 1031 splits.
Consensus tree written to /Users/bushrakhan/Desktop/NIPGR-data/MADS-box-Evolutionary-gene-detection/Workflow_Step-by-Step/TASK_1/uploads/Rice_Kbox_Domain_ML.contree
Reading input trees file /Users/bushrakhan/Desktop/NIPGR-data/MADS-box-Evolutionary-gene-detection/Workflow_Step-by-Step/TASK_1/uploads/Rice_Kbox_Domain_ML.contree
Log-likelihood of consensus tree: -7660.707

Analysis results written to: 
  IQ-TREE report:                /Users/bushrakhan/Desktop/NIPGR-data/MADS-box-Evolutionary-gene-detection/Workflow_Step-by-Step/TASK_1/uploads/Rice_Kbox_Domain_ML.iqtree
  Maximum-likelihood tree:       /Users/bushrakhan/Desktop/NIPGR-data/MADS-box-Evolutionary-gene-detection/Workflow_Step-by-Step/TASK_1/uploads/Rice_Kbox_Domain_ML.treefile
  Likelihood distances:          /Users/bushrakhan/Desktop/NIPGR-data/MADS-box-Evolutionary-gene-detection/Workflow_Step-by-Step/TASK_1/uploads/Rice_Kbox_Domain_ML.mldist

Ultrafast bootstrap approximation results written to:
  Split support values:          /Users/bushrakhan/Desktop/NIPGR-data/MADS-box-Evolutionary-gene-detection/Workflow_Step-by-Step/TASK_1/uploads/Rice_Kbox_Domain_ML.splits.nex
  Consensus tree:                /Users/bushrakhan/Desktop/NIPGR-data/MADS-box-Evolutionary-gene-detection/Workflow_Step-by-Step/TASK_1/uploads/Rice_Kbox_Domain_ML.contree
  Screen log file:               /Users/bushrakhan/Desktop/NIPGR-data/MADS-box-Evolutionary-gene-detection/Workflow_Step-by-Step/TASK_1/uploads/Rice_Kbox_Domain_ML.log

Date and Time: Fri Apr  3 11:16:43 2026
