IQ-TREE multicore version 1.6.12 for Mac OS X 64-bit built Aug 15 2019
Developed by Bui Quang Minh, Nguyen Lam Tung, Olga Chernomor,
Heiko Schmidt, Dominik Schrempf, Michael Woodhams.

Host:    Bushras-MacBook-Air.local (SSE4.2, 16 GB RAM)
Command: /Users/bushrakhan/Desktop/NIPGR-data/MADS-box-Evolutionary-gene-detection/bin/iqtree -s /Users/bushrakhan/Desktop/NIPGR-data/MADS-box-Evolutionary-gene-detection/Workflow_Step-by-Step/TASK_7/uploads/Prunus_Kbox_Aligned.fa -nt AUTO -m TEST -bb 1000 -pre /Users/bushrakhan/Desktop/NIPGR-data/MADS-box-Evolutionary-gene-detection/Workflow_Step-by-Step/TASK_7/uploads/Prunus_Kbox_ML
Seed:    463889 (Using SPRNG - Scalable Parallel Random Number Generator)
Time:    Sat Apr  4 00:57:04 2026
Kernel:  SSE2 - auto-detect threads (10 CPU cores detected)

Reading alignment file /Users/bushrakhan/Desktop/NIPGR-data/MADS-box-Evolutionary-gene-detection/Workflow_Step-by-Step/TASK_7/uploads/Prunus_Kbox_Aligned.fa ... Fasta format detected
Alignment most likely contains protein sequences
Alignment has 143 sequences with 99 columns, 99 distinct patterns
88 parsimony-informative, 7 singleton sites, 4 constant sites
WARNING: Some sequence names are changed as follows:
AT1G69120.1|PACid:19653480_85_172 -> AT1G69120.1_PACid_19653480_85_172
AT1G26310.1|PACid:19650942_85_174 -> AT1G26310.1_PACid_19650942_85_174
AT5G60910.2|PACid:19670615_23_110 -> AT5G60910.2_PACid_19670615_23_110
AT5G60910.1|PACid:19670614_85_172 -> AT5G60910.1_PACid_19670614_85_172
AT2G45650.1|PACid:19638787_83_170 -> AT2G45650.1_PACid_19638787_83_170
AT3G58780.2|PACid:19662660_93_179 -> AT3G58780.2_PACid_19662660_93_179
AT3G58780.1|PACid:19662659_100_186 -> AT3G58780.1_PACid_19662659_100_186
AT3G58780.3|PACid:19662658_125_211 -> AT3G58780.3_PACid_19662658_125_211
AT4G18960.1|PACid:19647337_102_187 -> AT4G18960.1_PACid_19647337_102_187
AT4G18960.2|PACid:19647338_88_173 -> AT4G18960.2_PACid_19647338_88_173
AT2G45660.1|PACid:19641052_83_171 -> AT2G45660.1_PACid_19641052_83_171
AT2G42830.1|PACid:19643528_100_186 -> AT2G42830.1_PACid_19643528_100_186
AT5G15800.1|PACid:19670123_84_172 -> AT5G15800.1_PACid_19670123_84_172
AT5G15800.2|PACid:19670122_84_172 -> AT5G15800.2_PACid_19670122_84_172
AT4G09960.1|PACid:19648309_86_171 -> AT4G09960.1_PACid_19648309_86_171
AT4G37940.1|PACid:19644309_83_171 -> AT4G37940.1_PACid_19644309_83_171
AT4G37940.1|PACid:19644309_159_183 -> AT4G37940.1_PACid_19644309_159_183
AT4G09960.3|PACid:19648307_112_197 -> AT4G09960.3_PACid_19648307_112_197
AT1G24260.2|PACid:19651403_93_175 -> AT1G24260.2_PACid_19651403_93_175
AT3G02310.1|PACid:19661943_84_172 -> AT3G02310.1_PACid_19661943_84_172
AT2G42830.2|PACid:19643527_100_188 -> AT2G42830.2_PACid_19643527_100_188
AT1G24260.1|PACid:19651404_92_174 -> AT1G24260.1_PACid_19651404_92_174
AT4G22950.1|PACid:19647692_83_169 -> AT4G22950.1_PACid_19647692_83_169
AT3G57230.1|PACid:19665060_82_170 -> AT3G57230.1_PACid_19665060_82_170
AT3G57230.1|PACid:19665060_165_184 -> AT3G57230.1_PACid_19665060_165_184
AT3G61120.1|PACid:19662463_85_168 -> AT3G61120.1_PACid_19662463_85_168
AT2G14210.1|PACid:19638394_83_170 -> AT2G14210.1_PACid_19638394_83_170
AT2G14210.1|PACid:19638394_170_185 -> AT2G14210.1_PACid_19638394_170_185
AT2G03710.3|PACid:19640310_85_172 -> AT2G03710.3_PACid_19640310_85_172
AT2G22630.1|PACid:19642313_83_171 -> AT2G22630.1_PACid_19642313_83_171
AT2G22630.1|PACid:19642313_165_183 -> AT2G22630.1_PACid_19642313_165_183
AT2G03710.2|PACid:19640309_85_173 -> AT2G03710.2_PACid_19640309_85_173
AT2G03710.1|PACid:19640308_85_173 -> AT2G03710.1_PACid_19640308_85_173
AT4G11880.1|PACid:19643844_84_171 -> AT4G11880.1_PACid_19643844_84_171
AT4G09960.4|PACid:19648308_86_175 -> AT4G09960.4_PACid_19648308_86_175
AT3G30260.1|PACid:19662130_87_171 -> AT3G30260.1_PACid_19662130_87_171
AT5G62165.1|PACid:19672595_84_170 -> AT5G62165.1_PACid_19672595_84_170
AT5G62165.2|PACid:19672596_84_170 -> AT5G62165.2_PACid_19672596_84_170
AT5G62165.3|PACid:19672597_84_170 -> AT5G62165.3_PACid_19672597_84_170
AT1G24260.3|PACid:19651405_93_160 -> AT1G24260.3_PACid_19651405_93_160
AT5G51870.1|PACid:19672300_88_172 -> AT5G51870.1_PACid_19672300_88_172
AT5G51870.3|PACid:19672299_88_171 -> AT5G51870.3_PACid_19672299_88_171
AT5G23260.2|PACid:19667542_82_170 -> AT5G23260.2_PACid_19667542_82_170
AT5G13790.1|PACid:19669343_75_165 -> AT5G13790.1_PACid_19669343_75_165
AT5G51860.2|PACid:19671372_89_172 -> AT5G51860.2_PACid_19671372_89_172
AT1G71692.1|PACid:19653064_99_180 -> AT1G71692.1_PACid_19653064_99_180
AT5G51860.1|PACid:19671371_89_171 -> AT5G51860.1_PACid_19671371_89_171
AT4G09960.2|PACid:19648310_86_165 -> AT4G09960.2_PACid_19648310_86_165
AT5G62165.5|PACid:19672599_43_117 -> AT5G62165.5_PACid_19672599_43_117
AT4G24540.1|PACid:19648389_91_172 -> AT4G24540.1_PACid_19648389_91_172
AT3G57390.2|PACid:19659473_34_118 -> AT3G57390.2_PACid_19659473_34_118
AT3G57390.1|PACid:19659472_95_179 -> AT3G57390.1_PACid_19659472_95_179
AT2G22540.2|PACid:19641564_87_165 -> AT2G22540.2_PACid_19641564_87_165
AT2G22540.1|PACid:19641563_92_170 -> AT2G22540.1_PACid_19641563_92_170
AT2G22540.1|PACid:19641563_166_184 -> AT2G22540.1_PACid_19641563_166_184
AT3G54340.1|PACid:19659884_81_168 -> AT3G54340.1_PACid_19659884_81_168
AT5G20240.1|PACid:19673101_81_164 -> AT5G20240.1_PACid_19673101_81_164
AT3G57230.2|PACid:19665061_106_169 -> AT3G57230.2_PACid_19665061_106_169
AT3G57230.2|PACid:19665061_164_183 -> AT3G57230.2_PACid_19665061_164_183
AT5G51870.2|PACid:19672301_88_148 -> AT5G51870.2_PACid_19672301_88_148
AT5G23260.1|PACid:19667543_82_165 -> AT5G23260.1_PACid_19667543_82_165
AT5G62165.4|PACid:19672598_84_157 -> AT5G62165.4_PACid_19672598_84_157
AT5G23260.3|PACid:19667544_82_152 -> AT5G23260.3_PACid_19667544_82_152
AT5G10140.2|PACid:19672042_89_164 -> AT5G10140.2_PACid_19672042_89_164
AT5G10140.1|PACid:19672039_89_164 -> AT5G10140.1_PACid_19672039_89_164
AT5G10140.3|PACid:19672040_89_164 -> AT5G10140.3_PACid_19672040_89_164
AT2G41470.1|PACid:19641817_21_83 -> AT2G41470.1_PACid_19641817_21_83
AT2G41470.1|PACid:19641817_120_196 -> AT2G41470.1_PACid_19641817_120_196
AT2G41470.1|PACid:19641817_249_309 -> AT2G41470.1_PACid_19641817_249_309
AT2G41470.1|PACid:19641817_355_410 -> AT2G41470.1_PACid_19641817_355_410
AT1G77080.2|PACid:19652599_93_160 -> AT1G77080.2_PACid_19652599_93_160
AT1G77080.5|PACid:19652600_96_164 -> AT1G77080.5_PACid_19652600_96_164
AT5G65060.1|PACid:19668928_96_164 -> AT5G65060.1_PACid_19668928_96_164
AT1G77080.4|PACid:19652598_96_164 -> AT1G77080.4_PACid_19652598_96_164
AT5G65050.2|PACid:19667307_98_164 -> AT5G65050.2_PACid_19667307_98_164
AT5G65080.1|PACid:19670372_101_170 -> AT5G65080.1_PACid_19670372_101_170
AT5G65050.3|PACid:19667305_98_164 -> AT5G65050.3_PACid_19667305_98_164
AT5G65080.2|PACid:19670373_93_162 -> AT5G65080.2_PACid_19670373_93_162
AT5G65060.2|PACid:19668929_102_153 -> AT5G65060.2_PACid_19668929_102_153
AT5G65070.2|PACid:19666741_141_195 -> AT5G65070.2_PACid_19666741_141_195
AT5G65070.1|PACid:19666742_110_164 -> AT5G65070.1_PACid_19666742_110_164
AT5G65070.3|PACid:19666740_142_196 -> AT5G65070.3_PACid_19666740_142_196
AT5G10140.4|PACid:19672041_90_154 -> AT5G10140.4_PACid_19672041_90_154
AT1G77080.3|PACid:19652601_82_126 -> AT1G77080.3_PACid_19652601_82_126
AT1G31150.1|PACid:19651250_574_639 -> AT1G31150.1_PACid_19651250_574_639
AT5G65050.1|PACid:19667306_98_149 -> AT5G65050.1_PACid_19667306_98_149
AT1G31140.2|PACid:19657777_95_158 -> AT1G31140.2_PACid_19657777_95_158
AT1G31140.1|PACid:19657778_95_156 -> AT1G31140.1_PACid_19657778_95_156
AT2G41445.1|PACid:19641714_37_93 -> AT2G41445.1_PACid_19641714_37_93
AT2G41445.1|PACid:19641714_149_217 -> AT2G41445.1_PACid_19641714_149_217
AT1G77950.1|PACid:19656697_125_198 -> AT1G77950.1_PACid_19656697_125_198
AT1G77950.2|PACid:19656698_125_198 -> AT1G77950.2_PACid_19656698_125_198
AT1G22130.1|PACid:19651829_125_192 -> AT1G22130.1_PACid_19651829_125_192
AT1G77980.1|PACid:19650219_124_189 -> AT1G77980.1_PACid_19650219_124_189
AT2G41440.1|PACid:19638798_42_120 -> AT2G41440.1_PACid_19638798_42_120
AT2G41440.1|PACid:19638798_151_202 -> AT2G41440.1_PACid_19638798_151_202
AT2G41440.2|PACid:19638799_33_84 -> AT2G41440.2_PACid_19638799_33_84
AT1G69540.1|PACid:19658298_146_182 -> AT1G69540.1_PACid_19658298_146_182
AT1G59810.1|PACid:19650751_99_152 -> AT1G59810.1_PACid_19650751_99_152
AT2G03060.2|PACid:19640478_88_99 -> AT2G03060.2_PACid_19640478_88_99
AT2G03060.2|PACid:19640478_114_176 -> AT2G03060.2_PACid_19640478_114_176
AT4G27630.1|PACid:19644925_67_96 -> AT4G27630.1_PACid_19644925_67_96
AT4G27630.1|PACid:19644925_136_162 -> AT4G27630.1_PACid_19644925_136_162
AT2G11620.1|PACid:19641263_210_250 -> AT2G11620.1_PACid_19641263_210_250
AT2G11620.1|PACid:19641263_324_348 -> AT2G11620.1_PACid_19641263_324_348
AT2G11620.1|PACid:19641263_364_388 -> AT2G11620.1_PACid_19641263_364_388
AT2G11620.1|PACid:19641263_406_426 -> AT2G11620.1_PACid_19641263_406_426
AT2G11620.1|PACid:19641263_442_465 -> AT2G11620.1_PACid_19641263_442_465

                                    Gap/Ambiguity  Composition  p-value
   1  Prupe.1G290600.1.p_Kbox              12.12%    passed     98.14%
   2  Prupe.4G070500.1.p_Kbox              12.12%    passed     29.58%
   3  Prupe.5G208500.1.p_Kbox              11.11%    passed     93.43%
   4  Prupe.5G208400.1.p_Kbox              10.10%    passed     86.04%
   5  Prupe.1G549600.1.p_Kbox              13.13%    passed     93.16%
   6  Prupe.3G249300.1.p_Kbox              13.13%    passed     95.41%
   7  Prupe.2G151000.1.p_Kbox               9.09%    passed     82.12%
   8  Prupe.1G290500.1.p_Kbox              10.10%    passed     96.07%
   9  Prupe.8G073700.1.p_Kbox              11.11%    passed     94.54%
  10  Prupe.3G170600.1.p_Kbox              11.11%    passed     12.70%
  11  Prupe.3G249400.1.p_Kbox              14.14%    passed     76.28%
  12  Prupe.1G223600.1.p_Kbox              16.16%    passed     86.25%
  13  Prupe.2G151200.1.p_Kbox              10.10%    passed     96.79%
  14  Prupe.6G208900.1.p_Kbox              10.10%    passed     70.99%
  15  Prupe.2G287000.1.p_Kbox              11.11%    passed     69.23%
  16  Prupe.2G287500.1.p_Kbox              15.15%    passed     88.77%
  17  Prupe.5G087500.1.p_Kbox              17.17%    failed      1.86%
  18  Prupe.1G548000.1.p_Kbox              13.13%    passed     38.19%
  19  Prupe.7G164100.1.p_Kbox              15.15%    passed     70.74%
  20  Prupe.4G113500.1.p_Kbox              13.13%    passed     32.55%
  21  Prupe.2G023100.1.p_Kbox              12.12%    passed     37.03%
  22  Prupe.8G069300.1.p_Kbox              19.19%    passed     47.32%
  23  Prupe.5G149400.1.p_Kbox              17.17%    passed     68.10%
  24  Prupe.1G371300.1.p_Kbox              11.11%    passed     78.28%
  25  Prupe.1G489400.1.p_Kbox              15.15%    passed     51.27%
  26  Prupe.1G531100.1.p_Kbox              15.15%    passed     99.16%
  27  Prupe.6G199000.1.p_Kbox              18.18%    passed     84.17%
  28  Prupe.1G531700.1.p_Kbox              15.15%    passed     86.07%
  29  Prupe.1G531600.1.p_Kbox              14.14%    passed     89.95%
  30  Prupe.7G055900.1.p_Kbox              24.24%    passed     97.72%
  31  Prupe.1G531400.1.p_Kbox              21.21%    passed     99.67%
  32  Prupe.3G307800.1.p_Kbox              29.29%    passed     30.73%
  33  Prupe.1G511300.1.p_Kbox              31.31%    passed     60.18%
  34  Prupe.1G427500.1.p_Kbox              38.38%    passed     74.66%
  35  Prupe.1G276600.1.p_Kbox              64.65%    passed     96.90%
  36  AT1G69120.1_PACid_19653480_85_172    39.39%    passed     79.22%
  37  AT1G26310.1_PACid_19650942_85_174    39.39%    passed     91.41%
  38  AT5G60910.2_PACid_19670615_23_110    39.39%    passed     71.33%
  39  AT5G60910.1_PACid_19670614_85_172    39.39%    passed     71.33%
  40  AT2G45650.1_PACid_19638787_83_170    39.39%    passed     13.26%
  41  AT3G58780.2_PACid_19662660_93_179    39.39%    passed     67.18%
  42  AT3G58780.1_PACid_19662659_100_186   39.39%    passed     67.18%
  43  AT3G58780.3_PACid_19662658_125_211   39.39%    passed     67.18%
  44  AT4G18960.1_PACid_19647337_102_187   39.39%    passed     31.99%
  45  AT4G18960.2_PACid_19647338_88_173    39.39%    passed     31.99%
  46  AT2G45660.1_PACid_19641052_83_171    39.39%    passed     47.53%
  47  AT2G42830.1_PACid_19643528_100_186   39.39%    passed     87.89%
  48  AT5G15800.1_PACid_19670123_84_172    39.39%    passed     26.81%
  49  AT5G15800.2_PACid_19670122_84_172    39.39%    passed     26.81%
  50  AT4G09960.1_PACid_19648309_86_171    39.39%    passed     78.42%
  51  AT4G37940.1_PACid_19644309_83_171    39.39%    passed     57.23%
  52  AT4G37940.1_PACid_19644309_159_183   74.75%    passed     90.20%
  53  AT4G09960.3_PACid_19648307_112_197   39.39%    passed     78.42%
  54  AT1G24260.2_PACid_19651403_93_175    39.39%    passed     74.13%
  55  AT3G02310.1_PACid_19661943_84_172    39.39%    passed     23.74%
  56  AT2G42830.2_PACid_19643527_100_188   39.39%    passed     87.89%
  57  AT1G24260.1_PACid_19651404_92_174    39.39%    passed     74.13%
  58  AT4G22950.1_PACid_19647692_83_169    39.39%    passed     83.25%
  59  AT3G57230.1_PACid_19665060_82_170    39.39%    passed     76.48%
  60  AT3G57230.1_PACid_19665060_165_184   79.80%    passed     11.73%
  61  AT3G61120.1_PACid_19662463_85_168    39.39%    passed     65.25%
  62  AT2G14210.1_PACid_19638394_83_170    39.39%    passed     91.04%
  63  AT2G14210.1_PACid_19638394_170_185   83.84%    passed     29.50%
  64  AT2G03710.3_PACid_19640310_85_172    39.39%    passed     92.34%
  65  AT2G22630.1_PACid_19642313_83_171    39.39%    passed     94.87%
  66  AT2G22630.1_PACid_19642313_165_183   80.81%    passed     95.70%
  67  AT2G03710.2_PACid_19640309_85_173    39.39%    passed     92.34%
  68  AT2G03710.1_PACid_19640308_85_173    39.39%    passed     92.34%
  69  AT4G11880.1_PACid_19643844_84_171    39.39%    passed     94.83%
  70  AT4G09960.4_PACid_19648308_86_175    39.39%    passed     78.42%
  71  AT3G30260.1_PACid_19662130_87_171    39.39%    passed     56.73%
  72  AT5G62165.1_PACid_19672595_84_170    39.39%    passed     79.12%
  73  AT5G62165.2_PACid_19672596_84_170    39.39%    passed     79.12%
  74  AT5G62165.3_PACid_19672597_84_170    39.39%    passed     79.12%
  75  AT1G24260.3_PACid_19651405_93_160    39.39%    passed     74.13%
  76  AT5G51870.1_PACid_19672300_88_172    39.39%    passed     92.42%
  77  AT5G51870.3_PACid_19672299_88_171    39.39%    passed     92.42%
  78  AT5G23260.2_PACid_19667542_82_170    39.39%    failed      0.03%
  79  AT5G13790.1_PACid_19669343_75_165    39.39%    passed     97.33%
  80  AT5G51860.2_PACid_19671372_89_172    39.39%    passed     42.80%
  81  AT1G71692.1_PACid_19653064_99_180    39.39%    passed     13.50%
  82  AT5G51860.1_PACid_19671371_89_171    39.39%    passed     42.80%
  83  AT4G09960.2_PACid_19648310_86_165    39.39%    passed     60.67%
  84  AT5G62165.5_PACid_19672599_43_117    39.39%    passed     38.45%
  85  AT4G24540.1_PACid_19648389_91_172    39.39%    passed     48.87%
  86  AT3G57390.2_PACid_19659473_34_118    39.39%    passed     99.57%
  87  AT3G57390.1_PACid_19659472_95_179    39.39%    passed     99.57%
  88  AT2G22540.2_PACid_19641564_87_165    39.39%    passed     81.23%
  89  AT2G22540.1_PACid_19641563_92_170    39.39%    passed     81.23%
  90  AT2G22540.1_PACid_19641563_166_184   80.81%    passed     47.95%
  91  AT3G54340.1_PACid_19659884_81_168    39.39%    passed     26.04%
  92  AT5G20240.1_PACid_19673101_81_164    39.39%    passed     19.66%
  93  AT3G57230.2_PACid_19665061_106_169   39.39%    passed     63.74%
  94  AT3G57230.2_PACid_19665061_164_183   79.80%    passed     11.73%
  95  AT5G51870.2_PACid_19672301_88_148    39.39%    passed     66.21%
  96  AT5G23260.1_PACid_19667543_82_165    39.39%    failed      0.03%
  97  AT5G62165.4_PACid_19672598_84_157    39.39%    passed     80.39%
  98  AT5G23260.3_PACid_19667544_82_152    39.39%    failed      0.03%
  99  AT5G10140.2_PACid_19672042_89_164    39.39%    passed     34.23%
 100  AT5G10140.1_PACid_19672039_89_164    39.39%    passed     34.23%
 101  AT5G10140.3_PACid_19672040_89_164    39.39%    passed     34.23%
 102  AT2G41470.1_PACid_19641817_21_83     39.39%    passed     25.07%
 103  AT2G41470.1_PACid_19641817_120_196   39.39%    passed     24.85%
 104  AT2G41470.1_PACid_19641817_249_309   39.39%    passed     69.84%
 105  AT2G41470.1_PACid_19641817_355_410   43.43%    failed      0.03%
 106  AT1G77080.2_PACid_19652599_93_160    39.39%    passed     68.60%
 107  AT1G77080.5_PACid_19652600_96_164    39.39%    passed     74.19%
 108  AT5G65060.1_PACid_19668928_96_164    39.39%    passed     56.30%
 109  AT1G77080.4_PACid_19652598_96_164    39.39%    passed     74.19%
 110  AT5G65050.2_PACid_19667307_98_164    39.39%    passed     64.68%
 111  AT5G65080.1_PACid_19670372_101_170   39.39%    passed     87.00%
 112  AT5G65050.3_PACid_19667305_98_164    39.39%    passed     64.68%
 113  AT5G65080.2_PACid_19670373_93_162    39.39%    passed     87.00%
 114  AT5G65060.2_PACid_19668929_102_153   47.47%    passed     75.03%
 115  AT5G65070.2_PACid_19666741_141_195   44.44%    passed     85.78%
 116  AT5G65070.1_PACid_19666742_110_164   44.44%    passed     85.78%
 117  AT5G65070.3_PACid_19666740_142_196   44.44%    passed     85.78%
 118  AT5G10140.4_PACid_19672041_90_154    39.39%    passed     34.31%
 119  AT1G77080.3_PACid_19652601_82_126    54.55%    passed     37.79%
 120  AT1G31150.1_PACid_19651250_574_639   39.39%    passed     56.63%
 121  AT5G65050.1_PACid_19667306_98_149    47.47%    passed     53.49%
 122  AT1G31140.2_PACid_19657777_95_158    39.39%    passed     71.33%
 123  AT1G31140.1_PACid_19657778_95_156    39.39%    passed     54.67%
 124  AT2G41445.1_PACid_19641714_37_93     42.42%    passed     49.93%
 125  AT2G41445.1_PACid_19641714_149_217   39.39%    failed      3.47%
 126  AT1G77950.1_PACid_19656697_125_198   39.39%    passed     11.21%
 127  AT1G77950.2_PACid_19656698_125_198   39.39%    passed     11.21%
 128  AT1G22130.1_PACid_19651829_125_192   39.39%    failed      4.48%
 129  AT1G77980.1_PACid_19650219_124_189   39.39%    passed      7.37%
 130  AT2G41440.1_PACid_19638798_42_120    39.39%    passed     90.10%
 131  AT2G41440.1_PACid_19638798_151_202   47.47%    failed      0.95%
 132  AT2G41440.2_PACid_19638799_33_84     47.47%    failed      0.95%
 133  AT1G69540.1_PACid_19658298_146_182   62.63%    passed     12.31%
 134  AT1G59810.1_PACid_19650751_99_152    45.45%    passed     63.60%
 135  AT2G03060.2_PACid_19640478_88_99     87.88%    passed     52.13%
 136  AT2G03060.2_PACid_19640478_114_176   39.39%    passed     38.38%
 137  AT4G27630.1_PACid_19644925_67_96     69.70%    passed     12.33%
 138  AT4G27630.1_PACid_19644925_136_162   72.73%    passed     92.85%
 139  AT2G11620.1_PACid_19641263_210_250   58.59%    failed      0.00%
 140  AT2G11620.1_PACid_19641263_324_348   74.75%    failed      0.00%
 141  AT2G11620.1_PACid_19641263_364_388   74.75%    passed     26.01%
 142  AT2G11620.1_PACid_19641263_406_426   78.79%    passed     25.38%
 143  AT2G11620.1_PACid_19641263_442_465   75.76%    failed      2.56%
WARNING: 17 sequences contain more than 50% gaps/ambiguity
****  TOTAL                                38.25%  12 sequences failed composition chi2 test (p-value<5%; df=19)
NOTE: AT5G60910.1_PACid_19670614_85_172 is identical to AT5G60910.2_PACid_19670615_23_110 but kept for subsequent analysis
NOTE: AT3G58780.1_PACid_19662659_100_186 is identical to AT3G58780.2_PACid_19662660_93_179 but kept for subsequent analysis
NOTE: AT4G18960.2_PACid_19647338_88_173 is identical to AT4G18960.1_PACid_19647337_102_187 but kept for subsequent analysis
NOTE: AT2G42830.2_PACid_19643527_100_188 is identical to AT2G42830.1_PACid_19643528_100_186 but kept for subsequent analysis
NOTE: AT5G15800.2_PACid_19670122_84_172 is identical to AT5G15800.1_PACid_19670123_84_172 but kept for subsequent analysis
NOTE: AT4G09960.3_PACid_19648307_112_197 is identical to AT4G09960.1_PACid_19648309_86_171 but kept for subsequent analysis
NOTE: AT1G24260.1_PACid_19651404_92_174 is identical to AT1G24260.2_PACid_19651403_93_175 but kept for subsequent analysis
NOTE: AT3G57230.2_PACid_19665061_164_183 is identical to AT3G57230.1_PACid_19665060_165_184 but kept for subsequent analysis
NOTE: AT2G03710.2_PACid_19640309_85_173 is identical to AT2G03710.3_PACid_19640310_85_172 but kept for subsequent analysis
NOTE: AT5G62165.2_PACid_19672596_84_170 is identical to AT5G62165.1_PACid_19672595_84_170 but kept for subsequent analysis
NOTE: AT5G51870.3_PACid_19672299_88_171 is identical to AT5G51870.1_PACid_19672300_88_172 but kept for subsequent analysis
NOTE: AT5G23260.1_PACid_19667543_82_165 is identical to AT5G23260.2_PACid_19667542_82_170 but kept for subsequent analysis
NOTE: AT5G51860.1_PACid_19671371_89_171 is identical to AT5G51860.2_PACid_19671372_89_172 but kept for subsequent analysis
NOTE: AT3G57390.1_PACid_19659472_95_179 is identical to AT3G57390.2_PACid_19659473_34_118 but kept for subsequent analysis
NOTE: AT2G22540.1_PACid_19641563_92_170 is identical to AT2G22540.2_PACid_19641564_87_165 but kept for subsequent analysis
NOTE: AT5G10140.1_PACid_19672039_89_164 is identical to AT5G10140.2_PACid_19672042_89_164 but kept for subsequent analysis
NOTE: AT1G77080.4_PACid_19652598_96_164 is identical to AT1G77080.5_PACid_19652600_96_164 but kept for subsequent analysis
NOTE: AT5G65050.3_PACid_19667305_98_164 is identical to AT5G65050.2_PACid_19667307_98_164 but kept for subsequent analysis
NOTE: AT5G65080.2_PACid_19670373_93_162 is identical to AT5G65080.1_PACid_19670372_101_170 but kept for subsequent analysis
NOTE: AT5G65070.1_PACid_19666742_110_164 is identical to AT5G65070.2_PACid_19666741_141_195 but kept for subsequent analysis
NOTE: AT1G77950.2_PACid_19656698_125_198 is identical to AT1G77950.1_PACid_19656697_125_198 but kept for subsequent analysis
NOTE: AT2G41440.2_PACid_19638799_33_84 is identical to AT2G41440.1_PACid_19638798_151_202 but kept for subsequent analysis
NOTE: 8 identical sequences (see below) will be ignored for subsequent analysis
NOTE: AT3G58780.3_PACid_19662658_125_211 (identical to AT3G58780.2_PACid_19662660_93_179) is ignored but added at the end
NOTE: AT4G09960.4_PACid_19648308_86_175 (identical to AT4G09960.1_PACid_19648309_86_171) is ignored but added at the end
NOTE: AT1G24260.3_PACid_19651405_93_160 (identical to AT1G24260.2_PACid_19651403_93_175) is ignored but added at the end
NOTE: AT2G03710.1_PACid_19640308_85_173 (identical to AT2G03710.3_PACid_19640310_85_172) is ignored but added at the end
NOTE: AT5G62165.3_PACid_19672597_84_170 (identical to AT5G62165.1_PACid_19672595_84_170) is ignored but added at the end
NOTE: AT5G23260.3_PACid_19667544_82_152 (identical to AT5G23260.2_PACid_19667542_82_170) is ignored but added at the end
NOTE: AT5G10140.3_PACid_19672040_89_164 (identical to AT5G10140.2_PACid_19672042_89_164) is ignored but added at the end
NOTE: AT5G65070.3_PACid_19666740_142_196 (identical to AT5G65070.2_PACid_19666741_141_195) is ignored but added at the end

For your convenience alignment with unique sequences printed to /Users/bushrakhan/Desktop/NIPGR-data/MADS-box-Evolutionary-gene-detection/Workflow_Step-by-Step/TASK_7/uploads/Prunus_Kbox_ML.uniqueseq.phy


Create initial parsimony tree by phylogenetic likelihood library (PLL)... 0.019 seconds
NOTE: ModelFinder requires 10 MB RAM!
ModelFinder will test 168 protein models (sample size: 99) ...
 No. Model         -LnL         df  AIC          AICc         BIC
Measuring multi-threading efficiency up to 10 CPU cores
Increase to 10 rounds for branch lengths
53 trees examined
Threads: 1 / Time: 10.003 sec / Speedup: 1.000 / Efficiency: 100% / LogL: -17552
Threads: 2 / Time: 8.539 sec / Speedup: 1.172 / Efficiency: 59% / LogL: -17552
Threads: 3 / Time: 13.367 sec / Speedup: 0.748 / Efficiency: 25% / LogL: -17552
BEST NUMBER OF THREADS: 2

  1  Dayhoff       10167.103    267 20868.206    163980.206   21561.103
  2  Dayhoff+I     10167.072    268 20870.144    165054.144   21565.637
  3  Dayhoff+G4    10014.493    268 20564.987    164748.987   21260.479
  4  Dayhoff+I+G4  10014.485    269 20566.971    165826.971   21265.058
  5  Dayhoff+F     10134.658    286 20841.315    185005.315   21583.520
  6  Dayhoff+F+I   10134.564    287 20843.127    186155.127   21587.927
  7  Dayhoff+F+G4  9984.321     287 20542.641    185854.641   21287.441
  8  Dayhoff+F+I+G4 9984.317     288 20544.635    187008.635   21292.029
  9  mtMAM         10815.439    267 22164.879    165276.879   22857.776
 10  mtMAM+I       10815.375    268 22166.750    166350.750   22862.242
 11  mtMAM+G4      10483.680    268 21503.359    165687.359   22198.851
 12  mtMAM+I+G4    10483.670    269 21505.340    166765.340   22203.427
 13  mtMAM+F       10316.184    286 21204.368    185368.368   21946.572
 14  mtMAM+F+I     10316.129    287 21206.258    186518.258   21951.058
 15  mtMAM+F+G4    10151.570    287 20877.139    186189.139   21621.939
 16  mtMAM+F+I+G4  10151.478    288 20878.956    187342.956   21626.351
 17  JTT           10019.460    267 20572.921    163684.921   21265.818
 18  JTT+I         10019.405    268 20574.810    164758.810   21270.302
 19  JTT+G4        9876.860     268 20289.720    164473.720   20985.212
 20  JTT+I+G4      9876.913     269 20291.827    165551.827   20989.914
 21  JTT+F         9977.738     286 20527.477    184691.477   21269.681
 22  JTT+F+I       9977.687     287 20529.375    185841.375   21274.174
 23  JTT+F+G4      9839.618     287 20253.237    185565.237   20998.036
 24  JTT+F+I+G4    9839.585     288 20255.169    186719.169   21002.564
 25  WAG           10057.538    267 20649.076    163761.076   21341.973
 26  WAG+I         10057.532    268 20651.065    164835.065   21346.557
 27  WAG+G4        9910.579     268 20357.158    164541.158   21052.650
 28  WAG+I+G4      9910.567     269 20359.135    165619.135   21057.222
 29  WAG+F         10126.167    286 20824.335    184988.335   21566.539
 30  WAG+F+I       10126.134    287 20826.269    186138.269   21571.068
 31  WAG+F+G4      9965.837     287 20505.673    185817.673   21250.473
 32  WAG+F+I+G4    9965.786     288 20507.573    186971.573   21254.967
 33  cpREV         10173.912    267 20881.823    163993.823   21574.720
 34  cpREV+I       10173.861    268 20883.722    165067.722   21579.214
 35  cpREV+G4      10007.096    268 20550.193    164734.193   21245.685
 36  cpREV+I+G4    10007.079    269 20552.157    165812.157   21250.244
 37  cpREV+F       10322.972    286 21217.943    185381.943   21960.147
 38  cpREV+F+I     10322.889    287 21219.779    186531.779   21964.578
 39  cpREV+F+G4    10122.100    287 20818.199    186130.199   21562.999
 40  cpREV+F+I+G4  10122.096    288 20820.193    187284.193   21567.587
 41  mtREV         10587.973    267 21709.945    164821.945   22402.842
 42  mtREV+I       10587.915    268 21711.830    165895.830   22407.322
 43  mtREV+G4      10360.811    268 21257.623    165441.623   21953.115
 44  mtREV+I+G4    10360.807    269 21259.613    166519.613   21957.701
 45  mtREV+F       10207.344    286 20986.688    185150.688   21728.892
 46  mtREV+F+I     10207.308    287 20988.615    186300.615   21733.414
 47  mtREV+F+G4    10064.232    287 20702.464    186014.464   21447.264
 48  mtREV+F+I+G4  10064.233    288 20704.466    187168.466   21451.860
 49  rtREV         10085.914    267 20705.829    163817.829   21398.726
 50  rtREV+I       10085.890    268 20707.779    164891.779   21403.272
 51  rtREV+G4      9939.303     268 20414.605    164598.605   21110.097
 52  rtREV+I+G4    9939.298     269 20416.596    165676.596   21114.683
 53  rtREV+F       10080.083    286 20732.166    184896.166   21474.370
 54  rtREV+F+I     10080.049    287 20734.098    186046.098   21478.898
 55  rtREV+F+G4    9933.900     287 20441.800    185753.800   21186.599
 56  rtREV+F+I+G4  9933.895     288 20443.790    186907.790   21191.185
 57  mtART         10859.498    267 22252.996    165364.996   22945.893
 58  mtART+I       10859.413    268 22254.827    166438.827   22950.319
 59  mtART+G4      10484.433    268 21504.867    165688.867   22200.359
 60  mtART+I+G4    10484.424    269 21506.848    166766.848   22204.935
 61  mtART+F       10289.358    286 21150.715    185314.715   21892.920
 62  mtART+F+I     10289.336    287 21152.672    186464.672   21897.471
 63  mtART+F+G4    10102.326    287 20778.651    186090.651   21523.451
 64  mtART+F+I+G4  10102.318    288 20780.637    187244.637   21528.031
 65  mtZOA         10532.819    267 21599.637    164711.637   22292.534
 66  mtZOA+I       10532.787    268 21601.574    165785.574   22297.066
 67  mtZOA+G4      10250.196    268 21036.392    165220.392   21731.884
 68  mtZOA+I+G4    10250.118    269 21038.235    166298.235   21736.323
 69  mtZOA+F       10173.311    286 20918.622    185082.622   21660.826
 70  mtZOA+F+I     10173.274    287 20920.549    186232.549   21665.348
 71  mtZOA+F+G4    10015.319    287 20604.638    185916.638   21349.437
 72  mtZOA+F+I+G4  10015.314    288 20606.629    187070.629   21354.023
 73  VT            10050.410    267 20634.819    163746.819   21327.716
 74  VT+I          10050.389    268 20636.778    164820.778   21332.270
 75  VT+G4         9914.286     268 20364.572    164548.572   21060.064
 76  VT+I+G4       9914.281     269 20366.562    165626.562   21064.649
 77  VT+F          10068.093    286 20708.185    184872.185   21450.390
 78  VT+F+I        10068.032    287 20710.064    186022.064   21454.863
 79  VT+F+G4       9933.026     287 20440.051    185752.051   21184.851
 80  VT+F+I+G4     9932.991     288 20441.981    186905.981   21189.376
 81  LG            9996.960     267 20527.921    163639.921   21220.818
 82  LG+I          9996.919     268 20529.839    164713.839   21225.331
 83  LG+G4         9841.830     268 20219.660    164403.660   20915.152
 84  LG+I+G4       9841.824     269 20221.648    165481.648   20919.735
 85  LG+F          10044.382    286 20660.765    184824.765   21402.969
 86  LG+F+I        10044.345    287 20662.689    185974.689   21407.489
 87  LG+F+G4       9892.896     287 20359.792    185671.792   21104.592
 88  LG+F+I+G4     9892.887     288 20361.775    186825.775   21109.169
 89  DCMut         10166.912    267 20867.825    163979.825   21560.722
 90  DCMut+I       10166.897    268 20869.793    165053.793   21565.285
 91  DCMut+G4      10014.570    268 20565.141    164749.141   21260.633
 92  DCMut+I+G4    10014.535    269 20567.071    165827.071   21265.158
 93  DCMut+F       10134.418    286 20840.836    185004.836   21583.041
 94  DCMut+F+I     10134.352    287 20842.704    186154.704   21587.504
 95  DCMut+F+G4    9984.268     287 20542.535    185854.535   21287.334
 96  DCMut+F+I+G4  9984.262     288 20544.524    187008.524   21291.918
 97  PMB           10169.664    267 20873.328    163985.328   21566.225
 98  PMB+I         10169.645    268 20875.290    165059.290   21570.782
 99  PMB+G4        10024.492    268 20584.983    164768.983   21280.476
100  PMB+I+G4      10024.498    269 20586.996    165846.996   21285.083
101  PMB+F         10213.655    286 20999.309    185163.309   21741.514
102  PMB+F+I       10213.621    287 21001.241    186313.241   21746.040
103  PMB+F+G4      10069.018    287 20712.035    186024.035   21456.835
104  PMB+F+I+G4    10069.014    288 20714.029    187178.029   21461.423
105  HIVb          10202.559    267 20939.118    164051.118   21632.015
106  HIVb+I        10202.502    268 20941.005    165125.005   21636.497
107  HIVb+G4       10030.097    268 20596.195    164780.195   21291.687
108  HIVb+I+G4     10030.070    269 20598.141    165858.141   21296.228
109  HIVb+F        10129.230    286 20830.460    184994.460   21572.665
110  HIVb+F+I      10129.199    287 20832.398    186144.398   21577.197
111  HIVb+F+G4     9957.131     287 20488.262    185800.262   21233.062
112  HIVb+F+I+G4   9957.118     288 20490.236    186954.236   21237.630
113  HIVw          10698.432    267 21930.864    165042.864   22623.761
114  HIVw+I        10698.400    268 21932.800    166116.800   22628.292
115  HIVw+G4       10484.616    268 21505.232    165689.232   22200.724
116  HIVw+I+G4     10484.594    269 21507.189    166767.189   22205.276
117  HIVw+F        10481.293    286 21534.585    185698.585   22276.789
118  HIVw+F+I      10481.233    287 21536.467    186848.467   22281.266
119  HIVw+F+G4     10254.055    287 21082.110    186394.110   21826.910
120  HIVw+F+I+G4   10254.038    288 21084.076    187548.076   21831.471
121  JTTDCMut      10022.179    267 20578.358    163690.358   21271.255
122  JTTDCMut+I    10022.102    268 20580.204    164764.204   21275.697
123  JTTDCMut+G4   9879.656     268 20295.312    164479.312   20990.804
124  JTTDCMut+I+G4 9879.684     269 20297.368    165557.368   20995.455
125  JTTDCMut+F    9983.916     286 20539.832    184703.832   21282.036
126  JTTDCMut+F+I  9983.876     287 20541.751    185853.751   21286.551
127  JTTDCMut+F+G4 9845.606     287 20265.213    185577.213   21010.012
128  JTTDCMut+F+I+G4 9845.574     288 20267.149    186731.149   21014.543
129  FLU           10268.713    267 21071.426    164183.426   21764.323
130  FLU+I         10268.663    268 21073.327    165257.327   21768.819
131  FLU+G4        10087.638    268 20711.277    164895.277   21406.769
132  FLU+I+G4      10087.628    269 20713.256    165973.256   21411.343
133  FLU+F         10260.412    286 21092.823    185256.823   21835.027
134  FLU+F+I       10260.395    287 21094.791    186406.791   21839.590
135  FLU+F+G4      10062.293    287 20698.586    186010.586   21443.386
136  FLU+F+I+G4    10062.264    288 20700.529    187164.529   21447.923
137  Blosum62      10148.292    267 20830.584    163942.584   21523.481
138  Blosum62+I    10148.249    268 20832.497    165016.497   21527.989
139  Blosum62+G4   10002.771    268 20541.542    164725.542   21237.034
140  Blosum62+I+G4 10002.803    269 20543.605    165803.605   21241.692
141  Blosum62+F    10239.799    286 21051.599    185215.599   21793.803
142  Blosum62+F+I  10239.743    287 21053.487    186365.487   21798.286
143  Blosum62+F+G4 10087.632    287 20749.264    186061.264   21494.063
144  Blosum62+F+I+G4 10087.628    288 20751.256    187215.256   21498.651
145  mtMet         10564.916    267 21663.832    164775.832   22356.729
146  mtMet+I       10564.838    268 21665.677    165849.677   22361.169
147  mtMet+G4      10312.314    268 21160.628    165344.628   21856.120
148  mtMet+I+G4    10312.306    269 21162.612    166422.612   21860.700
149  mtMet+F       10099.364    286 20770.729    184934.729   21512.933
150  mtMet+F+I     10099.320    287 20772.640    186084.640   21517.440
151  mtMet+F+G4    9952.898     287 20479.796    185791.796   21224.595
152  mtMet+F+I+G4  9952.866     288 20481.731    186945.731   21229.126
153  mtVer         10611.659    267 21757.318    164869.318   22450.215
154  mtVer+I       10611.616    268 21759.232    165943.232   22454.724
155  mtVer+G4      10378.585    268 21293.169    165477.169   21988.661
156  mtVer+I+G4    10378.566    269 21295.133    166555.133   21993.220
157  mtVer+F       10219.395    286 21010.789    185174.789   21752.994
158  mtVer+F+I     10219.347    287 21012.693    186324.693   21757.493
159  mtVer+F+G4    10059.389    287 20692.779    186004.779   21437.578
160  mtVer+F+I+G4  10059.377    288 20694.753    187158.753   21442.148
161  mtInv         10634.538    267 21803.075    164915.075   22495.972
162  mtInv+I       10634.505    268 21805.011    165989.011   22500.503
163  mtInv+G4      10384.784    268 21305.567    165489.567   22001.059
164  mtInv+I+G4    10384.776    269 21307.552    166567.552   22005.640
165  mtInv+F       10079.759    286 20731.517    184895.517   21473.721
166  mtInv+F+I     10079.696    287 20733.392    186045.392   21478.191
167  mtInv+F+G4    9936.956     287 20447.912    185759.912   21192.711
168  mtInv+F+I+G4  9936.926     288 20449.852    186913.852   21197.247
Akaike Information Criterion:           LG+G4
Corrected Akaike Information Criterion: LG
Bayesian Information Criterion:         LG+G4
Best-fit model: LG+G4 chosen according to BIC

All model information printed to /Users/bushrakhan/Desktop/NIPGR-data/MADS-box-Evolutionary-gene-detection/Workflow_Step-by-Step/TASK_7/uploads/Prunus_Kbox_ML.model.gz
CPU time for ModelFinder: 136.632 seconds (0h:2m:16s)
Wall-clock time for ModelFinder: 105.612 seconds (0h:1m:45s)
Generating 1000 samples for ultrafast bootstrap (seed: 463889)...

NOTE: 10 MB RAM (0 GB) is required!
Measuring multi-threading efficiency up to 10 CPU cores
Increase to 10 rounds for branch lengths
14 trees examined
Threads: 1 / Time: 10.360 sec / Speedup: 1.000 / Efficiency: 100% / LogL: -16612
Threads: 2 / Time: 7.740 sec / Speedup: 1.339 / Efficiency: 67% / LogL: -16612
Threads: 3 / Time: 9.260 sec / Speedup: 1.119 / Efficiency: 37% / LogL: -16612
BEST NUMBER OF THREADS: 2

Estimate model parameters (epsilon = 0.100)
1. Initial log-likelihood: -9881.270
2. Current log-likelihood: -9844.922
3. Current log-likelihood: -9841.981
Optimal log-likelihood: -9841.917
Gamma shape alpha: 2.565
Parameters optimization took 3 rounds (0.602 sec)
Computing ML distances based on estimated model parameters... 7.917 sec
WARNING: Some pairwise ML distances are too long (saturated)
Computing BIONJ tree...
0.019 seconds
Log-likelihood of BIONJ tree: -9892.777
--------------------------------------------------------------------
|             INITIALIZING CANDIDATE TREE SET                      |
--------------------------------------------------------------------
Generating 98 parsimony trees... 3.018 second
Computing log-likelihood of 98 initial trees ... 11.673 seconds
Current best score: -9817.282

Do NNI search on 20 best initial trees
Estimate model parameters (epsilon = 0.100)
BETTER TREE FOUND at iteration 1: -9786.044
Estimate model parameters (epsilon = 0.100)
BETTER TREE FOUND at iteration 2: -9774.146
Estimate model parameters (epsilon = 0.100)
BETTER TREE FOUND at iteration 3: -9772.540
Estimate model parameters (epsilon = 0.100)
BETTER TREE FOUND at iteration 6: -9768.315
Iteration 10 / LogL: -9770.580 / Time: 0h:1m:13s
Estimate model parameters (epsilon = 0.100)
BETTER TREE FOUND at iteration 14: -9761.664
Estimate model parameters (epsilon = 0.100)
BETTER TREE FOUND at iteration 16: -9758.356
Iteration 20 / LogL: -9765.382 / Time: 0h:1m:35s
Finish initializing candidate tree set (20)
Current best tree score: -9758.356 / CPU time: 62.054
Number of iterations: 20
--------------------------------------------------------------------
|               OPTIMIZING CANDIDATE TREE SET                      |
--------------------------------------------------------------------
Estimate model parameters (epsilon = 0.100)
BETTER TREE FOUND at iteration 27: -9757.686
Iteration 30 / LogL: -9763.867 / Time: 0h:1m:57s (0h:6m:34s left)
Iteration 40 / LogL: -9759.752 / Time: 0h:2m:21s (0h:5m:14s left)
Estimate model parameters (epsilon = 0.100)
BETTER TREE FOUND at iteration 46: -9754.889
BETTER TREE FOUND at iteration 48: -9754.884
Estimate model parameters (epsilon = 0.100)
BETTER TREE FOUND at iteration 49: -9754.753
Iteration 50 / LogL: -9756.183 / Time: 0h:2m:42s (0h:5m:28s left)
Log-likelihood cutoff on original alignment: -9813.190
Iteration 60 / LogL: -9756.000 / Time: 0h:3m:2s (0h:4m:34s left)
Estimate model parameters (epsilon = 0.100)
BETTER TREE FOUND at iteration 62: -9754.705
Iteration 70 / LogL: -9757.227 / Time: 0h:3m:21s (0h:4m:28s left)
Iteration 80 / LogL: -9755.348 / Time: 0h:3m:41s (0h:3m:49s left)
Estimate model parameters (epsilon = 0.100)
BETTER TREE FOUND at iteration 89: -9752.221
Iteration 90 / LogL: -9752.228 / Time: 0h:4m:0s (0h:4m:27s left)
Estimate model parameters (epsilon = 0.100)
BETTER TREE FOUND at iteration 91: -9752.193
Iteration 100 / LogL: -9754.188 / Time: 0h:4m:14s (0h:3m:53s left)
Log-likelihood cutoff on original alignment: -9813.190
NOTE: Bootstrap correlation coefficient of split occurrence frequencies: 0.991
Iteration 110 / LogL: -9753.447 / Time: 0h:4m:28s (0h:3m:41s left)
UPDATE BEST LOG-LIKELIHOOD: -9752.193
Iteration 120 / LogL: -9754.995 / Time: 0h:4m:42s (0h:3m:10s left)
Estimate model parameters (epsilon = 0.100)
BETTER TREE FOUND at iteration 121: -9751.923
Iteration 130 / LogL: -9763.915 / Time: 0h:4m:55s (0h:3m:28s left)
Iteration 140 / LogL: -9757.372 / Time: 0h:5m:8s (0h:2m:59s left)
Iteration 150 / LogL: -9752.218 / Time: 0h:5m:22s (0h:2m:33s left)
Log-likelihood cutoff on original alignment: -9813.190
UPDATE BEST LOG-LIKELIHOOD: -9751.922
Iteration 160 / LogL: -9758.120 / Time: 0h:5m:36s (0h:2m:9s left)
Estimate model parameters (epsilon = 0.100)
BETTER TREE FOUND at iteration 165: -9751.905
Iteration 170 / LogL: -9751.922 / Time: 0h:5m:50s (0h:3m:16s left)
Iteration 180 / LogL: -9753.512 / Time: 0h:6m:6s (0h:2m:53s left)
Iteration 190 / LogL: -9765.153 / Time: 0h:6m:22s (0h:2m:31s left)
Iteration 200 / LogL: -9751.929 / Time: 0h:6m:35s (0h:2m:9s left)
Log-likelihood cutoff on original alignment: -9813.190
NOTE: Bootstrap correlation coefficient of split occurrence frequencies: 0.995
Iteration 210 / LogL: -9761.694 / Time: 0h:6m:49s (0h:2m:56s left)
Iteration 220 / LogL: -9752.914 / Time: 0h:7m:2s (0h:2m:34s left)
Iteration 230 / LogL: -9752.065 / Time: 0h:7m:16s (0h:2m:13s left)
Iteration 240 / LogL: -9752.947 / Time: 0h:7m:31s (0h:1m:53s left)
Iteration 250 / LogL: -9753.612 / Time: 0h:7m:44s (0h:1m:33s left)
Log-likelihood cutoff on original alignment: -9813.190
Iteration 260 / LogL: -9754.269 / Time: 0h:7m:58s (0h:1m:13s left)
TREE SEARCH COMPLETED AFTER 266 ITERATIONS / Time: 0h:8m:6s

--------------------------------------------------------------------
|                    FINALIZING TREE SEARCH                        |
--------------------------------------------------------------------
Performs final model parameters optimization
Estimate model parameters (epsilon = 0.010)
1. Initial log-likelihood: -9751.905
Optimal log-likelihood: -9751.905
Gamma shape alpha: 3.353
Parameters optimization took 1 rounds (0.094 sec)
BEST SCORE FOUND : -9751.905
Creating bootstrap support values...
Split supports printed to NEXUS file /Users/bushrakhan/Desktop/NIPGR-data/MADS-box-Evolutionary-gene-detection/Workflow_Step-by-Step/TASK_7/uploads/Prunus_Kbox_ML.splits.nex
Total tree length: 48.304

Total number of iterations: 266
CPU time used for tree search: 804.220 sec (0h:13m:24s)
Wall-clock time used for tree search: 453.265 sec (0h:7m:33s)
Total CPU time used: 849.181 sec (0h:14m:9s)
Total wall-clock time used: 487.379 sec (0h:8m:7s)

Computing bootstrap consensus tree...
Reading input file /Users/bushrakhan/Desktop/NIPGR-data/MADS-box-Evolutionary-gene-detection/Workflow_Step-by-Step/TASK_7/uploads/Prunus_Kbox_ML.splits.nex...
135 taxa and 1211 splits.
Consensus tree written to /Users/bushrakhan/Desktop/NIPGR-data/MADS-box-Evolutionary-gene-detection/Workflow_Step-by-Step/TASK_7/uploads/Prunus_Kbox_ML.contree
Reading input trees file /Users/bushrakhan/Desktop/NIPGR-data/MADS-box-Evolutionary-gene-detection/Workflow_Step-by-Step/TASK_7/uploads/Prunus_Kbox_ML.contree
Log-likelihood of consensus tree: -9752.216

Analysis results written to: 
  IQ-TREE report:                /Users/bushrakhan/Desktop/NIPGR-data/MADS-box-Evolutionary-gene-detection/Workflow_Step-by-Step/TASK_7/uploads/Prunus_Kbox_ML.iqtree
  Maximum-likelihood tree:       /Users/bushrakhan/Desktop/NIPGR-data/MADS-box-Evolutionary-gene-detection/Workflow_Step-by-Step/TASK_7/uploads/Prunus_Kbox_ML.treefile
  Likelihood distances:          /Users/bushrakhan/Desktop/NIPGR-data/MADS-box-Evolutionary-gene-detection/Workflow_Step-by-Step/TASK_7/uploads/Prunus_Kbox_ML.mldist

Ultrafast bootstrap approximation results written to:
  Split support values:          /Users/bushrakhan/Desktop/NIPGR-data/MADS-box-Evolutionary-gene-detection/Workflow_Step-by-Step/TASK_7/uploads/Prunus_Kbox_ML.splits.nex
  Consensus tree:                /Users/bushrakhan/Desktop/NIPGR-data/MADS-box-Evolutionary-gene-detection/Workflow_Step-by-Step/TASK_7/uploads/Prunus_Kbox_ML.contree
  Screen log file:               /Users/bushrakhan/Desktop/NIPGR-data/MADS-box-Evolutionary-gene-detection/Workflow_Step-by-Step/TASK_7/uploads/Prunus_Kbox_ML.log

Date and Time: Sat Apr  4 01:06:58 2026
