IQ-TREE multicore version 1.6.12 for Mac OS X 64-bit built Aug 15 2019
Developed by Bui Quang Minh, Nguyen Lam Tung, Olga Chernomor,
Heiko Schmidt, Dominik Schrempf, Michael Woodhams.

Host:    Bushras-MacBook-Air.local (SSE4.2, 16 GB RAM)
Command: /Users/bushrakhan/Desktop/NIPGR-data/MADS-box-Evolutionary-gene-detection/bin/iqtree -s /Users/bushrakhan/Desktop/NIPGR-data/MADS-box-Evolutionary-gene-detection/Workflow_Step-by-Step/TASK_7/uploads/Prunus_MADS_Aligned.fa -nt AUTO -m TEST -bb 1000 -pre /Users/bushrakhan/Desktop/NIPGR-data/MADS-box-Evolutionary-gene-detection/Workflow_Step-by-Step/TASK_7/uploads/Prunus_MADS_ML
Seed:    463895 (Using SPRNG - Scalable Parallel Random Number Generator)
Time:    Sat Apr  4 00:57:04 2026
Kernel:  SSE2 - auto-detect threads (10 CPU cores detected)

Reading alignment file /Users/bushrakhan/Desktop/NIPGR-data/MADS-box-Evolutionary-gene-detection/Workflow_Step-by-Step/TASK_7/uploads/Prunus_MADS_Aligned.fa ... Fasta format detected
Alignment most likely contains protein sequences
Alignment has 187 sequences with 49 columns, 49 distinct patterns
45 parsimony-informative, 3 singleton sites, 0 constant sites
WARNING: Some sequence names are changed as follows:
AT2G45650.1|PACid:19638787_10_57 -> AT2G45650.1_PACid_19638787_10_57
AT4G11880.1|PACid:19643844_10_57 -> AT4G11880.1_PACid_19643844_10_57
AT4G09960.1|PACid:19648309_10_57 -> AT4G09960.1_PACid_19648309_10_57
AT4G09960.4|PACid:19648308_10_57 -> AT4G09960.4_PACid_19648308_10_57
AT4G18960.1|PACid:19647337_26_73 -> AT4G18960.1_PACid_19647337_26_73
AT4G09960.3|PACid:19648307_36_83 -> AT4G09960.3_PACid_19648307_36_83
AT4G09960.2|PACid:19648310_10_57 -> AT4G09960.2_PACid_19648310_10_57
AT2G45660.1|PACid:19641052_10_57 -> AT2G45660.1_PACid_19641052_10_57
AT4G22950.1|PACid:19647692_10_57 -> AT4G22950.1_PACid_19647692_10_57
AT4G22950.1|PACid:19647692_94_105 -> AT4G22950.1_PACid_19647692_94_105
AT1G24260.3|PACid:19651405_10_57 -> AT1G24260.3_PACid_19651405_10_57
AT5G15800.1|PACid:19670123_10_57 -> AT5G15800.1_PACid_19670123_10_57
AT1G24260.1|PACid:19651404_10_57 -> AT1G24260.1_PACid_19651404_10_57
AT1G24260.2|PACid:19651403_10_57 -> AT1G24260.2_PACid_19651403_10_57
AT5G15800.2|PACid:19670122_10_57 -> AT5G15800.2_PACid_19670122_10_57
AT2G22540.1|PACid:19641563_10_57 -> AT2G22540.1_PACid_19641563_10_57
AT3G57390.1|PACid:19659472_10_57 -> AT3G57390.1_PACid_19659472_10_57
AT5G13790.1|PACid:19669343_10_57 -> AT5G13790.1_PACid_19669343_10_57
AT5G51870.2|PACid:19672301_10_57 -> AT5G51870.2_PACid_19672301_10_57
AT5G51870.1|PACid:19672300_10_57 -> AT5G51870.1_PACid_19672300_10_57
AT5G51870.3|PACid:19672299_10_57 -> AT5G51870.3_PACid_19672299_10_57
AT3G58780.2|PACid:19662660_25_72 -> AT3G58780.2_PACid_19662660_25_72
AT2G42830.1|PACid:19643528_25_72 -> AT2G42830.1_PACid_19643528_25_72
AT3G58780.1|PACid:19662659_25_72 -> AT3G58780.1_PACid_19662659_25_72
AT2G42830.2|PACid:19643527_25_72 -> AT2G42830.2_PACid_19643527_25_72
AT3G58780.3|PACid:19662658_25_72 -> AT3G58780.3_PACid_19662658_25_72
AT3G02310.1|PACid:19661943_10_57 -> AT3G02310.1_PACid_19661943_10_57
AT2G14210.1|PACid:19638394_10_57 -> AT2G14210.1_PACid_19638394_10_57
AT2G03710.3|PACid:19640310_10_57 -> AT2G03710.3_PACid_19640310_10_57
AT1G69120.1|PACid:19653480_10_57 -> AT1G69120.1_PACid_19653480_10_57
AT5G60910.1|PACid:19670614_10_57 -> AT5G60910.1_PACid_19670614_10_57
AT5G51860.2|PACid:19671372_10_57 -> AT5G51860.2_PACid_19671372_10_57
AT5G51860.1|PACid:19671371_10_57 -> AT5G51860.1_PACid_19671371_10_57
AT2G03710.2|PACid:19640309_10_57 -> AT2G03710.2_PACid_19640309_10_57
AT2G03710.1|PACid:19640308_10_57 -> AT2G03710.1_PACid_19640308_10_57
AT3G30260.1|PACid:19662130_10_57 -> AT3G30260.1_PACid_19662130_10_57
AT2G24840.1|PACid:19642372_71_118 -> AT2G24840.1_PACid_19642372_71_118
AT2G22540.2|PACid:19641564_10_55 -> AT2G22540.2_PACid_19641564_10_55
AT3G57230.1|PACid:19665060_10_57 -> AT3G57230.1_PACid_19665060_10_57
AT3G57230.2|PACid:19665061_10_57 -> AT3G57230.2_PACid_19665061_10_57
AT4G37940.1|PACid:19644309_10_57 -> AT4G37940.1_PACid_19644309_10_57
AT4G24540.1|PACid:19648389_10_57 -> AT4G24540.1_PACid_19648389_10_57
AT3G61120.1|PACid:19662463_10_57 -> AT3G61120.1_PACid_19662463_10_57
AT3G54340.1|PACid:19659884_10_57 -> AT3G54340.1_PACid_19659884_10_57
AT1G26310.1|PACid:19650942_10_57 -> AT1G26310.1_PACid_19650942_10_57
AT1G22130.1|PACid:19651829_10_55 -> AT1G22130.1_PACid_19651829_10_55
AT5G62165.4|PACid:19672598_10_57 -> AT5G62165.4_PACid_19672598_10_57
AT5G60440.1|PACid:19665878_15_62 -> AT5G60440.1_PACid_19665878_15_62
AT5G62165.1|PACid:19672595_10_57 -> AT5G62165.1_PACid_19672595_10_57
AT5G62165.2|PACid:19672596_10_57 -> AT5G62165.2_PACid_19672596_10_57
AT5G62165.3|PACid:19672597_10_57 -> AT5G62165.3_PACid_19672597_10_57
AT2G22630.1|PACid:19642313_10_57 -> AT2G22630.1_PACid_19642313_10_57
AT1G77980.1|PACid:19650219_10_55 -> AT1G77980.1_PACid_19650219_10_55
AT1G71692.1|PACid:19653064_10_56 -> AT1G71692.1_PACid_19653064_10_56
AT1G01530.1|PACid:19655032_15_62 -> AT1G01530.1_PACid_19655032_15_62
AT1G65360.1|PACid:19652033_15_62 -> AT1G65360.1_PACid_19652033_15_62
AT5G10140.2|PACid:19672042_10_57 -> AT5G10140.2_PACid_19672042_10_57
AT5G10140.4|PACid:19672041_10_57 -> AT5G10140.4_PACid_19672041_10_57
AT5G10140.3|PACid:19672040_10_57 -> AT5G10140.3_PACid_19672040_10_57
AT5G10140.1|PACid:19672039_10_57 -> AT5G10140.1_PACid_19672039_10_57
AT3G66656.1|PACid:19662106_10_57 -> AT3G66656.1_PACid_19662106_10_57
AT5G23260.2|PACid:19667542_10_57 -> AT5G23260.2_PACid_19667542_10_57
AT5G23260.3|PACid:19667544_10_57 -> AT5G23260.3_PACid_19667544_10_57
AT5G23260.1|PACid:19667543_10_57 -> AT5G23260.1_PACid_19667543_10_57
AT4G36590.1|PACid:19644661_15_62 -> AT4G36590.1_PACid_19644661_15_62
AT2G34440.1|PACid:19639540_12_57 -> AT2G34440.1_PACid_19639540_12_57
AT5G65070.1|PACid:19666742_10_57 -> AT5G65070.1_PACid_19666742_10_57
AT1G77950.1|PACid:19656697_10_55 -> AT1G77950.1_PACid_19656697_10_55
AT1G77950.2|PACid:19656698_10_55 -> AT1G77950.2_PACid_19656698_10_55
AT5G65070.3|PACid:19666740_10_57 -> AT5G65070.3_PACid_19666740_10_57
AT5G65070.2|PACid:19666741_10_57 -> AT5G65070.2_PACid_19666741_10_57
AT1G77080.5|PACid:19652600_10_55 -> AT1G77080.5_PACid_19652600_10_55
AT1G77080.2|PACid:19652599_10_55 -> AT1G77080.2_PACid_19652599_10_55
AT1G77080.4|PACid:19652598_10_55 -> AT1G77080.4_PACid_19652598_10_55
AT5G65080.2|PACid:19670373_10_55 -> AT5G65080.2_PACid_19670373_10_55
AT1G31140.1|PACid:19657778_10_57 -> AT1G31140.1_PACid_19657778_10_57
AT1G31140.2|PACid:19657777_10_57 -> AT1G31140.2_PACid_19657777_10_57
AT5G65080.1|PACid:19670372_17_62 -> AT5G65080.1_PACid_19670372_17_62
AT1G47760.1|PACid:19657551_10_57 -> AT1G47760.1_PACid_19657551_10_57
AT5G20240.1|PACid:19673101_10_57 -> AT5G20240.1_PACid_19673101_10_57
AT1G18750.1|PACid:19654582_10_57 -> AT1G18750.1_PACid_19654582_10_57
AT1G72350.1|PACid:19656010_55_98 -> AT1G72350.1_PACid_19656010_55_98
AT5G65050.2|PACid:19667307_10_55 -> AT5G65050.2_PACid_19667307_10_55
AT5G65050.1|PACid:19667306_10_55 -> AT5G65050.1_PACid_19667306_10_55
AT5G65050.3|PACid:19667305_10_55 -> AT5G65050.3_PACid_19667305_10_55
AT5G65060.2|PACid:19668929_10_55 -> AT5G65060.2_PACid_19668929_10_55
AT5G65060.1|PACid:19668928_10_55 -> AT5G65060.1_PACid_19668928_10_55
AT1G17310.1|PACid:19656321_56_103 -> AT1G17310.1_PACid_19656321_56_103
AT1G28460.1|PACid:19649164_16_63 -> AT1G28460.1_PACid_19649164_16_63
AT2G03060.2|PACid:19640478_10_53 -> AT2G03060.2_PACid_19640478_10_53
AT2G03060.1|PACid:19640479_10_53 -> AT2G03060.1_PACid_19640479_10_53
AT3G04100.1|PACid:19663352_22_69 -> AT3G04100.1_PACid_19663352_22_69
AT3G04100.1|PACid:19663352_104_117 -> AT3G04100.1_PACid_19663352_104_117
AT1G29962.1|PACid:19658277_16_63 -> AT1G29962.1_PACid_19658277_16_63
AT5G48670.1|PACid:19672717_10_51 -> AT5G48670.1_PACid_19672717_10_51
AT2G26320.1|PACid:19638466_26_73 -> AT2G26320.1_PACid_19638466_26_73
AT1G69540.1|PACid:19658298_11_53 -> AT1G69540.1_PACid_19658298_11_53
AT3G05860.2|PACid:19660459_10_51 -> AT3G05860.2_PACid_19660459_10_51
AT3G05860.3|PACid:19660458_10_51 -> AT3G05860.3_PACid_19660458_10_51
AT3G05860.1|PACid:19660457_10_51 -> AT3G05860.1_PACid_19660457_10_51
AT5G27960.1|PACid:19666678_9_48 -> AT5G27960.1_PACid_19666678_9_48
AT1G65330.1|PACid:19653684_9_53 -> AT1G65330.1_PACid_19653684_9_53
AT5G55690.1|PACid:19665481_10_51 -> AT5G55690.1_PACid_19665481_10_51
AT5G55690.1|PACid:19665481_137_148 -> AT5G55690.1_PACid_19665481_137_148
AT1G65300.1|PACid:19652716_10_51 -> AT1G65300.1_PACid_19652716_10_51
AT5G26630.1|PACid:19667105_10_50 -> AT5G26630.1_PACid_19667105_10_50
AT5G26650.1|PACid:19669215_9_48 -> AT5G26650.1_PACid_19669215_9_48
AT1G28450.1|PACid:19650560_16_63 -> AT1G28450.1_PACid_19650560_16_63
AT3G18650.1|PACid:19661489_5_23 -> AT3G18650.1_PACid_19661489_5_23
AT3G18650.1|PACid:19661489_30_72 -> AT3G18650.1_PACid_19661489_30_72
AT5G58890.1|PACid:19667567_10_52 -> AT5G58890.1_PACid_19667567_10_52
AT5G26580.1|PACid:19673075_11_50 -> AT5G26580.1_PACid_19673075_11_50
AT4G02235.1|PACid:19647863_9_54 -> AT4G02235.1_PACid_19647863_9_54
AT1G22590.2|PACid:19655507_11_50 -> AT1G22590.2_PACid_19655507_11_50
AT5G65330.1|PACid:19672137_7_52 -> AT5G65330.1_PACid_19672137_7_52
AT5G39750.1|PACid:19667213_25_64 -> AT5G39750.1_PACid_19667213_25_64
AT5G40120.1|PACid:19671880_17_56 -> AT5G40120.1_PACid_19671880_17_56
AT5G38740.1|PACid:19668168_26_65 -> AT5G38740.1_PACid_19668168_26_65
AT5G41200.1|PACid:19667742_19_57 -> AT5G41200.1_PACid_19667742_19_57
AT5G40220.1|PACid:19669238_18_57 -> AT5G40220.1_PACid_19669238_18_57
AT1G46408.1|PACid:19654736_12_53 -> AT1G46408.1_PACid_19654736_12_53
AT5G39810.1|PACid:19670065_25_64 -> AT5G39810.1_PACid_19670065_25_64
AT1G31630.1|PACid:19652269_10_56 -> AT1G31630.1_PACid_19652269_10_56
AT4G11250.1|PACid:19648763_10_51 -> AT4G11250.1_PACid_19648763_10_51
AT5G27090.2|PACid:19670535_29_70 -> AT5G27090.2_PACid_19670535_29_70
AT5G27090.1|PACid:19670534_29_70 -> AT5G27090.1_PACid_19670534_29_70
AT5G06500.1|PACid:19671199_10_53 -> AT5G06500.1_PACid_19671199_10_53
AT5G27070.1|PACid:19671195_30_71 -> AT5G27070.1_PACid_19671195_30_71
AT5G26950.1|PACid:19666538_30_71 -> AT5G26950.1_PACid_19666538_30_71
AT5G26880.1|PACid:19668576_156_166 -> AT5G26880.1_PACid_19668576_156_166
AT5G26880.1|PACid:19668576_241_274 -> AT5G26880.1_PACid_19668576_241_274
AT5G27944.1|PACid:19666623_30_71 -> AT5G27944.1_PACid_19666623_30_71
AT5G27580.1|PACid:19672891_30_71 -> AT5G27580.1_PACid_19672891_30_71
AT2G40210.1|PACid:19638131_10_51 -> AT2G40210.1_PACid_19638131_10_51
AT1G31640.1|PACid:19651329_12_56 -> AT1G31640.1_PACid_19651329_12_56
AT5G04640.1|PACid:19673003_13_53 -> AT5G04640.1_PACid_19673003_13_53
AT5G49490.1|PACid:19668119_54_95 -> AT5G49490.1_PACid_19668119_54_95
AT1G60920.1|PACid:19654635_12_50 -> AT1G60920.1_PACid_19654635_12_50
AT1G48150.1|PACid:19654851_28_67 -> AT1G48150.1_PACid_19654851_28_67
AT5G38620.1|PACid:19667041_14_55 -> AT5G38620.1_PACid_19667041_14_55
AT5G27130.1|PACid:19666602_23_63 -> AT5G27130.1_PACid_19666602_23_63
AT1G60040.1|PACid:19653511_20_62 -> AT1G60040.1_PACid_19653511_20_62
AT5G49420.1|PACid:19672206_16_57 -> AT5G49420.1_PACid_19672206_16_57
AT2G28700.1|PACid:19641128_11_50 -> AT2G28700.1_PACid_19641128_11_50
AT5G27050.1|PACid:19667506_1_28 -> AT5G27050.1_PACid_19667506_1_28
AT1G59810.1|PACid:19650751_19_61 -> AT1G59810.1_PACid_19650751_19_61
AT1G60880.1|PACid:19658292_12_41 -> AT1G60880.1_PACid_19658292_12_41
AT1G54760.1|PACid:19656422_19_43 -> AT1G54760.1_PACid_19656422_19_43
AT5G37415.1|PACid:19671670_85_109 -> AT5G37415.1_PACid_19671670_85_109
AT5G27810.1|PACid:19666054_1_26 -> AT5G27810.1_PACid_19666054_1_26
AT1G33070.1|PACid:19656210_4_24 -> AT1G33070.1_PACid_19656210_4_24
AT2G15660.1|PACid:19640579_30_44 -> AT2G15660.1_PACid_19640579_30_44

                                    Gap/Ambiguity  Composition  p-value
   1  Prupe.2G151000.1.p_MADS               2.04%    passed     99.86%
   2  Prupe.2G151200.1.p_MADS               2.04%    passed     99.98%
   3  Prupe.1G549600.1.p_MADS               2.04%    passed     99.61%
   4  Prupe.5G208400.1.p_MADS               2.04%    passed     99.94%
   5  Prupe.4G070500.1.p_MADS               2.04%    passed     95.94%
   6  Prupe.3G249400.1.p_MADS               2.04%    passed     98.32%
   7  Prupe.3G170600.1.p_MADS               2.04%    passed     97.59%
   8  Prupe.5G149400.1.p_MADS               2.04%    passed     99.53%
   9  Prupe.5G087500.1.p_MADS               2.04%    passed     99.96%
  10  Prupe.2G287000.1.p_MADS               2.04%    passed     99.96%
  11  Prupe.2G023100.1.p_MADS               2.04%    passed     98.15%
  12  Prupe.1G511300.1.p_MADS               2.04%    passed     96.85%
  13  Prupe.8G069300.1.p_MADS               2.04%    passed     98.89%
  14  Prupe.6G199000.1.p_MADS               2.04%    passed     99.34%
  15  Prupe.2G287500.1.p_MADS               2.04%    passed     99.81%
  16  Prupe.8G073700.1.p_MADS               2.04%    passed     99.69%
  17  Prupe.1G223600.1.p_MADS               2.04%    passed     96.35%
  18  Prupe.1G427500.1.p_MADS               8.16%    passed     89.53%
  19  Prupe.3G249300.1.p_MADS               2.04%    passed     99.94%
  20  Prupe.5G208500.1.p_MADS               2.04%    passed    100.00%
  21  Prupe.7G055900.1.p_MADS               2.04%    passed     99.55%
  22  Prupe.1G290500.1.p_MADS               2.04%    passed     99.91%
  23  Prupe.1G290600.1.p_MADS               2.04%    passed     99.71%
  24  Prupe.6G208900.1.p_MADS               2.04%    passed     99.77%
  25  Prupe.1G371300.1.p_MADS               2.04%    passed     64.60%
  26  Prupe.3G307800.1.p_MADS               2.04%    passed     97.40%
  27  Prupe.4G113500.1.p_MADS               2.04%    passed     94.67%
  28  Prupe.1G548000.1.p_MADS               4.08%    passed     65.22%
  29  Prupe.7G164100.1.p_MADS               4.08%    passed     25.71%
  30  Prupe.1G531600.1.p_MADS              14.29%    passed     95.88%
  31  Prupe.1G489400.1.p_MADS               2.04%    passed     98.07%
  32  Prupe.1G531100.1.p_MADS               2.04%    passed     99.95%
  33  Prupe.1G531700.1.p_MADS              14.29%    passed     98.34%
  34  Prupe.1G531400.1.p_MADS              14.29%    passed     96.52%
  35  Prupe.1G276600.1.p_MADS               8.16%    passed     50.40%
  36  AT2G45650.1_PACid_19638787_10_57      2.04%    passed     99.98%
  37  AT4G11880.1_PACid_19643844_10_57      2.04%    passed     99.99%
  38  AT4G09960.1_PACid_19648309_10_57      2.04%    passed     99.19%
  39  AT4G09960.4_PACid_19648308_10_57      2.04%    passed     99.19%
  40  AT4G18960.1_PACid_19647337_26_73      2.04%    passed     99.19%
  41  AT4G09960.3_PACid_19648307_36_83      2.04%    passed     99.19%
  42  AT4G09960.2_PACid_19648310_10_57      2.04%    passed     99.19%
  43  AT2G45660.1_PACid_19641052_10_57      2.04%    passed    100.00%
  44  AT4G22950.1_PACid_19647692_10_57      2.04%    passed     99.91%
  45  AT4G22950.1_PACid_19647692_94_105    75.51%    passed     90.64%
  46  AT1G24260.3_PACid_19651405_10_57      2.04%    passed     99.23%
  47  AT5G15800.1_PACid_19670123_10_57      2.04%    passed     99.23%
  48  AT1G24260.1_PACid_19651404_10_57      2.04%    passed     99.23%
  49  AT1G24260.2_PACid_19651403_10_57      2.04%    passed     99.23%
  50  AT5G15800.2_PACid_19670122_10_57      2.04%    passed     99.23%
  51  AT2G22540.1_PACid_19641563_10_57      2.04%    passed     97.64%
  52  AT3G57390.1_PACid_19659472_10_57      2.04%    passed     98.99%
  53  AT5G13790.1_PACid_19669343_10_57      2.04%    passed     99.78%
  54  AT5G51870.2_PACid_19672301_10_57      2.04%    passed     56.38%
  55  AT5G51870.1_PACid_19672300_10_57      2.04%    passed     56.38%
  56  AT5G51870.3_PACid_19672299_10_57      2.04%    passed     56.38%
  57  AT3G58780.2_PACid_19662660_25_72      2.04%    passed     97.59%
  58  AT2G42830.1_PACid_19643528_25_72      2.04%    passed     97.59%
  59  AT3G58780.1_PACid_19662659_25_72      2.04%    passed     97.59%
  60  AT2G42830.2_PACid_19643527_25_72      2.04%    passed     97.59%
  61  AT3G58780.3_PACid_19662658_25_72      2.04%    passed     97.59%
  62  AT3G02310.1_PACid_19661943_10_57      2.04%    passed     99.65%
  63  AT2G14210.1_PACid_19638394_10_57      2.04%    passed     99.46%
  64  AT2G03710.3_PACid_19640310_10_57      2.04%    passed     98.40%
  65  AT1G69120.1_PACid_19653480_10_57      2.04%    passed     72.36%
  66  AT5G60910.1_PACid_19670614_10_57      2.04%    passed     99.90%
  67  AT5G51860.2_PACid_19671372_10_57      2.04%    passed     97.69%
  68  AT5G51860.1_PACid_19671371_10_57      2.04%    passed     97.69%
  69  AT2G03710.2_PACid_19640309_10_57      2.04%    passed     98.40%
  70  AT2G03710.1_PACid_19640308_10_57      2.04%    passed     98.40%
  71  AT3G30260.1_PACid_19662130_10_57      2.04%    passed     99.88%
  72  AT2G24840.1_PACid_19642372_71_118     2.04%    passed     52.98%
  73  AT2G22540.2_PACid_19641564_10_55      6.12%    passed     98.73%
  74  AT3G57230.1_PACid_19665060_10_57      2.04%    passed     99.99%
  75  AT3G57230.2_PACid_19665061_10_57      2.04%    passed     99.99%
  76  AT4G37940.1_PACid_19644309_10_57      2.04%    passed     93.68%
  77  AT4G24540.1_PACid_19648389_10_57      2.04%    passed     81.90%
  78  AT3G61120.1_PACid_19662463_10_57      2.04%    passed     99.98%
  79  AT3G54340.1_PACid_19659884_10_57      2.04%    passed     64.62%
  80  AT1G26310.1_PACid_19650942_10_57      2.04%    passed     99.92%
  81  AT1G22130.1_PACid_19651829_10_55      6.12%    passed     94.12%
  82  AT5G62165.4_PACid_19672598_10_57      2.04%    passed     99.77%
  83  AT5G60440.1_PACid_19665878_15_62      2.04%    passed     90.10%
  84  AT5G62165.1_PACid_19672595_10_57      2.04%    passed     99.77%
  85  AT5G62165.2_PACid_19672596_10_57      2.04%    passed     99.77%
  86  AT5G62165.3_PACid_19672597_10_57      2.04%    passed     99.77%
  87  AT2G22630.1_PACid_19642313_10_57      2.04%    passed     74.63%
  88  AT1G77980.1_PACid_19650219_10_55      6.12%    passed     96.69%
  89  AT1G71692.1_PACid_19653064_10_56      4.08%    passed     85.26%
  90  AT1G01530.1_PACid_19655032_15_62      2.04%    passed     99.68%
  91  AT1G65360.1_PACid_19652033_15_62      2.04%    passed     34.79%
  92  AT5G10140.2_PACid_19672042_10_57      2.04%    passed     97.04%
  93  AT5G10140.4_PACid_19672041_10_57      2.04%    passed     97.04%
  94  AT5G10140.3_PACid_19672040_10_57      2.04%    passed     97.04%
  95  AT5G10140.1_PACid_19672039_10_57      2.04%    passed     97.04%
  96  AT3G66656.1_PACid_19662106_10_57      2.04%    passed     85.47%
  97  AT5G23260.2_PACid_19667542_10_57      2.04%    passed     97.51%
  98  AT5G23260.3_PACid_19667544_10_57      2.04%    passed     97.51%
  99  AT5G23260.1_PACid_19667543_10_57      2.04%    passed     97.51%
 100  AT4G36590.1_PACid_19644661_15_62      2.04%    passed     78.47%
 101  AT2G34440.1_PACid_19639540_12_57      6.12%    passed     88.23%
 102  AT5G65070.1_PACid_19666742_10_57      2.04%    passed     98.31%
 103  AT1G77950.1_PACid_19656697_10_55      6.12%    passed     94.48%
 104  AT1G77950.2_PACid_19656698_10_55      6.12%    passed     94.48%
 105  AT5G65070.3_PACid_19666740_10_57      2.04%    passed     98.31%
 106  AT5G65070.2_PACid_19666741_10_57      2.04%    passed     98.31%
 107  AT1G77080.5_PACid_19652600_10_55      6.12%    passed     91.38%
 108  AT1G77080.2_PACid_19652599_10_55      6.12%    passed     91.38%
 109  AT1G77080.4_PACid_19652598_10_55      6.12%    passed     91.38%
 110  AT5G65080.2_PACid_19670373_10_55      6.12%    passed     99.21%
 111  AT1G31140.1_PACid_19657778_10_57      2.04%    passed     55.21%
 112  AT1G31140.2_PACid_19657777_10_57      2.04%    passed     55.21%
 113  AT5G65080.1_PACid_19670372_17_62      6.12%    passed     99.21%
 114  AT1G47760.1_PACid_19657551_10_57      2.04%    passed     89.71%
 115  AT5G20240.1_PACid_19673101_10_57      2.04%    passed     78.47%
 116  AT1G18750.1_PACid_19654582_10_57      2.04%    passed     99.91%
 117  AT1G72350.1_PACid_19656010_55_98     10.20%    passed     97.03%
 118  AT5G65050.2_PACid_19667307_10_55      6.12%    passed     94.78%
 119  AT5G65050.1_PACid_19667306_10_55      6.12%    passed     94.78%
 120  AT5G65050.3_PACid_19667305_10_55      6.12%    passed     94.78%
 121  AT5G65060.2_PACid_19668929_10_55      6.12%    passed     94.29%
 122  AT5G65060.1_PACid_19668928_10_55      6.12%    passed     94.29%
 123  AT1G17310.1_PACid_19656321_56_103     2.04%    passed     98.07%
 124  AT1G28460.1_PACid_19649164_16_63      2.04%    passed     81.40%
 125  AT2G03060.2_PACid_19640478_10_53     10.20%    passed     93.38%
 126  AT2G03060.1_PACid_19640479_10_53     10.20%    passed     93.38%
 127  AT3G04100.1_PACid_19663352_22_69      2.04%    passed      6.95%
 128  AT3G04100.1_PACid_19663352_104_117   71.43%    passed     10.56%
 129  AT1G29962.1_PACid_19658277_16_63      2.04%    passed     98.37%
 130  AT5G48670.1_PACid_19672717_10_51     14.29%    passed     74.46%
 131  AT2G26320.1_PACid_19638466_26_73      2.04%    passed     66.13%
 132  AT1G69540.1_PACid_19658298_11_53     12.24%    failed      0.12%
 133  AT3G05860.2_PACid_19660459_10_51     14.29%    passed     96.40%
 134  AT3G05860.3_PACid_19660458_10_51     14.29%    passed     96.40%
 135  AT3G05860.1_PACid_19660457_10_51     14.29%    passed     96.40%
 136  AT5G27960.1_PACid_19666678_9_48      18.37%    passed     99.19%
 137  AT1G65330.1_PACid_19653684_9_53       8.16%    passed     98.80%
 138  AT5G55690.1_PACid_19665481_10_51     14.29%    passed     63.93%
 139  AT5G55690.1_PACid_19665481_137_148   75.51%    passed     31.48%
 140  AT1G65300.1_PACid_19652716_10_51     14.29%    passed     65.93%
 141  AT5G26630.1_PACid_19667105_10_50     16.33%    passed     84.35%
 142  AT5G26650.1_PACid_19669215_9_48      18.37%    passed     99.78%
 143  AT1G28450.1_PACid_19650560_16_63      2.04%    passed     95.56%
 144  AT3G18650.1_PACid_19661489_5_23      61.22%    failed      0.97%
 145  AT3G18650.1_PACid_19661489_30_72     12.24%    passed     61.38%
 146  AT5G58890.1_PACid_19667567_10_52     12.24%    passed     78.47%
 147  AT5G26580.1_PACid_19673075_11_50     18.37%    passed     79.40%
 148  AT4G02235.1_PACid_19647863_9_54       6.12%    passed     60.02%
 149  AT1G22590.2_PACid_19655507_11_50     18.37%    passed     99.55%
 150  AT5G65330.1_PACid_19672137_7_52       6.12%    passed     58.84%
 151  AT5G39750.1_PACid_19667213_25_64     18.37%    passed     27.59%
 152  AT5G40120.1_PACid_19671880_17_56     18.37%    passed     27.59%
 153  AT5G38740.1_PACid_19668168_26_65     18.37%    passed     27.59%
 154  AT5G41200.1_PACid_19667742_19_57     20.41%    passed     24.54%
 155  AT5G40220.1_PACid_19669238_18_57     18.37%    passed     27.59%
 156  AT1G46408.1_PACid_19654736_12_53     14.29%    passed     90.11%
 157  AT5G39810.1_PACid_19670065_25_64     18.37%    passed     29.34%
 158  AT1G31630.1_PACid_19652269_10_56      4.08%    passed     14.37%
 159  AT4G11250.1_PACid_19648763_10_51     14.29%    passed     13.27%
 160  AT5G27090.2_PACid_19670535_29_70     14.29%    passed     85.00%
 161  AT5G27090.1_PACid_19670534_29_70     14.29%    passed     85.00%
 162  AT5G06500.1_PACid_19671199_10_53     10.20%    failed      4.76%
 163  AT5G27070.1_PACid_19671195_30_71     14.29%    passed     73.88%
 164  AT5G26950.1_PACid_19666538_30_71     14.29%    passed     73.88%
 165  AT5G26880.1_PACid_19668576_156_166   77.55%    passed     63.42%
 166  AT5G26880.1_PACid_19668576_241_274   30.61%    passed     26.65%
 167  AT5G27944.1_PACid_19666623_30_71     14.29%    passed     69.50%
 168  AT5G27580.1_PACid_19672891_30_71     14.29%    passed     53.66%
 169  AT2G40210.1_PACid_19638131_10_51     14.29%    passed     55.94%
 170  AT1G31640.1_PACid_19651329_12_56      8.16%    failed      2.37%
 171  AT5G04640.1_PACid_19673003_13_53     16.33%    passed     66.63%
 172  AT5G49490.1_PACid_19668119_54_95     14.29%    passed     55.23%
 173  AT1G60920.1_PACid_19654635_12_50     20.41%    passed     98.85%
 174  AT1G48150.1_PACid_19654851_28_67     18.37%    passed     75.51%
 175  AT5G38620.1_PACid_19667041_14_55     14.29%    passed     38.17%
 176  AT5G27130.1_PACid_19666602_23_63     16.33%    passed     91.62%
 177  AT1G60040.1_PACid_19653511_20_62     12.24%    failed      3.81%
 178  AT5G49420.1_PACid_19672206_16_57     14.29%    passed     46.07%
 179  AT2G28700.1_PACid_19641128_11_50     18.37%    passed     55.28%
 180  AT5G27050.1_PACid_19667506_1_28      42.86%    passed     93.02%
 181  AT1G59810.1_PACid_19650751_19_61     12.24%    failed      3.26%
 182  AT1G60880.1_PACid_19658292_12_41     38.78%    passed     99.35%
 183  AT1G54760.1_PACid_19656422_19_43     48.98%    passed     73.07%
 184  AT5G37415.1_PACid_19671670_85_109    48.98%    failed      0.34%
 185  AT5G27810.1_PACid_19666054_1_26      46.94%    passed     27.33%
 186  AT1G33070.1_PACid_19656210_4_24      57.14%    passed     84.07%
 187  AT2G15660.1_PACid_19640579_30_44     69.39%    failed      1.88%
WARNING: 7 sequences contain more than 50% gaps/ambiguity
****  TOTAL                                 9.66%  8 sequences failed composition chi2 test (p-value<5%; df=19)
NOTE: AT4G09960.4_PACid_19648308_10_57 is identical to AT4G09960.1_PACid_19648309_10_57 but kept for subsequent analysis
NOTE: AT5G15800.1_PACid_19670123_10_57 is identical to AT1G24260.3_PACid_19651405_10_57 but kept for subsequent analysis
NOTE: AT5G51870.1_PACid_19672300_10_57 is identical to AT5G51870.2_PACid_19672301_10_57 but kept for subsequent analysis
NOTE: AT2G42830.1_PACid_19643528_25_72 is identical to AT3G58780.2_PACid_19662660_25_72 but kept for subsequent analysis
NOTE: AT2G03710.2_PACid_19640309_10_57 is identical to AT2G03710.3_PACid_19640310_10_57 but kept for subsequent analysis
NOTE: AT5G51860.1_PACid_19671371_10_57 is identical to AT5G51860.2_PACid_19671372_10_57 but kept for subsequent analysis
NOTE: AT3G57230.2_PACid_19665061_10_57 is identical to AT3G57230.1_PACid_19665060_10_57 but kept for subsequent analysis
NOTE: AT5G62165.1_PACid_19672595_10_57 is identical to AT5G62165.4_PACid_19672598_10_57 but kept for subsequent analysis
NOTE: AT5G10140.4_PACid_19672041_10_57 is identical to AT5G10140.2_PACid_19672042_10_57 but kept for subsequent analysis
NOTE: AT5G23260.3_PACid_19667544_10_57 is identical to AT5G23260.2_PACid_19667542_10_57 but kept for subsequent analysis
NOTE: AT5G65070.3_PACid_19666740_10_57 is identical to AT5G65070.1_PACid_19666742_10_57 but kept for subsequent analysis
NOTE: AT1G77950.2_PACid_19656698_10_55 is identical to AT1G77950.1_PACid_19656697_10_55 but kept for subsequent analysis
NOTE: AT1G77080.2_PACid_19652599_10_55 is identical to AT1G77080.5_PACid_19652600_10_55 but kept for subsequent analysis
NOTE: AT5G65080.1_PACid_19670372_17_62 is identical to AT5G65080.2_PACid_19670373_10_55 but kept for subsequent analysis
NOTE: AT1G31140.2_PACid_19657777_10_57 is identical to AT1G31140.1_PACid_19657778_10_57 but kept for subsequent analysis
NOTE: AT5G65050.1_PACid_19667306_10_55 is identical to AT5G65050.2_PACid_19667307_10_55 but kept for subsequent analysis
NOTE: AT5G65060.1_PACid_19668928_10_55 is identical to AT5G65060.2_PACid_19668929_10_55 but kept for subsequent analysis
NOTE: AT2G03060.1_PACid_19640479_10_53 is identical to AT2G03060.2_PACid_19640478_10_53 but kept for subsequent analysis
NOTE: AT3G05860.3_PACid_19660458_10_51 is identical to AT3G05860.2_PACid_19660459_10_51 but kept for subsequent analysis
NOTE: AT5G40120.1_PACid_19671880_17_56 is identical to AT5G39750.1_PACid_19667213_25_64 but kept for subsequent analysis
NOTE: AT5G27090.1_PACid_19670534_29_70 is identical to AT5G27090.2_PACid_19670535_29_70 but kept for subsequent analysis
NOTE: AT5G26950.1_PACid_19666538_30_71 is identical to AT5G27070.1_PACid_19671195_30_71 but kept for subsequent analysis
NOTE: 21 identical sequences (see below) will be ignored for subsequent analysis
NOTE: AT4G09960.3_PACid_19648307_36_83 (identical to AT4G09960.1_PACid_19648309_10_57) is ignored but added at the end
NOTE: AT4G09960.2_PACid_19648310_10_57 (identical to AT4G09960.1_PACid_19648309_10_57) is ignored but added at the end
NOTE: AT1G24260.1_PACid_19651404_10_57 (identical to AT1G24260.3_PACid_19651405_10_57) is ignored but added at the end
NOTE: AT1G24260.2_PACid_19651403_10_57 (identical to AT1G24260.3_PACid_19651405_10_57) is ignored but added at the end
NOTE: AT5G15800.2_PACid_19670122_10_57 (identical to AT1G24260.3_PACid_19651405_10_57) is ignored but added at the end
NOTE: AT5G51870.3_PACid_19672299_10_57 (identical to AT5G51870.2_PACid_19672301_10_57) is ignored but added at the end
NOTE: AT3G58780.1_PACid_19662659_25_72 (identical to AT3G58780.2_PACid_19662660_25_72) is ignored but added at the end
NOTE: AT2G42830.2_PACid_19643527_25_72 (identical to AT3G58780.2_PACid_19662660_25_72) is ignored but added at the end
NOTE: AT3G58780.3_PACid_19662658_25_72 (identical to AT3G58780.2_PACid_19662660_25_72) is ignored but added at the end
NOTE: AT2G03710.1_PACid_19640308_10_57 (identical to AT2G03710.3_PACid_19640310_10_57) is ignored but added at the end
NOTE: AT5G62165.2_PACid_19672596_10_57 (identical to AT5G62165.4_PACid_19672598_10_57) is ignored but added at the end
NOTE: AT5G62165.3_PACid_19672597_10_57 (identical to AT5G62165.4_PACid_19672598_10_57) is ignored but added at the end
NOTE: AT5G10140.3_PACid_19672040_10_57 (identical to AT5G10140.2_PACid_19672042_10_57) is ignored but added at the end
NOTE: AT5G10140.1_PACid_19672039_10_57 (identical to AT5G10140.2_PACid_19672042_10_57) is ignored but added at the end
NOTE: AT5G23260.1_PACid_19667543_10_57 (identical to AT5G23260.2_PACid_19667542_10_57) is ignored but added at the end
NOTE: AT5G65070.2_PACid_19666741_10_57 (identical to AT5G65070.1_PACid_19666742_10_57) is ignored but added at the end
NOTE: AT1G77080.4_PACid_19652598_10_55 (identical to AT1G77080.5_PACid_19652600_10_55) is ignored but added at the end
NOTE: AT5G65050.3_PACid_19667305_10_55 (identical to AT5G65050.2_PACid_19667307_10_55) is ignored but added at the end
NOTE: AT3G05860.1_PACid_19660457_10_51 (identical to AT3G05860.2_PACid_19660459_10_51) is ignored but added at the end
NOTE: AT5G38740.1_PACid_19668168_26_65 (identical to AT5G39750.1_PACid_19667213_25_64) is ignored but added at the end
NOTE: AT5G40220.1_PACid_19669238_18_57 (identical to AT5G39750.1_PACid_19667213_25_64) is ignored but added at the end

For your convenience alignment with unique sequences printed to /Users/bushrakhan/Desktop/NIPGR-data/MADS-box-Evolutionary-gene-detection/Workflow_Step-by-Step/TASK_7/uploads/Prunus_MADS_ML.uniqueseq.phy


Create initial parsimony tree by phylogenetic likelihood library (PLL)... 0.024 seconds
NOTE: ModelFinder requires 7 MB RAM!
ModelFinder will test 168 protein models (sample size: 49) ...
 No. Model         -LnL         df  AIC          AICc         BIC
Measuring multi-threading efficiency up to 10 CPU cores
Increase to 10 rounds for branch lengths
74 trees examined
Threads: 1 / Time: 10.024 sec / Speedup: 1.000 / Efficiency: 100% / LogL: -10046
Threads: 2 / Time: 10.113 sec / Speedup: 0.991 / Efficiency: 50% / LogL: -10046
BEST NUMBER OF THREADS: 1

  1  Dayhoff       4810.506     329 10279.012    227419.012   10901.421
  2  Dayhoff+I     4810.415     330 10280.829    228740.829   10905.130
  3  Dayhoff+G4    4668.964     330 9997.927     228457.927   10622.228
  4  Dayhoff+I+G4  4668.963     331 9999.926     229783.926   10626.119
  5  Dayhoff+F     4801.879     348 10299.758    253203.758   10958.112
  6  Dayhoff+F+I   4801.876     349 10301.753    254601.753   10961.998
  7  Dayhoff+F+G4  4654.792     349 10007.583    254307.583   10667.828
  8  Dayhoff+F+I+G4 4654.791     350 10009.583    255709.583   10671.720
  9  mtMAM         5224.085     329 11106.170    228246.170   11728.579
 10  mtMAM+I       5224.081     330 11108.161    229568.161   11732.462
 11  mtMAM+G4      4931.690     330 10523.379    228983.379   11147.680
 12  mtMAM+I+G4    4931.691     331 10525.382    230309.382   11151.574
 13  mtMAM+F       4981.804     348 10659.607    253563.607   11317.961
 14  mtMAM+F+I     4981.798     349 10661.595    254961.595   11321.840
 15  mtMAM+F+G4    4760.323     349 10218.647    254518.647   10878.892
 16  mtMAM+F+I+G4  4760.321     350 10220.643    255920.643   10882.780
 17  JTT           4787.917     329 10233.834    227373.834   10856.243
 18  JTT+I         4787.916     330 10235.832    228695.832   10860.133
 19  JTT+G4        4624.371     330 9908.742     228368.742   10533.042
 20  JTT+I+G4      4624.371     331 9910.742     229694.742   10536.934
 21  JTT+F         4807.822     348 10311.643    253215.643   10969.997
 22  JTT+F+I       4807.815     349 10313.630    254613.630   10973.875
 23  JTT+F+G4      4637.281     349 9972.562     254272.562   10632.807
 24  JTT+F+I+G4    4637.277     350 9974.555     255674.555   10636.692
 25  WAG           4791.455     329 10240.910    227380.910   10863.319
 26  WAG+I         4791.439     330 10242.878    228702.878   10867.178
 27  WAG+G4        4636.352     330 9932.704     228392.704   10557.005
 28  WAG+I+G4      4636.352     331 9934.703     229718.703   10560.896
 29  WAG+F         4817.496     348 10330.991    253234.991   10989.344
 30  WAG+F+I       4817.477     349 10332.953    254632.953   10993.198
 31  WAG+F+G4      4653.729     349 10005.457    254305.457   10665.702
 32  WAG+F+I+G4    4653.721     350 10007.441    255707.441   10669.578
 33  cpREV         4835.207     329 10328.414    227468.414   10950.823
 34  cpREV+I       4835.184     330 10330.369    228790.369   10954.670
 35  cpREV+G4      4641.919     330 9943.838     228403.838   10568.139
 36  cpREV+I+G4    4641.913     331 9945.825     229729.825   10572.018
 37  cpREV+F       4911.528     348 10519.056    253423.056   11177.409
 38  cpREV+F+I     4911.518     349 10521.037    254821.037   11181.282
 39  cpREV+F+G4    4712.903     349 10123.807    254423.807   10784.052
 40  cpREV+F+I+G4  4712.895     350 10125.790    255825.790   10787.927
 41  mtREV         5071.206     329 10800.413    227940.413   11422.822
 42  mtREV+I       5071.124     330 10802.249    229262.249   11426.549
 43  mtREV+G4      4858.602     330 10377.204    228837.204   11001.504
 44  mtREV+I+G4    4858.596     331 10379.193    230163.193   11005.385
 45  mtREV+F       4876.130     348 10448.260    253352.260   11106.614
 46  mtREV+F+I     4876.106     349 10450.213    254750.213   11110.458
 47  mtREV+F+G4    4701.219     349 10100.439    254400.439   10760.684
 48  mtREV+F+I+G4  4701.218     350 10102.435    255802.435   10764.572
 49  rtREV         4851.819     329 10361.638    227501.638   10984.046
 50  rtREV+I       4851.779     330 10363.559    228823.559   10987.859
 51  rtREV+G4      4678.462     330 10016.925    228476.925   10641.225
 52  rtREV+I+G4    4678.461     331 10018.922    229802.922   10645.115
 53  rtREV+F       4857.478     348 10410.956    253314.956   11069.309
 54  rtREV+F+I     4857.441     349 10412.882    254712.882   11073.128
 55  rtREV+F+G4    4673.282     349 10044.564    254344.564   10704.809
 56  rtREV+F+I+G4  4673.281     350 10046.561    255746.561   10708.698
 57  mtART         5178.453     329 11014.905    228154.905   11637.314
 58  mtART+I       5178.384     330 11016.767    229476.767   11641.068
 59  mtART+G4      4870.463     330 10400.926    228860.926   11025.226
 60  mtART+I+G4    4870.434     331 10402.868    230186.868   11029.061
 61  mtART+F       4989.128     348 10674.256    253578.256   11332.609
 62  mtART+F+I     4989.069     349 10676.138    254976.138   11336.384
 63  mtART+F+G4    4757.247     349 10212.494    254512.494   10872.740
 64  mtART+F+I+G4  4757.246     350 10214.493    255914.493   10876.630
 65  mtZOA         5032.707     329 10723.414    227863.414   11345.823
 66  mtZOA+I       5032.668     330 10725.337    229185.337   11349.637
 67  mtZOA+G4      4770.153     330 10200.305    228660.305   10824.606
 68  mtZOA+I+G4    4770.127     331 10202.253    229986.253   10828.446
 69  mtZOA+F       4903.565     348 10503.131    253407.131   11161.484
 70  mtZOA+F+I     4903.535     349 10505.070    254805.070   11165.315
 71  mtZOA+F+G4    4695.175     349 10088.350    254388.350   10748.595
 72  mtZOA+F+I+G4  4695.174     350 10090.349    255790.349   10752.486
 73  VT            4819.503     329 10297.005    227437.005   10919.414
 74  VT+I          4819.495     330 10298.989    228758.989   10923.290
 75  VT+G4         4666.411     330 9992.822     228452.822   10617.123
 76  VT+I+G4       4666.411     331 9994.822     229778.822   10621.014
 77  VT+F          4847.452     348 10390.904    253294.904   11049.257
 78  VT+F+I        4847.421     349 10392.842    254692.842   11053.088
 79  VT+F+G4       4688.840     349 10075.679    254375.679   10735.925
 80  VT+F+I+G4     4688.840     350 10077.679    255777.679   10739.816
 81  LG            4769.006     329 10196.013    227336.013   10818.422
 82  LG+I          4768.994     330 10197.989    228657.989   10822.289
 83  LG+G4         4594.535     330 9849.070     228309.070   10473.371
 84  LG+I+G4       4594.535     331 9851.070     229635.070   10477.262
 85  LG+F          4807.513     348 10311.026    253215.026   10969.379
 86  LG+F+I        4807.488     349 10312.976    254612.976   10973.222
 87  LG+F+G4       4623.275     349 9944.551     254244.551   10604.796
 88  LG+F+I+G4     4623.275     350 9946.549     255646.549   10608.686
 89  DCMut         4810.653     329 10279.305    227419.305   10901.714
 90  DCMut+I       4810.648     330 10281.295    228741.295   10905.596
 91  DCMut+G4      4669.440     330 9998.879     228458.879   10623.180
 92  DCMut+I+G4    4669.440     331 10000.879    229784.879   10627.072
 93  DCMut+F       4802.110     348 10300.220    253204.220   10958.573
 94  DCMut+F+I     4802.107     349 10302.215    254602.215   10962.460
 95  DCMut+F+G4    4655.245     349 10008.490    254308.490   10668.736
 96  DCMut+F+I+G4  4655.245     350 10010.490    255710.490   10672.627
 97  PMB           4869.826     329 10397.651    227537.651   11020.060
 98  PMB+I         4869.803     330 10399.606    228859.606   11023.907
 99  PMB+G4        4717.789     330 10095.577    228555.577   10719.878
100  PMB+I+G4      4717.785     331 10097.570    229881.570   10723.763
101  PMB+F         4903.071     348 10502.142    253406.142   11160.496
102  PMB+F+I       4903.042     349 10504.084    254804.084   11164.330
103  PMB+F+G4      4745.449     349 10188.898    254488.898   10849.143
104  PMB+F+I+G4    4745.449     350 10190.898    255890.898   10853.035
105  HIVb          4918.544     329 10495.088    227635.088   11117.496
106  HIVb+I        4918.537     330 10497.074    228957.074   11121.374
107  HIVb+G4       4699.366     330 10058.732    228518.732   10683.033
108  HIVb+I+G4     4699.366     331 10060.733    229844.733   10686.925
109  HIVb+F        4953.392     348 10602.784    253506.784   11261.138
110  HIVb+F+I      4953.388     349 10604.777    254904.777   11265.022
111  HIVb+F+G4     4721.840     349 10141.679    254441.679   10801.925
112  HIVb+F+I+G4   4721.839     350 10143.678    255843.678   10805.815
113  HIVw          5154.013     329 10966.027    228106.027   11588.435
114  HIVw+I        5153.994     330 10967.989    229427.989   11592.290
115  HIVw+G4       4901.303     330 10462.605    228922.605   11086.906
116  HIVw+I+G4     4901.303     331 10464.605    230248.605   11090.798
117  HIVw+F        5140.982     348 10977.965    253881.965   11636.318
118  HIVw+F+I      5140.948     349 10979.897    255279.897   11640.142
119  HIVw+F+G4     4890.929     349 10479.857    254779.857   11140.102
120  HIVw+F+I+G4   4890.907     350 10481.813    256181.813   11143.950
121  JTTDCMut      4785.457     329 10228.913    227368.913   10851.322
122  JTTDCMut+I    4785.456     330 10230.912    228690.912   10855.212
123  JTTDCMut+G4   4622.734     330 9905.467     228365.467   10529.768
124  JTTDCMut+I+G4 4622.734     331 9907.467     229691.467   10533.660
125  JTTDCMut+F    4805.259     348 10306.519    253210.519   10964.872
126  JTTDCMut+F+I  4805.252     349 10308.505    254608.505   10968.750
127  JTTDCMut+F+G4 4635.441     349 9968.882     254268.882   10629.128
128  JTTDCMut+F+I+G4 4635.436     350 9970.872     255670.872   10633.009
129  FLU           4887.818     329 10433.637    227573.637   11056.046
130  FLU+I         4887.814     330 10435.628    228895.628   11059.928
131  FLU+G4        4664.836     330 9989.671     228449.671   10613.972
132  FLU+I+G4      4664.836     331 9991.671     229775.671   10617.864
133  FLU+F         4953.662     348 10603.324    253507.324   11261.677
134  FLU+F+I       4953.649     349 10605.298    254905.298   11265.543
135  FLU+F+G4      4700.967     349 10099.934    254399.934   10760.179
136  FLU+F+I+G4    4700.967     350 10101.934    255801.934   10764.071
137  Blosum62      4861.977     329 10381.954    227521.954   11004.362
138  Blosum62+I    4861.964     330 10383.928    228843.928   11008.229
139  Blosum62+G4   4705.693     330 10071.386    228531.386   10695.686
140  Blosum62+I+G4 4705.693     331 10073.385    229857.385   10699.578
141  Blosum62+F    4904.338     348 10504.677    253408.677   11163.030
142  Blosum62+F+I  4904.302     349 10506.604    254806.604   11166.850
143  Blosum62+F+G4 4743.069     349 10184.138    254484.138   10844.383
144  Blosum62+F+I+G4 4743.024     350 10186.048    255886.048   10848.185
145  mtMet         5040.594     329 10739.189    227879.189   11361.598
146  mtMet+I       5040.587     330 10741.175    229201.175   11365.475
147  mtMet+G4      4809.090     330 10278.179    228738.179   10902.480
148  mtMet+I+G4    4809.090     331 10280.180    230064.180   10906.372
149  mtMet+F       4874.051     348 10444.103    253348.103   11102.456
150  mtMet+F+I     4874.043     349 10446.086    254746.086   11106.331
151  mtMet+F+G4    4688.546     349 10075.092    254375.092   10735.338
152  mtMet+F+I+G4  4688.545     350 10077.091    255777.091   10739.228
153  mtVer         5131.978     329 10921.957    228061.957   11544.366
154  mtVer+I       5131.970     330 10923.940    229383.940   11548.240
155  mtVer+G4      4893.618     330 10447.237    228907.237   11071.538
156  mtVer+I+G4    4893.592     331 10449.183    230233.183   11075.376
157  mtVer+F       4925.054     348 10546.107    253450.107   11204.461
158  mtVer+F+I     4925.047     349 10548.094    254848.094   11208.339
159  mtVer+F+G4    4740.086     349 10178.172    254478.172   10838.417
160  mtVer+F+I+G4  4740.083     350 10180.166    255880.166   10842.303
161  mtInv         5035.950     329 10729.900    227869.900   11352.309
162  mtInv+I       5035.946     330 10731.891    229191.891   11356.192
163  mtInv+G4      4821.107     330 10302.213    228762.213   10926.514
164  mtInv+I+G4    4821.104     331 10304.208    230088.208   10930.400
165  mtInv+F       4843.994     348 10383.987    253287.987   11042.341
166  mtInv+F+I     4843.984     349 10385.967    254685.967   11046.213
167  mtInv+F+G4    4671.873     349 10041.746    254341.746   10701.991
168  mtInv+F+I+G4  4671.871     350 10043.742    255743.742   10705.879
Akaike Information Criterion:           LG+G4
Corrected Akaike Information Criterion: LG
Bayesian Information Criterion:         LG+G4
Best-fit model: LG+G4 chosen according to BIC

All model information printed to /Users/bushrakhan/Desktop/NIPGR-data/MADS-box-Evolutionary-gene-detection/Workflow_Step-by-Step/TASK_7/uploads/Prunus_MADS_ML.model.gz
CPU time for ModelFinder: 69.807 seconds (0h:1m:9s)
Wall-clock time for ModelFinder: 72.612 seconds (0h:1m:12s)
Generating 1000 samples for ultrafast bootstrap (seed: 463895)...

NOTE: 7 MB RAM (0 GB) is required!
Measuring multi-threading efficiency up to 10 CPU cores
Increase to 10 rounds for branch lengths
24 trees examined
Threads: 1 / Time: 10.838 sec / Speedup: 1.000 / Efficiency: 100% / LogL: -9259
Threads: 2 / Time: 13.079 sec / Speedup: 0.829 / Efficiency: 41% / LogL: -9259
BEST NUMBER OF THREADS: 1

Estimate model parameters (epsilon = 0.100)
1. Initial log-likelihood: -4599.671
2. Current log-likelihood: -4595.168
3. Current log-likelihood: -4594.538
Optimal log-likelihood: -4594.535
Gamma shape alpha: 1.448
Parameters optimization took 3 rounds (0.661 sec)
Computing ML distances based on estimated model parameters... 10.004 sec
WARNING: Some pairwise ML distances are too long (saturated)
Computing BIONJ tree...
0.020 seconds
Log-likelihood of BIONJ tree: -4629.796
--------------------------------------------------------------------
|             INITIALIZING CANDIDATE TREE SET                      |
--------------------------------------------------------------------
Generating 98 parsimony trees... 4.828 second
Computing log-likelihood of 98 initial trees ... 11.781 seconds
Current best score: -4558.687

Do NNI search on 20 best initial trees
Estimate model parameters (epsilon = 0.100)
BETTER TREE FOUND at iteration 1: -4532.905
Estimate model parameters (epsilon = 0.100)
BETTER TREE FOUND at iteration 2: -4518.977
Iteration 10 / LogL: -4539.676 / Time: 0h:1m:18s
Iteration 20 / LogL: -4530.050 / Time: 0h:1m:38s
Finish initializing candidate tree set (20)
Current best tree score: -4518.977 / CPU time: 61.627
Number of iterations: 20
--------------------------------------------------------------------
|               OPTIMIZING CANDIDATE TREE SET                      |
--------------------------------------------------------------------
Estimate model parameters (epsilon = 0.100)
BETTER TREE FOUND at iteration 22: -4514.125
Estimate model parameters (epsilon = 0.100)
BETTER TREE FOUND at iteration 26: -4513.041
Estimate model parameters (epsilon = 0.100)
BETTER TREE FOUND at iteration 30: -4512.095
Iteration 30 / LogL: -4512.095 / Time: 0h:2m:1s (0h:6m:57s left)
Iteration 40 / LogL: -4517.288 / Time: 0h:2m:23s (0h:5m:31s left)
Estimate model parameters (epsilon = 0.100)
BETTER TREE FOUND at iteration 43: -4511.790
Estimate model parameters (epsilon = 0.100)
BETTER TREE FOUND at iteration 44: -4510.433
Iteration 50 / LogL: -4512.971 / Time: 0h:2m:44s (0h:5m:15s left)
Log-likelihood cutoff on original alignment: -4567.972
Estimate model parameters (epsilon = 0.100)
BETTER TREE FOUND at iteration 51: -4503.552
Iteration 60 / LogL: -4509.666 / Time: 0h:3m:7s (0h:4m:49s left)
Estimate model parameters (epsilon = 0.100)
BETTER TREE FOUND at iteration 70: -4496.568
Iteration 70 / LogL: -4496.568 / Time: 0h:3m:30s (0h:5m:4s left)
Estimate model parameters (epsilon = 0.100)
BETTER TREE FOUND at iteration 73: -4496.234
Estimate model parameters (epsilon = 0.100)
BETTER TREE FOUND at iteration 76: -4495.434
Iteration 80 / LogL: -4495.667 / Time: 0h:3m:54s (0h:4m:44s left)
Estimate model parameters (epsilon = 0.100)
BETTER TREE FOUND at iteration 83: -4493.352
Estimate model parameters (epsilon = 0.100)
BETTER TREE FOUND at iteration 84: -4493.031
Estimate model parameters (epsilon = 0.100)
BETTER TREE FOUND at iteration 85: -4492.855
Iteration 90 / LogL: -4494.630 / Time: 0h:4m:17s (0h:4m:35s left)
Estimate model parameters (epsilon = 0.100)
BETTER TREE FOUND at iteration 96: -4492.435
Iteration 100 / LogL: -4503.023 / Time: 0h:4m:39s (0h:4m:30s left)
Log-likelihood cutoff on original alignment: -4564.755
NOTE: Bootstrap correlation coefficient of split occurrence frequencies: 0.948
NOTE: UFBoot does not converge, continue at least 100 more iterations
Estimate model parameters (epsilon = 0.100)
BETTER TREE FOUND at iteration 102: -4491.740
Estimate model parameters (epsilon = 0.100)
BETTER TREE FOUND at iteration 103: -4491.212
Iteration 110 / LogL: -4500.374 / Time: 0h:5m:1s (0h:4m:17s left)
Estimate model parameters (epsilon = 0.100)
BETTER TREE FOUND at iteration 119: -4490.951
Iteration 120 / LogL: -4495.498 / Time: 0h:5m:22s (0h:4m:27s left)
Iteration 130 / LogL: -4492.753 / Time: 0h:5m:40s (0h:3m:55s left)
Iteration 140 / LogL: -4492.788 / Time: 0h:5m:58s (0h:3m:23s left)
Estimate model parameters (epsilon = 0.100)
BETTER TREE FOUND at iteration 149: -4490.496
Iteration 150 / LogL: -4504.769 / Time: 0h:6m:17s (0h:4m:10s left)
Log-likelihood cutoff on original alignment: -4564.755
Iteration 160 / LogL: -4496.683 / Time: 0h:6m:39s (0h:3m:43s left)
BETTER TREE FOUND at iteration 166: -4490.494
Iteration 170 / LogL: -4490.939 / Time: 0h:7m:2s (0h:4m:0s left)
Iteration 180 / LogL: -4493.710 / Time: 0h:7m:19s (0h:3m:31s left)
Iteration 190 / LogL: -4495.805 / Time: 0h:7m:37s (0h:3m:4s left)
Iteration 200 / LogL: -4496.817 / Time: 0h:7m:57s (0h:2m:38s left)
Log-likelihood cutoff on original alignment: -4564.755
NOTE: Bootstrap correlation coefficient of split occurrence frequencies: 0.983
NOTE: UFBoot does not converge, continue at least 100 more iterations
BETTER TREE FOUND at iteration 210: -4490.489
Iteration 210 / LogL: -4490.489 / Time: 0h:8m:17s (0h:3m:57s left)
Iteration 220 / LogL: -4491.542 / Time: 0h:8m:34s (0h:3m:31s left)
Iteration 230 / LogL: -4503.594 / Time: 0h:8m:50s (0h:3m:5s left)
Iteration 240 / LogL: -4515.866 / Time: 0h:9m:3s (0h:2m:39s left)
Estimate model parameters (epsilon = 0.100)
BETTER TREE FOUND at iteration 242: -4490.403
Estimate model parameters (epsilon = 0.100)
BETTER TREE FOUND at iteration 244: -4490.374
BETTER TREE FOUND at iteration 246: -4490.373
Iteration 250 / LogL: -4504.122 / Time: 0h:9m:16s (0h:3m:34s left)
Log-likelihood cutoff on original alignment: -4564.755
Iteration 260 / LogL: -4497.160 / Time: 0h:9m:30s (0h:3m:9s left)
Estimate model parameters (epsilon = 0.100)
BETTER TREE FOUND at iteration 269: -4490.284
Iteration 270 / LogL: -4491.027 / Time: 0h:9m:45s (0h:3m:35s left)
Iteration 280 / LogL: -4491.999 / Time: 0h:9m:59s (0h:3m:11s left)
Iteration 290 / LogL: -4495.478 / Time: 0h:10m:12s (0h:2m:47s left)
Iteration 300 / LogL: -4498.048 / Time: 0h:10m:24s (0h:2m:24s left)
Log-likelihood cutoff on original alignment: -4564.755
NOTE: Bootstrap correlation coefficient of split occurrence frequencies: 0.995
Iteration 310 / LogL: -4498.736 / Time: 0h:10m:38s (0h:3m:6s left)
Iteration 320 / LogL: -4496.474 / Time: 0h:10m:52s (0h:2m:43s left)
Iteration 330 / LogL: -4491.489 / Time: 0h:11m:5s (0h:2m:21s left)
Iteration 340 / LogL: -4493.763 / Time: 0h:11m:18s (0h:2m:0s left)
Iteration 350 / LogL: -4490.285 / Time: 0h:11m:33s (0h:1m:39s left)
Log-likelihood cutoff on original alignment: -4564.755
Iteration 360 / LogL: -4494.512 / Time: 0h:11m:47s (0h:1m:18s left)
Iteration 370 / LogL: -4501.828 / Time: 0h:12m:0s (0h:0m:58s left)
TREE SEARCH COMPLETED AFTER 370 ITERATIONS / Time: 0h:12m:0s

--------------------------------------------------------------------
|                    FINALIZING TREE SEARCH                        |
--------------------------------------------------------------------
Performs final model parameters optimization
Estimate model parameters (epsilon = 0.010)
1. Initial log-likelihood: -4490.284
Optimal log-likelihood: -4490.284
Gamma shape alpha: 1.346
Parameters optimization took 1 rounds (0.087 sec)
BEST SCORE FOUND : -4490.284
Creating bootstrap support values...
Split supports printed to NEXUS file /Users/bushrakhan/Desktop/NIPGR-data/MADS-box-Evolutionary-gene-detection/Workflow_Step-by-Step/TASK_7/uploads/Prunus_MADS_ML.splits.nex
Total tree length: 34.579

Total number of iterations: 370
CPU time used for tree search: 664.404 sec (0h:11m:4s)
Wall-clock time used for tree search: 683.000 sec (0h:11m:22s)
Total CPU time used: 699.515 sec (0h:11m:39s)
Total wall-clock time used: 720.933 sec (0h:12m:0s)

Computing bootstrap consensus tree...
Reading input file /Users/bushrakhan/Desktop/NIPGR-data/MADS-box-Evolutionary-gene-detection/Workflow_Step-by-Step/TASK_7/uploads/Prunus_MADS_ML.splits.nex...
166 taxa and 1733 splits.
Consensus tree written to /Users/bushrakhan/Desktop/NIPGR-data/MADS-box-Evolutionary-gene-detection/Workflow_Step-by-Step/TASK_7/uploads/Prunus_MADS_ML.contree
Reading input trees file /Users/bushrakhan/Desktop/NIPGR-data/MADS-box-Evolutionary-gene-detection/Workflow_Step-by-Step/TASK_7/uploads/Prunus_MADS_ML.contree
Log-likelihood of consensus tree: -4490.799

Analysis results written to: 
  IQ-TREE report:                /Users/bushrakhan/Desktop/NIPGR-data/MADS-box-Evolutionary-gene-detection/Workflow_Step-by-Step/TASK_7/uploads/Prunus_MADS_ML.iqtree
  Maximum-likelihood tree:       /Users/bushrakhan/Desktop/NIPGR-data/MADS-box-Evolutionary-gene-detection/Workflow_Step-by-Step/TASK_7/uploads/Prunus_MADS_ML.treefile
  Likelihood distances:          /Users/bushrakhan/Desktop/NIPGR-data/MADS-box-Evolutionary-gene-detection/Workflow_Step-by-Step/TASK_7/uploads/Prunus_MADS_ML.mldist

Ultrafast bootstrap approximation results written to:
  Split support values:          /Users/bushrakhan/Desktop/NIPGR-data/MADS-box-Evolutionary-gene-detection/Workflow_Step-by-Step/TASK_7/uploads/Prunus_MADS_ML.splits.nex
  Consensus tree:                /Users/bushrakhan/Desktop/NIPGR-data/MADS-box-Evolutionary-gene-detection/Workflow_Step-by-Step/TASK_7/uploads/Prunus_MADS_ML.contree
  Screen log file:               /Users/bushrakhan/Desktop/NIPGR-data/MADS-box-Evolutionary-gene-detection/Workflow_Step-by-Step/TASK_7/uploads/Prunus_MADS_ML.log

Date and Time: Sat Apr  4 01:10:18 2026
