IQ-TREE multicore version 1.6.12 for Mac OS X 64-bit built Aug 15 2019
Developed by Bui Quang Minh, Nguyen Lam Tung, Olga Chernomor,
Heiko Schmidt, Dominik Schrempf, Michael Woodhams.

Host:    Bushras-MacBook-Air.local (SSE4.2, 16 GB RAM)
Command: /Users/bushrakhan/Desktop/NIPGR-data/MADS-box-Evolutionary-gene-detection/bin/iqtree -s /Users/bushrakhan/Desktop/NIPGR-data/MADS-box-Evolutionary-gene-detection/Workflow_Step-by-Step/TASK_5/uploads/Glycine_Kbox_Aligned.fa -nt AUTO -m TEST -bb 1000 -pre /Users/bushrakhan/Desktop/NIPGR-data/MADS-box-Evolutionary-gene-detection/Workflow_Step-by-Step/TASK_5/uploads/Glycine_Kbox_ML
Seed:    516117 (Using SPRNG - Scalable Parallel Random Number Generator)
Time:    Sat Apr  4 00:24:04 2026
Kernel:  SSE2 - auto-detect threads (10 CPU cores detected)

Reading alignment file /Users/bushrakhan/Desktop/NIPGR-data/MADS-box-Evolutionary-gene-detection/Workflow_Step-by-Step/TASK_5/uploads/Glycine_Kbox_Aligned.fa ... Fasta format detected
Alignment most likely contains protein sequences
Alignment has 195 sequences with 120 columns, 115 distinct patterns
92 parsimony-informative, 6 singleton sites, 22 constant sites
WARNING: Some sequence names are changed as follows:
AT1G69120.1|PACid:19653480_85_172 -> AT1G69120.1_PACid_19653480_85_172
AT1G26310.1|PACid:19650942_85_174 -> AT1G26310.1_PACid_19650942_85_174
AT5G60910.2|PACid:19670615_23_110 -> AT5G60910.2_PACid_19670615_23_110
AT5G60910.1|PACid:19670614_85_172 -> AT5G60910.1_PACid_19670614_85_172
AT2G45650.1|PACid:19638787_83_170 -> AT2G45650.1_PACid_19638787_83_170
AT3G58780.2|PACid:19662660_93_179 -> AT3G58780.2_PACid_19662660_93_179
AT3G58780.1|PACid:19662659_100_186 -> AT3G58780.1_PACid_19662659_100_186
AT3G58780.3|PACid:19662658_125_211 -> AT3G58780.3_PACid_19662658_125_211
AT4G18960.1|PACid:19647337_102_187 -> AT4G18960.1_PACid_19647337_102_187
AT4G18960.2|PACid:19647338_88_173 -> AT4G18960.2_PACid_19647338_88_173
AT2G45660.1|PACid:19641052_83_171 -> AT2G45660.1_PACid_19641052_83_171
AT2G42830.1|PACid:19643528_100_186 -> AT2G42830.1_PACid_19643528_100_186
AT5G15800.1|PACid:19670123_84_172 -> AT5G15800.1_PACid_19670123_84_172
AT5G15800.2|PACid:19670122_84_172 -> AT5G15800.2_PACid_19670122_84_172
AT4G09960.1|PACid:19648309_86_171 -> AT4G09960.1_PACid_19648309_86_171
AT4G37940.1|PACid:19644309_83_171 -> AT4G37940.1_PACid_19644309_83_171
AT4G37940.1|PACid:19644309_159_183 -> AT4G37940.1_PACid_19644309_159_183
AT4G09960.3|PACid:19648307_112_197 -> AT4G09960.3_PACid_19648307_112_197
AT1G24260.2|PACid:19651403_93_175 -> AT1G24260.2_PACid_19651403_93_175
AT3G02310.1|PACid:19661943_84_172 -> AT3G02310.1_PACid_19661943_84_172
AT2G42830.2|PACid:19643527_100_188 -> AT2G42830.2_PACid_19643527_100_188
AT1G24260.1|PACid:19651404_92_174 -> AT1G24260.1_PACid_19651404_92_174
AT4G22950.1|PACid:19647692_83_169 -> AT4G22950.1_PACid_19647692_83_169
AT3G57230.1|PACid:19665060_82_170 -> AT3G57230.1_PACid_19665060_82_170
AT3G57230.1|PACid:19665060_165_184 -> AT3G57230.1_PACid_19665060_165_184
AT3G61120.1|PACid:19662463_85_168 -> AT3G61120.1_PACid_19662463_85_168
AT2G14210.1|PACid:19638394_83_170 -> AT2G14210.1_PACid_19638394_83_170
AT2G14210.1|PACid:19638394_170_185 -> AT2G14210.1_PACid_19638394_170_185
AT2G03710.3|PACid:19640310_85_172 -> AT2G03710.3_PACid_19640310_85_172
AT2G22630.1|PACid:19642313_83_171 -> AT2G22630.1_PACid_19642313_83_171
AT2G22630.1|PACid:19642313_165_183 -> AT2G22630.1_PACid_19642313_165_183
AT2G03710.2|PACid:19640309_85_173 -> AT2G03710.2_PACid_19640309_85_173
AT2G03710.1|PACid:19640308_85_173 -> AT2G03710.1_PACid_19640308_85_173
AT4G11880.1|PACid:19643844_84_171 -> AT4G11880.1_PACid_19643844_84_171
AT4G09960.4|PACid:19648308_86_175 -> AT4G09960.4_PACid_19648308_86_175
AT3G30260.1|PACid:19662130_87_171 -> AT3G30260.1_PACid_19662130_87_171
AT5G62165.1|PACid:19672595_84_170 -> AT5G62165.1_PACid_19672595_84_170
AT5G62165.2|PACid:19672596_84_170 -> AT5G62165.2_PACid_19672596_84_170
AT5G62165.3|PACid:19672597_84_170 -> AT5G62165.3_PACid_19672597_84_170
AT1G24260.3|PACid:19651405_93_160 -> AT1G24260.3_PACid_19651405_93_160
AT5G51870.1|PACid:19672300_88_172 -> AT5G51870.1_PACid_19672300_88_172
AT5G51870.3|PACid:19672299_88_171 -> AT5G51870.3_PACid_19672299_88_171
AT5G23260.2|PACid:19667542_82_170 -> AT5G23260.2_PACid_19667542_82_170
AT5G13790.1|PACid:19669343_75_165 -> AT5G13790.1_PACid_19669343_75_165
AT5G51860.2|PACid:19671372_89_172 -> AT5G51860.2_PACid_19671372_89_172
AT1G71692.1|PACid:19653064_99_180 -> AT1G71692.1_PACid_19653064_99_180
AT5G51860.1|PACid:19671371_89_171 -> AT5G51860.1_PACid_19671371_89_171
AT4G09960.2|PACid:19648310_86_165 -> AT4G09960.2_PACid_19648310_86_165
AT5G62165.5|PACid:19672599_43_117 -> AT5G62165.5_PACid_19672599_43_117
AT4G24540.1|PACid:19648389_91_172 -> AT4G24540.1_PACid_19648389_91_172
AT3G57390.2|PACid:19659473_34_118 -> AT3G57390.2_PACid_19659473_34_118
AT3G57390.1|PACid:19659472_95_179 -> AT3G57390.1_PACid_19659472_95_179
AT2G22540.2|PACid:19641564_87_165 -> AT2G22540.2_PACid_19641564_87_165
AT2G22540.1|PACid:19641563_92_170 -> AT2G22540.1_PACid_19641563_92_170
AT2G22540.1|PACid:19641563_166_184 -> AT2G22540.1_PACid_19641563_166_184
AT3G54340.1|PACid:19659884_81_168 -> AT3G54340.1_PACid_19659884_81_168
AT5G20240.1|PACid:19673101_81_164 -> AT5G20240.1_PACid_19673101_81_164
AT3G57230.2|PACid:19665061_106_169 -> AT3G57230.2_PACid_19665061_106_169
AT3G57230.2|PACid:19665061_164_183 -> AT3G57230.2_PACid_19665061_164_183
AT5G51870.2|PACid:19672301_88_148 -> AT5G51870.2_PACid_19672301_88_148
AT5G23260.1|PACid:19667543_82_165 -> AT5G23260.1_PACid_19667543_82_165
AT5G62165.4|PACid:19672598_84_157 -> AT5G62165.4_PACid_19672598_84_157
AT5G23260.3|PACid:19667544_82_152 -> AT5G23260.3_PACid_19667544_82_152
AT5G10140.2|PACid:19672042_89_164 -> AT5G10140.2_PACid_19672042_89_164
AT5G10140.1|PACid:19672039_89_164 -> AT5G10140.1_PACid_19672039_89_164
AT5G10140.3|PACid:19672040_89_164 -> AT5G10140.3_PACid_19672040_89_164
AT2G41470.1|PACid:19641817_21_83 -> AT2G41470.1_PACid_19641817_21_83
AT2G41470.1|PACid:19641817_120_196 -> AT2G41470.1_PACid_19641817_120_196
AT2G41470.1|PACid:19641817_249_309 -> AT2G41470.1_PACid_19641817_249_309
AT2G41470.1|PACid:19641817_355_410 -> AT2G41470.1_PACid_19641817_355_410
AT1G77080.2|PACid:19652599_93_160 -> AT1G77080.2_PACid_19652599_93_160
AT1G77080.5|PACid:19652600_96_164 -> AT1G77080.5_PACid_19652600_96_164
AT5G65060.1|PACid:19668928_96_164 -> AT5G65060.1_PACid_19668928_96_164
AT1G77080.4|PACid:19652598_96_164 -> AT1G77080.4_PACid_19652598_96_164
AT5G65050.2|PACid:19667307_98_164 -> AT5G65050.2_PACid_19667307_98_164
AT5G65080.1|PACid:19670372_101_170 -> AT5G65080.1_PACid_19670372_101_170
AT5G65050.3|PACid:19667305_98_164 -> AT5G65050.3_PACid_19667305_98_164
AT5G65080.2|PACid:19670373_93_162 -> AT5G65080.2_PACid_19670373_93_162
AT5G65060.2|PACid:19668929_102_153 -> AT5G65060.2_PACid_19668929_102_153
AT5G65070.2|PACid:19666741_141_195 -> AT5G65070.2_PACid_19666741_141_195
AT5G65070.1|PACid:19666742_110_164 -> AT5G65070.1_PACid_19666742_110_164
AT5G65070.3|PACid:19666740_142_196 -> AT5G65070.3_PACid_19666740_142_196
AT5G10140.4|PACid:19672041_90_154 -> AT5G10140.4_PACid_19672041_90_154
AT1G77080.3|PACid:19652601_82_126 -> AT1G77080.3_PACid_19652601_82_126
AT1G31150.1|PACid:19651250_574_639 -> AT1G31150.1_PACid_19651250_574_639
AT5G65050.1|PACid:19667306_98_149 -> AT5G65050.1_PACid_19667306_98_149
AT1G31140.2|PACid:19657777_95_158 -> AT1G31140.2_PACid_19657777_95_158
AT1G31140.1|PACid:19657778_95_156 -> AT1G31140.1_PACid_19657778_95_156
AT2G41445.1|PACid:19641714_37_93 -> AT2G41445.1_PACid_19641714_37_93
AT2G41445.1|PACid:19641714_149_217 -> AT2G41445.1_PACid_19641714_149_217
AT1G77950.1|PACid:19656697_125_198 -> AT1G77950.1_PACid_19656697_125_198
AT1G77950.2|PACid:19656698_125_198 -> AT1G77950.2_PACid_19656698_125_198
AT1G22130.1|PACid:19651829_125_192 -> AT1G22130.1_PACid_19651829_125_192
AT1G77980.1|PACid:19650219_124_189 -> AT1G77980.1_PACid_19650219_124_189
AT2G41440.1|PACid:19638798_42_120 -> AT2G41440.1_PACid_19638798_42_120
AT2G41440.1|PACid:19638798_151_202 -> AT2G41440.1_PACid_19638798_151_202
AT2G41440.2|PACid:19638799_33_84 -> AT2G41440.2_PACid_19638799_33_84
AT1G69540.1|PACid:19658298_146_182 -> AT1G69540.1_PACid_19658298_146_182
AT1G59810.1|PACid:19650751_99_152 -> AT1G59810.1_PACid_19650751_99_152
AT2G03060.2|PACid:19640478_88_99 -> AT2G03060.2_PACid_19640478_88_99
AT2G03060.2|PACid:19640478_114_176 -> AT2G03060.2_PACid_19640478_114_176
AT4G27630.1|PACid:19644925_67_96 -> AT4G27630.1_PACid_19644925_67_96
AT4G27630.1|PACid:19644925_136_162 -> AT4G27630.1_PACid_19644925_136_162
AT2G11620.1|PACid:19641263_210_250 -> AT2G11620.1_PACid_19641263_210_250
AT2G11620.1|PACid:19641263_324_348 -> AT2G11620.1_PACid_19641263_324_348
AT2G11620.1|PACid:19641263_364_388 -> AT2G11620.1_PACid_19641263_364_388
AT2G11620.1|PACid:19641263_406_426 -> AT2G11620.1_PACid_19641263_406_426
AT2G11620.1|PACid:19641263_442_465 -> AT2G11620.1_PACid_19641263_442_465

                                    Gap/Ambiguity  Composition  p-value
   1  Glyma.16G091300.1.p_Kbox             25.83%    passed     95.47%
   2  Glyma.01G064200.1.p_Kbox             25.83%    passed     54.24%
   3  Glyma.08G269800.1.p_Kbox             25.83%    passed     94.89%
   4  Glyma.02G121600.1.p_Kbox             25.83%    passed     88.16%
   5  Glyma.06G205800.1.p_Kbox             25.00%    passed     88.46%
   6  Glyma.04G159300.1.p_Kbox             28.33%    passed     91.73%
   7  Glyma.07G081300.1.p_Kbox             28.33%    passed     94.14%
   8  Glyma.15G088600.1.p_Kbox             26.67%    passed     61.56%
   9  Glyma.13G223300.1.p_Kbox             26.67%    passed     56.84%
  10  Glyma.03G019400.1.p_Kbox             28.33%    passed     94.03%
  11  Glyma.14G183800.2.p_Kbox             26.67%    passed     97.77%
  12  Glyma.13G255200.6.p_Kbox             25.83%    passed     88.25%
  13  Glyma.18G273500.1.p_Kbox             29.17%    passed     92.91%
  14  Glyma.13G052700.1.p_Kbox             29.17%    passed     86.42%
  15  Glyma.19G034500.1.p_Kbox             29.17%    passed     86.42%
  16  Glyma.06G324400.2.p_Kbox             27.50%    passed     92.79%
  17  Glyma.04G257100.1.p_Kbox             27.50%    passed     92.79%
  18  Glyma.15G059600.2.p_Kbox             25.83%    passed     84.62%
  19  Glyma.08G250700.1.p_Kbox             29.17%    passed     75.23%
  20  Glyma.08G120600.1.p_Kbox             26.67%    passed     59.96%
  21  Glyma.18G224500.1.p_Kbox             26.67%    passed     77.36%
  22  Glyma.09G266200.6.p_Kbox             26.67%    passed     77.81%
  23  Glyma.19G034600.1.p_Kbox             26.67%    passed     95.82%
  24  Glyma.02G287700.3.p_Kbox             26.67%    passed     64.49%
  25  Glyma.08G105500.1.p_Kbox             31.67%    passed     18.43%
  26  Glyma.05G148800.1.p_Kbox             31.67%    passed     30.63%
  27  Glyma.17G081200.1.p_Kbox             27.50%    passed     79.65%
  28  Glyma.14G027251.1.p_Kbox             26.67%    passed     56.99%
  29  Glyma.08G250800.3.p_Kbox             27.50%    passed     94.45%
  30  Glyma.13G052100.1.p_Kbox             25.83%    passed     69.88%
  31  Glyma.18G105800.1.p_Kbox             26.67%    passed     91.36%
  32  Glyma.08G310100.1.p_Kbox             26.67%    passed     91.36%
  33  Glyma.18G004700.4.p_Kbox             30.83%    passed     24.39%
  34  Glyma.11G252300.1.p_Kbox             30.83%    passed     34.69%
  35  Glyma.09G266400.4.p_Kbox             29.17%    passed     96.96%
  36  Glyma.07G080900.4.p_Kbox             27.50%    passed     69.15%
  37  Glyma.09G201700.1.p_Kbox             25.00%    passed     62.17%
  38  Glyma.05G018900.1.p_Kbox             29.17%    passed     68.37%
  39  Glyma.02G121500.1.p_Kbox             26.67%    passed     94.83%
  40  Glyma.05G163200.1.p_Kbox             25.83%    passed     42.21%
  41  Glyma.05G018800.1.p_Kbox             24.17%    passed     96.94%
  42  Glyma.08G065300.1.p_Kbox             27.50%    passed     43.59%
  43  Glyma.01G064100.1.p_Kbox             26.67%    passed     90.94%
  44  Glyma.17G080900.1.p_Kbox             29.17%    passed     81.44%
  45  Glyma.08G065400.2.p_Kbox             26.67%    passed     63.38%
  46  Glyma.01G020500.3.p_Kbox             25.00%    passed     37.96%
  47  Glyma.02G216600.13.p_Kbox            48.33%    passed     57.63%
  48  Glyma.18G273600.2.p_Kbox             31.67%    passed     14.16%
  49  Glyma.12G005000.1.p_Kbox             31.67%    passed     10.14%
  50  Glyma.10G240500.1.p_Kbox             30.00%    passed     71.98%
  51  Glyma.20G154200.3.p_Kbox             30.83%    passed     90.97%
  52  Glyma.17G132700.5.p_Kbox             30.83%    passed     66.14%
  53  Glyma.09G149000.1.p_Kbox             27.50%    passed     39.30%
  54  Glyma.18G224300.2.p_Kbox             25.83%    passed     96.44%
  55  Glyma.05G050700.1.p_Kbox             29.17%    passed     75.02%
  56  Glyma.06G117600.1.p_Kbox             31.67%    passed     80.57%
  57  Glyma.04G245500.2.p_Kbox             31.67%    passed     58.91%
  58  Glyma.03G019300.1.p_Kbox             33.33%    passed     43.90%
  59  Glyma.14G155100.1.p_Kbox             33.33%    passed     89.11%
  60  Glyma.06G027200.1.p_Kbox             27.50%    passed     18.43%
  61  Glyma.13G034100.2.p_Kbox             33.33%    passed     66.77%
  62  Glyma.10G240900.1.p_Kbox             26.67%    passed     39.54%
  63  Glyma.04G027200.1.p_Kbox             27.50%    passed     34.42%
  64  Glyma.20G001900.1.p_Kbox             32.50%    passed     19.10%
  65  Glyma.20G153700.3.p_Kbox             26.67%    passed     53.50%
  66  Glyma.16G200700.1.p_Kbox             27.50%    passed     29.66%
  67  Glyma.09G283800.3.p_Kbox             29.17%    passed     50.66%
  68  Glyma.09G231600.4.p_Kbox             30.00%    passed     13.11%
  69  Glyma.01G169600.1.p_Kbox             25.83%    passed     47.14%
  70  Glyma.11G158812.1.p_Kbox             28.33%    passed     54.24%
  71  Glyma.02G041500.1.p_Kbox             32.50%    passed     92.29%
  72  Glyma.01G023500.1.p_Kbox             32.50%    passed     89.23%
  73  Glyma.07G181600.7.p_Kbox             37.50%    passed     90.83%
  74  Glyma.06G095700.1.p_Kbox             32.50%    passed     61.50%
  75  Glyma.13G256900.1.p_Kbox             29.17%    passed     92.60%
  76  Glyma.08G068200.8.p_Kbox             37.50%    passed     82.44%
  77  Glyma.02G185500.3.p_Kbox             34.17%    passed     90.54%
  78  Glyma.11G073700.5.p_Kbox             15.00%    passed     24.41%
  79  Glyma.05G148700.2.p_Kbox             45.83%    passed     69.02%
  80  Glyma.15G058000.2.p_Kbox             29.17%    passed     90.50%
  81  Glyma.13G257000.7.p_Kbox             36.67%    passed      9.86%
  82  Glyma.08G105400.1.p_Kbox             32.50%    passed     17.14%
  83  Glyma.15G057900.2.p_Kbox             38.33%    passed     23.74%
  84  Glyma.13G086400.1.p_Kbox             43.33%    passed     52.66%
  85  Glyma.14G168700.1.p_Kbox             43.33%    passed     66.64%
  86  Glyma.07G228900.1.p_Kbox             38.33%    passed     45.91%
  87  Glyma.20G034000.3.p_Kbox             64.17%    passed     75.14%
  88  AT1G69120.1_PACid_19653480_85_172    50.00%    passed     92.28%
  89  AT1G26310.1_PACid_19650942_85_174    50.00%    passed     95.48%
  90  AT5G60910.2_PACid_19670615_23_110    50.00%    passed     74.98%
  91  AT5G60910.1_PACid_19670614_85_172    50.00%    passed     74.98%
  92  AT2G45650.1_PACid_19638787_83_170    50.00%    passed     11.51%
  93  AT3G58780.2_PACid_19662660_93_179    50.00%    passed     78.63%
  94  AT3G58780.1_PACid_19662659_100_186   50.00%    passed     78.63%
  95  AT3G58780.3_PACid_19662658_125_211   50.00%    passed     78.63%
  96  AT4G18960.1_PACid_19647337_102_187   50.00%    passed     38.79%
  97  AT4G18960.2_PACid_19647338_88_173    50.00%    passed     38.79%
  98  AT2G45660.1_PACid_19641052_83_171    50.00%    passed     33.45%
  99  AT2G42830.1_PACid_19643528_100_186   50.00%    passed     93.66%
 100  AT5G15800.1_PACid_19670123_84_172    50.00%    passed     24.67%
 101  AT5G15800.2_PACid_19670122_84_172    50.00%    passed     24.67%
 102  AT4G09960.1_PACid_19648309_86_171    50.00%    passed     79.45%
 103  AT4G37940.1_PACid_19644309_83_171    50.00%    passed     67.70%
 104  AT4G37940.1_PACid_19644309_159_183   79.17%    passed     92.83%
 105  AT4G09960.3_PACid_19648307_112_197   50.00%    passed     79.45%
 106  AT1G24260.2_PACid_19651403_93_175    50.00%    passed     72.98%
 107  AT3G02310.1_PACid_19661943_84_172    50.00%    passed     20.02%
 108  AT2G42830.2_PACid_19643527_100_188   50.00%    passed     93.66%
 109  AT1G24260.1_PACid_19651404_92_174    50.00%    passed     72.98%
 110  AT4G22950.1_PACid_19647692_83_169    50.00%    passed     83.79%
 111  AT3G57230.1_PACid_19665060_82_170    50.00%    passed     82.92%
 112  AT3G57230.1_PACid_19665060_165_184   83.33%    passed     15.39%
 113  AT3G61120.1_PACid_19662463_85_168    50.00%    passed     56.92%
 114  AT2G14210.1_PACid_19638394_83_170    50.00%    passed     92.50%
 115  AT2G14210.1_PACid_19638394_170_185   86.67%    passed     33.34%
 116  AT2G03710.3_PACid_19640310_85_172    50.00%    passed     92.17%
 117  AT2G22630.1_PACid_19642313_83_171    50.00%    passed     96.54%
 118  AT2G22630.1_PACid_19642313_165_183   84.17%    passed     95.05%
 119  AT2G03710.2_PACid_19640309_85_173    50.00%    passed     92.17%
 120  AT2G03710.1_PACid_19640308_85_173    50.00%    passed     92.17%
 121  AT4G11880.1_PACid_19643844_84_171    50.00%    passed     95.95%
 122  AT4G09960.4_PACid_19648308_86_175    50.00%    passed     79.45%
 123  AT3G30260.1_PACid_19662130_87_171    50.00%    passed     39.82%
 124  AT5G62165.1_PACid_19672595_84_170    50.00%    passed     79.69%
 125  AT5G62165.2_PACid_19672596_84_170    50.00%    passed     79.69%
 126  AT5G62165.3_PACid_19672597_84_170    50.00%    passed     79.69%
 127  AT1G24260.3_PACid_19651405_93_160    50.00%    passed     72.98%
 128  AT5G51870.1_PACid_19672300_88_172    50.00%    passed     90.53%
 129  AT5G51870.3_PACid_19672299_88_171    50.00%    passed     90.53%
 130  AT5G23260.2_PACid_19667542_82_170    50.00%    failed      0.03%
 131  AT5G13790.1_PACid_19669343_75_165    50.00%    passed     94.67%
 132  AT5G51860.2_PACid_19671372_89_172    50.00%    passed     29.45%
 133  AT1G71692.1_PACid_19653064_99_180    50.00%    passed     21.63%
 134  AT5G51860.1_PACid_19671371_89_171    50.00%    passed     29.45%
 135  AT4G09960.2_PACid_19648310_86_165    50.00%    passed     62.77%
 136  AT5G62165.5_PACid_19672599_43_117    50.00%    passed     29.83%
 137  AT4G24540.1_PACid_19648389_91_172    50.00%    passed     31.82%
 138  AT3G57390.2_PACid_19659473_34_118    50.00%    passed     99.59%
 139  AT3G57390.1_PACid_19659472_95_179    50.00%    passed     99.59%
 140  AT2G22540.2_PACid_19641564_87_165    50.00%    passed     81.12%
 141  AT2G22540.1_PACid_19641563_92_170    50.00%    passed     81.12%
 142  AT2G22540.1_PACid_19641563_166_184   84.17%    passed     49.43%
 143  AT3G54340.1_PACid_19659884_81_168    50.00%    passed     30.92%
 144  AT5G20240.1_PACid_19673101_81_164    50.00%    passed     32.61%
 145  AT3G57230.2_PACid_19665061_106_169   50.00%    passed     64.49%
 146  AT3G57230.2_PACid_19665061_164_183   83.33%    passed     15.39%
 147  AT5G51870.2_PACid_19672301_88_148    50.00%    passed     60.25%
 148  AT5G23260.1_PACid_19667543_82_165    50.00%    failed      0.03%
 149  AT5G62165.4_PACid_19672598_84_157    50.00%    passed     81.47%
 150  AT5G23260.3_PACid_19667544_82_152    50.00%    failed      0.03%
 151  AT5G10140.2_PACid_19672042_89_164    50.00%    passed     21.17%
 152  AT5G10140.1_PACid_19672039_89_164    50.00%    passed     21.17%
 153  AT5G10140.3_PACid_19672040_89_164    50.00%    passed     21.17%
 154  AT2G41470.1_PACid_19641817_21_83     50.00%    passed     31.60%
 155  AT2G41470.1_PACid_19641817_120_196   50.00%    passed     31.33%
 156  AT2G41470.1_PACid_19641817_249_309   50.00%    passed     66.79%
 157  AT2G41470.1_PACid_19641817_355_410   53.33%    failed      0.36%
 158  AT1G77080.2_PACid_19652599_93_160    50.00%    passed     45.90%
 159  AT1G77080.5_PACid_19652600_96_164    50.00%    passed     52.59%
 160  AT5G65060.1_PACid_19668928_96_164    50.00%    passed     42.23%
 161  AT1G77080.4_PACid_19652598_96_164    50.00%    passed     52.59%
 162  AT5G65050.2_PACid_19667307_98_164    50.00%    passed     50.47%
 163  AT5G65080.1_PACid_19670372_101_170   50.00%    passed     82.04%
 164  AT5G65050.3_PACid_19667305_98_164    50.00%    passed     50.47%
 165  AT5G65080.2_PACid_19670373_93_162    50.00%    passed     82.04%
 166  AT5G65060.2_PACid_19668929_102_153   56.67%    passed     65.76%
 167  AT5G65070.2_PACid_19666741_141_195   54.17%    passed     79.38%
 168  AT5G65070.1_PACid_19666742_110_164   54.17%    passed     79.38%
 169  AT5G65070.3_PACid_19666740_142_196   54.17%    passed     79.38%
 170  AT5G10140.4_PACid_19672041_90_154    50.00%    passed     20.21%
 171  AT1G77080.3_PACid_19652601_82_126    62.50%    passed     19.45%
 172  AT1G31150.1_PACid_19651250_574_639   50.00%    passed     67.10%
 173  AT5G65050.1_PACid_19667306_98_149    56.67%    passed     36.74%
 174  AT1G31140.2_PACid_19657777_95_158    50.00%    passed     81.23%
 175  AT1G31140.1_PACid_19657778_95_156    50.00%    passed     66.34%
 176  AT2G41445.1_PACid_19641714_37_93     52.50%    passed     48.35%
 177  AT2G41445.1_PACid_19641714_149_217   50.00%    failed      4.11%
 178  AT1G77950.1_PACid_19656697_125_198   50.00%    failed      4.30%
 179  AT1G77950.2_PACid_19656698_125_198   50.00%    failed      4.30%
 180  AT1G22130.1_PACid_19651829_125_192   50.00%    failed      2.23%
 181  AT1G77980.1_PACid_19650219_124_189   50.00%    failed      4.24%
 182  AT2G41440.1_PACid_19638798_42_120    50.00%    passed     80.18%
 183  AT2G41440.1_PACid_19638798_151_202   56.67%    failed      4.96%
 184  AT2G41440.2_PACid_19638799_33_84     56.67%    failed      4.96%
 185  AT1G69540.1_PACid_19658298_146_182   69.17%    passed      9.37%
 186  AT1G59810.1_PACid_19650751_99_152    55.00%    passed     64.03%
 187  AT2G03060.2_PACid_19640478_88_99     90.00%    passed     66.87%
 188  AT2G03060.2_PACid_19640478_114_176   50.00%    passed     53.58%
 189  AT4G27630.1_PACid_19644925_67_96     75.00%    failed      4.58%
 190  AT4G27630.1_PACid_19644925_136_162   77.50%    passed     91.37%
 191  AT2G11620.1_PACid_19641263_210_250   65.83%    failed      0.00%
 192  AT2G11620.1_PACid_19641263_324_348   79.17%    failed      0.00%
 193  AT2G11620.1_PACid_19641263_364_388   79.17%    passed     18.16%
 194  AT2G11620.1_PACid_19641263_406_426   82.50%    passed     16.49%
 195  AT2G11620.1_PACid_19641263_442_465   80.00%    failed      0.90%
WARNING: 27 sequences contain more than 50% gaps/ambiguity
****  TOTAL                                43.71%  15 sequences failed composition chi2 test (p-value<5%; df=19)
NOTE: Glyma.19G034500.1.p_Kbox is identical to Glyma.13G052700.1.p_Kbox but kept for subsequent analysis
NOTE: Glyma.04G257100.1.p_Kbox is identical to Glyma.06G324400.2.p_Kbox but kept for subsequent analysis
NOTE: Glyma.08G310100.1.p_Kbox is identical to Glyma.18G105800.1.p_Kbox but kept for subsequent analysis
NOTE: AT5G60910.1_PACid_19670614_85_172 is identical to AT5G60910.2_PACid_19670615_23_110 but kept for subsequent analysis
NOTE: AT3G58780.1_PACid_19662659_100_186 is identical to AT3G58780.2_PACid_19662660_93_179 but kept for subsequent analysis
NOTE: AT4G18960.2_PACid_19647338_88_173 is identical to AT4G18960.1_PACid_19647337_102_187 but kept for subsequent analysis
NOTE: AT2G42830.2_PACid_19643527_100_188 is identical to AT2G42830.1_PACid_19643528_100_186 but kept for subsequent analysis
NOTE: AT5G15800.2_PACid_19670122_84_172 is identical to AT5G15800.1_PACid_19670123_84_172 but kept for subsequent analysis
NOTE: AT4G09960.3_PACid_19648307_112_197 is identical to AT4G09960.1_PACid_19648309_86_171 but kept for subsequent analysis
NOTE: AT1G24260.1_PACid_19651404_92_174 is identical to AT1G24260.2_PACid_19651403_93_175 but kept for subsequent analysis
NOTE: AT3G57230.2_PACid_19665061_164_183 is identical to AT3G57230.1_PACid_19665060_165_184 but kept for subsequent analysis
NOTE: AT2G03710.2_PACid_19640309_85_173 is identical to AT2G03710.3_PACid_19640310_85_172 but kept for subsequent analysis
NOTE: AT5G62165.2_PACid_19672596_84_170 is identical to AT5G62165.1_PACid_19672595_84_170 but kept for subsequent analysis
NOTE: AT5G51870.3_PACid_19672299_88_171 is identical to AT5G51870.1_PACid_19672300_88_172 but kept for subsequent analysis
NOTE: AT5G23260.1_PACid_19667543_82_165 is identical to AT5G23260.2_PACid_19667542_82_170 but kept for subsequent analysis
NOTE: AT5G51860.1_PACid_19671371_89_171 is identical to AT5G51860.2_PACid_19671372_89_172 but kept for subsequent analysis
NOTE: AT3G57390.1_PACid_19659472_95_179 is identical to AT3G57390.2_PACid_19659473_34_118 but kept for subsequent analysis
NOTE: AT2G22540.1_PACid_19641563_92_170 is identical to AT2G22540.2_PACid_19641564_87_165 but kept for subsequent analysis
NOTE: AT5G10140.1_PACid_19672039_89_164 is identical to AT5G10140.2_PACid_19672042_89_164 but kept for subsequent analysis
NOTE: AT1G77080.4_PACid_19652598_96_164 is identical to AT1G77080.5_PACid_19652600_96_164 but kept for subsequent analysis
NOTE: AT5G65050.3_PACid_19667305_98_164 is identical to AT5G65050.2_PACid_19667307_98_164 but kept for subsequent analysis
NOTE: AT5G65080.2_PACid_19670373_93_162 is identical to AT5G65080.1_PACid_19670372_101_170 but kept for subsequent analysis
NOTE: AT5G65070.1_PACid_19666742_110_164 is identical to AT5G65070.2_PACid_19666741_141_195 but kept for subsequent analysis
NOTE: AT1G77950.2_PACid_19656698_125_198 is identical to AT1G77950.1_PACid_19656697_125_198 but kept for subsequent analysis
NOTE: AT2G41440.2_PACid_19638799_33_84 is identical to AT2G41440.1_PACid_19638798_151_202 but kept for subsequent analysis
NOTE: 8 identical sequences (see below) will be ignored for subsequent analysis
NOTE: AT3G58780.3_PACid_19662658_125_211 (identical to AT3G58780.2_PACid_19662660_93_179) is ignored but added at the end
NOTE: AT4G09960.4_PACid_19648308_86_175 (identical to AT4G09960.1_PACid_19648309_86_171) is ignored but added at the end
NOTE: AT1G24260.3_PACid_19651405_93_160 (identical to AT1G24260.2_PACid_19651403_93_175) is ignored but added at the end
NOTE: AT2G03710.1_PACid_19640308_85_173 (identical to AT2G03710.3_PACid_19640310_85_172) is ignored but added at the end
NOTE: AT5G62165.3_PACid_19672597_84_170 (identical to AT5G62165.1_PACid_19672595_84_170) is ignored but added at the end
NOTE: AT5G23260.3_PACid_19667544_82_152 (identical to AT5G23260.2_PACid_19667542_82_170) is ignored but added at the end
NOTE: AT5G10140.3_PACid_19672040_89_164 (identical to AT5G10140.2_PACid_19672042_89_164) is ignored but added at the end
NOTE: AT5G65070.3_PACid_19666740_142_196 (identical to AT5G65070.2_PACid_19666741_141_195) is ignored but added at the end

For your convenience alignment with unique sequences printed to /Users/bushrakhan/Desktop/NIPGR-data/MADS-box-Evolutionary-gene-detection/Workflow_Step-by-Step/TASK_5/uploads/Glycine_Kbox_ML.uniqueseq.phy


Create initial parsimony tree by phylogenetic likelihood library (PLL)... 0.048 seconds
NOTE: ModelFinder requires 16 MB RAM!
ModelFinder will test 168 protein models (sample size: 120) ...
 No. Model         -LnL         df  AIC          AICc         BIC
Measuring multi-threading efficiency up to 10 CPU cores
Increase to 10 rounds for branch lengths
34 trees examined
Threads: 1 / Time: 10.037 sec / Speedup: 1.000 / Efficiency: 100% / LogL: -26357
Threads: 2 / Time: 8.511 sec / Speedup: 1.179 / Efficiency: 59% / LogL: -26357
Threads: 3 / Time: 12.406 sec / Speedup: 0.809 / Efficiency: 27% / LogL: -26357
BEST NUMBER OF THREADS: 2

  1  Dayhoff       12342.917    371 25427.833    301451.833   26461.993
  2  Dayhoff+I     12342.747    372 25429.494    302941.494   26466.441
  3  Dayhoff+G4    12188.444    372 25120.888    302632.888   26157.835
  4  Dayhoff+I+G4  12188.452    373 25122.904    304126.904   26162.638
  5  Dayhoff+F     12379.011    390 25538.021    330518.021   26625.143
  6  Dayhoff+F+I   12378.964    391 25539.928    332083.928   26629.838
  7  Dayhoff+F+G4  12216.761    391 25215.523    331759.523   26305.432
  8  Dayhoff+F+I+G4 12216.755    392 25217.510    333329.510   26310.207
  9  mtMAM         13120.146    371 26982.292    303006.292   28016.451
 10  mtMAM+I       13120.142    372 26984.283    304496.283   28021.230
 11  mtMAM+G4      12743.965    372 26231.931    303743.931   27268.878
 12  mtMAM+I+G4    12743.964    373 26233.929    305237.929   27273.663
 13  mtMAM+F       12647.506    390 26075.013    331055.013   27162.135
 14  mtMAM+F+I     12647.481    391 26076.963    332620.963   27166.872
 15  mtMAM+F+G4    12451.318    391 25684.636    332228.636   26774.545
 16  mtMAM+F+I+G4  12451.280    392 25686.559    333798.559   26779.256
 17  JTT           12168.923    371 25079.846    301103.846   26114.005
 18  JTT+I         12168.832    372 25081.663    302593.663   26118.610
 19  JTT+G4        12019.276    372 24782.552    302294.552   25819.499
 20  JTT+I+G4      12019.268    373 24784.535    303788.535   25824.270
 21  JTT+F         12190.304    390 25160.608    330140.608   26247.730
 22  JTT+F+I       12190.227    391 25162.453    331706.453   26252.362
 23  JTT+F+G4      12037.369    391 24856.739    331400.739   25946.648
 24  JTT+F+I+G4    12037.366    392 24858.732    332970.732   25951.428
 25  WAG           12258.400    371 25258.801    301282.801   26292.960
 26  WAG+I         12258.387    372 25260.775    302772.775   26297.722
 27  WAG+G4        12104.429    372 24952.858    302464.858   25989.805
 28  WAG+I+G4      12104.429    373 24954.858    303958.858   25994.592
 29  WAG+F         12413.583    390 25607.167    330587.167   26694.288
 30  WAG+F+I       12413.574    391 25609.149    332153.149   26699.058
 31  WAG+F+G4      12240.495    391 25262.991    331806.991   26352.900
 32  WAG+F+I+G4    12240.472    392 25264.944    333376.944   26357.641
 33  cpREV         12384.279    371 25510.558    301534.558   26544.717
 34  cpREV+I       12384.256    372 25512.512    303024.512   26549.459
 35  cpREV+G4      12204.414    372 25152.827    302664.827   26189.774
 36  cpREV+I+G4    12204.412    373 25154.824    304158.824   26194.559
 37  cpREV+F       12658.770    390 26097.541    331077.541   27184.662
 38  cpREV+F+I     12658.744    391 26099.488    332643.488   27189.397
 39  cpREV+F+G4    12434.647    391 25651.294    332195.294   26741.204
 40  cpREV+F+I+G4  12434.660    392 25653.319    333765.319   26746.016
 41  mtREV         12842.425    371 26426.850    302450.850   27461.009
 42  mtREV+I       12842.412    372 26428.823    303940.823   27465.770
 43  mtREV+G4      12592.257    372 25928.513    303440.513   26965.460
 44  mtREV+I+G4    12592.223    373 25930.445    304934.445   26970.179
 45  mtREV+F       12515.318    390 25810.636    330790.636   26897.758
 46  mtREV+F+I     12515.287    391 25812.573    332356.573   26902.482
 47  mtREV+F+G4    12350.436    391 25482.871    332026.871   26572.781
 48  mtREV+F+I+G4  12350.422    392 25484.843    333596.843   26577.540
 49  rtREV         12304.816    371 25351.632    301375.632   26385.791
 50  rtREV+I       12304.797    372 25353.594    302865.594   26390.541
 51  rtREV+G4      12150.229    372 25044.458    302556.458   26081.405
 52  rtREV+I+G4    12150.221    373 25046.442    304050.442   26086.177
 53  rtREV+F       12364.773    390 25509.545    330489.545   26596.667
 54  rtREV+F+I     12364.765    391 25511.531    332055.531   26601.440
 55  rtREV+F+G4    12204.409    391 25190.817    331734.817   26280.726
 56  rtREV+F+I+G4  12204.403    392 25192.805    333304.805   26285.502
 57  mtART         13193.918    371 27129.836    303153.836   28163.995
 58  mtART+I       13193.880    372 27131.760    304643.760   28168.707
 59  mtART+G4      12764.584    372 26273.169    303785.169   27310.116
 60  mtART+I+G4    12764.571    373 26275.143    305279.143   27314.877
 61  mtART+F       12640.428    390 26060.856    331040.856   27147.978
 62  mtART+F+I     12640.395    391 26062.791    332606.791   27152.700
 63  mtART+F+G4    12423.528    391 25629.056    332173.056   26718.965
 64  mtART+F+I+G4  12423.422    392 25630.843    333742.843   26723.540
 65  mtZOA         12779.552    371 26301.104    302325.104   27335.264
 66  mtZOA+I       12779.506    372 26303.012    303815.012   27339.959
 67  mtZOA+G4      12462.399    372 25668.799    303180.799   26705.746
 68  mtZOA+I+G4    12462.394    373 25670.788    304674.788   26710.522
 69  mtZOA+F       12463.360    390 25706.719    330686.719   26793.841
 70  mtZOA+F+I     12463.316    391 25708.632    332252.632   26798.541
 71  mtZOA+F+G4    12285.401    391 25352.802    331896.802   26442.711
 72  mtZOA+F+I+G4  12285.369    392 25354.739    333466.739   26447.435
 73  VT            12252.166    371 25246.332    301270.332   26280.492
 74  VT+I          12252.076    372 25248.151    302760.151   26285.098
 75  VT+G4         12104.365    372 24952.730    302464.730   25989.677
 76  VT+I+G4       12104.386    373 24954.772    303958.772   25994.507
 77  VT+F          12332.539    390 25445.078    330425.078   26532.199
 78  VT+F+I        12332.499    391 25446.997    331990.997   26536.906
 79  VT+F+G4       12184.660    391 25151.320    331695.320   26241.229
 80  VT+F+I+G4     12184.652    392 25153.304    333265.304   26246.001
 81  LG            12196.688    371 25135.376    301159.376   26169.536
 82  LG+I          12196.639    372 25137.279    302649.279   26174.226
 83  LG+G4         12028.454    372 24800.908    302312.908   25837.855
 84  LG+I+G4       12028.448    373 24802.897    303806.897   25842.631
 85  LG+F          12320.020    390 25420.041    330400.041   26507.163
 86  LG+F+I        12320.002    391 25422.004    331966.004   26511.914
 87  LG+F+G4       12154.551    391 25091.102    331635.102   26181.012
 88  LG+F+I+G4     12154.545    392 25093.091    333205.091   26185.787
 89  DCMut         12342.856    371 25427.713    301451.713   26461.872
 90  DCMut+I       12342.762    372 25429.523    302941.523   26466.470
 91  DCMut+G4      12188.634    372 25121.268    302633.268   26158.215
 92  DCMut+I+G4    12188.592    373 25123.184    304127.184   26162.919
 93  DCMut+F       12378.559    390 25537.117    330517.117   26624.239
 94  DCMut+F+I     12378.520    391 25539.039    332083.039   26628.948
 95  DCMut+F+G4    12216.603    391 25215.207    331759.207   26305.116
 96  DCMut+F+I+G4  12216.597    392 25217.193    333329.193   26309.890
 97  PMB           12414.203    371 25570.406    301594.406   26604.566
 98  PMB+I         12414.135    372 25572.270    303084.270   26609.217
 99  PMB+G4        12254.318    372 25252.636    302764.636   26289.583
100  PMB+I+G4      12254.280    373 25254.560    304258.560   26294.295
101  PMB+F         12529.460    390 25838.921    330818.921   26926.043
102  PMB+F+I       12529.424    391 25840.847    332384.847   26930.757
103  PMB+F+G4      12372.243    391 25526.486    332070.486   26616.395
104  PMB+F+I+G4    12372.242    392 25528.484    333640.484   26621.181
105  HIVb          12342.234    371 25426.467    301450.467   26460.627
106  HIVb+I        12342.130    372 25428.260    302940.260   26465.207
107  HIVb+G4       12170.216    372 25084.433    302596.433   26121.380
108  HIVb+I+G4     12170.198    373 25086.396    304090.396   26126.131
109  HIVb+F        12338.307    390 25456.613    330436.613   26543.735
110  HIVb+F+I      12338.276    391 25458.553    332002.553   26548.462
111  HIVb+F+G4     12151.604    391 25085.208    331629.208   26175.117
112  HIVb+F+I+G4   12151.598    392 25087.195    333199.195   26179.892
113  HIVw          12898.908    371 26539.816    302563.816   27573.976
114  HIVw+I        12898.841    372 26541.682    304053.682   27578.629
115  HIVw+G4       12680.392    372 26104.783    303616.783   27141.730
116  HIVw+I+G4     12680.392    373 26106.783    305110.783   27146.518
117  HIVw+F        12758.976    390 26297.953    331277.953   27385.075
118  HIVw+F+I      12758.918    391 26299.835    332843.835   27389.744
119  HIVw+F+G4     12515.374    391 25812.748    332356.748   26902.658
120  HIVw+F+I+G4   12515.379    392 25814.759    333926.759   26907.455
121  JTTDCMut      12171.234    371 25084.468    301108.468   26118.628
122  JTTDCMut+I    12171.174    372 25086.348    302598.348   26123.295
123  JTTDCMut+G4   12021.898    372 24787.797    302299.797   25824.744
124  JTTDCMut+I+G4 12021.891    373 24789.781    303793.781   25829.516
125  JTTDCMut+F    12197.195    390 25174.390    330154.390   26261.512
126  JTTDCMut+F+I  12197.107    391 25176.214    331720.214   26266.124
127  JTTDCMut+F+G4 12044.325    391 24870.649    331414.649   25960.558
128  JTTDCMut+F+I+G4 12044.321    392 24872.641    332984.641   25965.338
129  FLU           12431.437    371 25604.873    301628.873   26639.033
130  FLU+I         12431.328    372 25606.655    303118.655   26643.602
131  FLU+G4        12240.792    372 25225.585    302737.585   26262.532
132  FLU+I+G4      12240.662    373 25227.324    304231.324   26267.058
133  FLU+F         12523.084    390 25826.169    330806.169   26913.290
134  FLU+F+I       12523.071    391 25828.141    332372.141   26918.051
135  FLU+F+G4      12305.311    391 25392.621    331936.621   26482.530
136  FLU+F+I+G4    12305.297    392 25394.594    333506.594   26487.291
137  Blosum62      12394.266    371 25530.531    301554.531   26564.691
138  Blosum62+I    12394.206    372 25532.412    303044.412   26569.359
139  Blosum62+G4   12233.178    372 25210.356    302722.356   26247.303
140  Blosum62+I+G4 12233.190    373 25212.380    304216.380   26252.115
141  Blosum62+F    12560.679    390 25901.358    330881.358   26988.480
142  Blosum62+F+I  12560.628    391 25903.257    332447.257   26993.166
143  Blosum62+F+G4 12397.756    391 25577.511    332121.511   26667.421
144  Blosum62+F+I+G4 12397.754    392 25579.509    333691.509   26672.206
145  mtMet         12764.827    371 26271.654    302295.654   27305.813
146  mtMet+I       12764.796    372 26273.592    303785.592   27310.539
147  mtMet+G4      12488.906    372 25721.811    303233.811   26758.758
148  mtMet+I+G4    12488.770    373 25723.539    304727.539   26763.273
149  mtMet+F       12332.321    390 25444.641    330424.641   26531.763
150  mtMet+F+I     12332.287    391 25446.574    331990.574   26536.484
151  mtMet+F+G4    12166.917    391 25115.834    331659.834   26205.744
152  mtMet+F+I+G4  12166.889    392 25117.778    333229.778   26210.475
153  mtVer         12818.595    371 26379.191    302403.191   27413.350
154  mtVer+I       12818.553    372 26381.106    303893.106   27418.053
155  mtVer+G4      12566.962    372 25877.924    303389.924   26914.871
156  mtVer+I+G4    12566.823    373 25879.646    304883.646   26919.381
157  mtVer+F       12469.324    390 25718.647    330698.647   26805.769
158  mtVer+F+I     12469.303    391 25720.605    332264.605   26810.514
159  mtVer+F+G4    12290.329    391 25362.658    331906.658   26452.567
160  mtVer+F+I+G4  12290.291    392 25364.582    333476.582   26457.278
161  mtInv         12861.415    371 26464.830    302488.830   27498.989
162  mtInv+I       12861.377    372 26466.755    303978.755   27503.702
163  mtInv+G4      12586.188    372 25916.377    303428.377   26953.324
164  mtInv+I+G4    12586.171    373 25918.342    304922.342   26958.076
165  mtInv+F       12327.177    390 25434.355    330414.355   26521.476
166  mtInv+F+I     12327.145    391 25436.290    331980.290   26526.199
167  mtInv+F+G4    12163.000    391 25108.001    331652.001   26197.910
168  mtInv+F+I+G4  12162.978    392 25109.957    333221.957   26202.653
Akaike Information Criterion:           JTT+G4
Corrected Akaike Information Criterion: JTT
Bayesian Information Criterion:         JTT+G4
Best-fit model: JTT+G4 chosen according to BIC

All model information printed to /Users/bushrakhan/Desktop/NIPGR-data/MADS-box-Evolutionary-gene-detection/Workflow_Step-by-Step/TASK_5/uploads/Glycine_Kbox_ML.model.gz
CPU time for ModelFinder: 187.585 seconds (0h:3m:7s)
Wall-clock time for ModelFinder: 121.513 seconds (0h:2m:1s)
Generating 1000 samples for ultrafast bootstrap (seed: 516117)...

NOTE: 16 MB RAM (0 GB) is required!
Measuring multi-threading efficiency up to 10 CPU cores
Increase to 10 rounds for branch lengths
11 trees examined
Threads: 1 / Time: 10.025 sec / Speedup: 1.000 / Efficiency: 100% / LogL: -25180
Threads: 2 / Time: 6.609 sec / Speedup: 1.517 / Efficiency: 76% / LogL: -25180
Threads: 3 / Time: 4.781 sec / Speedup: 2.097 / Efficiency: 70% / LogL: -25180
Threads: 4 / Time: 5.885 sec / Speedup: 1.703 / Efficiency: 43% / LogL: -25180
BEST NUMBER OF THREADS: 3

Estimate model parameters (epsilon = 0.100)
1. Initial log-likelihood: -12060.793
2. Current log-likelihood: -12024.176
3. Current log-likelihood: -12020.556
4. Current log-likelihood: -12019.518
5. Current log-likelihood: -12019.333
Optimal log-likelihood: -12019.273
Gamma shape alpha: 3.780
Parameters optimization took 5 rounds (1.195 sec)
Computing ML distances based on estimated model parameters... 13.954 sec
WARNING: Some pairwise ML distances are too long (saturated)
Computing BIONJ tree...
0.028 seconds
Log-likelihood of BIONJ tree: -12040.846
--------------------------------------------------------------------
|             INITIALIZING CANDIDATE TREE SET                      |
--------------------------------------------------------------------
Generating 98 parsimony trees... 4.577 second
Computing log-likelihood of 98 initial trees ... 10.360 seconds
Current best score: -11954.705

Do NNI search on 20 best initial trees
Estimate model parameters (epsilon = 0.100)
BETTER TREE FOUND at iteration 1: -11895.439
Estimate model parameters (epsilon = 0.100)
BETTER TREE FOUND at iteration 2: -11893.637
Estimate model parameters (epsilon = 0.100)
BETTER TREE FOUND at iteration 5: -11892.228
Iteration 10 / LogL: -11918.227 / Time: 0h:1m:15s
Iteration 20 / LogL: -11910.283 / Time: 0h:1m:37s
Finish initializing candidate tree set (20)
Current best tree score: -11892.228 / CPU time: 63.226
Number of iterations: 20
--------------------------------------------------------------------
|               OPTIMIZING CANDIDATE TREE SET                      |
--------------------------------------------------------------------
Estimate model parameters (epsilon = 0.100)
BETTER TREE FOUND at iteration 21: -11890.429
Estimate model parameters (epsilon = 0.100)
BETTER TREE FOUND at iteration 23: -11887.265
Iteration 30 / LogL: -11889.178 / Time: 0h:2m:3s (0h:6m:36s left)
Estimate model parameters (epsilon = 0.100)
BETTER TREE FOUND at iteration 31: -11886.581
Estimate model parameters (epsilon = 0.100)
BETTER TREE FOUND at iteration 32: -11886.460
Estimate model parameters (epsilon = 0.100)
BETTER TREE FOUND at iteration 39: -11886.254
Iteration 40 / LogL: -11886.554 / Time: 0h:2m:30s (0h:6m:21s left)
Estimate model parameters (epsilon = 0.100)
BETTER TREE FOUND at iteration 41: -11885.553
Estimate model parameters (epsilon = 0.100)
BETTER TREE FOUND at iteration 49: -11885.378
Iteration 50 / LogL: -11887.770 / Time: 0h:3m:1s (0h:6m:6s left)
Log-likelihood cutoff on original alignment: -11935.428
Estimate model parameters (epsilon = 0.100)
BETTER TREE FOUND at iteration 53: -11883.210
Iteration 60 / LogL: -11892.627 / Time: 0h:3m:29s (0h:5m:30s left)
Iteration 70 / LogL: -11884.314 / Time: 0h:4m:1s (0h:4m:50s left)
Estimate model parameters (epsilon = 0.100)
BETTER TREE FOUND at iteration 77: -11882.906
Iteration 80 / LogL: -11885.443 / Time: 0h:4m:32s (0h:5m:35s left)
Iteration 90 / LogL: -11904.101 / Time: 0h:5m:0s (0h:4m:53s left)
Iteration 100 / LogL: -11883.085 / Time: 0h:5m:29s (0h:4m:16s left)
Log-likelihood cutoff on original alignment: -11933.914
NOTE: Bootstrap correlation coefficient of split occurrence frequencies: 0.990
Iteration 110 / LogL: -11887.178 / Time: 0h:6m:0s (0h:4m:57s left)
Estimate model parameters (epsilon = 0.100)
BETTER TREE FOUND at iteration 118: -11882.179
Iteration 120 / LogL: -11883.501 / Time: 0h:6m:29s (0h:5m:20s left)
Iteration 130 / LogL: -11884.177 / Time: 0h:6m:59s (0h:4m:45s left)
Iteration 140 / LogL: -11884.593 / Time: 0h:7m:28s (0h:4m:11s left)
Iteration 150 / LogL: -11884.338 / Time: 0h:7m:56s (0h:3m:37s left)
Log-likelihood cutoff on original alignment: -11933.914
Iteration 160 / LogL: -11908.227 / Time: 0h:8m:26s (0h:3m:4s left)
Iteration 170 / LogL: -11886.563 / Time: 0h:8m:53s (0h:2m:31s left)
Estimate model parameters (epsilon = 0.100)
BETTER TREE FOUND at iteration 172: -11881.914
Iteration 180 / LogL: -11884.493 / Time: 0h:9m:21s (0h:4m:48s left)
Iteration 190 / LogL: -11894.745 / Time: 0h:9m:51s (0h:4m:16s left)
Estimate model parameters (epsilon = 0.100)
BETTER TREE FOUND at iteration 192: -11881.778
Iteration 200 / LogL: -11882.530 / Time: 0h:10m:16s (0h:4m:45s left)
Log-likelihood cutoff on original alignment: -11933.914
NOTE: Bootstrap correlation coefficient of split occurrence frequencies: 0.998
Iteration 210 / LogL: -11927.253 / Time: 0h:10m:39s (0h:4m:35s left)
Iteration 220 / LogL: -11918.833 / Time: 0h:11m:0s (0h:4m:1s left)
Estimate model parameters (epsilon = 0.100)
BETTER TREE FOUND at iteration 227: -11881.760
Iteration 230 / LogL: -11884.913 / Time: 0h:11m:22s (0h:4m:49s left)
Iteration 240 / LogL: -11908.220 / Time: 0h:11m:46s (0h:4m:17s left)
Iteration 250 / LogL: -11882.645 / Time: 0h:12m:11s (0h:3m:46s left)
Log-likelihood cutoff on original alignment: -11925.932
Iteration 260 / LogL: -11926.534 / Time: 0h:12m:37s (0h:3m:16s left)
Iteration 270 / LogL: -11885.855 / Time: 0h:12m:56s (0h:2m:44s left)
Iteration 280 / LogL: -11891.577 / Time: 0h:13m:17s (0h:2m:14s left)
Iteration 290 / LogL: -11886.890 / Time: 0h:13m:36s (0h:1m:44s left)
Iteration 300 / LogL: -11885.370 / Time: 0h:13m:57s (0h:1m:15s left)
Log-likelihood cutoff on original alignment: -11925.932
NOTE: Bootstrap correlation coefficient of split occurrence frequencies: 0.997
Iteration 310 / LogL: -11883.952 / Time: 0h:14m:18s (0h:4m:10s left)
Iteration 320 / LogL: -11882.853 / Time: 0h:15m:16s (0h:3m:49s left)
Estimate model parameters (epsilon = 0.100)
BETTER TREE FOUND at iteration 322: -11881.702
Iteration 330 / LogL: -11882.687 / Time: 0h:16m:24s (0h:4m:35s left)
Iteration 340 / LogL: -11882.018 / Time: 0h:17m:21s (0h:4m:11s left)
Iteration 350 / LogL: -11883.295 / Time: 0h:18m:15s (0h:3m:46s left)
Log-likelihood cutoff on original alignment: -11925.932
Iteration 360 / LogL: -11883.447 / Time: 0h:19m:14s (0h:3m:19s left)
Iteration 370 / LogL: -11882.737 / Time: 0h:20m:10s (0h:2m:50s left)
Iteration 380 / LogL: -11893.985 / Time: 0h:21m:11s (0h:2m:20s left)
Iteration 390 / LogL: -11893.568 / Time: 0h:22m:7s (0h:1m:49s left)
Iteration 400 / LogL: -11887.307 / Time: 0h:22m:34s (0h:1m:14s left)
Log-likelihood cutoff on original alignment: -11925.932
NOTE: Bootstrap correlation coefficient of split occurrence frequencies: 0.998
Estimate model parameters (epsilon = 0.100)
BETTER TREE FOUND at iteration 405: -11881.659
Iteration 410 / LogL: -11885.652 / Time: 0h:23m:1s (0h:5m:20s left)
Iteration 420 / LogL: -11888.366 / Time: 0h:23m:26s (0h:4m:45s left)
Iteration 430 / LogL: -11882.003 / Time: 0h:23m:51s (0h:4m:10s left)
Iteration 440 / LogL: -11883.036 / Time: 0h:24m:17s (0h:3m:35s left)
Iteration 450 / LogL: -11883.296 / Time: 0h:24m:42s (0h:3m:1s left)
Log-likelihood cutoff on original alignment: -11925.932
Iteration 460 / LogL: -11894.280 / Time: 0h:25m:11s (0h:2m:28s left)
Iteration 470 / LogL: -11889.310 / Time: 0h:25m:36s (0h:1m:54s left)
Iteration 480 / LogL: -11883.381 / Time: 0h:26m:0s (0h:1m:21s left)
Iteration 490 / LogL: -11910.314 / Time: 0h:26m:26s (0h:0m:48s left)
Iteration 500 / LogL: -11887.493 / Time: 0h:26m:53s (0h:0m:16s left)
Log-likelihood cutoff on original alignment: -11925.932
NOTE: Bootstrap correlation coefficient of split occurrence frequencies: 0.999
TREE SEARCH COMPLETED AFTER 506 ITERATIONS / Time: 0h:27m:8s

--------------------------------------------------------------------
|                    FINALIZING TREE SEARCH                        |
--------------------------------------------------------------------
Performs final model parameters optimization
Estimate model parameters (epsilon = 0.010)
1. Initial log-likelihood: -11881.659
Optimal log-likelihood: -11881.659
Gamma shape alpha: 3.690
Parameters optimization took 1 rounds (0.132 sec)
BEST SCORE FOUND : -11881.659
Creating bootstrap support values...
Split supports printed to NEXUS file /Users/bushrakhan/Desktop/NIPGR-data/MADS-box-Evolutionary-gene-detection/Workflow_Step-by-Step/TASK_5/uploads/Glycine_Kbox_ML.splits.nex
Total tree length: 51.920

Total number of iterations: 506
CPU time used for tree search: 3738.212 sec (1h:2m:18s)
Wall-clock time used for tree search: 1593.810 sec (0h:26m:33s)
Total CPU time used: 3813.850 sec (1h:3m:33s)
Total wall-clock time used: 1629.399 sec (0h:27m:9s)

Computing bootstrap consensus tree...
Reading input file /Users/bushrakhan/Desktop/NIPGR-data/MADS-box-Evolutionary-gene-detection/Workflow_Step-by-Step/TASK_5/uploads/Glycine_Kbox_ML.splits.nex...
187 taxa and 1560 splits.
Consensus tree written to /Users/bushrakhan/Desktop/NIPGR-data/MADS-box-Evolutionary-gene-detection/Workflow_Step-by-Step/TASK_5/uploads/Glycine_Kbox_ML.contree
Reading input trees file /Users/bushrakhan/Desktop/NIPGR-data/MADS-box-Evolutionary-gene-detection/Workflow_Step-by-Step/TASK_5/uploads/Glycine_Kbox_ML.contree
Log-likelihood of consensus tree: -11881.658

Analysis results written to: 
  IQ-TREE report:                /Users/bushrakhan/Desktop/NIPGR-data/MADS-box-Evolutionary-gene-detection/Workflow_Step-by-Step/TASK_5/uploads/Glycine_Kbox_ML.iqtree
  Maximum-likelihood tree:       /Users/bushrakhan/Desktop/NIPGR-data/MADS-box-Evolutionary-gene-detection/Workflow_Step-by-Step/TASK_5/uploads/Glycine_Kbox_ML.treefile
  Likelihood distances:          /Users/bushrakhan/Desktop/NIPGR-data/MADS-box-Evolutionary-gene-detection/Workflow_Step-by-Step/TASK_5/uploads/Glycine_Kbox_ML.mldist

Ultrafast bootstrap approximation results written to:
  Split support values:          /Users/bushrakhan/Desktop/NIPGR-data/MADS-box-Evolutionary-gene-detection/Workflow_Step-by-Step/TASK_5/uploads/Glycine_Kbox_ML.splits.nex
  Consensus tree:                /Users/bushrakhan/Desktop/NIPGR-data/MADS-box-Evolutionary-gene-detection/Workflow_Step-by-Step/TASK_5/uploads/Glycine_Kbox_ML.contree
  Screen log file:               /Users/bushrakhan/Desktop/NIPGR-data/MADS-box-Evolutionary-gene-detection/Workflow_Step-by-Step/TASK_5/uploads/Glycine_Kbox_ML.log

Date and Time: Sat Apr  4 00:53:16 2026
