IQ-TREE multicore version 1.6.12 for Mac OS X 64-bit built Aug 15 2019
Developed by Bui Quang Minh, Nguyen Lam Tung, Olga Chernomor,
Heiko Schmidt, Dominik Schrempf, Michael Woodhams.

Host:    Bushras-MacBook-Air.local (SSE4.2, 16 GB RAM)
Command: /Users/bushrakhan/Desktop/NIPGR-data/MADS-box-Evolutionary-gene-detection/bin/iqtree -s /Users/bushrakhan/Desktop/NIPGR-data/MADS-box-Evolutionary-gene-detection/Workflow_Step-by-Step/TASK_8/uploads/Helianthus_Kbox_Aligned.fa -nt AUTO -m TEST -bb 1000 -pre /Users/bushrakhan/Desktop/NIPGR-data/MADS-box-Evolutionary-gene-detection/Workflow_Step-by-Step/TASK_8/uploads/Helianthus_Kbox_ML
Seed:    387584 (Using SPRNG - Scalable Parallel Random Number Generator)
Time:    Sat Apr  4 01:11:31 2026
Kernel:  SSE2 - auto-detect threads (10 CPU cores detected)

Reading alignment file /Users/bushrakhan/Desktop/NIPGR-data/MADS-box-Evolutionary-gene-detection/Workflow_Step-by-Step/TASK_8/uploads/Helianthus_Kbox_Aligned.fa ... Fasta format detected
Alignment most likely contains protein sequences
Alignment has 166 sequences with 97 columns, 97 distinct patterns
91 parsimony-informative, 3 singleton sites, 3 constant sites
WARNING: Some sequence names are changed as follows:
AT1G69120.1|PACid:19653480_85_172 -> AT1G69120.1_PACid_19653480_85_172
AT1G26310.1|PACid:19650942_85_174 -> AT1G26310.1_PACid_19650942_85_174
AT5G60910.2|PACid:19670615_23_110 -> AT5G60910.2_PACid_19670615_23_110
AT5G60910.1|PACid:19670614_85_172 -> AT5G60910.1_PACid_19670614_85_172
AT2G45650.1|PACid:19638787_83_170 -> AT2G45650.1_PACid_19638787_83_170
AT3G58780.2|PACid:19662660_93_179 -> AT3G58780.2_PACid_19662660_93_179
AT3G58780.1|PACid:19662659_100_186 -> AT3G58780.1_PACid_19662659_100_186
AT3G58780.3|PACid:19662658_125_211 -> AT3G58780.3_PACid_19662658_125_211
AT4G18960.1|PACid:19647337_102_187 -> AT4G18960.1_PACid_19647337_102_187
AT4G18960.2|PACid:19647338_88_173 -> AT4G18960.2_PACid_19647338_88_173
AT2G45660.1|PACid:19641052_83_171 -> AT2G45660.1_PACid_19641052_83_171
AT2G42830.1|PACid:19643528_100_186 -> AT2G42830.1_PACid_19643528_100_186
AT5G15800.1|PACid:19670123_84_172 -> AT5G15800.1_PACid_19670123_84_172
AT5G15800.2|PACid:19670122_84_172 -> AT5G15800.2_PACid_19670122_84_172
AT4G09960.1|PACid:19648309_86_171 -> AT4G09960.1_PACid_19648309_86_171
AT4G37940.1|PACid:19644309_83_171 -> AT4G37940.1_PACid_19644309_83_171
AT4G37940.1|PACid:19644309_159_183 -> AT4G37940.1_PACid_19644309_159_183
AT4G09960.3|PACid:19648307_112_197 -> AT4G09960.3_PACid_19648307_112_197
AT1G24260.2|PACid:19651403_93_175 -> AT1G24260.2_PACid_19651403_93_175
AT3G02310.1|PACid:19661943_84_172 -> AT3G02310.1_PACid_19661943_84_172
AT2G42830.2|PACid:19643527_100_188 -> AT2G42830.2_PACid_19643527_100_188
AT1G24260.1|PACid:19651404_92_174 -> AT1G24260.1_PACid_19651404_92_174
AT4G22950.1|PACid:19647692_83_169 -> AT4G22950.1_PACid_19647692_83_169
AT3G57230.1|PACid:19665060_82_170 -> AT3G57230.1_PACid_19665060_82_170
AT3G57230.1|PACid:19665060_165_184 -> AT3G57230.1_PACid_19665060_165_184
AT3G61120.1|PACid:19662463_85_168 -> AT3G61120.1_PACid_19662463_85_168
AT2G14210.1|PACid:19638394_83_170 -> AT2G14210.1_PACid_19638394_83_170
AT2G14210.1|PACid:19638394_170_185 -> AT2G14210.1_PACid_19638394_170_185
AT2G03710.3|PACid:19640310_85_172 -> AT2G03710.3_PACid_19640310_85_172
AT2G22630.1|PACid:19642313_83_171 -> AT2G22630.1_PACid_19642313_83_171
AT2G22630.1|PACid:19642313_165_183 -> AT2G22630.1_PACid_19642313_165_183
AT2G03710.2|PACid:19640309_85_173 -> AT2G03710.2_PACid_19640309_85_173
AT2G03710.1|PACid:19640308_85_173 -> AT2G03710.1_PACid_19640308_85_173
AT4G11880.1|PACid:19643844_84_171 -> AT4G11880.1_PACid_19643844_84_171
AT4G09960.4|PACid:19648308_86_175 -> AT4G09960.4_PACid_19648308_86_175
AT3G30260.1|PACid:19662130_87_171 -> AT3G30260.1_PACid_19662130_87_171
AT5G62165.1|PACid:19672595_84_170 -> AT5G62165.1_PACid_19672595_84_170
AT5G62165.2|PACid:19672596_84_170 -> AT5G62165.2_PACid_19672596_84_170
AT5G62165.3|PACid:19672597_84_170 -> AT5G62165.3_PACid_19672597_84_170
AT1G24260.3|PACid:19651405_93_160 -> AT1G24260.3_PACid_19651405_93_160
AT5G51870.1|PACid:19672300_88_172 -> AT5G51870.1_PACid_19672300_88_172
AT5G51870.3|PACid:19672299_88_171 -> AT5G51870.3_PACid_19672299_88_171
AT5G23260.2|PACid:19667542_82_170 -> AT5G23260.2_PACid_19667542_82_170
AT5G13790.1|PACid:19669343_75_165 -> AT5G13790.1_PACid_19669343_75_165
AT5G51860.2|PACid:19671372_89_172 -> AT5G51860.2_PACid_19671372_89_172
AT1G71692.1|PACid:19653064_99_180 -> AT1G71692.1_PACid_19653064_99_180
AT5G51860.1|PACid:19671371_89_171 -> AT5G51860.1_PACid_19671371_89_171
AT4G09960.2|PACid:19648310_86_165 -> AT4G09960.2_PACid_19648310_86_165
AT5G62165.5|PACid:19672599_43_117 -> AT5G62165.5_PACid_19672599_43_117
AT4G24540.1|PACid:19648389_91_172 -> AT4G24540.1_PACid_19648389_91_172
AT3G57390.2|PACid:19659473_34_118 -> AT3G57390.2_PACid_19659473_34_118
AT3G57390.1|PACid:19659472_95_179 -> AT3G57390.1_PACid_19659472_95_179
AT2G22540.2|PACid:19641564_87_165 -> AT2G22540.2_PACid_19641564_87_165
AT2G22540.1|PACid:19641563_92_170 -> AT2G22540.1_PACid_19641563_92_170
AT2G22540.1|PACid:19641563_166_184 -> AT2G22540.1_PACid_19641563_166_184
AT3G54340.1|PACid:19659884_81_168 -> AT3G54340.1_PACid_19659884_81_168
AT5G20240.1|PACid:19673101_81_164 -> AT5G20240.1_PACid_19673101_81_164
AT3G57230.2|PACid:19665061_106_169 -> AT3G57230.2_PACid_19665061_106_169
AT3G57230.2|PACid:19665061_164_183 -> AT3G57230.2_PACid_19665061_164_183
AT5G51870.2|PACid:19672301_88_148 -> AT5G51870.2_PACid_19672301_88_148
AT5G23260.1|PACid:19667543_82_165 -> AT5G23260.1_PACid_19667543_82_165
AT5G62165.4|PACid:19672598_84_157 -> AT5G62165.4_PACid_19672598_84_157
AT5G23260.3|PACid:19667544_82_152 -> AT5G23260.3_PACid_19667544_82_152
AT5G10140.2|PACid:19672042_89_164 -> AT5G10140.2_PACid_19672042_89_164
AT5G10140.1|PACid:19672039_89_164 -> AT5G10140.1_PACid_19672039_89_164
AT5G10140.3|PACid:19672040_89_164 -> AT5G10140.3_PACid_19672040_89_164
AT2G41470.1|PACid:19641817_21_83 -> AT2G41470.1_PACid_19641817_21_83
AT2G41470.1|PACid:19641817_120_196 -> AT2G41470.1_PACid_19641817_120_196
AT2G41470.1|PACid:19641817_249_309 -> AT2G41470.1_PACid_19641817_249_309
AT2G41470.1|PACid:19641817_355_410 -> AT2G41470.1_PACid_19641817_355_410
AT1G77080.2|PACid:19652599_93_160 -> AT1G77080.2_PACid_19652599_93_160
AT1G77080.5|PACid:19652600_96_164 -> AT1G77080.5_PACid_19652600_96_164
AT5G65060.1|PACid:19668928_96_164 -> AT5G65060.1_PACid_19668928_96_164
AT1G77080.4|PACid:19652598_96_164 -> AT1G77080.4_PACid_19652598_96_164
AT5G65050.2|PACid:19667307_98_164 -> AT5G65050.2_PACid_19667307_98_164
AT5G65080.1|PACid:19670372_101_170 -> AT5G65080.1_PACid_19670372_101_170
AT5G65050.3|PACid:19667305_98_164 -> AT5G65050.3_PACid_19667305_98_164
AT5G65080.2|PACid:19670373_93_162 -> AT5G65080.2_PACid_19670373_93_162
AT5G65060.2|PACid:19668929_102_153 -> AT5G65060.2_PACid_19668929_102_153
AT5G65070.2|PACid:19666741_141_195 -> AT5G65070.2_PACid_19666741_141_195
AT5G65070.1|PACid:19666742_110_164 -> AT5G65070.1_PACid_19666742_110_164
AT5G65070.3|PACid:19666740_142_196 -> AT5G65070.3_PACid_19666740_142_196
AT5G10140.4|PACid:19672041_90_154 -> AT5G10140.4_PACid_19672041_90_154
AT1G77080.3|PACid:19652601_82_126 -> AT1G77080.3_PACid_19652601_82_126
AT1G31150.1|PACid:19651250_574_639 -> AT1G31150.1_PACid_19651250_574_639
AT5G65050.1|PACid:19667306_98_149 -> AT5G65050.1_PACid_19667306_98_149
AT1G31140.2|PACid:19657777_95_158 -> AT1G31140.2_PACid_19657777_95_158
AT1G31140.1|PACid:19657778_95_156 -> AT1G31140.1_PACid_19657778_95_156
AT2G41445.1|PACid:19641714_37_93 -> AT2G41445.1_PACid_19641714_37_93
AT2G41445.1|PACid:19641714_149_217 -> AT2G41445.1_PACid_19641714_149_217
AT1G77950.1|PACid:19656697_125_198 -> AT1G77950.1_PACid_19656697_125_198
AT1G77950.2|PACid:19656698_125_198 -> AT1G77950.2_PACid_19656698_125_198
AT1G22130.1|PACid:19651829_125_192 -> AT1G22130.1_PACid_19651829_125_192
AT1G77980.1|PACid:19650219_124_189 -> AT1G77980.1_PACid_19650219_124_189
AT2G41440.1|PACid:19638798_42_120 -> AT2G41440.1_PACid_19638798_42_120
AT2G41440.1|PACid:19638798_151_202 -> AT2G41440.1_PACid_19638798_151_202
AT2G41440.2|PACid:19638799_33_84 -> AT2G41440.2_PACid_19638799_33_84
AT1G69540.1|PACid:19658298_146_182 -> AT1G69540.1_PACid_19658298_146_182
AT1G59810.1|PACid:19650751_99_152 -> AT1G59810.1_PACid_19650751_99_152
AT2G03060.2|PACid:19640478_88_99 -> AT2G03060.2_PACid_19640478_88_99
AT2G03060.2|PACid:19640478_114_176 -> AT2G03060.2_PACid_19640478_114_176
AT4G27630.1|PACid:19644925_67_96 -> AT4G27630.1_PACid_19644925_67_96
AT4G27630.1|PACid:19644925_136_162 -> AT4G27630.1_PACid_19644925_136_162
AT2G11620.1|PACid:19641263_210_250 -> AT2G11620.1_PACid_19641263_210_250
AT2G11620.1|PACid:19641263_324_348 -> AT2G11620.1_PACid_19641263_324_348
AT2G11620.1|PACid:19641263_364_388 -> AT2G11620.1_PACid_19641263_364_388
AT2G11620.1|PACid:19641263_406_426 -> AT2G11620.1_PACid_19641263_406_426
AT2G11620.1|PACid:19641263_442_465 -> AT2G11620.1_PACid_19641263_442_465

                                    Gap/Ambiguity  Composition  p-value
   1  HanXRQChr12g0358711_Kbox              7.22%    passed     99.14%
   2  HanXRQChr05g0163521_Kbox              7.22%    passed     93.88%
   3  HanXRQChr08g0223681_Kbox             12.37%    passed     63.86%
   4  HanXRQChr12g0364981_Kbox             13.40%    passed     79.77%
   5  HanXRQChr02g0043891_Kbox             10.31%    passed     99.31%
   6  HanXRQChr04g0110101_Kbox              8.25%    passed     97.52%
   7  HanXRQChr02g0042981_Kbox              6.19%    passed     57.17%
   8  HanXRQChr10g0291191_Kbox              9.28%    passed     99.13%
   9  HanXRQChr07g0200001_Kbox              8.25%    passed     92.71%
  10  HanXRQChr14g0452461_Kbox              8.25%    passed     80.44%
  11  HanXRQChr06g0174721_Kbox             14.43%    passed     84.56%
  12  HanXRQChr16g0519321_Kbox              6.19%    failed      0.07%
  13  HanXRQChr05g0154261_Kbox             10.31%    passed     47.80%
  14  HanXRQChr12g0361321_Kbox             14.43%    passed     53.24%
  15  HanXRQChr07g0200321_Kbox              6.19%    passed     81.03%
  16  HanXRQChr09g0266391_Kbox              8.25%    passed     95.20%
  17  HanXRQChr09g0270311_Kbox              8.25%    passed     40.90%
  18  HanXRQChr09g0265001_Kbox              7.22%    passed     79.85%
  19  HanXRQChr16g0507561_Kbox             10.31%    passed     25.70%
  20  HanXRQChr09g0262151_Kbox              8.25%    passed     97.58%
  21  HanXRQChr15g0489071_Kbox              8.25%    passed     85.47%
  22  HanXRQChr01g0007431_Kbox              5.15%    passed      6.45%
  23  HanXRQChr05g0147261_Kbox              6.19%    failed      0.41%
  24  HanXRQChr09g0273361_Kbox             10.31%    passed     34.08%
  25  HanXRQChr16g0523531_Kbox              9.28%    passed     73.47%
  26  HanXRQChr05g0150661_Kbox             11.34%    passed     78.66%
  27  HanXRQChr04g0122131_Kbox              9.28%    passed     68.11%
  28  HanXRQChr06g0169281_Kbox             10.31%    passed     29.50%
  29  HanXRQChr17g0560051_Kbox             10.31%    passed     98.60%
  30  HanXRQChr05g0149341_Kbox              8.25%    passed     41.57%
  31  HanXRQChr08g0223671_Kbox             24.74%    passed     28.87%
  32  HanXRQChr12g0358721_Kbox             11.34%    passed     65.80%
  33  HanXRQChr12g0358781_Kbox             14.43%    passed     29.77%
  34  HanXRQChr16g0530971_Kbox             10.31%    passed     15.91%
  35  HanXRQChr09g0267081_Kbox              8.25%    passed     39.66%
  36  HanXRQChr02g0045511_Kbox             17.53%    passed     35.56%
  37  HanXRQChr10g0299591_Kbox             12.37%    passed     59.59%
  38  HanXRQChr00c0029g0571181_Kbox         8.25%    failed      1.05%
  39  HanXRQChr15g0474011_Kbox             37.11%    passed     73.37%
  40  HanXRQChr09g0269421_Kbox              9.28%    passed     77.83%
  41  HanXRQChr15g0495861_Kbox             17.53%    passed     88.78%
  42  HanXRQChr01g0015681_Kbox             12.37%    passed     94.56%
  43  HanXRQChr13g0405061_Kbox             18.56%    passed     93.78%
  44  HanXRQChr16g0501381_Kbox              9.28%    passed     93.15%
  45  HanXRQChr16g0501741_Kbox              9.28%    passed     93.15%
  46  HanXRQChr09g0270841_Kbox              6.19%    passed     61.87%
  47  HanXRQChr05g0151331_Kbox              9.28%    passed     77.32%
  48  HanXRQChr15g0484901_Kbox             16.49%    passed     12.31%
  49  HanXRQChr16g0503081_Kbox              9.28%    passed     54.02%
  50  HanXRQChr02g0040221_Kbox             21.65%    passed     30.10%
  51  HanXRQChr05g0163381_Kbox             17.53%    passed     65.15%
  52  HanXRQChr17g0538691_Kbox             27.84%    passed     68.91%
  53  HanXRQChr12g0375471_Kbox             40.21%    passed     92.22%
  54  HanXRQChr17g0550551_Kbox             12.37%    passed     54.83%
  55  HanXRQChr15g0483111_Kbox             13.40%    passed     84.95%
  56  HanXRQChr05g0150571_Kbox             34.02%    passed     71.14%
  57  HanXRQChr03g0091451_Kbox             30.93%    failed      0.04%
  58  HanXRQChr05g0156101_Kbox             36.08%    failed      3.71%
  59  AT1G69120.1_PACid_19653480_85_172    38.14%    passed     91.19%
  60  AT1G26310.1_PACid_19650942_85_174    38.14%    passed     96.00%
  61  AT5G60910.2_PACid_19670615_23_110    38.14%    passed     76.63%
  62  AT5G60910.1_PACid_19670614_85_172    38.14%    passed     76.63%
  63  AT2G45650.1_PACid_19638787_83_170    38.14%    passed     16.68%
  64  AT3G58780.2_PACid_19662660_93_179    38.14%    passed     71.04%
  65  AT3G58780.1_PACid_19662659_100_186   38.14%    passed     71.04%
  66  AT3G58780.3_PACid_19662658_125_211   38.14%    passed     71.04%
  67  AT4G18960.1_PACid_19647337_102_187   38.14%    passed     35.03%
  68  AT4G18960.2_PACid_19647338_88_173    38.14%    passed     35.03%
  69  AT2G45660.1_PACid_19641052_83_171    38.14%    passed     40.52%
  70  AT2G42830.1_PACid_19643528_100_186   38.14%    passed     89.90%
  71  AT5G15800.1_PACid_19670123_84_172    38.14%    passed     30.28%
  72  AT5G15800.2_PACid_19670122_84_172    38.14%    passed     30.28%
  73  AT4G09960.1_PACid_19648309_86_171    38.14%    passed     79.59%
  74  AT4G37940.1_PACid_19644309_83_171    38.14%    passed     63.83%
  75  AT4G37940.1_PACid_19644309_159_183   74.23%    passed     93.28%
  76  AT4G09960.3_PACid_19648307_112_197   38.14%    passed     79.59%
  77  AT1G24260.2_PACid_19651403_93_175    38.14%    passed     71.31%
  78  AT3G02310.1_PACid_19661943_84_172    38.14%    passed     25.32%
  79  AT2G42830.2_PACid_19643527_100_188   38.14%    passed     89.90%
  80  AT1G24260.1_PACid_19651404_92_174    38.14%    passed     71.31%
  81  AT4G22950.1_PACid_19647692_83_169    38.14%    passed     82.94%
  82  AT3G57230.1_PACid_19665060_82_170    38.14%    passed     81.68%
  83  AT3G57230.1_PACid_19665060_165_184   79.38%    passed     14.82%
  84  AT3G61120.1_PACid_19662463_85_168    38.14%    passed     63.44%
  85  AT2G14210.1_PACid_19638394_83_170    38.14%    passed     92.48%
  86  AT2G14210.1_PACid_19638394_170_185   83.51%    passed     36.79%
  87  AT2G03710.3_PACid_19640310_85_172    38.14%    passed     93.82%
  88  AT2G22630.1_PACid_19642313_83_171    38.14%    passed     95.83%
  89  AT2G22630.1_PACid_19642313_165_183   80.41%    passed     96.79%
  90  AT2G03710.2_PACid_19640309_85_173    38.14%    passed     93.82%
  91  AT2G03710.1_PACid_19640308_85_173    38.14%    passed     93.82%
  92  AT4G11880.1_PACid_19643844_84_171    38.14%    passed     96.58%
  93  AT4G09960.4_PACid_19648308_86_175    38.14%    passed     79.59%
  94  AT3G30260.1_PACid_19662130_87_171    38.14%    passed     39.47%
  95  AT5G62165.1_PACid_19672595_84_170    38.14%    passed     76.79%
  96  AT5G62165.2_PACid_19672596_84_170    38.14%    passed     76.79%
  97  AT5G62165.3_PACid_19672597_84_170    38.14%    passed     76.79%
  98  AT1G24260.3_PACid_19651405_93_160    38.14%    passed     71.31%
  99  AT5G51870.1_PACid_19672300_88_172    38.14%    passed     92.54%
 100  AT5G51870.3_PACid_19672299_88_171    38.14%    passed     92.54%
 101  AT5G23260.2_PACid_19667542_82_170    38.14%    failed      0.04%
 102  AT5G13790.1_PACid_19669343_75_165    38.14%    passed     96.14%
 103  AT5G51860.2_PACid_19671372_89_172    38.14%    passed     41.81%
 104  AT1G71692.1_PACid_19653064_99_180    38.14%    passed     21.60%
 105  AT5G51860.1_PACid_19671371_89_171    38.14%    passed     41.81%
 106  AT4G09960.2_PACid_19648310_86_165    38.14%    passed     63.31%
 107  AT5G62165.5_PACid_19672599_43_117    38.14%    passed     28.64%
 108  AT4G24540.1_PACid_19648389_91_172    38.14%    passed     33.13%
 109  AT3G57390.2_PACid_19659473_34_118    38.14%    passed     99.45%
 110  AT3G57390.1_PACid_19659472_95_179    38.14%    passed     99.45%
 111  AT2G22540.2_PACid_19641564_87_165    38.14%    passed     82.47%
 112  AT2G22540.1_PACid_19641563_92_170    38.14%    passed     82.47%
 113  AT2G22540.1_PACid_19641563_166_184   80.41%    passed     46.48%
 114  AT3G54340.1_PACid_19659884_81_168    38.14%    passed     23.28%
 115  AT5G20240.1_PACid_19673101_81_164    38.14%    passed     28.25%
 116  AT3G57230.2_PACid_19665061_106_169   38.14%    passed     61.72%
 117  AT3G57230.2_PACid_19665061_164_183   79.38%    passed     14.82%
 118  AT5G51870.2_PACid_19672301_88_148    38.14%    passed     65.49%
 119  AT5G23260.1_PACid_19667543_82_165    38.14%    failed      0.04%
 120  AT5G62165.4_PACid_19672598_84_157    38.14%    passed     77.80%
 121  AT5G23260.3_PACid_19667544_82_152    38.14%    failed      0.04%
 122  AT5G10140.2_PACid_19672042_89_164    38.14%    passed     34.33%
 123  AT5G10140.1_PACid_19672039_89_164    38.14%    passed     34.33%
 124  AT5G10140.3_PACid_19672040_89_164    38.14%    passed     34.33%
 125  AT2G41470.1_PACid_19641817_21_83     38.14%    passed     27.65%
 126  AT2G41470.1_PACid_19641817_120_196   38.14%    passed     25.40%
 127  AT2G41470.1_PACid_19641817_249_309   38.14%    passed     69.77%
 128  AT2G41470.1_PACid_19641817_355_410   42.27%    failed      0.17%
 129  AT1G77080.2_PACid_19652599_93_160    38.14%    passed     61.13%
 130  AT1G77080.5_PACid_19652600_96_164    38.14%    passed     67.00%
 131  AT5G65060.1_PACid_19668928_96_164    38.14%    passed     51.41%
 132  AT1G77080.4_PACid_19652598_96_164    38.14%    passed     67.00%
 133  AT5G65050.2_PACid_19667307_98_164    38.14%    passed     61.78%
 134  AT5G65080.1_PACid_19670372_101_170   38.14%    passed     87.99%
 135  AT5G65050.3_PACid_19667305_98_164    38.14%    passed     61.78%
 136  AT5G65080.2_PACid_19670373_93_162    38.14%    passed     87.99%
 137  AT5G65060.2_PACid_19668929_102_153   46.39%    passed     72.42%
 138  AT5G65070.2_PACid_19666741_141_195   43.30%    passed     84.26%
 139  AT5G65070.1_PACid_19666742_110_164   43.30%    passed     84.26%
 140  AT5G65070.3_PACid_19666740_142_196   43.30%    passed     84.26%
 141  AT5G10140.4_PACid_19672041_90_154    38.14%    passed     34.44%
 142  AT1G77080.3_PACid_19652601_82_126    53.61%    passed     30.94%
 143  AT1G31150.1_PACid_19651250_574_639   38.14%    passed     62.50%
 144  AT5G65050.1_PACid_19667306_98_149    46.39%    passed     50.28%
 145  AT1G31140.2_PACid_19657777_95_158    38.14%    passed     71.63%
 146  AT1G31140.1_PACid_19657778_95_156    38.14%    passed     53.80%
 147  AT2G41445.1_PACid_19641714_37_93     41.24%    passed     49.87%
 148  AT2G41445.1_PACid_19641714_149_217   38.14%    passed      5.57%
 149  AT1G77950.1_PACid_19656697_125_198   38.14%    passed      6.43%
 150  AT1G77950.2_PACid_19656698_125_198   38.14%    passed      6.43%
 151  AT1G22130.1_PACid_19651829_125_192   38.14%    failed      4.14%
 152  AT1G77980.1_PACid_19650219_124_189   38.14%    passed      8.38%
 153  AT2G41440.1_PACid_19638798_42_120    38.14%    passed     87.61%
 154  AT2G41440.1_PACid_19638798_151_202   46.39%    failed      0.69%
 155  AT2G41440.2_PACid_19638799_33_84     46.39%    failed      0.69%
 156  AT1G69540.1_PACid_19658298_146_182   61.86%    passed      9.39%
 157  AT1G59810.1_PACid_19650751_99_152    44.33%    passed     63.27%
 158  AT2G03060.2_PACid_19640478_88_99     87.63%    passed     54.34%
 159  AT2G03060.2_PACid_19640478_114_176   38.14%    passed     50.42%
 160  AT4G27630.1_PACid_19644925_67_96     69.07%    passed      5.71%
 161  AT4G27630.1_PACid_19644925_136_162   72.16%    passed     92.25%
 162  AT2G11620.1_PACid_19641263_210_250   57.73%    failed      0.00%
 163  AT2G11620.1_PACid_19641263_324_348   74.23%    failed      0.00%
 164  AT2G11620.1_PACid_19641263_364_388   74.23%    passed     25.53%
 165  AT2G11620.1_PACid_19641263_406_426   78.35%    passed     20.17%
 166  AT2G11620.1_PACid_19641263_442_465   75.26%    failed      2.00%
WARNING: 16 sequences contain more than 50% gaps/ambiguity
****  TOTAL                                33.26%  15 sequences failed composition chi2 test (p-value<5%; df=19)
NOTE: HanXRQChr16g0501741_Kbox is identical to HanXRQChr16g0501381_Kbox but kept for subsequent analysis
NOTE: AT5G60910.1_PACid_19670614_85_172 is identical to AT5G60910.2_PACid_19670615_23_110 but kept for subsequent analysis
NOTE: AT3G58780.1_PACid_19662659_100_186 is identical to AT3G58780.2_PACid_19662660_93_179 but kept for subsequent analysis
NOTE: AT4G18960.2_PACid_19647338_88_173 is identical to AT4G18960.1_PACid_19647337_102_187 but kept for subsequent analysis
NOTE: AT2G42830.2_PACid_19643527_100_188 is identical to AT2G42830.1_PACid_19643528_100_186 but kept for subsequent analysis
NOTE: AT5G15800.2_PACid_19670122_84_172 is identical to AT5G15800.1_PACid_19670123_84_172 but kept for subsequent analysis
NOTE: AT4G09960.3_PACid_19648307_112_197 is identical to AT4G09960.1_PACid_19648309_86_171 but kept for subsequent analysis
NOTE: AT1G24260.1_PACid_19651404_92_174 is identical to AT1G24260.2_PACid_19651403_93_175 but kept for subsequent analysis
NOTE: AT3G57230.2_PACid_19665061_164_183 is identical to AT3G57230.1_PACid_19665060_165_184 but kept for subsequent analysis
NOTE: AT2G03710.2_PACid_19640309_85_173 is identical to AT2G03710.3_PACid_19640310_85_172 but kept for subsequent analysis
NOTE: AT5G62165.2_PACid_19672596_84_170 is identical to AT5G62165.1_PACid_19672595_84_170 but kept for subsequent analysis
NOTE: AT5G51870.3_PACid_19672299_88_171 is identical to AT5G51870.1_PACid_19672300_88_172 but kept for subsequent analysis
NOTE: AT5G23260.1_PACid_19667543_82_165 is identical to AT5G23260.2_PACid_19667542_82_170 but kept for subsequent analysis
NOTE: AT5G51860.1_PACid_19671371_89_171 is identical to AT5G51860.2_PACid_19671372_89_172 but kept for subsequent analysis
NOTE: AT3G57390.1_PACid_19659472_95_179 is identical to AT3G57390.2_PACid_19659473_34_118 but kept for subsequent analysis
NOTE: AT2G22540.1_PACid_19641563_92_170 is identical to AT2G22540.2_PACid_19641564_87_165 but kept for subsequent analysis
NOTE: AT5G10140.1_PACid_19672039_89_164 is identical to AT5G10140.2_PACid_19672042_89_164 but kept for subsequent analysis
NOTE: AT1G77080.4_PACid_19652598_96_164 is identical to AT1G77080.5_PACid_19652600_96_164 but kept for subsequent analysis
NOTE: AT5G65050.3_PACid_19667305_98_164 is identical to AT5G65050.2_PACid_19667307_98_164 but kept for subsequent analysis
NOTE: AT5G65080.2_PACid_19670373_93_162 is identical to AT5G65080.1_PACid_19670372_101_170 but kept for subsequent analysis
NOTE: AT5G65070.1_PACid_19666742_110_164 is identical to AT5G65070.2_PACid_19666741_141_195 but kept for subsequent analysis
NOTE: AT1G77950.2_PACid_19656698_125_198 is identical to AT1G77950.1_PACid_19656697_125_198 but kept for subsequent analysis
NOTE: AT2G41440.2_PACid_19638799_33_84 is identical to AT2G41440.1_PACid_19638798_151_202 but kept for subsequent analysis
NOTE: 8 identical sequences (see below) will be ignored for subsequent analysis
NOTE: AT3G58780.3_PACid_19662658_125_211 (identical to AT3G58780.2_PACid_19662660_93_179) is ignored but added at the end
NOTE: AT4G09960.4_PACid_19648308_86_175 (identical to AT4G09960.1_PACid_19648309_86_171) is ignored but added at the end
NOTE: AT1G24260.3_PACid_19651405_93_160 (identical to AT1G24260.2_PACid_19651403_93_175) is ignored but added at the end
NOTE: AT2G03710.1_PACid_19640308_85_173 (identical to AT2G03710.3_PACid_19640310_85_172) is ignored but added at the end
NOTE: AT5G62165.3_PACid_19672597_84_170 (identical to AT5G62165.1_PACid_19672595_84_170) is ignored but added at the end
NOTE: AT5G23260.3_PACid_19667544_82_152 (identical to AT5G23260.2_PACid_19667542_82_170) is ignored but added at the end
NOTE: AT5G10140.3_PACid_19672040_89_164 (identical to AT5G10140.2_PACid_19672042_89_164) is ignored but added at the end
NOTE: AT5G65070.3_PACid_19666740_142_196 (identical to AT5G65070.2_PACid_19666741_141_195) is ignored but added at the end

For your convenience alignment with unique sequences printed to /Users/bushrakhan/Desktop/NIPGR-data/MADS-box-Evolutionary-gene-detection/Workflow_Step-by-Step/TASK_8/uploads/Helianthus_Kbox_ML.uniqueseq.phy


Create initial parsimony tree by phylogenetic likelihood library (PLL)... 0.018 seconds
NOTE: ModelFinder requires 11 MB RAM!
ModelFinder will test 168 protein models (sample size: 97) ...
 No. Model         -LnL         df  AIC          AICc         BIC
Measuring multi-threading efficiency up to 10 CPU cores
Increase to 10 rounds for branch lengths
39 trees examined
Threads: 1 / Time: 10.222 sec / Speedup: 1.000 / Efficiency: 100% / LogL: -21869
Threads: 2 / Time: 7.222 sec / Speedup: 1.415 / Efficiency: 71% / LogL: -21869
Threads: 3 / Time: 11.569 sec / Speedup: 0.884 / Efficiency: 29% / LogL: -21869
BEST NUMBER OF THREADS: 2

  1  Dayhoff       12286.411    313 25198.821    221762.821   26004.706
  2  Dayhoff+I     12286.390    314 25200.780    223020.780   26009.239
  3  Dayhoff+G4    12122.649    314 24873.299    222693.299   25681.758
  4  Dayhoff+I+G4  12122.631    315 24875.262    223955.262   25686.296
  5  Dayhoff+F     12271.604    332 25207.207    246319.207   26062.011
  6  Dayhoff+F+I   12271.563    333 25209.127    247653.127   26066.506
  7  Dayhoff+F+G4  12089.111    333 24844.223    247288.223   25701.602
  8  Dayhoff+F+I+G4 12089.111    334 24846.223    248626.223   25706.176
  9  mtMAM         13085.381    313 26796.763    223360.763   27602.647
 10  mtMAM+I       13085.368    314 26798.736    224618.736   27607.195
 11  mtMAM+G4      12689.848    314 26007.696    223827.696   26816.155
 12  mtMAM+I+G4    12689.898    315 26009.796    225089.796   26820.830
 13  mtMAM+F       12542.419    332 25748.837    246860.837   26603.641
 14  mtMAM+F+I     12542.373    333 25750.746    248194.746   26608.125
 15  mtMAM+F+G4    12318.670    333 25303.340    247747.340   26160.719
 16  mtMAM+F+I+G4  12318.659    334 25305.317    249085.317   26165.271
 17  JTT           12136.334    313 24898.668    221462.668   25704.553
 18  JTT+I         12136.309    314 24900.618    222720.618   25709.078
 19  JTT+G4        11962.958    314 24553.916    222373.916   25362.375
 20  JTT+I+G4      11962.951    315 24555.901    223635.901   25366.935
 21  JTT+F         12116.562    332 24897.125    246009.125   25751.929
 22  JTT+F+I       12116.547    333 24899.095    247343.095   25756.473
 23  JTT+F+G4      11929.272    333 24524.543    246968.543   25381.922
 24  JTT+F+I+G4    11929.260    334 24526.520    248306.520   25386.474
 25  WAG           12200.090    313 25026.181    221590.181   25832.065
 26  WAG+I         12200.081    314 25028.161    222848.161   25836.621
 27  WAG+G4        12029.360    314 24686.721    222506.721   25495.180
 28  WAG+I+G4      12029.369    315 24688.737    223768.737   25499.771
 29  WAG+F         12311.053    332 25286.107    246398.107   26140.911
 30  WAG+F+I       12311.034    333 25288.069    247732.069   26145.447
 31  WAG+F+G4      12108.402    333 24882.805    247326.805   25740.184
 32  WAG+F+I+G4    12108.396    334 24884.792    248664.792   25744.745
 33  cpREV         12323.218    313 25272.435    221836.435   26078.320
 34  cpREV+I       12323.208    314 25274.416    223094.416   26082.876
 35  cpREV+G4      12122.147    314 24872.293    222692.293   25680.753
 36  cpREV+I+G4    12122.144    315 24874.288    223954.288   25685.322
 37  cpREV+F       12531.748    332 25727.496    246839.496   26582.300
 38  cpREV+F+I     12531.710    333 25729.419    248173.419   26586.798
 39  cpREV+F+G4    12274.405    333 25214.810    247658.810   26072.189
 40  cpREV+F+I+G4  12274.401    334 25216.802    248996.802   26076.755
 41  mtREV         12774.585    313 26175.171    222739.171   26981.056
 42  mtREV+I       12774.561    314 26177.121    223997.121   26985.580
 43  mtREV+G4      12507.261    314 25642.521    223462.521   26450.980
 44  mtREV+I+G4    12507.256    315 25644.513    224724.513   26455.546
 45  mtREV+F       12384.720    332 25433.440    246545.440   26288.244
 46  mtREV+F+I     12384.681    333 25435.361    247879.361   26292.740
 47  mtREV+F+G4    12196.294    333 25058.588    247502.588   25915.967
 48  mtREV+F+I+G4  12196.282    334 25060.564    248840.564   25920.517
 49  rtREV         12231.525    313 25089.051    221653.051   25894.935
 50  rtREV+I       12231.496    314 25090.992    222910.992   25899.452
 51  rtREV+G4      12061.044    314 24750.087    222570.087   25558.546
 52  rtREV+I+G4    12061.029    315 24752.058    223832.058   25563.091
 53  rtREV+F       12240.205    332 25144.410    246256.410   25999.214
 54  rtREV+F+I     12240.197    333 25146.395    247590.395   26003.774
 55  rtREV+F+G4    12057.806    333 24781.612    247225.612   25638.991
 56  rtREV+F+I+G4  12057.804    334 24783.609    248563.609   25643.562
 57  mtART         13112.084    313 26850.168    223414.168   27656.053
 58  mtART+I       13112.079    314 26852.159    224672.159   27660.618
 59  mtART+G4      12679.908    314 25987.817    223807.817   26796.276
 60  mtART+I+G4    12679.908    315 25989.815    225069.815   26800.849
 61  mtART+F       12477.497    332 25618.993    246730.993   26473.797
 62  mtART+F+I     12477.476    333 25620.951    248064.951   26478.330
 63  mtART+F+G4    12243.689    333 25153.379    247597.379   26010.757
 64  mtART+F+I+G4  12243.685    334 25155.371    248935.371   26015.324
 65  mtZOA         12729.852    313 26085.705    222649.705   26891.589
 66  mtZOA+I       12729.827    314 26087.655    223907.655   26896.114
 67  mtZOA+G4      12410.834    314 25449.668    223269.668   26258.127
 68  mtZOA+I+G4    12410.780    315 25451.560    224531.560   26262.594
 69  mtZOA+F       12335.122    332 25334.245    246446.245   26189.049
 70  mtZOA+F+I     12335.096    333 25336.192    247780.192   26193.571
 71  mtZOA+F+G4    12135.445    333 24936.889    247380.889   25794.268
 72  mtZOA+F+I+G4  12135.444    334 24938.888    248718.888   25798.842
 73  VT            12192.766    313 25011.531    221575.531   25817.416
 74  VT+I          12192.746    314 25013.491    222833.491   25821.951
 75  VT+G4         12027.536    314 24683.072    222503.072   25491.531
 76  VT+I+G4       12027.530    315 24685.059    223765.059   25496.093
 77  VT+F          12234.663    332 25133.325    246245.325   25988.129
 78  VT+F+I        12234.639    333 25135.277    247579.277   25992.656
 79  VT+F+G4       12056.988    333 24779.976    247223.976   25637.355
 80  VT+F+I+G4     12056.972    334 24781.944    248561.944   25641.898
 81  LG            12130.454    313 24886.908    221450.908   25692.792
 82  LG+I          12130.431    314 24888.861    222708.861   25697.320
 83  LG+G4         11947.291    314 24522.581    222342.581   25331.041
 84  LG+I+G4       11947.280    315 24524.560    223604.560   25335.594
 85  LG+F          12207.368    332 25078.737    246190.737   25933.541
 86  LG+F+I        12207.331    333 25080.663    247524.663   25938.041
 87  LG+F+G4       12014.639    333 24695.279    247139.279   25552.658
 88  LG+F+I+G4     12014.639    334 24697.278    248477.278   25557.231
 89  DCMut         12286.328    313 25198.657    221762.657   26004.542
 90  DCMut+I       12286.304    314 25200.609    223020.609   26009.068
 91  DCMut+G4      12122.684    314 24873.368    222693.368   25681.828
 92  DCMut+I+G4    12122.706    315 24875.412    223955.412   25686.445
 93  DCMut+F       12271.318    332 25206.635    246318.635   26061.439
 94  DCMut+F+I     12271.276    333 25208.552    247652.552   26065.931
 95  DCMut+F+G4    12089.001    333 24844.002    247288.002   25701.381
 96  DCMut+F+I+G4  12088.997    334 24845.995    248625.995   25705.948
 97  PMB           12352.499    313 25330.998    221894.998   26136.883
 98  PMB+I         12352.465    314 25332.931    223152.931   26141.390
 99  PMB+G4        12172.030    314 24972.061    222792.061   25780.520
100  PMB+I+G4      12172.029    315 24974.058    224054.058   25785.092
101  PMB+F         12415.772    332 25495.545    246607.545   26350.349
102  PMB+F+I       12415.756    333 25497.512    247941.512   26354.891
103  PMB+F+G4      12226.535    333 25119.071    247563.071   25976.450
104  PMB+F+I+G4    12226.543    334 25121.087    248901.087   25981.040
105  HIVb          12350.874    313 25327.747    221891.747   26133.632
106  HIVb+I        12350.786    314 25329.572    223149.572   26138.031
107  HIVb+G4       12127.282    314 24882.563    222702.563   25691.023
108  HIVb+I+G4     12127.282    315 24884.564    223964.564   25695.598
109  HIVb+F        12289.561    332 25243.123    246355.123   26097.927
110  HIVb+F+I      12289.541    333 25245.082    247689.082   26102.460
111  HIVb+F+G4     12050.715    333 24767.430    247211.430   25624.809
112  HIVb+F+I+G4   12050.717    334 24769.433    248549.433   25629.387
113  HIVw          12924.661    313 26475.322    223039.322   27281.206
114  HIVw+I        12924.639    314 26477.279    224297.279   27285.738
115  HIVw+G4       12652.309    314 25932.617    223752.617   26741.076
116  HIVw+I+G4     12652.308    315 25934.616    225014.616   26745.650
117  HIVw+F        12709.981    332 26083.963    247195.963   26938.767
118  HIVw+F+I      12709.916    333 26085.831    248529.831   26943.210
119  HIVw+F+G4     12404.823    333 25475.647    247919.647   26333.025
120  HIVw+F+I+G4   12404.813    334 25477.626    249257.626   26337.580
121  JTTDCMut      12137.641    313 24901.282    221465.282   25707.167
122  JTTDCMut+I    12137.598    314 24903.195    222723.195   25711.655
123  JTTDCMut+G4   11964.306    314 24556.612    222376.612   25365.071
124  JTTDCMut+I+G4 11964.310    315 24558.621    223638.621   25369.655
125  JTTDCMut+F    12122.269    332 24908.538    246020.538   25763.343
126  JTTDCMut+F+I  12122.251    333 24910.502    247354.502   25767.881
127  JTTDCMut+F+G4 11935.146    333 24536.292    246980.292   25393.670
128  JTTDCMut+F+I+G4 11935.134    334 24538.268    248318.268   25398.221
129  FLU           12429.257    313 25484.513    222048.513   26290.398
130  FLU+I         12429.204    314 25486.408    223306.408   26294.867
131  FLU+G4        12201.485    314 25030.969    222850.969   25839.428
132  FLU+I+G4      12201.474    315 25032.948    224112.948   25843.982
133  FLU+F         12474.238    332 25612.476    246724.476   26467.280
134  FLU+F+I       12474.205    333 25614.411    248058.411   26471.789
135  FLU+F+G4      12200.608    333 25067.216    247511.216   25924.595
136  FLU+F+I+G4    12200.596    334 25069.191    248849.191   25929.145
137  Blosum62      12327.243    313 25280.486    221844.486   26086.371
138  Blosum62+I    12327.217    314 25282.434    223102.434   26090.893
139  Blosum62+G4   12150.640    314 24929.279    222749.279   25737.738
140  Blosum62+I+G4 12150.642    315 24931.284    224011.284   25742.318
141  Blosum62+F    12446.725    332 25557.451    246669.451   26412.255
142  Blosum62+F+I  12446.715    333 25559.429    248003.429   26416.808
143  Blosum62+F+G4 12254.313    333 25174.625    247618.625   26032.004
144  Blosum62+F+I+G4 12254.302    334 25176.603    248956.603   26036.557
145  mtMet         12752.741    313 26131.482    222695.482   26937.367
146  mtMet+I       12752.735    314 26133.471    223953.471   26941.930
147  mtMet+G4      12460.976    314 25549.952    223369.952   26358.411
148  mtMet+I+G4    12460.966    315 25551.933    224631.933   26362.967
149  mtMet+F       12249.670    332 25163.340    246275.340   26018.144
150  mtMet+F+I     12249.642    333 25165.284    247609.284   26022.663
151  mtMet+F+G4    12064.146    333 24794.292    247238.292   25651.671
152  mtMet+F+I+G4  12064.158    334 24796.315    248576.315   25656.269
153  mtVer         12815.568    313 26257.135    222821.135   27063.020
154  mtVer+I       12815.550    314 26259.099    224079.099   27067.559
155  mtVer+G4      12544.300    314 25716.599    223536.599   26525.059
156  mtVer+I+G4    12544.297    315 25718.593    224798.593   26529.627
157  mtVer+F       12411.616    332 25487.232    246599.232   26342.036
158  mtVer+F+I     12411.565    333 25489.129    247933.129   26346.508
159  mtVer+F+G4    12204.838    333 25075.675    247519.675   25933.054
160  mtVer+F+I+G4  12204.832    334 25077.664    248857.664   25937.618
161  mtInv         12843.471    313 26312.942    222876.942   27118.827
162  mtInv+I       12843.444    314 26314.888    224134.888   27123.347
163  mtInv+G4      12553.477    314 25734.954    223554.954   26543.413
164  mtInv+I+G4    12553.471    315 25736.941    224816.941   26547.975
165  mtInv+F       12225.757    332 25115.514    246227.514   25970.318
166  mtInv+F+I     12225.741    333 25117.483    247561.483   25974.862
167  mtInv+F+G4    12044.330    333 24754.661    247198.661   25612.040
168  mtInv+F+I+G4  12044.069    334 24756.139    248536.139   25616.092
Akaike Information Criterion:           LG+G4
Corrected Akaike Information Criterion: LG
Bayesian Information Criterion:         LG+G4
Best-fit model: LG+G4 chosen according to BIC

All model information printed to /Users/bushrakhan/Desktop/NIPGR-data/MADS-box-Evolutionary-gene-detection/Workflow_Step-by-Step/TASK_8/uploads/Helianthus_Kbox_ML.model.gz
CPU time for ModelFinder: 157.144 seconds (0h:2m:37s)
Wall-clock time for ModelFinder: 112.360 seconds (0h:1m:52s)
Generating 1000 samples for ultrafast bootstrap (seed: 387584)...

NOTE: 11 MB RAM (0 GB) is required!
Measuring multi-threading efficiency up to 10 CPU cores
Increase to 10 rounds for branch lengths
12 trees examined
Threads: 1 / Time: 10.383 sec / Speedup: 1.000 / Efficiency: 100% / LogL: -20786
Threads: 2 / Time: 7.525 sec / Speedup: 1.380 / Efficiency: 69% / LogL: -20786
Threads: 3 / Time: 6.342 sec / Speedup: 1.637 / Efficiency: 55% / LogL: -20786
Threads: 4 / Time: 7.255 sec / Speedup: 1.431 / Efficiency: 36% / LogL: -20786
BEST NUMBER OF THREADS: 3

Estimate model parameters (epsilon = 0.100)
1. Initial log-likelihood: -11997.049
2. Current log-likelihood: -11957.551
3. Current log-likelihood: -11949.500
4. Current log-likelihood: -11947.597
5. Current log-likelihood: -11947.349
Optimal log-likelihood: -11947.293
Gamma shape alpha: 2.907
Parameters optimization took 5 rounds (1.211 sec)
Computing ML distances based on estimated model parameters... 10.880 sec
WARNING: Some pairwise ML distances are too long (saturated)
Computing BIONJ tree...
0.018 seconds
Log-likelihood of BIONJ tree: -11998.045
--------------------------------------------------------------------
|             INITIALIZING CANDIDATE TREE SET                      |
--------------------------------------------------------------------
Generating 98 parsimony trees... 4.016 second
Computing log-likelihood of 98 initial trees ... 11.947 seconds
Current best score: -11906.081

Do NNI search on 20 best initial trees
Estimate model parameters (epsilon = 0.100)
BETTER TREE FOUND at iteration 1: -11844.097
Estimate model parameters (epsilon = 0.100)
BETTER TREE FOUND at iteration 2: -11842.759
Estimate model parameters (epsilon = 0.100)
BETTER TREE FOUND at iteration 3: -11841.278
Estimate model parameters (epsilon = 0.100)
BETTER TREE FOUND at iteration 4: -11840.392
Estimate model parameters (epsilon = 0.100)
BETTER TREE FOUND at iteration 6: -11834.393
Iteration 10 / LogL: -11847.647 / Time: 0h:1m:18s
Iteration 20 / LogL: -11843.562 / Time: 0h:1m:45s
Finish initializing candidate tree set (20)
Current best tree score: -11834.393 / CPU time: 68.002
Number of iterations: 20
--------------------------------------------------------------------
|               OPTIMIZING CANDIDATE TREE SET                      |
--------------------------------------------------------------------
Estimate model parameters (epsilon = 0.100)
BETTER TREE FOUND at iteration 25: -11831.018
Estimate model parameters (epsilon = 0.100)
BETTER TREE FOUND at iteration 28: -11827.479
Iteration 30 / LogL: -11836.056 / Time: 0h:2m:9s (0h:7m:16s left)
Iteration 40 / LogL: -11833.484 / Time: 0h:2m:29s (0h:5m:37s left)
Estimate model parameters (epsilon = 0.100)
BETTER TREE FOUND at iteration 50: -11827.044
Iteration 50 / LogL: -11827.044 / Time: 0h:2m:51s (0h:5m:50s left)
Log-likelihood cutoff on original alignment: -11874.367
Estimate model parameters (epsilon = 0.100)
BETTER TREE FOUND at iteration 57: -11824.796
Iteration 60 / LogL: -11828.790 / Time: 0h:3m:23s (0h:5m:34s left)
Iteration 70 / LogL: -11828.116 / Time: 0h:3m:52s (0h:4m:53s left)
Iteration 80 / LogL: -11826.865 / Time: 0h:4m:24s (0h:4m:17s left)
Estimate model parameters (epsilon = 0.100)
BETTER TREE FOUND at iteration 84: -11824.501
Iteration 90 / LogL: -11826.905 / Time: 0h:4m:52s (0h:5m:9s left)
Iteration 100 / LogL: -11826.330 / Time: 0h:5m:23s (0h:4m:34s left)
Log-likelihood cutoff on original alignment: -11870.760
NOTE: Bootstrap correlation coefficient of split occurrence frequencies: 0.982
NOTE: UFBoot does not converge, continue at least 100 more iterations
Iteration 110 / LogL: -11850.028 / Time: 0h:5m:53s (0h:4m:52s left)
BETTER TREE FOUND at iteration 116: -11824.499
Iteration 120 / LogL: -11826.036 / Time: 0h:6m:26s (0h:5m:11s left)
Iteration 130 / LogL: -11827.496 / Time: 0h:6m:54s (0h:4m:35s left)
Iteration 140 / LogL: -11827.181 / Time: 0h:7m:22s (0h:4m:2s left)
Iteration 150 / LogL: -11827.156 / Time: 0h:7m:57s (0h:3m:31s left)
Log-likelihood cutoff on original alignment: -11870.760
Iteration 160 / LogL: -11825.956 / Time: 0h:8m:13s (0h:2m:53s left)
Iteration 170 / LogL: -11825.053 / Time: 0h:8m:28s (0h:2m:18s left)
Iteration 180 / LogL: -11825.943 / Time: 0h:8m:44s (0h:1m:45s left)
Iteration 190 / LogL: -11826.159 / Time: 0h:9m:1s (0h:1m:14s left)
Iteration 200 / LogL: -11839.147 / Time: 0h:9m:20s (0h:0m:45s left)
Log-likelihood cutoff on original alignment: -11870.760
NOTE: Bootstrap correlation coefficient of split occurrence frequencies: 0.996
Iteration 210 / LogL: -11825.340 / Time: 0h:9m:39s (0h:4m:9s left)
TREE SEARCH COMPLETED AFTER 217 ITERATIONS / Time: 0h:9m:50s

--------------------------------------------------------------------
|                    FINALIZING TREE SEARCH                        |
--------------------------------------------------------------------
Performs final model parameters optimization
Estimate model parameters (epsilon = 0.010)
1. Initial log-likelihood: -11824.499
Optimal log-likelihood: -11824.499
Gamma shape alpha: 3.270
Parameters optimization took 1 rounds (0.099 sec)
BEST SCORE FOUND : -11824.499
Creating bootstrap support values...
Split supports printed to NEXUS file /Users/bushrakhan/Desktop/NIPGR-data/MADS-box-Evolutionary-gene-detection/Workflow_Step-by-Step/TASK_8/uploads/Helianthus_Kbox_ML.splits.nex
Total tree length: 52.313

Total number of iterations: 217
CPU time used for tree search: 1074.603 sec (0h:17m:54s)
Wall-clock time used for tree search: 552.958 sec (0h:9m:12s)
Total CPU time used: 1138.826 sec (0h:18m:58s)
Total wall-clock time used: 591.484 sec (0h:9m:51s)

Computing bootstrap consensus tree...
Reading input file /Users/bushrakhan/Desktop/NIPGR-data/MADS-box-Evolutionary-gene-detection/Workflow_Step-by-Step/TASK_8/uploads/Helianthus_Kbox_ML.splits.nex...
158 taxa and 1306 splits.
Consensus tree written to /Users/bushrakhan/Desktop/NIPGR-data/MADS-box-Evolutionary-gene-detection/Workflow_Step-by-Step/TASK_8/uploads/Helianthus_Kbox_ML.contree
Reading input trees file /Users/bushrakhan/Desktop/NIPGR-data/MADS-box-Evolutionary-gene-detection/Workflow_Step-by-Step/TASK_8/uploads/Helianthus_Kbox_ML.contree
Log-likelihood of consensus tree: -11826.009

Analysis results written to: 
  IQ-TREE report:                /Users/bushrakhan/Desktop/NIPGR-data/MADS-box-Evolutionary-gene-detection/Workflow_Step-by-Step/TASK_8/uploads/Helianthus_Kbox_ML.iqtree
  Maximum-likelihood tree:       /Users/bushrakhan/Desktop/NIPGR-data/MADS-box-Evolutionary-gene-detection/Workflow_Step-by-Step/TASK_8/uploads/Helianthus_Kbox_ML.treefile
  Likelihood distances:          /Users/bushrakhan/Desktop/NIPGR-data/MADS-box-Evolutionary-gene-detection/Workflow_Step-by-Step/TASK_8/uploads/Helianthus_Kbox_ML.mldist

Ultrafast bootstrap approximation results written to:
  Split support values:          /Users/bushrakhan/Desktop/NIPGR-data/MADS-box-Evolutionary-gene-detection/Workflow_Step-by-Step/TASK_8/uploads/Helianthus_Kbox_ML.splits.nex
  Consensus tree:                /Users/bushrakhan/Desktop/NIPGR-data/MADS-box-Evolutionary-gene-detection/Workflow_Step-by-Step/TASK_8/uploads/Helianthus_Kbox_ML.contree
  Screen log file:               /Users/bushrakhan/Desktop/NIPGR-data/MADS-box-Evolutionary-gene-detection/Workflow_Step-by-Step/TASK_8/uploads/Helianthus_Kbox_ML.log

Date and Time: Sat Apr  4 01:23:15 2026
