IQ-TREE multicore version 1.6.12 for Mac OS X 64-bit built Aug 15 2019
Developed by Bui Quang Minh, Nguyen Lam Tung, Olga Chernomor,
Heiko Schmidt, Dominik Schrempf, Michael Woodhams.

Host:    Bushras-MacBook-Air.local (SSE4.2, 16 GB RAM)
Command: /Users/bushrakhan/Desktop/NIPGR-data/MADS-box-Evolutionary-gene-detection/bin/iqtree -s /Users/bushrakhan/Desktop/NIPGR-data/MADS-box-Evolutionary-gene-detection/Workflow_Step-by-Step/TASK_8/uploads/Helianthus_MADS_Aligned.fa -nt AUTO -m TEST -bb 1000 -pre /Users/bushrakhan/Desktop/NIPGR-data/MADS-box-Evolutionary-gene-detection/Workflow_Step-by-Step/TASK_8/uploads/Helianthus_MADS_ML
Seed:    387582 (Using SPRNG - Scalable Parallel Random Number Generator)
Time:    Sat Apr  4 01:11:31 2026
Kernel:  SSE2 - auto-detect threads (10 CPU cores detected)

Reading alignment file /Users/bushrakhan/Desktop/NIPGR-data/MADS-box-Evolutionary-gene-detection/Workflow_Step-by-Step/TASK_8/uploads/Helianthus_MADS_Aligned.fa ... Fasta format detected
Alignment most likely contains protein sequences
Alignment has 210 sequences with 49 columns, 49 distinct patterns
46 parsimony-informative, 2 singleton sites, 0 constant sites
WARNING: Some sequence names are changed as follows:
AT2G45650.1|PACid:19638787_10_57 -> AT2G45650.1_PACid_19638787_10_57
AT4G11880.1|PACid:19643844_10_57 -> AT4G11880.1_PACid_19643844_10_57
AT4G09960.1|PACid:19648309_10_57 -> AT4G09960.1_PACid_19648309_10_57
AT4G09960.4|PACid:19648308_10_57 -> AT4G09960.4_PACid_19648308_10_57
AT4G18960.1|PACid:19647337_26_73 -> AT4G18960.1_PACid_19647337_26_73
AT4G09960.3|PACid:19648307_36_83 -> AT4G09960.3_PACid_19648307_36_83
AT4G09960.2|PACid:19648310_10_57 -> AT4G09960.2_PACid_19648310_10_57
AT2G45660.1|PACid:19641052_10_57 -> AT2G45660.1_PACid_19641052_10_57
AT4G22950.1|PACid:19647692_10_57 -> AT4G22950.1_PACid_19647692_10_57
AT4G22950.1|PACid:19647692_94_105 -> AT4G22950.1_PACid_19647692_94_105
AT1G24260.3|PACid:19651405_10_57 -> AT1G24260.3_PACid_19651405_10_57
AT5G15800.1|PACid:19670123_10_57 -> AT5G15800.1_PACid_19670123_10_57
AT1G24260.1|PACid:19651404_10_57 -> AT1G24260.1_PACid_19651404_10_57
AT1G24260.2|PACid:19651403_10_57 -> AT1G24260.2_PACid_19651403_10_57
AT5G15800.2|PACid:19670122_10_57 -> AT5G15800.2_PACid_19670122_10_57
AT2G22540.1|PACid:19641563_10_57 -> AT2G22540.1_PACid_19641563_10_57
AT3G57390.1|PACid:19659472_10_57 -> AT3G57390.1_PACid_19659472_10_57
AT5G13790.1|PACid:19669343_10_57 -> AT5G13790.1_PACid_19669343_10_57
AT5G51870.2|PACid:19672301_10_57 -> AT5G51870.2_PACid_19672301_10_57
AT5G51870.1|PACid:19672300_10_57 -> AT5G51870.1_PACid_19672300_10_57
AT5G51870.3|PACid:19672299_10_57 -> AT5G51870.3_PACid_19672299_10_57
AT3G58780.2|PACid:19662660_25_72 -> AT3G58780.2_PACid_19662660_25_72
AT2G42830.1|PACid:19643528_25_72 -> AT2G42830.1_PACid_19643528_25_72
AT3G58780.1|PACid:19662659_25_72 -> AT3G58780.1_PACid_19662659_25_72
AT2G42830.2|PACid:19643527_25_72 -> AT2G42830.2_PACid_19643527_25_72
AT3G58780.3|PACid:19662658_25_72 -> AT3G58780.3_PACid_19662658_25_72
AT3G02310.1|PACid:19661943_10_57 -> AT3G02310.1_PACid_19661943_10_57
AT2G14210.1|PACid:19638394_10_57 -> AT2G14210.1_PACid_19638394_10_57
AT2G03710.3|PACid:19640310_10_57 -> AT2G03710.3_PACid_19640310_10_57
AT1G69120.1|PACid:19653480_10_57 -> AT1G69120.1_PACid_19653480_10_57
AT5G60910.1|PACid:19670614_10_57 -> AT5G60910.1_PACid_19670614_10_57
AT5G51860.2|PACid:19671372_10_57 -> AT5G51860.2_PACid_19671372_10_57
AT5G51860.1|PACid:19671371_10_57 -> AT5G51860.1_PACid_19671371_10_57
AT2G03710.2|PACid:19640309_10_57 -> AT2G03710.2_PACid_19640309_10_57
AT2G03710.1|PACid:19640308_10_57 -> AT2G03710.1_PACid_19640308_10_57
AT3G30260.1|PACid:19662130_10_57 -> AT3G30260.1_PACid_19662130_10_57
AT2G24840.1|PACid:19642372_71_118 -> AT2G24840.1_PACid_19642372_71_118
AT2G22540.2|PACid:19641564_10_55 -> AT2G22540.2_PACid_19641564_10_55
AT3G57230.1|PACid:19665060_10_57 -> AT3G57230.1_PACid_19665060_10_57
AT3G57230.2|PACid:19665061_10_57 -> AT3G57230.2_PACid_19665061_10_57
AT4G37940.1|PACid:19644309_10_57 -> AT4G37940.1_PACid_19644309_10_57
AT4G24540.1|PACid:19648389_10_57 -> AT4G24540.1_PACid_19648389_10_57
AT3G61120.1|PACid:19662463_10_57 -> AT3G61120.1_PACid_19662463_10_57
AT3G54340.1|PACid:19659884_10_57 -> AT3G54340.1_PACid_19659884_10_57
AT1G26310.1|PACid:19650942_10_57 -> AT1G26310.1_PACid_19650942_10_57
AT1G22130.1|PACid:19651829_10_55 -> AT1G22130.1_PACid_19651829_10_55
AT5G62165.4|PACid:19672598_10_57 -> AT5G62165.4_PACid_19672598_10_57
AT5G60440.1|PACid:19665878_15_62 -> AT5G60440.1_PACid_19665878_15_62
AT5G62165.1|PACid:19672595_10_57 -> AT5G62165.1_PACid_19672595_10_57
AT5G62165.2|PACid:19672596_10_57 -> AT5G62165.2_PACid_19672596_10_57
AT5G62165.3|PACid:19672597_10_57 -> AT5G62165.3_PACid_19672597_10_57
AT2G22630.1|PACid:19642313_10_57 -> AT2G22630.1_PACid_19642313_10_57
AT1G77980.1|PACid:19650219_10_55 -> AT1G77980.1_PACid_19650219_10_55
AT1G71692.1|PACid:19653064_10_56 -> AT1G71692.1_PACid_19653064_10_56
AT1G01530.1|PACid:19655032_15_62 -> AT1G01530.1_PACid_19655032_15_62
AT1G65360.1|PACid:19652033_15_62 -> AT1G65360.1_PACid_19652033_15_62
AT5G10140.2|PACid:19672042_10_57 -> AT5G10140.2_PACid_19672042_10_57
AT5G10140.4|PACid:19672041_10_57 -> AT5G10140.4_PACid_19672041_10_57
AT5G10140.3|PACid:19672040_10_57 -> AT5G10140.3_PACid_19672040_10_57
AT5G10140.1|PACid:19672039_10_57 -> AT5G10140.1_PACid_19672039_10_57
AT3G66656.1|PACid:19662106_10_57 -> AT3G66656.1_PACid_19662106_10_57
AT5G23260.2|PACid:19667542_10_57 -> AT5G23260.2_PACid_19667542_10_57
AT5G23260.3|PACid:19667544_10_57 -> AT5G23260.3_PACid_19667544_10_57
AT5G23260.1|PACid:19667543_10_57 -> AT5G23260.1_PACid_19667543_10_57
AT4G36590.1|PACid:19644661_15_62 -> AT4G36590.1_PACid_19644661_15_62
AT2G34440.1|PACid:19639540_12_57 -> AT2G34440.1_PACid_19639540_12_57
AT5G65070.1|PACid:19666742_10_57 -> AT5G65070.1_PACid_19666742_10_57
AT1G77950.1|PACid:19656697_10_55 -> AT1G77950.1_PACid_19656697_10_55
AT1G77950.2|PACid:19656698_10_55 -> AT1G77950.2_PACid_19656698_10_55
AT5G65070.3|PACid:19666740_10_57 -> AT5G65070.3_PACid_19666740_10_57
AT5G65070.2|PACid:19666741_10_57 -> AT5G65070.2_PACid_19666741_10_57
AT1G77080.5|PACid:19652600_10_55 -> AT1G77080.5_PACid_19652600_10_55
AT1G77080.2|PACid:19652599_10_55 -> AT1G77080.2_PACid_19652599_10_55
AT1G77080.4|PACid:19652598_10_55 -> AT1G77080.4_PACid_19652598_10_55
AT5G65080.2|PACid:19670373_10_55 -> AT5G65080.2_PACid_19670373_10_55
AT1G31140.1|PACid:19657778_10_57 -> AT1G31140.1_PACid_19657778_10_57
AT1G31140.2|PACid:19657777_10_57 -> AT1G31140.2_PACid_19657777_10_57
AT5G65080.1|PACid:19670372_17_62 -> AT5G65080.1_PACid_19670372_17_62
AT1G47760.1|PACid:19657551_10_57 -> AT1G47760.1_PACid_19657551_10_57
AT5G20240.1|PACid:19673101_10_57 -> AT5G20240.1_PACid_19673101_10_57
AT1G18750.1|PACid:19654582_10_57 -> AT1G18750.1_PACid_19654582_10_57
AT1G72350.1|PACid:19656010_55_98 -> AT1G72350.1_PACid_19656010_55_98
AT5G65050.2|PACid:19667307_10_55 -> AT5G65050.2_PACid_19667307_10_55
AT5G65050.1|PACid:19667306_10_55 -> AT5G65050.1_PACid_19667306_10_55
AT5G65050.3|PACid:19667305_10_55 -> AT5G65050.3_PACid_19667305_10_55
AT5G65060.2|PACid:19668929_10_55 -> AT5G65060.2_PACid_19668929_10_55
AT5G65060.1|PACid:19668928_10_55 -> AT5G65060.1_PACid_19668928_10_55
AT1G17310.1|PACid:19656321_56_103 -> AT1G17310.1_PACid_19656321_56_103
AT1G28460.1|PACid:19649164_16_63 -> AT1G28460.1_PACid_19649164_16_63
AT2G03060.2|PACid:19640478_10_53 -> AT2G03060.2_PACid_19640478_10_53
AT2G03060.1|PACid:19640479_10_53 -> AT2G03060.1_PACid_19640479_10_53
AT3G04100.1|PACid:19663352_22_69 -> AT3G04100.1_PACid_19663352_22_69
AT3G04100.1|PACid:19663352_104_117 -> AT3G04100.1_PACid_19663352_104_117
AT1G29962.1|PACid:19658277_16_63 -> AT1G29962.1_PACid_19658277_16_63
AT5G48670.1|PACid:19672717_10_51 -> AT5G48670.1_PACid_19672717_10_51
AT2G26320.1|PACid:19638466_26_73 -> AT2G26320.1_PACid_19638466_26_73
AT1G69540.1|PACid:19658298_11_53 -> AT1G69540.1_PACid_19658298_11_53
AT3G05860.2|PACid:19660459_10_51 -> AT3G05860.2_PACid_19660459_10_51
AT3G05860.3|PACid:19660458_10_51 -> AT3G05860.3_PACid_19660458_10_51
AT3G05860.1|PACid:19660457_10_51 -> AT3G05860.1_PACid_19660457_10_51
AT5G27960.1|PACid:19666678_9_48 -> AT5G27960.1_PACid_19666678_9_48
AT1G65330.1|PACid:19653684_9_53 -> AT1G65330.1_PACid_19653684_9_53
AT5G55690.1|PACid:19665481_10_51 -> AT5G55690.1_PACid_19665481_10_51
AT5G55690.1|PACid:19665481_137_148 -> AT5G55690.1_PACid_19665481_137_148
AT1G65300.1|PACid:19652716_10_51 -> AT1G65300.1_PACid_19652716_10_51
AT5G26630.1|PACid:19667105_10_50 -> AT5G26630.1_PACid_19667105_10_50
AT5G26650.1|PACid:19669215_9_48 -> AT5G26650.1_PACid_19669215_9_48
AT1G28450.1|PACid:19650560_16_63 -> AT1G28450.1_PACid_19650560_16_63
AT3G18650.1|PACid:19661489_5_23 -> AT3G18650.1_PACid_19661489_5_23
AT3G18650.1|PACid:19661489_30_72 -> AT3G18650.1_PACid_19661489_30_72
AT5G58890.1|PACid:19667567_10_52 -> AT5G58890.1_PACid_19667567_10_52
AT5G26580.1|PACid:19673075_11_50 -> AT5G26580.1_PACid_19673075_11_50
AT4G02235.1|PACid:19647863_9_54 -> AT4G02235.1_PACid_19647863_9_54
AT1G22590.2|PACid:19655507_11_50 -> AT1G22590.2_PACid_19655507_11_50
AT5G65330.1|PACid:19672137_7_52 -> AT5G65330.1_PACid_19672137_7_52
AT5G39750.1|PACid:19667213_25_64 -> AT5G39750.1_PACid_19667213_25_64
AT5G40120.1|PACid:19671880_17_56 -> AT5G40120.1_PACid_19671880_17_56
AT5G38740.1|PACid:19668168_26_65 -> AT5G38740.1_PACid_19668168_26_65
AT5G41200.1|PACid:19667742_19_57 -> AT5G41200.1_PACid_19667742_19_57
AT5G40220.1|PACid:19669238_18_57 -> AT5G40220.1_PACid_19669238_18_57
AT1G46408.1|PACid:19654736_12_53 -> AT1G46408.1_PACid_19654736_12_53
AT5G39810.1|PACid:19670065_25_64 -> AT5G39810.1_PACid_19670065_25_64
AT1G31630.1|PACid:19652269_10_56 -> AT1G31630.1_PACid_19652269_10_56
AT4G11250.1|PACid:19648763_10_51 -> AT4G11250.1_PACid_19648763_10_51
AT5G27090.2|PACid:19670535_29_70 -> AT5G27090.2_PACid_19670535_29_70
AT5G27090.1|PACid:19670534_29_70 -> AT5G27090.1_PACid_19670534_29_70
AT5G06500.1|PACid:19671199_10_53 -> AT5G06500.1_PACid_19671199_10_53
AT5G27070.1|PACid:19671195_30_71 -> AT5G27070.1_PACid_19671195_30_71
AT5G26950.1|PACid:19666538_30_71 -> AT5G26950.1_PACid_19666538_30_71
AT5G26880.1|PACid:19668576_156_166 -> AT5G26880.1_PACid_19668576_156_166
AT5G26880.1|PACid:19668576_241_274 -> AT5G26880.1_PACid_19668576_241_274
AT5G27944.1|PACid:19666623_30_71 -> AT5G27944.1_PACid_19666623_30_71
AT5G27580.1|PACid:19672891_30_71 -> AT5G27580.1_PACid_19672891_30_71
AT2G40210.1|PACid:19638131_10_51 -> AT2G40210.1_PACid_19638131_10_51
AT1G31640.1|PACid:19651329_12_56 -> AT1G31640.1_PACid_19651329_12_56
AT5G04640.1|PACid:19673003_13_53 -> AT5G04640.1_PACid_19673003_13_53
AT5G49490.1|PACid:19668119_54_95 -> AT5G49490.1_PACid_19668119_54_95
AT1G60920.1|PACid:19654635_12_50 -> AT1G60920.1_PACid_19654635_12_50
AT1G48150.1|PACid:19654851_28_67 -> AT1G48150.1_PACid_19654851_28_67
AT5G38620.1|PACid:19667041_14_55 -> AT5G38620.1_PACid_19667041_14_55
AT5G27130.1|PACid:19666602_23_63 -> AT5G27130.1_PACid_19666602_23_63
AT1G60040.1|PACid:19653511_20_62 -> AT1G60040.1_PACid_19653511_20_62
AT5G49420.1|PACid:19672206_16_57 -> AT5G49420.1_PACid_19672206_16_57
AT2G28700.1|PACid:19641128_11_50 -> AT2G28700.1_PACid_19641128_11_50
AT5G27050.1|PACid:19667506_1_28 -> AT5G27050.1_PACid_19667506_1_28
AT1G59810.1|PACid:19650751_19_61 -> AT1G59810.1_PACid_19650751_19_61
AT1G60880.1|PACid:19658292_12_41 -> AT1G60880.1_PACid_19658292_12_41
AT1G54760.1|PACid:19656422_19_43 -> AT1G54760.1_PACid_19656422_19_43
AT5G37415.1|PACid:19671670_85_109 -> AT5G37415.1_PACid_19671670_85_109
AT5G27810.1|PACid:19666054_1_26 -> AT5G27810.1_PACid_19666054_1_26
AT1G33070.1|PACid:19656210_4_24 -> AT1G33070.1_PACid_19656210_4_24
AT2G15660.1|PACid:19640579_30_44 -> AT2G15660.1_PACid_19640579_30_44

                                    Gap/Ambiguity  Composition  p-value
   1  HanXRQChr08g0223671_MADS              2.04%    passed     99.98%
   2  HanXRQChr04g0122131_MADS              2.04%    passed     99.99%
   3  HanXRQChr12g0358721_MADS              2.04%    passed     99.96%
   4  HanXRQChr16g0519321_MADS              2.04%    passed     99.29%
   5  HanXRQChr05g0147261_MADS              2.04%    passed     99.29%
   6  HanXRQChr15g0489071_MADS              2.04%    passed     99.45%
   7  HanXRQChr12g0361321_MADS              2.04%    passed     99.45%
   8  HanXRQChr02g0042981_MADS              2.04%    passed     99.45%
   9  HanXRQChr09g0265001_MADS              2.04%    passed     99.45%
  10  HanXRQChr07g0200321_MADS              2.04%    passed     99.45%
  11  HanXRQChr12g0358711_MADS              2.04%    passed     99.97%
  12  HanXRQChr00c0029g0571181_MADS         2.04%    passed     99.96%
  13  HanXRQChr10g0299591_MADS              2.04%    passed     99.95%
  14  HanXRQChr01g0007431_MADS              2.04%    passed     99.65%
  15  HanXRQChr06g0174721_MADS              2.04%    passed     99.90%
  16  HanXRQChr13g0405061_MADS              2.04%    passed     99.21%
  17  HanXRQChr09g0270841_MADS              2.04%    passed     99.06%
  18  HanXRQChr17g0560051_MADS              2.04%    passed     99.93%
  19  HanXRQChr16g0523531_MADS              2.04%    passed     99.93%
  20  HanXRQChr05g0150571_MADS              8.16%    passed     99.98%
  21  HanXRQChr01g0015681_MADS              2.04%    passed     99.97%
  22  HanXRQChr08g0223681_MADS              2.04%    passed     98.99%
  23  HanXRQChr12g0364981_MADS              2.04%    passed     98.99%
  24  HanXRQChr10g0291191_MADS              2.04%    passed     99.86%
  25  HanXRQChr06g0169281_MADS              2.04%    passed     99.99%
  26  HanXRQChr15g0474011_MADS              2.04%    passed     99.93%
  27  HanXRQChr02g0043891_MADS              2.04%    passed     99.99%
  28  HanXRQChr05g0163521_MADS              2.04%    passed     99.85%
  29  HanXRQChr14g0452461_MADS              2.04%    passed     99.99%
  30  HanXRQChr09g0273361_MADS              2.04%    passed     99.98%
  31  HanXRQChr15g0483111_MADS              8.16%    passed     99.98%
  32  HanXRQChr16g0530971_MADS              2.04%    passed     59.66%
  33  HanXRQChr05g0154261_MADS              2.04%    passed     99.96%
  34  HanXRQChr16g0507561_MADS              2.04%    passed     99.96%
  35  HanXRQChr09g0266391_MADS              2.04%    passed     98.92%
  36  HanXRQChr05g0149341_MADS              2.04%    passed     99.78%
  37  HanXRQChr17g0538691_MADS              2.04%    passed     84.21%
  38  HanXRQChr05g0150661_MADS              2.04%    passed     97.91%
  39  HanXRQChr16g0503081_MADS              2.04%    passed     98.76%
  40  HanXRQChr12g0375471_MADS              2.04%    passed     84.21%
  41  HanXRQChr04g0110101_MADS              2.04%    passed     99.92%
  42  HanXRQChr07g0200001_MADS              2.04%    passed     99.91%
  43  HanXRQChr15g0495861_MADS              2.04%    passed     88.40%
  44  HanXRQChr16g0501381_MADS              2.04%    passed     97.72%
  45  HanXRQChr16g0501741_MADS              2.04%    passed     97.72%
  46  HanXRQChr15g0484901_MADS              2.04%    passed     98.17%
  47  HanXRQChr05g0151331_MADS              2.04%    passed     99.09%
  48  HanXRQChr05g0163381_MADS              2.04%    passed     98.43%
  49  HanXRQChr09g0269421_MADS              2.04%    passed     97.34%
  50  HanXRQChr09g0267081_MADS              4.08%    passed     86.29%
  51  HanXRQChr03g0091451_MADS              2.04%    passed     96.65%
  52  HanXRQChr09g0270311_MADS              2.04%    passed     99.99%
  53  HanXRQChr09g0262151_MADS              2.04%    passed     98.46%
  54  HanXRQChr17g0550551_MADS              2.04%    passed     87.66%
  55  HanXRQChr12g0358781_MADS              2.04%    passed     54.60%
  56  HanXRQChr02g0040221_MADS              2.04%    passed     70.74%
  57  HanXRQChr02g0045511_MADS              2.04%    passed     70.74%
  58  HanXRQChr05g0156101_MADS              6.12%    passed     89.28%
  59  AT2G45650.1_PACid_19638787_10_57      2.04%    passed     99.99%
  60  AT4G11880.1_PACid_19643844_10_57      2.04%    passed     99.99%
  61  AT4G09960.1_PACid_19648309_10_57      2.04%    passed     99.29%
  62  AT4G09960.4_PACid_19648308_10_57      2.04%    passed     99.29%
  63  AT4G18960.1_PACid_19647337_26_73      2.04%    passed     99.29%
  64  AT4G09960.3_PACid_19648307_36_83      2.04%    passed     99.29%
  65  AT4G09960.2_PACid_19648310_10_57      2.04%    passed     99.29%
  66  AT2G45660.1_PACid_19641052_10_57      2.04%    passed    100.00%
  67  AT4G22950.1_PACid_19647692_10_57      2.04%    passed     99.90%
  68  AT4G22950.1_PACid_19647692_94_105    75.51%    passed     89.91%
  69  AT1G24260.3_PACid_19651405_10_57      2.04%    passed     99.45%
  70  AT5G15800.1_PACid_19670123_10_57      2.04%    passed     99.45%
  71  AT1G24260.1_PACid_19651404_10_57      2.04%    passed     99.45%
  72  AT1G24260.2_PACid_19651403_10_57      2.04%    passed     99.45%
  73  AT5G15800.2_PACid_19670122_10_57      2.04%    passed     99.45%
  74  AT2G22540.1_PACid_19641563_10_57      2.04%    passed     97.90%
  75  AT3G57390.1_PACid_19659472_10_57      2.04%    passed     99.20%
  76  AT5G13790.1_PACid_19669343_10_57      2.04%    passed     99.81%
  77  AT5G51870.2_PACid_19672301_10_57      2.04%    passed     68.01%
  78  AT5G51870.1_PACid_19672300_10_57      2.04%    passed     68.01%
  79  AT5G51870.3_PACid_19672299_10_57      2.04%    passed     68.01%
  80  AT3G58780.2_PACid_19662660_25_72      2.04%    passed     97.76%
  81  AT2G42830.1_PACid_19643528_25_72      2.04%    passed     97.76%
  82  AT3G58780.1_PACid_19662659_25_72      2.04%    passed     97.76%
  83  AT2G42830.2_PACid_19643527_25_72      2.04%    passed     97.76%
  84  AT3G58780.3_PACid_19662658_25_72      2.04%    passed     97.76%
  85  AT3G02310.1_PACid_19661943_10_57      2.04%    passed     99.79%
  86  AT2G14210.1_PACid_19638394_10_57      2.04%    passed     99.51%
  87  AT2G03710.3_PACid_19640310_10_57      2.04%    passed     98.75%
  88  AT1G69120.1_PACid_19653480_10_57      2.04%    passed     86.13%
  89  AT5G60910.1_PACid_19670614_10_57      2.04%    passed     99.97%
  90  AT5G51860.2_PACid_19671372_10_57      2.04%    passed     97.48%
  91  AT5G51860.1_PACid_19671371_10_57      2.04%    passed     97.48%
  92  AT2G03710.2_PACid_19640309_10_57      2.04%    passed     98.75%
  93  AT2G03710.1_PACid_19640308_10_57      2.04%    passed     98.75%
  94  AT3G30260.1_PACid_19662130_10_57      2.04%    passed     99.86%
  95  AT2G24840.1_PACid_19642372_71_118     2.04%    passed     52.10%
  96  AT2G22540.2_PACid_19641564_10_55      6.12%    passed     98.86%
  97  AT3G57230.1_PACid_19665060_10_57      2.04%    passed    100.00%
  98  AT3G57230.2_PACid_19665061_10_57      2.04%    passed    100.00%
  99  AT4G37940.1_PACid_19644309_10_57      2.04%    passed     94.74%
 100  AT4G24540.1_PACid_19648389_10_57      2.04%    passed     84.10%
 101  AT3G61120.1_PACid_19662463_10_57      2.04%    passed     99.98%
 102  AT3G54340.1_PACid_19659884_10_57      2.04%    passed     77.65%
 103  AT1G26310.1_PACid_19650942_10_57      2.04%    passed     99.97%
 104  AT1G22130.1_PACid_19651829_10_55      6.12%    passed     93.76%
 105  AT5G62165.4_PACid_19672598_10_57      2.04%    passed     99.61%
 106  AT5G60440.1_PACid_19665878_15_62      2.04%    passed     89.06%
 107  AT5G62165.1_PACid_19672595_10_57      2.04%    passed     99.61%
 108  AT5G62165.2_PACid_19672596_10_57      2.04%    passed     99.61%
 109  AT5G62165.3_PACid_19672597_10_57      2.04%    passed     99.61%
 110  AT2G22630.1_PACid_19642313_10_57      2.04%    passed     79.19%
 111  AT1G77980.1_PACid_19650219_10_55      6.12%    passed     96.43%
 112  AT1G71692.1_PACid_19653064_10_56      4.08%    passed     84.89%
 113  AT1G01530.1_PACid_19655032_15_62      2.04%    passed     99.47%
 114  AT1G65360.1_PACid_19652033_15_62      2.04%    passed     28.71%
 115  AT5G10140.2_PACid_19672042_10_57      2.04%    passed     96.63%
 116  AT5G10140.4_PACid_19672041_10_57      2.04%    passed     96.63%
 117  AT5G10140.3_PACid_19672040_10_57      2.04%    passed     96.63%
 118  AT5G10140.1_PACid_19672039_10_57      2.04%    passed     96.63%
 119  AT3G66656.1_PACid_19662106_10_57      2.04%    passed     82.65%
 120  AT5G23260.2_PACid_19667542_10_57      2.04%    passed     97.80%
 121  AT5G23260.3_PACid_19667544_10_57      2.04%    passed     97.80%
 122  AT5G23260.1_PACid_19667543_10_57      2.04%    passed     97.80%
 123  AT4G36590.1_PACid_19644661_15_62      2.04%    passed     76.39%
 124  AT2G34440.1_PACid_19639540_12_57      6.12%    passed     82.51%
 125  AT5G65070.1_PACid_19666742_10_57      2.04%    passed     97.46%
 126  AT1G77950.1_PACid_19656697_10_55      6.12%    passed     93.69%
 127  AT1G77950.2_PACid_19656698_10_55      6.12%    passed     93.69%
 128  AT5G65070.3_PACid_19666740_10_57      2.04%    passed     97.46%
 129  AT5G65070.2_PACid_19666741_10_57      2.04%    passed     97.46%
 130  AT1G77080.5_PACid_19652600_10_55      6.12%    passed     91.10%
 131  AT1G77080.2_PACid_19652599_10_55      6.12%    passed     91.10%
 132  AT1G77080.4_PACid_19652598_10_55      6.12%    passed     91.10%
 133  AT5G65080.2_PACid_19670373_10_55      6.12%    passed     98.75%
 134  AT1G31140.1_PACid_19657778_10_57      2.04%    passed     71.67%
 135  AT1G31140.2_PACid_19657777_10_57      2.04%    passed     71.67%
 136  AT5G65080.1_PACid_19670372_17_62      6.12%    passed     98.75%
 137  AT1G47760.1_PACid_19657551_10_57      2.04%    passed     88.28%
 138  AT5G20240.1_PACid_19673101_10_57      2.04%    passed     81.61%
 139  AT1G18750.1_PACid_19654582_10_57      2.04%    passed     99.84%
 140  AT1G72350.1_PACid_19656010_55_98     10.20%    passed     96.25%
 141  AT5G65050.2_PACid_19667307_10_55      6.12%    passed     94.09%
 142  AT5G65050.1_PACid_19667306_10_55      6.12%    passed     94.09%
 143  AT5G65050.3_PACid_19667305_10_55      6.12%    passed     94.09%
 144  AT5G65060.2_PACid_19668929_10_55      6.12%    passed     93.34%
 145  AT5G65060.1_PACid_19668928_10_55      6.12%    passed     93.34%
 146  AT1G17310.1_PACid_19656321_56_103     2.04%    passed     98.10%
 147  AT1G28460.1_PACid_19649164_16_63      2.04%    passed     80.26%
 148  AT2G03060.2_PACid_19640478_10_53     10.20%    passed     93.34%
 149  AT2G03060.1_PACid_19640479_10_53     10.20%    passed     93.34%
 150  AT3G04100.1_PACid_19663352_22_69      2.04%    failed      3.79%
 151  AT3G04100.1_PACid_19663352_104_117   71.43%    passed     13.76%
 152  AT1G29962.1_PACid_19658277_16_63      2.04%    passed     98.19%
 153  AT5G48670.1_PACid_19672717_10_51     14.29%    passed     75.04%
 154  AT2G26320.1_PACid_19638466_26_73      2.04%    passed     62.41%
 155  AT1G69540.1_PACid_19658298_11_53     12.24%    failed      0.03%
 156  AT3G05860.2_PACid_19660459_10_51     14.29%    passed     97.01%
 157  AT3G05860.3_PACid_19660458_10_51     14.29%    passed     97.01%
 158  AT3G05860.1_PACid_19660457_10_51     14.29%    passed     97.01%
 159  AT5G27960.1_PACid_19666678_9_48      18.37%    passed     99.25%
 160  AT1G65330.1_PACid_19653684_9_53       8.16%    passed     98.78%
 161  AT5G55690.1_PACid_19665481_10_51     14.29%    passed     61.44%
 162  AT5G55690.1_PACid_19665481_137_148   75.51%    passed     28.15%
 163  AT1G65300.1_PACid_19652716_10_51     14.29%    passed     63.39%
 164  AT5G26630.1_PACid_19667105_10_50     16.33%    passed     81.33%
 165  AT5G26650.1_PACid_19669215_9_48      18.37%    passed     99.85%
 166  AT1G28450.1_PACid_19650560_16_63      2.04%    passed     94.74%
 167  AT3G18650.1_PACid_19661489_5_23      61.22%    failed      0.92%
 168  AT3G18650.1_PACid_19661489_30_72     12.24%    passed     49.75%
 169  AT5G58890.1_PACid_19667567_10_52     12.24%    passed     76.08%
 170  AT5G26580.1_PACid_19673075_11_50     18.37%    passed     70.37%
 171  AT4G02235.1_PACid_19647863_9_54       6.12%    passed     48.79%
 172  AT1G22590.2_PACid_19655507_11_50     18.37%    passed     99.49%
 173  AT5G65330.1_PACid_19672137_7_52       6.12%    passed     47.14%
 174  AT5G39750.1_PACid_19667213_25_64     18.37%    passed     19.30%
 175  AT5G40120.1_PACid_19671880_17_56     18.37%    passed     19.30%
 176  AT5G38740.1_PACid_19668168_26_65     18.37%    passed     19.30%
 177  AT5G41200.1_PACid_19667742_19_57     20.41%    passed     16.89%
 178  AT5G40220.1_PACid_19669238_18_57     18.37%    passed     19.30%
 179  AT1G46408.1_PACid_19654736_12_53     14.29%    passed     86.25%
 180  AT5G39810.1_PACid_19670065_25_64     18.37%    passed     20.58%
 181  AT1G31630.1_PACid_19652269_10_56      4.08%    passed     10.37%
 182  AT4G11250.1_PACid_19648763_10_51     14.29%    passed      8.36%
 183  AT5G27090.2_PACid_19670535_29_70     14.29%    passed     79.39%
 184  AT5G27090.1_PACid_19670534_29_70     14.29%    passed     79.39%
 185  AT5G06500.1_PACid_19671199_10_53     10.20%    failed      2.82%
 186  AT5G27070.1_PACid_19671195_30_71     14.29%    passed     66.50%
 187  AT5G26950.1_PACid_19666538_30_71     14.29%    passed     66.50%
 188  AT5G26880.1_PACid_19668576_156_166   77.55%    passed     56.15%
 189  AT5G26880.1_PACid_19668576_241_274   30.61%    passed     22.08%
 190  AT5G27944.1_PACid_19666623_30_71     14.29%    passed     61.44%
 191  AT5G27580.1_PACid_19672891_30_71     14.29%    passed     46.32%
 192  AT2G40210.1_PACid_19638131_10_51     14.29%    passed     43.89%
 193  AT1G31640.1_PACid_19651329_12_56      8.16%    failed      2.51%
 194  AT5G04640.1_PACid_19673003_13_53     16.33%    passed     64.46%
 195  AT5G49490.1_PACid_19668119_54_95     14.29%    passed     45.02%
 196  AT1G60920.1_PACid_19654635_12_50     20.41%    passed     99.08%
 197  AT1G48150.1_PACid_19654851_28_67     18.37%    passed     68.87%
 198  AT5G38620.1_PACid_19667041_14_55     14.29%    passed     29.76%
 199  AT5G27130.1_PACid_19666602_23_63     16.33%    passed     89.57%
 200  AT1G60040.1_PACid_19653511_20_62     12.24%    failed      2.54%
 201  AT5G49420.1_PACid_19672206_16_57     14.29%    passed     36.61%
 202  AT2G28700.1_PACid_19641128_11_50     18.37%    passed     58.00%
 203  AT5G27050.1_PACid_19667506_1_28      42.86%    passed     91.97%
 204  AT1G59810.1_PACid_19650751_19_61     12.24%    failed      2.10%
 205  AT1G60880.1_PACid_19658292_12_41     38.78%    passed     99.11%
 206  AT1G54760.1_PACid_19656422_19_43     48.98%    passed     70.09%
 207  AT5G37415.1_PACid_19671670_85_109    48.98%    failed      0.14%
 208  AT5G27810.1_PACid_19666054_1_26      46.94%    passed     27.55%
 209  AT1G33070.1_PACid_19656210_4_24      57.14%    passed     84.06%
 210  AT2G15660.1_PACid_19640579_30_44     69.39%    failed      2.04%
WARNING: 7 sequences contain more than 50% gaps/ambiguity
****  TOTAL                                 8.66%  9 sequences failed composition chi2 test (p-value<5%; df=19)
NOTE: AT4G11880.1_PACid_19643844_10_57 is identical to HanXRQChr04g0122131_MADS but kept for subsequent analysis
NOTE: HanXRQChr05g0147261_MADS is identical to HanXRQChr16g0519321_MADS but kept for subsequent analysis
NOTE: HanXRQChr12g0361321_MADS is identical to HanXRQChr15g0489071_MADS but kept for subsequent analysis
NOTE: HanXRQChr16g0523531_MADS is identical to HanXRQChr17g0560051_MADS but kept for subsequent analysis
NOTE: HanXRQChr12g0364981_MADS is identical to HanXRQChr08g0223681_MADS but kept for subsequent analysis
NOTE: HanXRQChr14g0452461_MADS is identical to HanXRQChr02g0043891_MADS but kept for subsequent analysis
NOTE: HanXRQChr16g0507561_MADS is identical to HanXRQChr05g0154261_MADS but kept for subsequent analysis
NOTE: HanXRQChr12g0375471_MADS is identical to HanXRQChr17g0538691_MADS but kept for subsequent analysis
NOTE: HanXRQChr16g0501741_MADS is identical to HanXRQChr16g0501381_MADS but kept for subsequent analysis
NOTE: HanXRQChr02g0045511_MADS is identical to HanXRQChr02g0040221_MADS but kept for subsequent analysis
NOTE: AT4G09960.4_PACid_19648308_10_57 is identical to AT4G09960.1_PACid_19648309_10_57 but kept for subsequent analysis
NOTE: AT5G51870.1_PACid_19672300_10_57 is identical to AT5G51870.2_PACid_19672301_10_57 but kept for subsequent analysis
NOTE: AT2G42830.1_PACid_19643528_25_72 is identical to AT3G58780.2_PACid_19662660_25_72 but kept for subsequent analysis
NOTE: AT2G03710.2_PACid_19640309_10_57 is identical to AT2G03710.3_PACid_19640310_10_57 but kept for subsequent analysis
NOTE: AT5G51860.1_PACid_19671371_10_57 is identical to AT5G51860.2_PACid_19671372_10_57 but kept for subsequent analysis
NOTE: AT3G57230.2_PACid_19665061_10_57 is identical to AT3G57230.1_PACid_19665060_10_57 but kept for subsequent analysis
NOTE: AT5G62165.1_PACid_19672595_10_57 is identical to AT5G62165.4_PACid_19672598_10_57 but kept for subsequent analysis
NOTE: AT5G10140.4_PACid_19672041_10_57 is identical to AT5G10140.2_PACid_19672042_10_57 but kept for subsequent analysis
NOTE: AT5G23260.3_PACid_19667544_10_57 is identical to AT5G23260.2_PACid_19667542_10_57 but kept for subsequent analysis
NOTE: AT5G65070.3_PACid_19666740_10_57 is identical to AT5G65070.1_PACid_19666742_10_57 but kept for subsequent analysis
NOTE: AT1G77950.2_PACid_19656698_10_55 is identical to AT1G77950.1_PACid_19656697_10_55 but kept for subsequent analysis
NOTE: AT1G77080.2_PACid_19652599_10_55 is identical to AT1G77080.5_PACid_19652600_10_55 but kept for subsequent analysis
NOTE: AT5G65080.1_PACid_19670372_17_62 is identical to AT5G65080.2_PACid_19670373_10_55 but kept for subsequent analysis
NOTE: AT1G31140.2_PACid_19657777_10_57 is identical to AT1G31140.1_PACid_19657778_10_57 but kept for subsequent analysis
NOTE: AT5G65050.1_PACid_19667306_10_55 is identical to AT5G65050.2_PACid_19667307_10_55 but kept for subsequent analysis
NOTE: AT5G65060.1_PACid_19668928_10_55 is identical to AT5G65060.2_PACid_19668929_10_55 but kept for subsequent analysis
NOTE: AT2G03060.1_PACid_19640479_10_53 is identical to AT2G03060.2_PACid_19640478_10_53 but kept for subsequent analysis
NOTE: AT3G05860.3_PACid_19660458_10_51 is identical to AT3G05860.2_PACid_19660459_10_51 but kept for subsequent analysis
NOTE: AT5G40120.1_PACid_19671880_17_56 is identical to AT5G39750.1_PACid_19667213_25_64 but kept for subsequent analysis
NOTE: AT5G27090.1_PACid_19670534_29_70 is identical to AT5G27090.2_PACid_19670535_29_70 but kept for subsequent analysis
NOTE: AT5G26950.1_PACid_19666538_30_71 is identical to AT5G27070.1_PACid_19671195_30_71 but kept for subsequent analysis
NOTE: 27 identical sequences (see below) will be ignored for subsequent analysis
NOTE: AT4G18960.1_PACid_19647337_26_73 (identical to HanXRQChr16g0519321_MADS) is ignored but added at the end
NOTE: HanXRQChr02g0042981_MADS (identical to HanXRQChr15g0489071_MADS) is ignored but added at the end
NOTE: HanXRQChr09g0265001_MADS (identical to HanXRQChr15g0489071_MADS) is ignored but added at the end
NOTE: HanXRQChr07g0200321_MADS (identical to HanXRQChr15g0489071_MADS) is ignored but added at the end
NOTE: AT1G24260.3_PACid_19651405_10_57 (identical to HanXRQChr15g0489071_MADS) is ignored but added at the end
NOTE: AT5G15800.1_PACid_19670123_10_57 (identical to HanXRQChr15g0489071_MADS) is ignored but added at the end
NOTE: AT1G24260.1_PACid_19651404_10_57 (identical to HanXRQChr15g0489071_MADS) is ignored but added at the end
NOTE: AT1G24260.2_PACid_19651403_10_57 (identical to HanXRQChr15g0489071_MADS) is ignored but added at the end
NOTE: AT5G15800.2_PACid_19670122_10_57 (identical to HanXRQChr15g0489071_MADS) is ignored but added at the end
NOTE: AT4G09960.3_PACid_19648307_36_83 (identical to AT4G09960.1_PACid_19648309_10_57) is ignored but added at the end
NOTE: AT4G09960.2_PACid_19648310_10_57 (identical to AT4G09960.1_PACid_19648309_10_57) is ignored but added at the end
NOTE: AT5G51870.3_PACid_19672299_10_57 (identical to AT5G51870.2_PACid_19672301_10_57) is ignored but added at the end
NOTE: AT3G58780.1_PACid_19662659_25_72 (identical to AT3G58780.2_PACid_19662660_25_72) is ignored but added at the end
NOTE: AT2G42830.2_PACid_19643527_25_72 (identical to AT3G58780.2_PACid_19662660_25_72) is ignored but added at the end
NOTE: AT3G58780.3_PACid_19662658_25_72 (identical to AT3G58780.2_PACid_19662660_25_72) is ignored but added at the end
NOTE: AT2G03710.1_PACid_19640308_10_57 (identical to AT2G03710.3_PACid_19640310_10_57) is ignored but added at the end
NOTE: AT5G62165.2_PACid_19672596_10_57 (identical to AT5G62165.4_PACid_19672598_10_57) is ignored but added at the end
NOTE: AT5G62165.3_PACid_19672597_10_57 (identical to AT5G62165.4_PACid_19672598_10_57) is ignored but added at the end
NOTE: AT5G10140.3_PACid_19672040_10_57 (identical to AT5G10140.2_PACid_19672042_10_57) is ignored but added at the end
NOTE: AT5G10140.1_PACid_19672039_10_57 (identical to AT5G10140.2_PACid_19672042_10_57) is ignored but added at the end
NOTE: AT5G23260.1_PACid_19667543_10_57 (identical to AT5G23260.2_PACid_19667542_10_57) is ignored but added at the end
NOTE: AT5G65070.2_PACid_19666741_10_57 (identical to AT5G65070.1_PACid_19666742_10_57) is ignored but added at the end
NOTE: AT1G77080.4_PACid_19652598_10_55 (identical to AT1G77080.5_PACid_19652600_10_55) is ignored but added at the end
NOTE: AT5G65050.3_PACid_19667305_10_55 (identical to AT5G65050.2_PACid_19667307_10_55) is ignored but added at the end
NOTE: AT3G05860.1_PACid_19660457_10_51 (identical to AT3G05860.2_PACid_19660459_10_51) is ignored but added at the end
NOTE: AT5G38740.1_PACid_19668168_26_65 (identical to AT5G39750.1_PACid_19667213_25_64) is ignored but added at the end
NOTE: AT5G40220.1_PACid_19669238_18_57 (identical to AT5G39750.1_PACid_19667213_25_64) is ignored but added at the end

For your convenience alignment with unique sequences printed to /Users/bushrakhan/Desktop/NIPGR-data/MADS-box-Evolutionary-gene-detection/Workflow_Step-by-Step/TASK_8/uploads/Helianthus_MADS_ML.uniqueseq.phy


Create initial parsimony tree by phylogenetic likelihood library (PLL)... 0.026 seconds
NOTE: ModelFinder requires 8 MB RAM!
ModelFinder will test 168 protein models (sample size: 49) ...
 No. Model         -LnL         df  AIC          AICc         BIC
Measuring multi-threading efficiency up to 10 CPU cores
Increase to 10 rounds for branch lengths
55 trees examined
Threads: 1 / Time: 10.026 sec / Speedup: 1.000 / Efficiency: 100% / LogL: -10943
Threads: 2 / Time: 8.344 sec / Speedup: 1.202 / Efficiency: 60% / LogL: -10943
Threads: 3 / Time: 14.476 sec / Speedup: 0.693 / Efficiency: 23% / LogL: -10943
BEST NUMBER OF THREADS: 2

  1  Dayhoff       5111.526     363 10949.053    275213.053   11635.784
  2  Dayhoff+I     5111.359     364 10950.719    276670.719   11639.341
  3  Dayhoff+G4    4947.744     364 10623.488    276343.488   11312.110
  4  Dayhoff+I+G4  4947.740     365 10625.479    277805.479   11315.994
  5  Dayhoff+F     5097.558     382 10959.115    303571.115   11681.790
  6  Dayhoff+F+I   5097.542     383 10961.084    305105.084   11685.651
  7  Dayhoff+F+G4  4930.187     383 10626.373    304770.373   11350.941
  8  Dayhoff+F+I+G4 4930.040     384 10628.079    306308.079   11354.538
  9  mtMAM         5545.057     363 11816.115    276080.115   12502.846
 10  mtMAM+I       5545.038     364 11818.076    277538.076   12506.699
 11  mtMAM+G4      5228.690     364 11185.379    276905.379   11874.002
 12  mtMAM+I+G4    5228.674     365 11187.349    278367.349   11877.863
 13  mtMAM+F       5283.231     382 11330.462    303942.462   12053.137
 14  mtMAM+F+I     5283.190     383 11332.379    305476.379   12056.947
 15  mtMAM+F+G4    5047.080     383 10860.160    305004.160   11584.727
 16  mtMAM+F+I+G4  5047.080     384 10862.160    306542.160   11588.619
 17  JTT           5099.724     363 10925.448    275189.448   11612.179
 18  JTT+I         5099.717     364 10927.433    276647.433   11616.056
 19  JTT+G4        4914.508     364 10557.016    276277.016   11245.638
 20  JTT+I+G4      4914.502     365 10559.005    277739.005   11249.519
 21  JTT+F         5116.375     382 10996.751    303608.751   11719.426
 22  JTT+F+I       5116.328     383 10998.657    305142.657   11723.224
 23  JTT+F+G4      4920.805     383 10607.610    304751.610   11332.177
 24  JTT+F+I+G4    4920.801     384 10609.602    306289.602   11336.061
 25  WAG           5107.150     363 10940.301    275204.301   11627.031
 26  WAG+I         5107.125     364 10942.251    276662.251   11630.873
 27  WAG+G4        4932.176     364 10592.351    276312.351   11280.974
 28  WAG+I+G4      4932.154     365 10594.309    277774.309   11284.823
 29  WAG+F         5131.446     382 11026.892    303638.892   11749.567
 30  WAG+F+I       5131.350     383 11028.700    305172.700   11753.267
 31  WAG+F+G4      4945.414     383 10656.827    304800.827   11381.394
 32  WAG+F+I+G4    4945.391     384 10658.782    306338.782   11385.241
 33  cpREV         5153.379     363 11032.757    275296.757   11719.488
 34  cpREV+I       5153.294     364 11034.588    276754.588   11723.211
 35  cpREV+G4      4943.397     364 10614.795    276334.795   11303.417
 36  cpREV+I+G4    4943.345     365 10616.691    277796.691   11307.205
 37  cpREV+F       5231.079     382 11226.158    303838.158   11948.834
 38  cpREV+F+I     5231.067     383 11228.134    305372.134   11952.701
 39  cpREV+F+G4    5008.294     383 10782.589    304926.589   11507.156
 40  cpREV+F+I+G4  5008.293     384 10784.585    306464.585   11511.044
 41  mtREV         5395.692     363 11517.383    275781.383   12204.114
 42  mtREV+I       5395.674     364 11519.348    277239.348   12207.971
 43  mtREV+G4      5165.895     364 11059.790    276779.790   11748.412
 44  mtREV+I+G4    5165.894     365 11061.789    278241.789   11752.303
 45  mtREV+F       5187.894     382 11139.788    303751.788   11862.464
 46  mtREV+F+I     5187.873     383 11141.746    305285.746   11866.314
 47  mtREV+F+G4    4995.905     383 10757.809    304901.809   11482.376
 48  mtREV+F+I+G4  4995.904     384 10759.809    306439.809   11486.268
 49  rtREV         5169.896     363 11065.792    275329.792   11752.522
 50  rtREV+I       5169.776     364 11067.552    276787.552   11756.174
 51  rtREV+G4      4978.505     364 10685.009    276405.009   11373.632
 52  rtREV+I+G4    4978.487     365 10686.974    277866.974   11377.489
 53  rtREV+F       5166.322     382 11096.644    303708.644   11819.319
 54  rtREV+F+I     5166.304     383 11098.609    305242.609   11823.176
 55  rtREV+F+G4    4961.533     383 10689.066    304833.066   11413.633
 56  rtREV+F+I+G4  4961.521     384 10691.043    306371.043   11417.502
 57  mtART         5494.606     363 11715.213    275979.213   12401.943
 58  mtART+I       5494.586     364 11717.173    277437.173   12405.795
 59  mtART+G4      5160.422     364 11048.844    276768.844   11737.467
 60  mtART+I+G4    5160.274     365 11050.548    278230.548   11741.063
 61  mtART+F       5306.038     382 11376.077    303988.077   12098.752
 62  mtART+F+I     5306.028     383 11378.057    305522.057   12102.624
 63  mtART+F+G4    5045.184     383 10856.369    305000.369   11580.936
 64  mtART+F+I+G4  5045.174     384 10858.349    306538.349   11584.808
 65  mtZOA         5348.267     363 11422.533    275686.533   12109.264
 66  mtZOA+I       5348.259     364 11424.519    277144.519   12113.142
 67  mtZOA+G4      5056.181     364 10840.362    276560.362   11528.984
 68  mtZOA+I+G4    5056.149     365 10842.298    278022.298   11532.812
 69  mtZOA+F       5216.971     382 11197.941    303809.941   11920.617
 70  mtZOA+F+I     5216.954     383 11199.907    305343.907   11924.474
 71  mtZOA+F+G4    4981.607     383 10729.214    304873.214   11453.781
 72  mtZOA+F+I+G4  4981.469     384 10730.938    306410.938   11457.397
 73  VT            5138.834     363 11003.668    275267.668   11690.399
 74  VT+I          5138.011     364 11004.023    276724.023   11692.645
 75  VT+G4         4965.297     364 10658.593    276378.593   11347.216
 76  VT+I+G4       4965.288     365 10660.577    277840.577   11351.091
 77  VT+F          5159.344     382 11082.688    303694.688   11805.363
 78  VT+F+I        5159.334     383 11084.668    305228.668   11809.236
 79  VT+F+G4       4980.527     383 10727.055    304871.055   11451.622
 80  VT+F+I+G4     4980.518     384 10729.035    306409.035   11455.494
 81  LG            5075.966     363 10877.931    275141.931   11564.662
 82  LG+I          5075.959     364 10879.918    276599.918   11568.541
 83  LG+G4         4881.659     364 10491.319    276211.319   11179.941
 84  LG+I+G4       4881.645     365 10493.289    277673.289   11183.804
 85  LG+F          5108.926     382 10981.852    303593.852   11704.527
 86  LG+F+I        5108.907     383 10983.815    305127.815   11708.382
 87  LG+F+G4       4902.220     383 10570.440    304714.440   11295.007
 88  LG+F+I+G4     4902.183     384 10572.365    306252.365   11298.824
 89  DCMut         5111.743     363 10949.485    275213.485   11636.216
 90  DCMut+I       5111.678     364 10951.356    276671.356   11639.978
 91  DCMut+G4      4948.425     364 10624.850    276344.850   11313.472
 92  DCMut+I+G4    4948.422     365 10626.845    277806.845   11317.359
 93  DCMut+F       5097.779     382 10959.557    303571.557   11682.233
 94  DCMut+F+I     5097.763     383 10961.525    305105.525   11686.092
 95  DCMut+F+G4    4930.725     383 10627.450    304771.450   11352.017
 96  DCMut+F+I+G4  4930.582     384 10629.164    306309.164   11355.623
 97  PMB           5193.795     363 11113.590    275377.590   11800.320
 98  PMB+I         5193.737     364 11115.475    276835.475   11804.098
 99  PMB+G4        5021.665     364 10771.330    276491.330   11459.952
100  PMB+I+G4      5021.661     365 10773.321    277953.321   11463.836
101  PMB+F         5220.180     382 11204.360    303816.360   11927.036
102  PMB+F+I       5220.174     383 11206.348    305350.348   11930.915
103  PMB+F+G4      5041.331     383 10848.661    304992.661   11573.228
104  PMB+F+I+G4    5041.302     384 10850.605    306530.605   11577.064
105  HIVb          5237.835     363 11201.671    275465.671   11888.401
106  HIVb+I        5237.817     364 11203.634    276923.634   11892.257
107  HIVb+G4       4991.981     364 10711.962    276431.962   11400.584
108  HIVb+I+G4     4991.976     365 10713.951    277893.951   11404.465
109  HIVb+F        5266.029     382 11296.058    303908.058   12018.734
110  HIVb+F+I      5266.013     383 11298.025    305442.025   12022.593
111  HIVb+F+G4     5003.476     383 10772.952    304916.952   11497.520
112  HIVb+F+I+G4   5003.471     384 10774.942    306454.942   11501.401
113  HIVw          5501.285     363 11728.569    275992.569   12415.300
114  HIVw+I        5501.170     364 11730.339    277450.339   12418.962
115  HIVw+G4       5213.816     364 11155.633    276875.633   11844.255
116  HIVw+I+G4     5213.778     365 11157.556    278337.556   11848.070
117  HIVw+F        5485.148     382 11734.295    304346.295   12456.971
118  HIVw+F+I      5485.114     383 11736.228    305880.228   12460.795
119  HIVw+F+G4     5199.429     383 11164.857    305308.857   11889.425
120  HIVw+F+I+G4   5199.424     384 11166.848    306846.848   11893.307
121  JTTDCMut      5097.737     363 10921.473    275185.473   11608.204
122  JTTDCMut+I    5097.724     364 10923.448    276643.448   11612.071
123  JTTDCMut+G4   4913.378     364 10554.757    276274.757   11243.379
124  JTTDCMut+I+G4 4913.200     365 10556.400    277736.400   11246.914
125  JTTDCMut+F    5114.692     382 10993.384    303605.384   11716.059
126  JTTDCMut+F+I  5114.638     383 10995.275    305139.275   11719.842
127  JTTDCMut+F+G4 4919.648     383 10605.295    304749.295   11329.863
128  JTTDCMut+F+I+G4 4919.643     384 10607.287    306287.287   11333.746
129  FLU           5213.069     363 11152.138    275416.138   11838.869
130  FLU+I         5212.995     364 11153.991    276873.991   11842.613
131  FLU+G4        4958.189     364 10644.378    276364.378   11333.001
132  FLU+I+G4      4958.210     365 10646.420    277826.420   11336.935
133  FLU+F         5286.300     382 11336.601    303948.601   12059.276
134  FLU+F+I       5286.293     383 11338.587    305482.587   12063.154
135  FLU+F+G4      4995.254     383 10756.508    304900.508   11481.075
136  FLU+F+I+G4    4995.252     384 10758.504    306438.504   11484.963
137  Blosum62      5186.131     363 11098.261    275362.261   11784.992
138  Blosum62+I    5186.111     364 11100.222    276820.222   11788.845
139  Blosum62+G4   5008.927     364 10745.853    276465.853   11434.476
140  Blosum62+I+G4 5008.919     365 10747.838    277927.838   11438.352
141  Blosum62+F    5222.382     382 11208.765    303820.765   11931.440
142  Blosum62+F+I  5222.363     383 11210.727    305354.727   11935.294
143  Blosum62+F+G4 5037.418     383 10840.835    304984.835   11565.402
144  Blosum62+F+I+G4 5037.385     384 10842.769    306522.769   11569.228
145  mtMet         5348.236     363 11422.471    275686.471   12109.202
146  mtMet+I       5348.209     364 11424.418    277144.418   12113.040
147  mtMet+G4      5096.162     364 10920.324    276640.324   11608.947
148  mtMet+I+G4    5096.155     365 10922.311    278102.311   11612.825
149  mtMet+F       5186.294     382 11136.587    303748.587   11859.262
150  mtMet+F+I     5186.280     383 11138.560    305282.560   11863.127
151  mtMet+F+G4    4980.672     383 10727.345    304871.345   11451.912
152  mtMet+F+I+G4  4980.648     384 10729.297    306409.297   11455.756
153  mtVer         5457.240     363 11640.480    275904.480   12327.211
154  mtVer+I       5457.230     364 11642.459    277362.459   12331.082
155  mtVer+G4      5193.692     364 11115.384    276835.384   11804.006
156  mtVer+I+G4    5193.694     365 11117.388    278297.388   11807.902
157  mtVer+F       5236.721     382 11237.441    303849.441   11960.117
158  mtVer+F+I     5236.714     383 11239.428    305383.428   11963.995
159  mtVer+F+G4    5033.683     383 10833.365    304977.365   11557.932
160  mtVer+F+I+G4  5033.683     384 10835.366    306515.366   11561.825
161  mtInv         5336.054     363 11398.108    275662.108   12084.839
162  mtInv+I       5336.021     364 11400.043    277120.043   12088.666
163  mtInv+G4      5098.469     364 10924.939    276644.939   11613.561
164  mtInv+I+G4    5098.465     365 10926.931    278106.931   11617.445
165  mtInv+F       5155.766     382 11075.532    303687.532   11798.207
166  mtInv+F+I     5155.737     383 11077.475    305221.475   11802.042
167  mtInv+F+G4    4962.095     383 10690.190    304834.190   11414.757
168  mtInv+F+I+G4  4962.086     384 10692.172    306372.172   11418.631
Akaike Information Criterion:           LG+G4
Corrected Akaike Information Criterion: LG
Bayesian Information Criterion:         LG+G4
Best-fit model: LG+G4 chosen according to BIC

All model information printed to /Users/bushrakhan/Desktop/NIPGR-data/MADS-box-Evolutionary-gene-detection/Workflow_Step-by-Step/TASK_8/uploads/Helianthus_MADS_ML.model.gz
CPU time for ModelFinder: 114.089 seconds (0h:1m:54s)
Wall-clock time for ModelFinder: 89.462 seconds (0h:1m:29s)
Generating 1000 samples for ultrafast bootstrap (seed: 387582)...

NOTE: 8 MB RAM (0 GB) is required!
Measuring multi-threading efficiency up to 10 CPU cores
Increase to 10 rounds for branch lengths
20 trees examined
Threads: 1 / Time: 10.191 sec / Speedup: 1.000 / Efficiency: 100% / LogL: -9998
Threads: 2 / Time: 9.634 sec / Speedup: 1.058 / Efficiency: 53% / LogL: -9998
Threads: 3 / Time: 9.729 sec / Speedup: 1.047 / Efficiency: 35% / LogL: -9998
BEST NUMBER OF THREADS: 2

Estimate model parameters (epsilon = 0.100)
1. Initial log-likelihood: -4884.056
2. Current log-likelihood: -4881.987
3. Current log-likelihood: -4881.690
Optimal log-likelihood: -4881.641
Gamma shape alpha: 1.329
Parameters optimization took 3 rounds (0.549 sec)
Computing ML distances based on estimated model parameters... 12.737 sec
WARNING: Some pairwise ML distances are too long (saturated)
Computing BIONJ tree...
0.025 seconds
Log-likelihood of BIONJ tree: -4928.628
--------------------------------------------------------------------
|             INITIALIZING CANDIDATE TREE SET                      |
--------------------------------------------------------------------
Generating 98 parsimony trees... 5.372 second
Computing log-likelihood of 98 initial trees ... 10.274 seconds
Current best score: -4849.589

Do NNI search on 20 best initial trees
Estimate model parameters (epsilon = 0.100)
BETTER TREE FOUND at iteration 1: -4813.162
Estimate model parameters (epsilon = 0.100)
BETTER TREE FOUND at iteration 3: -4802.753
Iteration 10 / LogL: -4817.469 / Time: 0h:1m:18s
Estimate model parameters (epsilon = 0.100)
BETTER TREE FOUND at iteration 16: -4800.818
Iteration 20 / LogL: -4829.635 / Time: 0h:1m:41s
Finish initializing candidate tree set (20)
Current best tree score: -4800.818 / CPU time: 64.206
Number of iterations: 20
--------------------------------------------------------------------
|               OPTIMIZING CANDIDATE TREE SET                      |
--------------------------------------------------------------------
Estimate model parameters (epsilon = 0.100)
BETTER TREE FOUND at iteration 27: -4800.680
Estimate model parameters (epsilon = 0.100)
BETTER TREE FOUND at iteration 28: -4798.131
Iteration 30 / LogL: -4807.716 / Time: 0h:2m:8s (0h:7m:13s left)
Estimate model parameters (epsilon = 0.100)
BETTER TREE FOUND at iteration 33: -4797.202
Estimate model parameters (epsilon = 0.100)
BETTER TREE FOUND at iteration 34: -4794.850
Estimate model parameters (epsilon = 0.100)
BETTER TREE FOUND at iteration 35: -4792.189
Estimate model parameters (epsilon = 0.100)
BETTER TREE FOUND at iteration 37: -4791.522
Iteration 40 / LogL: -4803.535 / Time: 0h:2m:36s (0h:6m:29s left)
Estimate model parameters (epsilon = 0.100)
BETTER TREE FOUND at iteration 43: -4791.223
Iteration 50 / LogL: -4809.825 / Time: 0h:2m:59s (0h:5m:40s left)
Log-likelihood cutoff on original alignment: -4844.630
Estimate model parameters (epsilon = 0.100)
BETTER TREE FOUND at iteration 54: -4790.870
Estimate model parameters (epsilon = 0.100)
BETTER TREE FOUND at iteration 56: -4789.623
Iteration 60 / LogL: -4814.405 / Time: 0h:3m:32s (0h:5m:45s left)
Iteration 70 / LogL: -4798.441 / Time: 0h:4m:0s (0h:4m:59s left)
Estimate model parameters (epsilon = 0.100)
BETTER TREE FOUND at iteration 79: -4789.606
Iteration 80 / LogL: -4791.437 / Time: 0h:4m:27s (0h:5m:34s left)
Iteration 90 / LogL: -4793.409 / Time: 0h:4m:54s (0h:4m:54s left)
Iteration 100 / LogL: -4790.874 / Time: 0h:5m:24s (0h:4m:19s left)
Log-likelihood cutoff on original alignment: -4844.630
NOTE: Bootstrap correlation coefficient of split occurrence frequencies: 0.991
Iteration 110 / LogL: -4790.875 / Time: 0h:5m:54s (0h:4m:52s left)
BETTER TREE FOUND at iteration 118: -4789.603
Iteration 120 / LogL: -4789.972 / Time: 0h:6m:22s (0h:5m:15s left)
Iteration 130 / LogL: -4808.134 / Time: 0h:6m:51s (0h:4m:41s left)
Estimate model parameters (epsilon = 0.100)
BETTER TREE FOUND at iteration 134: -4786.442
Iteration 140 / LogL: -4787.408 / Time: 0h:7m:20s (0h:4m:58s left)
Iteration 150 / LogL: -4791.092 / Time: 0h:7m:49s (0h:4m:24s left)
Log-likelihood cutoff on original alignment: -4843.028
Estimate model parameters (epsilon = 0.100)
BETTER TREE FOUND at iteration 151: -4785.365
Estimate model parameters (epsilon = 0.100)
BETTER TREE FOUND at iteration 157: -4782.322
Iteration 160 / LogL: -4789.509 / Time: 0h:8m:21s (0h:5m:5s left)
Iteration 170 / LogL: -4803.441 / Time: 0h:8m:40s (0h:4m:27s left)
Iteration 180 / LogL: -4788.439 / Time: 0h:8m:59s (0h:3m:52s left)
Estimate model parameters (epsilon = 0.100)
BETTER TREE FOUND at iteration 184: -4781.994
Iteration 190 / LogL: -4789.831 / Time: 0h:9m:20s (0h:4m:38s left)
Estimate model parameters (epsilon = 0.100)
BETTER TREE FOUND at iteration 200: -4781.717
Iteration 200 / LogL: -4781.717 / Time: 0h:9m:41s (0h:4m:52s left)
Log-likelihood cutoff on original alignment: -4843.028
NOTE: Bootstrap correlation coefficient of split occurrence frequencies: 0.980
NOTE: UFBoot does not converge, continue at least 100 more iterations
Estimate model parameters (epsilon = 0.100)
BETTER TREE FOUND at iteration 209: -4781.364
Iteration 210 / LogL: -4790.415 / Time: 0h:10m:3s (0h:4m:45s left)
Estimate model parameters (epsilon = 0.100)
BETTER TREE FOUND at iteration 215: -4781.146
Iteration 220 / LogL: -4781.812 / Time: 0h:10m:19s (0h:4m:28s left)
Iteration 230 / LogL: -4799.208 / Time: 0h:10m:30s (0h:3m:54s left)
BETTER TREE FOUND at iteration 233: -4781.143
Iteration 240 / LogL: -4787.038 / Time: 0h:10m:42s (0h:4m:9s left)
Estimate model parameters (epsilon = 0.100)
BETTER TREE FOUND at iteration 242: -4780.694
Iteration 250 / LogL: -4783.822 / Time: 0h:10m:55s (0h:4m:2s left)
Log-likelihood cutoff on original alignment: -4842.170
Estimate model parameters (epsilon = 0.100)
BETTER TREE FOUND at iteration 251: -4780.520
Iteration 260 / LogL: -4789.321 / Time: 0h:11m:8s (0h:3m:54s left)
Estimate model parameters (epsilon = 0.100)
BETTER TREE FOUND at iteration 270: -4780.275
Iteration 270 / LogL: -4780.275 / Time: 0h:11m:19s (0h:4m:12s left)
Iteration 280 / LogL: -4783.588 / Time: 0h:11m:30s (0h:3m:42s left)
Iteration 290 / LogL: -4785.467 / Time: 0h:11m:42s (0h:3m:14s left)
Iteration 300 / LogL: -4782.008 / Time: 0h:11m:54s (0h:2m:47s left)
Log-likelihood cutoff on original alignment: -4842.170
NOTE: Bootstrap correlation coefficient of split occurrence frequencies: 0.978
NOTE: UFBoot does not converge, continue at least 100 more iterations
Iteration 310 / LogL: -4781.939 / Time: 0h:12m:6s (0h:3m:31s left)
Iteration 320 / LogL: -4801.644 / Time: 0h:12m:17s (0h:3m:4s left)
Iteration 330 / LogL: -4780.534 / Time: 0h:12m:28s (0h:2m:39s left)
Iteration 340 / LogL: -4789.169 / Time: 0h:12m:40s (0h:2m:14s left)
Iteration 350 / LogL: -4799.467 / Time: 0h:12m:53s (0h:1m:50s left)
Log-likelihood cutoff on original alignment: -4842.170
Iteration 360 / LogL: -4802.777 / Time: 0h:13m:5s (0h:1m:27s left)
Iteration 370 / LogL: -4782.880 / Time: 0h:13m:18s (0h:1m:4s left)
Iteration 380 / LogL: -4785.015 / Time: 0h:13m:31s (0h:0m:42s left)
Estimate model parameters (epsilon = 0.100)
BETTER TREE FOUND at iteration 389: -4780.138
Iteration 390 / LogL: -4783.736 / Time: 0h:13m:44s (0h:3m:29s left)
Iteration 400 / LogL: -4780.973 / Time: 0h:13m:55s (0h:3m:6s left)
Log-likelihood cutoff on original alignment: -4842.170
NOTE: Bootstrap correlation coefficient of split occurrence frequencies: 0.992
Estimate model parameters (epsilon = 0.100)
BETTER TREE FOUND at iteration 401: -4779.732
Estimate model parameters (epsilon = 0.100)
BETTER TREE FOUND at iteration 402: -4779.469
Estimate model parameters (epsilon = 0.100)
BETTER TREE FOUND at iteration 404: -4779.268
Iteration 410 / LogL: -4791.376 / Time: 0h:14m:8s (0h:3m:14s left)
Estimate model parameters (epsilon = 0.100)
BETTER TREE FOUND at iteration 416: -4779.047
Iteration 420 / LogL: -4803.650 / Time: 0h:14m:18s (0h:3m:16s left)
Estimate model parameters (epsilon = 0.100)
BETTER TREE FOUND at iteration 430: -4778.957
Iteration 430 / LogL: -4778.957 / Time: 0h:14m:30s (0h:3m:22s left)
Iteration 440 / LogL: -4786.353 / Time: 0h:14m:42s (0h:3m:0s left)
Iteration 450 / LogL: -4784.594 / Time: 0h:14m:53s (0h:2m:39s left)
Log-likelihood cutoff on original alignment: -4842.170
Estimate model parameters (epsilon = 0.100)
BETTER TREE FOUND at iteration 458: -4777.363
Iteration 460 / LogL: -4783.904 / Time: 0h:15m:6s (0h:3m:13s left)
Iteration 470 / LogL: -4796.447 / Time: 0h:15m:17s (0h:2m:52s left)
Iteration 480 / LogL: -4778.626 / Time: 0h:15m:29s (0h:2m:31s left)
Iteration 490 / LogL: -4794.200 / Time: 0h:15m:40s (0h:2m:10s left)
Estimate model parameters (epsilon = 0.100)
BETTER TREE FOUND at iteration 496: -4776.744
Iteration 500 / LogL: -4780.538 / Time: 0h:15m:53s (0h:3m:3s left)
Log-likelihood cutoff on original alignment: -4842.170
NOTE: Bootstrap correlation coefficient of split occurrence frequencies: 0.995
Iteration 510 / LogL: -4786.890 / Time: 0h:16m:6s (0h:2m:50s left)
Iteration 520 / LogL: -4785.972 / Time: 0h:16m:20s (0h:2m:31s left)
Iteration 530 / LogL: -4787.526 / Time: 0h:16m:32s (0h:2m:11s left)
Iteration 540 / LogL: -4779.492 / Time: 0h:16m:47s (0h:1m:52s left)
Estimate model parameters (epsilon = 0.100)
BETTER TREE FOUND at iteration 545: -4776.708
Iteration 550 / LogL: -4777.207 / Time: 0h:17m:0s (0h:2m:56s left)
Log-likelihood cutoff on original alignment: -4842.170
Iteration 560 / LogL: -4798.030 / Time: 0h:17m:12s (0h:2m:37s left)
Iteration 570 / LogL: -4778.079 / Time: 0h:17m:24s (0h:2m:17s left)
Iteration 580 / LogL: -4781.734 / Time: 0h:17m:37s (0h:1m:58s left)
Iteration 590 / LogL: -4781.507 / Time: 0h:17m:49s (0h:1m:39s left)
Iteration 600 / LogL: -4776.708 / Time: 0h:18m:2s (0h:1m:21s left)
Log-likelihood cutoff on original alignment: -4842.170
NOTE: Bootstrap correlation coefficient of split occurrence frequencies: 0.994
Iteration 610 / LogL: -4780.855 / Time: 0h:18m:14s (0h:2m:41s left)
Iteration 620 / LogL: -4776.939 / Time: 0h:18m:26s (0h:2m:23s left)
Iteration 630 / LogL: -4782.843 / Time: 0h:18m:38s (0h:2m:4s left)
Iteration 640 / LogL: -4782.050 / Time: 0h:18m:51s (0h:1m:46s left)
Estimate model parameters (epsilon = 0.100)
BETTER TREE FOUND at iteration 643: -4776.564
Iteration 650 / LogL: -4778.238 / Time: 0h:19m:4s (0h:2m:44s left)
Log-likelihood cutoff on original alignment: -4842.170
Iteration 660 / LogL: -4781.881 / Time: 0h:19m:17s (0h:2m:25s left)
Iteration 670 / LogL: -4786.942 / Time: 0h:19m:29s (0h:2m:7s left)
Iteration 680 / LogL: -4779.214 / Time: 0h:19m:41s (0h:1m:49s left)
Iteration 690 / LogL: -4779.093 / Time: 0h:19m:53s (0h:1m:31s left)
Iteration 700 / LogL: -4780.734 / Time: 0h:20m:6s (0h:1m:14s left)
Log-likelihood cutoff on original alignment: -4842.170
NOTE: Bootstrap correlation coefficient of split occurrence frequencies: 0.990
Iteration 710 / LogL: -4782.145 / Time: 0h:20m:19s (0h:2m:34s left)
Iteration 720 / LogL: -4787.851 / Time: 0h:20m:32s (0h:2m:17s left)
Iteration 730 / LogL: -4791.959 / Time: 0h:20m:45s (0h:1m:59s left)
Iteration 740 / LogL: -4779.025 / Time: 0h:20m:57s (0h:1m:42s left)
TREE SEARCH COMPLETED AFTER 744 ITERATIONS / Time: 0h:21m:2s

--------------------------------------------------------------------
|                    FINALIZING TREE SEARCH                        |
--------------------------------------------------------------------
Performs final model parameters optimization
Estimate model parameters (epsilon = 0.010)
1. Initial log-likelihood: -4776.564
Optimal log-likelihood: -4776.564
Gamma shape alpha: 1.378
Parameters optimization took 1 rounds (0.058 sec)
BEST SCORE FOUND : -4776.564
Creating bootstrap support values...
Split supports printed to NEXUS file /Users/bushrakhan/Desktop/NIPGR-data/MADS-box-Evolutionary-gene-detection/Workflow_Step-by-Step/TASK_8/uploads/Helianthus_MADS_ML.splits.nex
Total tree length: 34.998

Total number of iterations: 744
CPU time used for tree search: 2076.674 sec (0h:34m:36s)
Wall-clock time used for tree search: 1224.859 sec (0h:20m:24s)
Total CPU time used: 2131.710 sec (0h:35m:31s)
Total wall-clock time used: 1263.542 sec (0h:21m:3s)

Computing bootstrap consensus tree...
Reading input file /Users/bushrakhan/Desktop/NIPGR-data/MADS-box-Evolutionary-gene-detection/Workflow_Step-by-Step/TASK_8/uploads/Helianthus_MADS_ML.splits.nex...
183 taxa and 2167 splits.
Consensus tree written to /Users/bushrakhan/Desktop/NIPGR-data/MADS-box-Evolutionary-gene-detection/Workflow_Step-by-Step/TASK_8/uploads/Helianthus_MADS_ML.contree
Reading input trees file /Users/bushrakhan/Desktop/NIPGR-data/MADS-box-Evolutionary-gene-detection/Workflow_Step-by-Step/TASK_8/uploads/Helianthus_MADS_ML.contree
Log-likelihood of consensus tree: -4784.891

Analysis results written to: 
  IQ-TREE report:                /Users/bushrakhan/Desktop/NIPGR-data/MADS-box-Evolutionary-gene-detection/Workflow_Step-by-Step/TASK_8/uploads/Helianthus_MADS_ML.iqtree
  Maximum-likelihood tree:       /Users/bushrakhan/Desktop/NIPGR-data/MADS-box-Evolutionary-gene-detection/Workflow_Step-by-Step/TASK_8/uploads/Helianthus_MADS_ML.treefile
  Likelihood distances:          /Users/bushrakhan/Desktop/NIPGR-data/MADS-box-Evolutionary-gene-detection/Workflow_Step-by-Step/TASK_8/uploads/Helianthus_MADS_ML.mldist

Ultrafast bootstrap approximation results written to:
  Split support values:          /Users/bushrakhan/Desktop/NIPGR-data/MADS-box-Evolutionary-gene-detection/Workflow_Step-by-Step/TASK_8/uploads/Helianthus_MADS_ML.splits.nex
  Consensus tree:                /Users/bushrakhan/Desktop/NIPGR-data/MADS-box-Evolutionary-gene-detection/Workflow_Step-by-Step/TASK_8/uploads/Helianthus_MADS_ML.contree
  Screen log file:               /Users/bushrakhan/Desktop/NIPGR-data/MADS-box-Evolutionary-gene-detection/Workflow_Step-by-Step/TASK_8/uploads/Helianthus_MADS_ML.log

Date and Time: Sat Apr  4 01:34:05 2026
