IQ-TREE multicore version 1.6.12 for Mac OS X 64-bit built Aug 15 2019
Developed by Bui Quang Minh, Nguyen Lam Tung, Olga Chernomor,
Heiko Schmidt, Dominik Schrempf, Michael Woodhams.

Host:    Bushras-MacBook-Air.local (SSE4.2, 16 GB RAM)
Command: /Users/bushrakhan/Desktop/NIPGR-data/MADS-box-Evolutionary-gene-detection/bin/iqtree -s /Users/bushrakhan/Desktop/NIPGR-data/MADS-box-Evolutionary-gene-detection/Workflow_Step-by-Step/TASK_9/uploads/Nelumbo_MADS_Aligned.fa -nt AUTO -m TEST -bb 1000 -pre /Users/bushrakhan/Desktop/NIPGR-data/MADS-box-Evolutionary-gene-detection/Workflow_Step-by-Step/TASK_9/uploads/Nelumbo_MADS_ML
Seed:    508170 (Using SPRNG - Scalable Parallel Random Number Generator)
Time:    Sat Apr  4 01:35:22 2026
Kernel:  SSE2 - auto-detect threads (10 CPU cores detected)

Reading alignment file /Users/bushrakhan/Desktop/NIPGR-data/MADS-box-Evolutionary-gene-detection/Workflow_Step-by-Step/TASK_9/uploads/Nelumbo_MADS_Aligned.fa ... Fasta format detected
Alignment most likely contains protein sequences
Alignment has 199 sequences with 49 columns, 49 distinct patterns
45 parsimony-informative, 3 singleton sites, 0 constant sites
WARNING: Some sequence names are changed as follows:
AT2G45650.1|PACid:19638787_10_57 -> AT2G45650.1_PACid_19638787_10_57
AT4G11880.1|PACid:19643844_10_57 -> AT4G11880.1_PACid_19643844_10_57
AT4G09960.1|PACid:19648309_10_57 -> AT4G09960.1_PACid_19648309_10_57
AT4G09960.4|PACid:19648308_10_57 -> AT4G09960.4_PACid_19648308_10_57
AT4G18960.1|PACid:19647337_26_73 -> AT4G18960.1_PACid_19647337_26_73
AT4G09960.3|PACid:19648307_36_83 -> AT4G09960.3_PACid_19648307_36_83
AT4G09960.2|PACid:19648310_10_57 -> AT4G09960.2_PACid_19648310_10_57
AT2G45660.1|PACid:19641052_10_57 -> AT2G45660.1_PACid_19641052_10_57
AT4G22950.1|PACid:19647692_10_57 -> AT4G22950.1_PACid_19647692_10_57
AT4G22950.1|PACid:19647692_94_105 -> AT4G22950.1_PACid_19647692_94_105
AT1G24260.3|PACid:19651405_10_57 -> AT1G24260.3_PACid_19651405_10_57
AT5G15800.1|PACid:19670123_10_57 -> AT5G15800.1_PACid_19670123_10_57
AT1G24260.1|PACid:19651404_10_57 -> AT1G24260.1_PACid_19651404_10_57
AT1G24260.2|PACid:19651403_10_57 -> AT1G24260.2_PACid_19651403_10_57
AT5G15800.2|PACid:19670122_10_57 -> AT5G15800.2_PACid_19670122_10_57
AT2G22540.1|PACid:19641563_10_57 -> AT2G22540.1_PACid_19641563_10_57
AT3G57390.1|PACid:19659472_10_57 -> AT3G57390.1_PACid_19659472_10_57
AT5G13790.1|PACid:19669343_10_57 -> AT5G13790.1_PACid_19669343_10_57
AT5G51870.2|PACid:19672301_10_57 -> AT5G51870.2_PACid_19672301_10_57
AT5G51870.1|PACid:19672300_10_57 -> AT5G51870.1_PACid_19672300_10_57
AT5G51870.3|PACid:19672299_10_57 -> AT5G51870.3_PACid_19672299_10_57
AT3G58780.2|PACid:19662660_25_72 -> AT3G58780.2_PACid_19662660_25_72
AT2G42830.1|PACid:19643528_25_72 -> AT2G42830.1_PACid_19643528_25_72
AT3G58780.1|PACid:19662659_25_72 -> AT3G58780.1_PACid_19662659_25_72
AT2G42830.2|PACid:19643527_25_72 -> AT2G42830.2_PACid_19643527_25_72
AT3G58780.3|PACid:19662658_25_72 -> AT3G58780.3_PACid_19662658_25_72
AT3G02310.1|PACid:19661943_10_57 -> AT3G02310.1_PACid_19661943_10_57
AT2G14210.1|PACid:19638394_10_57 -> AT2G14210.1_PACid_19638394_10_57
AT2G03710.3|PACid:19640310_10_57 -> AT2G03710.3_PACid_19640310_10_57
AT1G69120.1|PACid:19653480_10_57 -> AT1G69120.1_PACid_19653480_10_57
AT5G60910.1|PACid:19670614_10_57 -> AT5G60910.1_PACid_19670614_10_57
AT5G51860.2|PACid:19671372_10_57 -> AT5G51860.2_PACid_19671372_10_57
AT5G51860.1|PACid:19671371_10_57 -> AT5G51860.1_PACid_19671371_10_57
AT2G03710.2|PACid:19640309_10_57 -> AT2G03710.2_PACid_19640309_10_57
AT2G03710.1|PACid:19640308_10_57 -> AT2G03710.1_PACid_19640308_10_57
AT3G30260.1|PACid:19662130_10_57 -> AT3G30260.1_PACid_19662130_10_57
AT2G24840.1|PACid:19642372_71_118 -> AT2G24840.1_PACid_19642372_71_118
AT2G22540.2|PACid:19641564_10_55 -> AT2G22540.2_PACid_19641564_10_55
AT3G57230.1|PACid:19665060_10_57 -> AT3G57230.1_PACid_19665060_10_57
AT3G57230.2|PACid:19665061_10_57 -> AT3G57230.2_PACid_19665061_10_57
AT4G37940.1|PACid:19644309_10_57 -> AT4G37940.1_PACid_19644309_10_57
AT4G24540.1|PACid:19648389_10_57 -> AT4G24540.1_PACid_19648389_10_57
AT3G61120.1|PACid:19662463_10_57 -> AT3G61120.1_PACid_19662463_10_57
AT3G54340.1|PACid:19659884_10_57 -> AT3G54340.1_PACid_19659884_10_57
AT1G26310.1|PACid:19650942_10_57 -> AT1G26310.1_PACid_19650942_10_57
AT1G22130.1|PACid:19651829_10_55 -> AT1G22130.1_PACid_19651829_10_55
AT5G62165.4|PACid:19672598_10_57 -> AT5G62165.4_PACid_19672598_10_57
AT5G60440.1|PACid:19665878_15_62 -> AT5G60440.1_PACid_19665878_15_62
AT5G62165.1|PACid:19672595_10_57 -> AT5G62165.1_PACid_19672595_10_57
AT5G62165.2|PACid:19672596_10_57 -> AT5G62165.2_PACid_19672596_10_57
AT5G62165.3|PACid:19672597_10_57 -> AT5G62165.3_PACid_19672597_10_57
AT2G22630.1|PACid:19642313_10_57 -> AT2G22630.1_PACid_19642313_10_57
AT1G77980.1|PACid:19650219_10_55 -> AT1G77980.1_PACid_19650219_10_55
AT1G71692.1|PACid:19653064_10_56 -> AT1G71692.1_PACid_19653064_10_56
AT1G01530.1|PACid:19655032_15_62 -> AT1G01530.1_PACid_19655032_15_62
AT1G65360.1|PACid:19652033_15_62 -> AT1G65360.1_PACid_19652033_15_62
AT5G10140.2|PACid:19672042_10_57 -> AT5G10140.2_PACid_19672042_10_57
AT5G10140.4|PACid:19672041_10_57 -> AT5G10140.4_PACid_19672041_10_57
AT5G10140.3|PACid:19672040_10_57 -> AT5G10140.3_PACid_19672040_10_57
AT5G10140.1|PACid:19672039_10_57 -> AT5G10140.1_PACid_19672039_10_57
AT3G66656.1|PACid:19662106_10_57 -> AT3G66656.1_PACid_19662106_10_57
AT5G23260.2|PACid:19667542_10_57 -> AT5G23260.2_PACid_19667542_10_57
AT5G23260.3|PACid:19667544_10_57 -> AT5G23260.3_PACid_19667544_10_57
AT5G23260.1|PACid:19667543_10_57 -> AT5G23260.1_PACid_19667543_10_57
AT4G36590.1|PACid:19644661_15_62 -> AT4G36590.1_PACid_19644661_15_62
AT2G34440.1|PACid:19639540_12_57 -> AT2G34440.1_PACid_19639540_12_57
AT5G65070.1|PACid:19666742_10_57 -> AT5G65070.1_PACid_19666742_10_57
AT1G77950.1|PACid:19656697_10_55 -> AT1G77950.1_PACid_19656697_10_55
AT1G77950.2|PACid:19656698_10_55 -> AT1G77950.2_PACid_19656698_10_55
AT5G65070.3|PACid:19666740_10_57 -> AT5G65070.3_PACid_19666740_10_57
AT5G65070.2|PACid:19666741_10_57 -> AT5G65070.2_PACid_19666741_10_57
AT1G77080.5|PACid:19652600_10_55 -> AT1G77080.5_PACid_19652600_10_55
AT1G77080.2|PACid:19652599_10_55 -> AT1G77080.2_PACid_19652599_10_55
AT1G77080.4|PACid:19652598_10_55 -> AT1G77080.4_PACid_19652598_10_55
AT5G65080.2|PACid:19670373_10_55 -> AT5G65080.2_PACid_19670373_10_55
AT1G31140.1|PACid:19657778_10_57 -> AT1G31140.1_PACid_19657778_10_57
AT1G31140.2|PACid:19657777_10_57 -> AT1G31140.2_PACid_19657777_10_57
AT5G65080.1|PACid:19670372_17_62 -> AT5G65080.1_PACid_19670372_17_62
AT1G47760.1|PACid:19657551_10_57 -> AT1G47760.1_PACid_19657551_10_57
AT5G20240.1|PACid:19673101_10_57 -> AT5G20240.1_PACid_19673101_10_57
AT1G18750.1|PACid:19654582_10_57 -> AT1G18750.1_PACid_19654582_10_57
AT1G72350.1|PACid:19656010_55_98 -> AT1G72350.1_PACid_19656010_55_98
AT5G65050.2|PACid:19667307_10_55 -> AT5G65050.2_PACid_19667307_10_55
AT5G65050.1|PACid:19667306_10_55 -> AT5G65050.1_PACid_19667306_10_55
AT5G65050.3|PACid:19667305_10_55 -> AT5G65050.3_PACid_19667305_10_55
AT5G65060.2|PACid:19668929_10_55 -> AT5G65060.2_PACid_19668929_10_55
AT5G65060.1|PACid:19668928_10_55 -> AT5G65060.1_PACid_19668928_10_55
AT1G17310.1|PACid:19656321_56_103 -> AT1G17310.1_PACid_19656321_56_103
AT1G28460.1|PACid:19649164_16_63 -> AT1G28460.1_PACid_19649164_16_63
AT2G03060.2|PACid:19640478_10_53 -> AT2G03060.2_PACid_19640478_10_53
AT2G03060.1|PACid:19640479_10_53 -> AT2G03060.1_PACid_19640479_10_53
AT3G04100.1|PACid:19663352_22_69 -> AT3G04100.1_PACid_19663352_22_69
AT3G04100.1|PACid:19663352_104_117 -> AT3G04100.1_PACid_19663352_104_117
AT1G29962.1|PACid:19658277_16_63 -> AT1G29962.1_PACid_19658277_16_63
AT5G48670.1|PACid:19672717_10_51 -> AT5G48670.1_PACid_19672717_10_51
AT2G26320.1|PACid:19638466_26_73 -> AT2G26320.1_PACid_19638466_26_73
AT1G69540.1|PACid:19658298_11_53 -> AT1G69540.1_PACid_19658298_11_53
AT3G05860.2|PACid:19660459_10_51 -> AT3G05860.2_PACid_19660459_10_51
AT3G05860.3|PACid:19660458_10_51 -> AT3G05860.3_PACid_19660458_10_51
AT3G05860.1|PACid:19660457_10_51 -> AT3G05860.1_PACid_19660457_10_51
AT5G27960.1|PACid:19666678_9_48 -> AT5G27960.1_PACid_19666678_9_48
AT1G65330.1|PACid:19653684_9_53 -> AT1G65330.1_PACid_19653684_9_53
AT5G55690.1|PACid:19665481_10_51 -> AT5G55690.1_PACid_19665481_10_51
AT5G55690.1|PACid:19665481_137_148 -> AT5G55690.1_PACid_19665481_137_148
AT1G65300.1|PACid:19652716_10_51 -> AT1G65300.1_PACid_19652716_10_51
AT5G26630.1|PACid:19667105_10_50 -> AT5G26630.1_PACid_19667105_10_50
AT5G26650.1|PACid:19669215_9_48 -> AT5G26650.1_PACid_19669215_9_48
AT1G28450.1|PACid:19650560_16_63 -> AT1G28450.1_PACid_19650560_16_63
AT3G18650.1|PACid:19661489_5_23 -> AT3G18650.1_PACid_19661489_5_23
AT3G18650.1|PACid:19661489_30_72 -> AT3G18650.1_PACid_19661489_30_72
AT5G58890.1|PACid:19667567_10_52 -> AT5G58890.1_PACid_19667567_10_52
AT5G26580.1|PACid:19673075_11_50 -> AT5G26580.1_PACid_19673075_11_50
AT4G02235.1|PACid:19647863_9_54 -> AT4G02235.1_PACid_19647863_9_54
AT1G22590.2|PACid:19655507_11_50 -> AT1G22590.2_PACid_19655507_11_50
AT5G65330.1|PACid:19672137_7_52 -> AT5G65330.1_PACid_19672137_7_52
AT5G39750.1|PACid:19667213_25_64 -> AT5G39750.1_PACid_19667213_25_64
AT5G40120.1|PACid:19671880_17_56 -> AT5G40120.1_PACid_19671880_17_56
AT5G38740.1|PACid:19668168_26_65 -> AT5G38740.1_PACid_19668168_26_65
AT5G41200.1|PACid:19667742_19_57 -> AT5G41200.1_PACid_19667742_19_57
AT5G40220.1|PACid:19669238_18_57 -> AT5G40220.1_PACid_19669238_18_57
AT1G46408.1|PACid:19654736_12_53 -> AT1G46408.1_PACid_19654736_12_53
AT5G39810.1|PACid:19670065_25_64 -> AT5G39810.1_PACid_19670065_25_64
AT1G31630.1|PACid:19652269_10_56 -> AT1G31630.1_PACid_19652269_10_56
AT4G11250.1|PACid:19648763_10_51 -> AT4G11250.1_PACid_19648763_10_51
AT5G27090.2|PACid:19670535_29_70 -> AT5G27090.2_PACid_19670535_29_70
AT5G27090.1|PACid:19670534_29_70 -> AT5G27090.1_PACid_19670534_29_70
AT5G06500.1|PACid:19671199_10_53 -> AT5G06500.1_PACid_19671199_10_53
AT5G27070.1|PACid:19671195_30_71 -> AT5G27070.1_PACid_19671195_30_71
AT5G26950.1|PACid:19666538_30_71 -> AT5G26950.1_PACid_19666538_30_71
AT5G26880.1|PACid:19668576_156_166 -> AT5G26880.1_PACid_19668576_156_166
AT5G26880.1|PACid:19668576_241_274 -> AT5G26880.1_PACid_19668576_241_274
AT5G27944.1|PACid:19666623_30_71 -> AT5G27944.1_PACid_19666623_30_71
AT5G27580.1|PACid:19672891_30_71 -> AT5G27580.1_PACid_19672891_30_71
AT2G40210.1|PACid:19638131_10_51 -> AT2G40210.1_PACid_19638131_10_51
AT1G31640.1|PACid:19651329_12_56 -> AT1G31640.1_PACid_19651329_12_56
AT5G04640.1|PACid:19673003_13_53 -> AT5G04640.1_PACid_19673003_13_53
AT5G49490.1|PACid:19668119_54_95 -> AT5G49490.1_PACid_19668119_54_95
AT1G60920.1|PACid:19654635_12_50 -> AT1G60920.1_PACid_19654635_12_50
AT1G48150.1|PACid:19654851_28_67 -> AT1G48150.1_PACid_19654851_28_67
AT5G38620.1|PACid:19667041_14_55 -> AT5G38620.1_PACid_19667041_14_55
AT5G27130.1|PACid:19666602_23_63 -> AT5G27130.1_PACid_19666602_23_63
AT1G60040.1|PACid:19653511_20_62 -> AT1G60040.1_PACid_19653511_20_62
AT5G49420.1|PACid:19672206_16_57 -> AT5G49420.1_PACid_19672206_16_57
AT2G28700.1|PACid:19641128_11_50 -> AT2G28700.1_PACid_19641128_11_50
AT5G27050.1|PACid:19667506_1_28 -> AT5G27050.1_PACid_19667506_1_28
AT1G59810.1|PACid:19650751_19_61 -> AT1G59810.1_PACid_19650751_19_61
AT1G60880.1|PACid:19658292_12_41 -> AT1G60880.1_PACid_19658292_12_41
AT1G54760.1|PACid:19656422_19_43 -> AT1G54760.1_PACid_19656422_19_43
AT5G37415.1|PACid:19671670_85_109 -> AT5G37415.1_PACid_19671670_85_109
AT5G27810.1|PACid:19666054_1_26 -> AT5G27810.1_PACid_19666054_1_26
AT1G33070.1|PACid:19656210_4_24 -> AT1G33070.1_PACid_19656210_4_24
AT2G15660.1|PACid:19640579_30_44 -> AT2G15660.1_PACid_19640579_30_44

                                    Gap/Ambiguity  Composition  p-value
   1  XP_010255589.1_MADS                   2.04%    passed     99.97%
   2  XP_010255590.1_MADS                   2.04%    passed     99.97%
   3  XP_010255596.1_MADS                   2.04%    passed     99.98%
   4  XP_010272608.1_MADS                   2.04%    passed     99.98%
   5  XP_010272601.1_MADS                   2.04%    passed     99.97%
   6  XP_010272685.1_MADS                   2.04%    passed     99.06%
   7  XP_010273432.1_MADS                   2.04%    passed     99.06%
   8  XP_010273433.1_MADS                   2.04%    passed     99.06%
   9  XP_010249057.1_MADS                   2.04%    passed     99.53%
  10  XP_010249056.1_MADS                   2.04%    passed     99.53%
  11  XP_010249055.1_MADS                   2.04%    passed     99.53%
  12  XP_010260833.1_MADS                   2.04%    passed     99.18%
  13  XP_019053922.1_MADS                   2.04%    passed     99.18%
  14  XP_010250667.1_MADS                   2.04%    passed     99.18%
  15  XP_010257958.1_MADS                   2.04%    passed     99.18%
  16  XP_010269745.1_MADS                   2.04%    passed     99.06%
  17  XP_010257957.1_MADS                   2.04%    passed     99.15%
  18  XP_010260844.1_MADS                   2.04%    passed     99.15%
  19  XP_010277489.1_MADS                   2.04%    passed     99.95%
  20  XP_010277487.1_MADS                   2.04%    passed     99.95%
  21  XP_010277488.1_MADS                   2.04%    passed     99.95%
  22  XP_010274370.1_MADS                   6.12%    passed     91.78%
  23  XP_010269101.1_MADS                   2.04%    passed     92.64%
  24  XP_010254525.1_MADS                   2.04%    passed     99.49%
  25  XP_010254524.1_MADS                   2.04%    passed     99.49%
  26  XP_010279516.1_MADS                   2.04%    passed     99.39%
  27  XP_019056050.1_MADS                   2.04%    passed     99.39%
  28  XP_010275495.1_MADS                   2.04%    passed     32.43%
  29  XP_019056051.1_MADS                   2.04%    passed     99.39%
  30  XP_010254617.1_MADS                   2.04%    passed     99.95%
  31  XP_010254616.1_MADS                   2.04%    passed     99.95%
  32  XP_010254615.1_MADS                   2.04%    passed     99.95%
  33  XP_019053529.1_MADS                   2.04%    passed     33.39%
  34  XP_010244700.1_MADS                   2.04%    passed     99.94%
  35  XP_010244699.1_MADS                   2.04%    passed     99.94%
  36  XP_010244698.1_MADS                   2.04%    passed     99.94%
  37  XP_019051694.1_MADS                   2.04%    passed     99.94%
  38  XP_010245525.1_MADS                   4.08%    passed     99.45%
  39  XP_010263856.1_MADS                   2.04%    passed     99.98%
  40  XP_010240899.1_MADS                   2.04%    passed     94.31%
  41  XP_010269077.1_MADS                   2.04%    passed     86.02%
  42  XP_010257792.1_MADS                   6.12%    passed     95.11%
  43  XP_019055004.1_MADS                   2.04%    passed     99.79%
  44  XP_010271509.1_MADS                   2.04%    passed     99.79%
  45  XP_010258316.1_MADS                   6.12%    passed     83.99%
  46  XP_010258315.1_MADS                   6.12%    passed     83.99%
  47  XP_010258314.1_MADS                   6.12%    passed     83.99%
  48  AT2G45650.1_PACid_19638787_10_57      2.04%    passed     99.98%
  49  AT4G11880.1_PACid_19643844_10_57      2.04%    passed     99.99%
  50  AT4G09960.1_PACid_19648309_10_57      2.04%    passed     99.06%
  51  AT4G09960.4_PACid_19648308_10_57      2.04%    passed     99.06%
  52  AT4G18960.1_PACid_19647337_26_73      2.04%    passed     99.06%
  53  AT4G09960.3_PACid_19648307_36_83      2.04%    passed     99.06%
  54  AT4G09960.2_PACid_19648310_10_57      2.04%    passed     99.06%
  55  AT2G45660.1_PACid_19641052_10_57      2.04%    passed    100.00%
  56  AT4G22950.1_PACid_19647692_10_57      2.04%    passed     99.90%
  57  AT4G22950.1_PACid_19647692_94_105    75.51%    passed     90.85%
  58  AT1G24260.3_PACid_19651405_10_57      2.04%    passed     99.18%
  59  AT5G15800.1_PACid_19670123_10_57      2.04%    passed     99.18%
  60  AT1G24260.1_PACid_19651404_10_57      2.04%    passed     99.18%
  61  AT1G24260.2_PACid_19651403_10_57      2.04%    passed     99.18%
  62  AT5G15800.2_PACid_19670122_10_57      2.04%    passed     99.18%
  63  AT2G22540.1_PACid_19641563_10_57      2.04%    passed     98.01%
  64  AT3G57390.1_PACid_19659472_10_57      2.04%    passed     99.19%
  65  AT5G13790.1_PACid_19669343_10_57      2.04%    passed     99.68%
  66  AT5G51870.2_PACid_19672301_10_57      2.04%    passed     38.33%
  67  AT5G51870.1_PACid_19672300_10_57      2.04%    passed     38.33%
  68  AT5G51870.3_PACid_19672299_10_57      2.04%    passed     38.33%
  69  AT3G58780.2_PACid_19662660_25_72      2.04%    passed     97.40%
  70  AT2G42830.1_PACid_19643528_25_72      2.04%    passed     97.40%
  71  AT3G58780.1_PACid_19662659_25_72      2.04%    passed     97.40%
  72  AT2G42830.2_PACid_19643527_25_72      2.04%    passed     97.40%
  73  AT3G58780.3_PACid_19662658_25_72      2.04%    passed     97.40%
  74  AT3G02310.1_PACid_19661943_10_57      2.04%    passed     99.57%
  75  AT2G14210.1_PACid_19638394_10_57      2.04%    passed     99.60%
  76  AT2G03710.3_PACid_19640310_10_57      2.04%    passed     98.47%
  77  AT1G69120.1_PACid_19653480_10_57      2.04%    passed     54.82%
  78  AT5G60910.1_PACid_19670614_10_57      2.04%    passed     99.77%
  79  AT5G51860.2_PACid_19671372_10_57      2.04%    passed     96.10%
  80  AT5G51860.1_PACid_19671371_10_57      2.04%    passed     96.10%
  81  AT2G03710.2_PACid_19640309_10_57      2.04%    passed     98.47%
  82  AT2G03710.1_PACid_19640308_10_57      2.04%    passed     98.47%
  83  AT3G30260.1_PACid_19662130_10_57      2.04%    passed     99.80%
  84  AT2G24840.1_PACid_19642372_71_118     2.04%    passed     50.42%
  85  AT2G22540.2_PACid_19641564_10_55      6.12%    passed     98.91%
  86  AT3G57230.1_PACid_19665060_10_57      2.04%    passed    100.00%
  87  AT3G57230.2_PACid_19665061_10_57      2.04%    passed    100.00%
  88  AT4G37940.1_PACid_19644309_10_57      2.04%    passed     95.23%
  89  AT4G24540.1_PACid_19648389_10_57      2.04%    passed     84.11%
  90  AT3G61120.1_PACid_19662463_10_57      2.04%    passed     99.98%
  91  AT3G54340.1_PACid_19659884_10_57      2.04%    passed     49.71%
  92  AT1G26310.1_PACid_19650942_10_57      2.04%    passed     99.79%
  93  AT1G22130.1_PACid_19651829_10_55      6.12%    passed     95.80%
  94  AT5G62165.4_PACid_19672598_10_57      2.04%    passed     99.75%
  95  AT5G60440.1_PACid_19665878_15_62      2.04%    passed     89.43%
  96  AT5G62165.1_PACid_19672595_10_57      2.04%    passed     99.75%
  97  AT5G62165.2_PACid_19672596_10_57      2.04%    passed     99.75%
  98  AT5G62165.3_PACid_19672597_10_57      2.04%    passed     99.75%
  99  AT2G22630.1_PACid_19642313_10_57      2.04%    passed     78.00%
 100  AT1G77980.1_PACid_19650219_10_55      6.12%    passed     97.76%
 101  AT1G71692.1_PACid_19653064_10_56      4.08%    passed     80.67%
 102  AT1G01530.1_PACid_19655032_15_62      2.04%    passed     99.79%
 103  AT1G65360.1_PACid_19652033_15_62      2.04%    passed     36.88%
 104  AT5G10140.2_PACid_19672042_10_57      2.04%    passed     96.28%
 105  AT5G10140.4_PACid_19672041_10_57      2.04%    passed     96.28%
 106  AT5G10140.3_PACid_19672040_10_57      2.04%    passed     96.28%
 107  AT5G10140.1_PACid_19672039_10_57      2.04%    passed     96.28%
 108  AT3G66656.1_PACid_19662106_10_57      2.04%    passed     84.06%
 109  AT5G23260.2_PACid_19667542_10_57      2.04%    passed     97.13%
 110  AT5G23260.3_PACid_19667544_10_57      2.04%    passed     97.13%
 111  AT5G23260.1_PACid_19667543_10_57      2.04%    passed     97.13%
 112  AT4G36590.1_PACid_19644661_15_62      2.04%    passed     81.06%
 113  AT2G34440.1_PACid_19639540_12_57      6.12%    passed     89.61%
 114  AT5G65070.1_PACid_19666742_10_57      2.04%    passed     98.59%
 115  AT1G77950.1_PACid_19656697_10_55      6.12%    passed     95.80%
 116  AT1G77950.2_PACid_19656698_10_55      6.12%    passed     95.80%
 117  AT5G65070.3_PACid_19666740_10_57      2.04%    passed     98.59%
 118  AT5G65070.2_PACid_19666741_10_57      2.04%    passed     98.59%
 119  AT1G77080.5_PACid_19652600_10_55      6.12%    passed     88.80%
 120  AT1G77080.2_PACid_19652599_10_55      6.12%    passed     88.80%
 121  AT1G77080.4_PACid_19652598_10_55      6.12%    passed     88.80%
 122  AT5G65080.2_PACid_19670373_10_55      6.12%    passed     99.27%
 123  AT1G31140.1_PACid_19657778_10_57      2.04%    passed     40.62%
 124  AT1G31140.2_PACid_19657777_10_57      2.04%    passed     40.62%
 125  AT5G65080.1_PACid_19670372_17_62      6.12%    passed     99.27%
 126  AT1G47760.1_PACid_19657551_10_57      2.04%    passed     90.61%
 127  AT5G20240.1_PACid_19673101_10_57      2.04%    passed     76.52%
 128  AT1G18750.1_PACid_19654582_10_57      2.04%    passed     99.95%
 129  AT1G72350.1_PACid_19656010_55_98     10.20%    passed     97.42%
 130  AT5G65050.2_PACid_19667307_10_55      6.12%    passed     94.52%
 131  AT5G65050.1_PACid_19667306_10_55      6.12%    passed     94.52%
 132  AT5G65050.3_PACid_19667305_10_55      6.12%    passed     94.52%
 133  AT5G65060.2_PACid_19668929_10_55      6.12%    passed     93.83%
 134  AT5G65060.1_PACid_19668928_10_55      6.12%    passed     93.83%
 135  AT1G17310.1_PACid_19656321_56_103     2.04%    passed     98.26%
 136  AT1G28460.1_PACid_19649164_16_63      2.04%    passed     83.12%
 137  AT2G03060.2_PACid_19640478_10_53     10.20%    passed     94.58%
 138  AT2G03060.1_PACid_19640479_10_53     10.20%    passed     94.58%
 139  AT3G04100.1_PACid_19663352_22_69      2.04%    passed      8.58%
 140  AT3G04100.1_PACid_19663352_104_117   71.43%    passed      7.47%
 141  AT1G29962.1_PACid_19658277_16_63      2.04%    passed     98.71%
 142  AT5G48670.1_PACid_19672717_10_51     14.29%    passed     71.26%
 143  AT2G26320.1_PACid_19638466_26_73      2.04%    passed     66.83%
 144  AT1G69540.1_PACid_19658298_11_53     12.24%    failed      0.18%
 145  AT3G05860.2_PACid_19660459_10_51     14.29%    passed     94.79%
 146  AT3G05860.3_PACid_19660458_10_51     14.29%    passed     94.79%
 147  AT3G05860.1_PACid_19660457_10_51     14.29%    passed     94.79%
 148  AT5G27960.1_PACid_19666678_9_48      18.37%    passed     98.80%
 149  AT1G65330.1_PACid_19653684_9_53       8.16%    passed     98.84%
 150  AT5G55690.1_PACid_19665481_10_51     14.29%    passed     64.14%
 151  AT5G55690.1_PACid_19665481_137_148   75.51%    passed     29.43%
 152  AT1G65300.1_PACid_19652716_10_51     14.29%    passed     65.18%
 153  AT5G26630.1_PACid_19667105_10_50     16.33%    passed     84.25%
 154  AT5G26650.1_PACid_19669215_9_48      18.37%    passed     99.61%
 155  AT1G28450.1_PACid_19650560_16_63      2.04%    passed     96.29%
 156  AT3G18650.1_PACid_19661489_5_23      61.22%    failed      1.07%
 157  AT3G18650.1_PACid_19661489_30_72     12.24%    passed     54.92%
 158  AT5G58890.1_PACid_19667567_10_52     12.24%    passed     79.12%
 159  AT5G26580.1_PACid_19673075_11_50     18.37%    passed     82.91%
 160  AT4G02235.1_PACid_19647863_9_54       6.12%    passed     57.45%
 161  AT1G22590.2_PACid_19655507_11_50     18.37%    passed     99.63%
 162  AT5G65330.1_PACid_19672137_7_52       6.12%    passed     55.96%
 163  AT5G39750.1_PACid_19667213_25_64     18.37%    passed     25.00%
 164  AT5G40120.1_PACid_19671880_17_56     18.37%    passed     25.00%
 165  AT5G38740.1_PACid_19668168_26_65     18.37%    passed     25.00%
 166  AT5G41200.1_PACid_19667742_19_57     20.41%    passed     22.01%
 167  AT5G40220.1_PACid_19669238_18_57     18.37%    passed     25.00%
 168  AT1G46408.1_PACid_19654736_12_53     14.29%    passed     90.27%
 169  AT5G39810.1_PACid_19670065_25_64     18.37%    passed     26.76%
 170  AT1G31630.1_PACid_19652269_10_56      4.08%    passed     11.20%
 171  AT4G11250.1_PACid_19648763_10_51     14.29%    passed     12.10%
 172  AT5G27090.2_PACid_19670535_29_70     14.29%    passed     87.80%
 173  AT5G27090.1_PACid_19670534_29_70     14.29%    passed     87.80%
 174  AT5G06500.1_PACid_19671199_10_53     10.20%    failed      4.54%
 175  AT5G27070.1_PACid_19671195_30_71     14.29%    passed     78.00%
 176  AT5G26950.1_PACid_19666538_30_71     14.29%    passed     78.00%
 177  AT5G26880.1_PACid_19668576_156_166   77.55%    passed     67.29%
 178  AT5G26880.1_PACid_19668576_241_274   30.61%    passed     31.41%
 179  AT5G27944.1_PACid_19666623_30_71     14.29%    passed     74.67%
 180  AT5G27580.1_PACid_19672891_30_71     14.29%    passed     59.20%
 181  AT2G40210.1_PACid_19638131_10_51     14.29%    passed     50.29%
 182  AT1G31640.1_PACid_19651329_12_56      8.16%    failed      1.10%
 183  AT5G04640.1_PACid_19673003_13_53     16.33%    passed     67.80%
 184  AT5G49490.1_PACid_19668119_54_95     14.29%    passed     55.74%
 185  AT1G60920.1_PACid_19654635_12_50     20.41%    passed     98.13%
 186  AT1G48150.1_PACid_19654851_28_67     18.37%    passed     74.51%
 187  AT5G38620.1_PACid_19667041_14_55     14.29%    passed     38.28%
 188  AT5G27130.1_PACid_19666602_23_63     16.33%    passed     90.61%
 189  AT1G60040.1_PACid_19653511_20_62     12.24%    failed      2.70%
 190  AT5G49420.1_PACid_19672206_16_57     14.29%    passed     46.35%
 191  AT2G28700.1_PACid_19641128_11_50     18.37%    passed     54.78%
 192  AT5G27050.1_PACid_19667506_1_28      42.86%    passed     93.52%
 193  AT1G59810.1_PACid_19650751_19_61     12.24%    failed      2.32%
 194  AT1G60880.1_PACid_19658292_12_41     38.78%    passed     99.35%
 195  AT1G54760.1_PACid_19656422_19_43     48.98%    passed     74.06%
 196  AT5G37415.1_PACid_19671670_85_109    48.98%    failed      0.23%
 197  AT5G27810.1_PACid_19666054_1_26      46.94%    passed     24.36%
 198  AT1G33070.1_PACid_19656210_4_24      57.14%    passed     84.07%
 199  AT2G15660.1_PACid_19640579_30_44     69.39%    failed      1.25%
WARNING: 7 sequences contain more than 50% gaps/ambiguity
****  TOTAL                                 9.05%  8 sequences failed composition chi2 test (p-value<5%; df=19)
NOTE: XP_010255590.1_MADS is identical to XP_010255589.1_MADS but kept for subsequent analysis
NOTE: XP_010272608.1_MADS is identical to XP_010255596.1_MADS but kept for subsequent analysis
NOTE: XP_010273432.1_MADS is identical to XP_010272685.1_MADS but kept for subsequent analysis
NOTE: XP_010249056.1_MADS is identical to XP_010249057.1_MADS but kept for subsequent analysis
NOTE: XP_019053922.1_MADS is identical to XP_010260833.1_MADS but kept for subsequent analysis
NOTE: XP_010260844.1_MADS is identical to XP_010257957.1_MADS but kept for subsequent analysis
NOTE: XP_010277487.1_MADS is identical to XP_010277489.1_MADS but kept for subsequent analysis
NOTE: XP_010254524.1_MADS is identical to XP_010254525.1_MADS but kept for subsequent analysis
NOTE: XP_019056050.1_MADS is identical to XP_010279516.1_MADS but kept for subsequent analysis
NOTE: XP_010254616.1_MADS is identical to XP_010254617.1_MADS but kept for subsequent analysis
NOTE: XP_010244699.1_MADS is identical to XP_010244700.1_MADS but kept for subsequent analysis
NOTE: XP_010271509.1_MADS is identical to XP_019055004.1_MADS but kept for subsequent analysis
NOTE: XP_010258315.1_MADS is identical to XP_010258316.1_MADS but kept for subsequent analysis
NOTE: AT4G09960.4_PACid_19648308_10_57 is identical to AT4G09960.1_PACid_19648309_10_57 but kept for subsequent analysis
NOTE: AT5G51870.1_PACid_19672300_10_57 is identical to AT5G51870.2_PACid_19672301_10_57 but kept for subsequent analysis
NOTE: AT2G42830.1_PACid_19643528_25_72 is identical to AT3G58780.2_PACid_19662660_25_72 but kept for subsequent analysis
NOTE: AT2G03710.2_PACid_19640309_10_57 is identical to AT2G03710.3_PACid_19640310_10_57 but kept for subsequent analysis
NOTE: AT5G51860.1_PACid_19671371_10_57 is identical to AT5G51860.2_PACid_19671372_10_57 but kept for subsequent analysis
NOTE: AT3G57230.2_PACid_19665061_10_57 is identical to AT3G57230.1_PACid_19665060_10_57 but kept for subsequent analysis
NOTE: AT5G62165.1_PACid_19672595_10_57 is identical to AT5G62165.4_PACid_19672598_10_57 but kept for subsequent analysis
NOTE: AT5G10140.4_PACid_19672041_10_57 is identical to AT5G10140.2_PACid_19672042_10_57 but kept for subsequent analysis
NOTE: AT5G23260.3_PACid_19667544_10_57 is identical to AT5G23260.2_PACid_19667542_10_57 but kept for subsequent analysis
NOTE: AT5G65070.3_PACid_19666740_10_57 is identical to AT5G65070.1_PACid_19666742_10_57 but kept for subsequent analysis
NOTE: AT1G77950.2_PACid_19656698_10_55 is identical to AT1G77950.1_PACid_19656697_10_55 but kept for subsequent analysis
NOTE: AT1G77080.2_PACid_19652599_10_55 is identical to AT1G77080.5_PACid_19652600_10_55 but kept for subsequent analysis
NOTE: AT5G65080.1_PACid_19670372_17_62 is identical to AT5G65080.2_PACid_19670373_10_55 but kept for subsequent analysis
NOTE: AT1G31140.2_PACid_19657777_10_57 is identical to AT1G31140.1_PACid_19657778_10_57 but kept for subsequent analysis
NOTE: AT5G65050.1_PACid_19667306_10_55 is identical to AT5G65050.2_PACid_19667307_10_55 but kept for subsequent analysis
NOTE: AT5G65060.1_PACid_19668928_10_55 is identical to AT5G65060.2_PACid_19668929_10_55 but kept for subsequent analysis
NOTE: AT2G03060.1_PACid_19640479_10_53 is identical to AT2G03060.2_PACid_19640478_10_53 but kept for subsequent analysis
NOTE: AT3G05860.3_PACid_19660458_10_51 is identical to AT3G05860.2_PACid_19660459_10_51 but kept for subsequent analysis
NOTE: AT5G40120.1_PACid_19671880_17_56 is identical to AT5G39750.1_PACid_19667213_25_64 but kept for subsequent analysis
NOTE: AT5G27090.1_PACid_19670534_29_70 is identical to AT5G27090.2_PACid_19670535_29_70 but kept for subsequent analysis
NOTE: AT5G26950.1_PACid_19666538_30_71 is identical to AT5G27070.1_PACid_19671195_30_71 but kept for subsequent analysis
NOTE: 36 identical sequences (see below) will be ignored for subsequent analysis
NOTE: XP_010272601.1_MADS (identical to XP_010255589.1_MADS) is ignored but added at the end
NOTE: AT2G45650.1_PACid_19638787_10_57 (identical to XP_010255596.1_MADS) is ignored but added at the end
NOTE: XP_010273433.1_MADS (identical to XP_010272685.1_MADS) is ignored but added at the end
NOTE: AT4G18960.1_PACid_19647337_26_73 (identical to XP_010272685.1_MADS) is ignored but added at the end
NOTE: XP_010249055.1_MADS (identical to XP_010249057.1_MADS) is ignored but added at the end
NOTE: XP_010250667.1_MADS (identical to XP_010260833.1_MADS) is ignored but added at the end
NOTE: XP_010257958.1_MADS (identical to XP_010260833.1_MADS) is ignored but added at the end
NOTE: AT1G24260.3_PACid_19651405_10_57 (identical to XP_010260833.1_MADS) is ignored but added at the end
NOTE: AT5G15800.1_PACid_19670123_10_57 (identical to XP_010260833.1_MADS) is ignored but added at the end
NOTE: AT1G24260.1_PACid_19651404_10_57 (identical to XP_010260833.1_MADS) is ignored but added at the end
NOTE: AT1G24260.2_PACid_19651403_10_57 (identical to XP_010260833.1_MADS) is ignored but added at the end
NOTE: AT5G15800.2_PACid_19670122_10_57 (identical to XP_010260833.1_MADS) is ignored but added at the end
NOTE: XP_010277488.1_MADS (identical to XP_010277489.1_MADS) is ignored but added at the end
NOTE: XP_019056051.1_MADS (identical to XP_010279516.1_MADS) is ignored but added at the end
NOTE: XP_010254615.1_MADS (identical to XP_010254617.1_MADS) is ignored but added at the end
NOTE: XP_010244698.1_MADS (identical to XP_010244700.1_MADS) is ignored but added at the end
NOTE: XP_019051694.1_MADS (identical to XP_010244700.1_MADS) is ignored but added at the end
NOTE: XP_010258314.1_MADS (identical to XP_010258316.1_MADS) is ignored but added at the end
NOTE: AT4G09960.3_PACid_19648307_36_83 (identical to AT4G09960.1_PACid_19648309_10_57) is ignored but added at the end
NOTE: AT4G09960.2_PACid_19648310_10_57 (identical to AT4G09960.1_PACid_19648309_10_57) is ignored but added at the end
NOTE: AT5G51870.3_PACid_19672299_10_57 (identical to AT5G51870.2_PACid_19672301_10_57) is ignored but added at the end
NOTE: AT3G58780.1_PACid_19662659_25_72 (identical to AT3G58780.2_PACid_19662660_25_72) is ignored but added at the end
NOTE: AT2G42830.2_PACid_19643527_25_72 (identical to AT3G58780.2_PACid_19662660_25_72) is ignored but added at the end
NOTE: AT3G58780.3_PACid_19662658_25_72 (identical to AT3G58780.2_PACid_19662660_25_72) is ignored but added at the end
NOTE: AT2G03710.1_PACid_19640308_10_57 (identical to AT2G03710.3_PACid_19640310_10_57) is ignored but added at the end
NOTE: AT5G62165.2_PACid_19672596_10_57 (identical to AT5G62165.4_PACid_19672598_10_57) is ignored but added at the end
NOTE: AT5G62165.3_PACid_19672597_10_57 (identical to AT5G62165.4_PACid_19672598_10_57) is ignored but added at the end
NOTE: AT5G10140.3_PACid_19672040_10_57 (identical to AT5G10140.2_PACid_19672042_10_57) is ignored but added at the end
NOTE: AT5G10140.1_PACid_19672039_10_57 (identical to AT5G10140.2_PACid_19672042_10_57) is ignored but added at the end
NOTE: AT5G23260.1_PACid_19667543_10_57 (identical to AT5G23260.2_PACid_19667542_10_57) is ignored but added at the end
NOTE: AT5G65070.2_PACid_19666741_10_57 (identical to AT5G65070.1_PACid_19666742_10_57) is ignored but added at the end
NOTE: AT1G77080.4_PACid_19652598_10_55 (identical to AT1G77080.5_PACid_19652600_10_55) is ignored but added at the end
NOTE: AT5G65050.3_PACid_19667305_10_55 (identical to AT5G65050.2_PACid_19667307_10_55) is ignored but added at the end
NOTE: AT3G05860.1_PACid_19660457_10_51 (identical to AT3G05860.2_PACid_19660459_10_51) is ignored but added at the end
NOTE: AT5G38740.1_PACid_19668168_26_65 (identical to AT5G39750.1_PACid_19667213_25_64) is ignored but added at the end
NOTE: AT5G40220.1_PACid_19669238_18_57 (identical to AT5G39750.1_PACid_19667213_25_64) is ignored but added at the end

For your convenience alignment with unique sequences printed to /Users/bushrakhan/Desktop/NIPGR-data/MADS-box-Evolutionary-gene-detection/Workflow_Step-by-Step/TASK_9/uploads/Nelumbo_MADS_ML.uniqueseq.phy


Create initial parsimony tree by phylogenetic likelihood library (PLL)... 0.032 seconds
NOTE: ModelFinder requires 7 MB RAM!
ModelFinder will test 168 protein models (sample size: 49) ...
 No. Model         -LnL         df  AIC          AICc         BIC
Measuring multi-threading efficiency up to 10 CPU cores
Increase to 10 rounds for branch lengths
68 trees examined
Threads: 1 / Time: 10.016 sec / Speedup: 1.000 / Efficiency: 100% / LogL: -9905
Threads: 2 / Time: 9.759 sec / Speedup: 1.026 / Efficiency: 51% / LogL: -9905
Threads: 3 / Time: 15.871 sec / Speedup: 0.631 / Efficiency: 21% / LogL: -9905
BEST NUMBER OF THREADS: 1

  1  Dayhoff       4541.130     323 9728.259     219032.259   10339.317
  2  Dayhoff+I     4541.093     324 9730.186     220330.186   10343.136
  3  Dayhoff+G4    4403.830     324 9455.659     220055.659   10068.609
  4  Dayhoff+I+G4  4403.747     325 9457.495     221357.495   10072.336
  5  Dayhoff+F     4523.669     342 9731.337     244343.337   10378.340
  6  Dayhoff+F+I   4523.642     343 9733.283     245717.283   10382.178
  7  Dayhoff+F+G4  4380.671     343 9447.342     245431.342   10096.236
  8  Dayhoff+F+I+G4 4380.664     344 9449.329     246809.329   10100.115
  9  mtMAM         4941.668     323 10529.336    219833.336   11140.394
 10  mtMAM+I       4941.651     324 10531.303    221131.303   11144.252
 11  mtMAM+G4      4668.955     324 9985.909     220585.909   10598.859
 12  mtMAM+I+G4    4667.569     325 9985.137     221885.137   10599.979
 13  mtMAM+F       4691.541     342 10067.081    244679.081   10714.084
 14  mtMAM+F+I     4691.527     343 10069.054    246053.054   10717.948
 15  mtMAM+F+G4    4483.199     343 9652.397     245636.397   10301.291
 16  mtMAM+F+I+G4  4483.198     344 9654.396     247014.396   10305.183
 17  JTT           4518.706     323 9683.413     218987.413   10294.471
 18  JTT+I         4518.693     324 9685.385     220285.385   10298.335
 19  JTT+G4        4357.705     324 9363.410     219963.410   9976.360
 20  JTT+I+G4      4357.701     325 9365.401     221265.401   9980.243
 21  JTT+F         4527.975     342 9739.949     244351.949   10386.952
 22  JTT+F+I       4527.953     343 9741.906     245725.906   10390.800
 23  JTT+F+G4      4361.235     343 9408.471     245392.471   10057.365
 24  JTT+F+I+G4    4361.230     344 9410.460     246770.460   10061.246
 25  WAG           4523.162     323 9692.324     218996.324   10303.382
 26  WAG+I         4523.155     324 9694.310     220294.310   10307.259
 27  WAG+G4        4369.553     324 9387.107     219987.107   10000.056
 28  WAG+I+G4      4369.532     325 9389.064     221289.064   10003.905
 29  WAG+F         4538.562     342 9761.123     244373.123   10408.126
 30  WAG+F+I       4538.520     343 9763.041     245747.041   10411.935
 31  WAG+F+G4      4376.728     343 9439.456     245423.456   10088.350
 32  WAG+F+I+G4    4376.694     344 9441.388     246801.388   10092.174
 33  cpREV         4562.406     323 9770.812     219074.812   10381.870
 34  cpREV+I       4562.375     324 9772.750     220372.750   10385.700
 35  cpREV+G4      4374.599     324 9397.197     219997.197   10010.147
 36  cpREV+I+G4    4374.586     325 9399.172     221299.172   10014.014
 37  cpREV+F       4623.897     342 9931.794     244543.794   10578.797
 38  cpREV+F+I     4623.856     343 9933.712     245917.712   10582.606
 39  cpREV+F+G4    4430.600     343 9547.200     245531.200   10196.094
 40  cpREV+F+I+G4  4430.594     344 9549.188     246909.188   10199.974
 41  mtREV         4802.310     323 10250.619    219554.619   10861.677
 42  mtREV+I       4802.258     324 10252.517    220852.517   10865.466
 43  mtREV+G4      4600.038     324 9848.075     220448.075   10461.025
 44  mtREV+I+G4    4600.020     325 9850.040     221750.040   10464.882
 45  mtREV+F       4595.990     342 9875.981     244487.981   10522.983
 46  mtREV+F+I     4595.964     343 9877.927     245861.927   10526.822
 47  mtREV+F+G4    4430.785     343 9547.570     245531.570   10196.464
 48  mtREV+F+I+G4  4430.782     344 9549.564     246909.564   10200.350
 49  rtREV         4592.163     323 9830.325     219134.325   10441.383
 50  rtREV+I       4592.113     324 9832.226     220432.226   10445.176
 51  rtREV+G4      4417.637     324 9483.274     220083.274   10096.224
 52  rtREV+I+G4    4417.631     325 9485.261     221385.261   10100.103
 53  rtREV+F       4573.587     342 9831.174     244443.174   10478.176
 54  rtREV+F+I     4573.559     343 9833.117     245817.117   10482.012
 55  rtREV+F+G4    4390.307     343 9466.615     245450.615   10115.509
 56  rtREV+F+I+G4  4390.301     344 9468.601     246828.601   10119.387
 57  mtART         4877.565     323 10401.131    219705.131   11012.189
 58  mtART+I       4877.558     324 10403.116    221003.116   11016.066
 59  mtART+G4      4576.537     324 9801.074     220401.074   10414.024
 60  mtART+I+G4    4576.518     325 9803.036     221703.036   10417.877
 61  mtART+F       4691.856     342 10067.712    244679.712   10714.714
 62  mtART+F+I     4691.849     343 10069.698    246053.698   10718.592
 63  mtART+F+G4    4463.078     343 9612.157     245596.157   10261.051
 64  mtART+F+I+G4  4463.073     344 9614.146     246974.146   10264.933
 65  mtZOA         4752.422     323 10150.844    219454.844   10761.902
 66  mtZOA+I       4752.378     324 10152.756    220752.756   10765.706
 67  mtZOA+G4      4492.033     324 9632.066     220232.066   10245.015
 68  mtZOA+I+G4    4492.022     325 9634.045     221534.045   10248.887
 69  mtZOA+F       4618.129     342 9920.258     244532.258   10567.261
 70  mtZOA+F+I     4618.104     343 9922.209     245906.209   10571.103
 71  mtZOA+F+G4    4410.859     343 9507.719     245491.719   10156.613
 72  mtZOA+F+I+G4  4410.860     344 9509.719     246869.719   10160.505
 73  VT            4550.540     323 9747.079     219051.079   10358.137
 74  VT+I          4550.533     324 9749.066     220349.066   10362.016
 75  VT+G4         4397.200     324 9442.400     220042.400   10055.350
 76  VT+I+G4       4397.124     325 9444.248     221344.248   10059.090
 77  VT+F          4564.730     342 9813.461     244425.461   10460.463
 78  VT+F+I        4564.681     343 9815.363     245799.363   10464.257
 79  VT+F+G4       4407.628     343 9501.256     245485.256   10150.150
 80  VT+F+I+G4     4407.605     344 9503.209     246863.209   10153.995
 81  LG            4504.199     323 9654.397     218958.397   10265.455
 82  LG+I          4504.119     324 9656.238     220256.238   10269.187
 83  LG+G4         4327.445     324 9302.890     219902.890   9915.839
 84  LG+I+G4       4327.430     325 9304.860     221204.860   9919.702
 85  LG+F          4527.830     342 9739.661     244351.661   10386.663
 86  LG+F+I        4527.787     343 9741.573     245725.573   10390.468
 87  LG+F+G4       4344.292     343 9374.584     245358.584   10023.478
 88  LG+F+I+G4     4344.277     344 9376.554     246736.554   10027.340
 89  DCMut         4541.707     323 9729.414     219033.414   10340.472
 90  DCMut+I       4541.702     324 9731.403     220331.403   10344.353
 91  DCMut+G4      4404.550     324 9457.099     220057.099   10070.049
 92  DCMut+I+G4    4404.488     325 9458.976     221358.976   10073.818
 93  DCMut+F       4524.275     342 9732.550     244344.550   10379.553
 94  DCMut+F+I     4524.249     343 9734.498     245718.498   10383.392
 95  DCMut+F+G4    4381.333     343 9448.667     245432.667   10097.561
 96  DCMut+F+I+G4  4381.327     344 9450.654     246810.654   10101.440
 97  PMB           4598.537     323 9843.074     219147.074   10454.132
 98  PMB+I         4598.486     324 9844.973     220444.973   10457.922
 99  PMB+G4        4444.640     324 9537.280     220137.280   10150.230
100  PMB+I+G4      4444.563     325 9539.126     221439.126   10153.968
101  PMB+F         4618.521     342 9921.042     244533.042   10568.045
102  PMB+F+I       4618.498     343 9922.996     245906.996   10571.890
103  PMB+F+G4      4459.893     343 9605.786     245589.786   10254.680
104  PMB+F+I+G4    4459.843     344 9607.687     246967.687   10258.473
105  HIVb          4644.881     323 9935.762     219239.762   10546.820
106  HIVb+I        4644.802     324 9937.605     220537.605   10550.554
107  HIVb+G4       4433.197     324 9514.394     220114.394   10127.344
108  HIVb+I+G4     4433.187     325 9516.374     221416.374   10131.215
109  HIVb+F        4661.478     342 10006.956    244618.956   10653.958
110  HIVb+F+I      4661.431     343 10008.862    245992.862   10657.757
111  HIVb+F+G4     4437.000     343 9559.999     245543.999   10208.894
112  HIVb+F+I+G4   4436.999     344 9561.998     246921.998   10212.784
113  HIVw          4856.808     323 10359.617    219663.617   10970.675
114  HIVw+I        4856.790     324 10361.580    220961.580   10974.530
115  HIVw+G4       4609.733     324 9867.466     220467.466   10480.416
116  HIVw+I+G4     4609.722     325 9869.443     221769.443   10484.285
117  HIVw+F        4825.390     342 10334.780    244946.780   10981.783
118  HIVw+F+I      4825.380     343 10336.760    246320.760   10985.654
119  HIVw+F+G4     4583.358     343 9852.715     245836.715   10501.610
120  HIVw+F+I+G4   4583.331     344 9854.661     247214.661   10505.447
121  JTTDCMut      4516.207     323 9678.414     218982.414   10289.472
122  JTTDCMut+I    4516.167     324 9680.334     220280.334   10293.284
123  JTTDCMut+G4   4356.119     324 9360.238     219960.238   9973.188
124  JTTDCMut+I+G4 4356.112     325 9362.224     221262.224   9977.066
125  JTTDCMut+F    4525.484     342 9734.968     244346.968   10381.970
126  JTTDCMut+F+I  4525.466     343 9736.932     245720.932   10385.826
127  JTTDCMut+F+G4 4359.785     343 9405.570     245389.570   10054.465
128  JTTDCMut+F+I+G4 4359.782     344 9407.564     246767.564   10058.350
129  FLU           4603.267     323 9852.534     219156.534   10463.592
130  FLU+I         4603.245     324 9854.489     220454.489   10467.439
131  FLU+G4        4381.272     324 9410.543     220010.543   10023.493
132  FLU+I+G4      4381.257     325 9412.515     221312.515   10027.356
133  FLU+F         4657.751     342 9999.502     244611.502   10646.505
134  FLU+F+I       4657.724     343 10001.448    245985.448   10650.343
135  FLU+F+G4      4405.488     343 9496.976     245480.976   10145.870
136  FLU+F+I+G4    4405.477     344 9498.953     246858.953   10149.740
137  Blosum62      4589.933     323 9825.866     219129.866   10436.924
138  Blosum62+I    4589.911     324 9827.821     220427.821   10440.771
139  Blosum62+G4   4432.021     324 9512.042     220112.042   10124.992
140  Blosum62+I+G4 4432.011     325 9514.022     221414.022   10128.864
141  Blosum62+F    4618.714     342 9921.427     244533.427   10568.430
142  Blosum62+F+I  4618.676     343 9923.351     245907.351   10572.246
143  Blosum62+F+G4 4456.076     343 9598.152     245582.152   10247.046
144  Blosum62+F+I+G4 4456.059     344 9600.118     246960.118   10250.904
145  mtMet         4753.222     323 10152.444    219456.444   10763.502
146  mtMet+I       4753.136     324 10154.272    220754.272   10767.222
147  mtMet+G4      4528.140     324 9704.280     220304.280   10317.229
148  mtMet+I+G4    4528.132     325 9706.265     221606.265   10321.106
149  mtMet+F       4594.833     342 9873.666     244485.666   10520.669
150  mtMet+F+I     4594.811     343 9875.622     245859.622   10524.517
151  mtMet+F+G4    4412.032     343 9510.063     245494.063   10158.958
152  mtMet+F+I+G4  4412.031     344 9512.061     246872.061   10162.847
153  mtVer         4860.757     323 10367.515    219671.515   10978.573
154  mtVer+I       4860.723     324 10369.447    220969.447   10982.396
155  mtVer+G4      4628.682     324 9905.364     220505.364   10518.314
156  mtVer+I+G4    4628.679     325 9907.358     221807.358   10522.200
157  mtVer+F       4646.876     342 9977.751     244589.751   10624.754
158  mtVer+F+I     4646.828     343 9979.657     245963.657   10628.551
159  mtVer+F+G4    4465.267     343 9616.533     245600.533   10265.428
160  mtVer+F+I+G4  4465.253     344 9618.506     246978.506   10269.292
161  mtInv         4738.060     323 10122.120    219426.120   10733.178
162  mtInv+I       4738.000     324 10124.000    220724.000   10736.950
163  mtInv+G4      4527.631     324 9703.262     220303.262   10316.212
164  mtInv+I+G4    4527.614     325 9705.228     221605.228   10320.069
165  mtInv+F       4566.153     342 9816.306     244428.306   10463.309
166  mtInv+F+I     4566.146     343 9818.292     245802.292   10467.186
167  mtInv+F+G4    4395.254     343 9476.509     245460.509   10125.403
168  mtInv+F+I+G4  4395.251     344 9478.501     246838.501   10129.288
Akaike Information Criterion:           LG+G4
Corrected Akaike Information Criterion: LG
Bayesian Information Criterion:         LG+G4
Best-fit model: LG+G4 chosen according to BIC

All model information printed to /Users/bushrakhan/Desktop/NIPGR-data/MADS-box-Evolutionary-gene-detection/Workflow_Step-by-Step/TASK_9/uploads/Nelumbo_MADS_ML.model.gz
CPU time for ModelFinder: 99.439 seconds (0h:1m:39s)
Wall-clock time for ModelFinder: 97.967 seconds (0h:1m:37s)
Generating 1000 samples for ultrafast bootstrap (seed: 508170)...

NOTE: 7 MB RAM (0 GB) is required!
Measuring multi-threading efficiency up to 10 CPU cores
Increase to 10 rounds for branch lengths
22 trees examined
Threads: 1 / Time: 10.317 sec / Speedup: 1.000 / Efficiency: 100% / LogL: -9058
Threads: 2 / Time: 19.952 sec / Speedup: 0.517 / Efficiency: 26% / LogL: -9058
BEST NUMBER OF THREADS: 1

Estimate model parameters (epsilon = 0.100)
1. Initial log-likelihood: -4330.010
2. Current log-likelihood: -4327.915
3. Current log-likelihood: -4327.455
Optimal log-likelihood: -4327.420
Gamma shape alpha: 1.340
Parameters optimization took 3 rounds (0.976 sec)
Computing ML distances based on estimated model parameters... 10.171 sec
WARNING: Some pairwise ML distances are too long (saturated)
Computing BIONJ tree...
0.023 seconds
Log-likelihood of BIONJ tree: -4409.086
--------------------------------------------------------------------
|             INITIALIZING CANDIDATE TREE SET                      |
--------------------------------------------------------------------
Generating 98 parsimony trees... 4.976 second
Computing log-likelihood of 98 initial trees ... 13.227 seconds
Current best score: -4300.287

Do NNI search on 20 best initial trees
Estimate model parameters (epsilon = 0.100)
BETTER TREE FOUND at iteration 1: -4279.163
Iteration 10 / LogL: -4306.488 / Time: 0h:1m:24s
Estimate model parameters (epsilon = 0.100)
BETTER TREE FOUND at iteration 18: -4267.419
Iteration 20 / LogL: -4307.560 / Time: 0h:1m:45s
Finish initializing candidate tree set (20)
Current best tree score: -4267.419 / CPU time: 60.387
Number of iterations: 20
--------------------------------------------------------------------
|               OPTIMIZING CANDIDATE TREE SET                      |
--------------------------------------------------------------------
Estimate model parameters (epsilon = 0.100)
BETTER TREE FOUND at iteration 28: -4266.108
Estimate model parameters (epsilon = 0.100)
BETTER TREE FOUND at iteration 29: -4264.545
Iteration 30 / LogL: -4267.759 / Time: 0h:2m:5s (0h:7m:9s left)
Estimate model parameters (epsilon = 0.100)
BETTER TREE FOUND at iteration 33: -4263.232
Estimate model parameters (epsilon = 0.100)
BETTER TREE FOUND at iteration 35: -4262.858
Estimate model parameters (epsilon = 0.100)
BETTER TREE FOUND at iteration 39: -4262.770
Iteration 40 / LogL: -4266.464 / Time: 0h:2m:27s (0h:6m:14s left)
Iteration 50 / LogL: -4272.901 / Time: 0h:2m:49s (0h:5m:8s left)
Log-likelihood cutoff on original alignment: -4340.555
Estimate model parameters (epsilon = 0.100)
BETTER TREE FOUND at iteration 52: -4262.724
Iteration 60 / LogL: -4267.749 / Time: 0h:3m:10s (0h:4m:56s left)
Iteration 70 / LogL: -4280.932 / Time: 0h:3m:31s (0h:4m:11s left)
Iteration 80 / LogL: -4271.796 / Time: 0h:3m:52s (0h:3m:31s left)
Iteration 90 / LogL: -4298.289 / Time: 0h:4m:14s (0h:2m:57s left)
Iteration 100 / LogL: -4269.302 / Time: 0h:4m:36s (0h:2m:24s left)
Log-likelihood cutoff on original alignment: -4340.555
NOTE: Bootstrap correlation coefficient of split occurrence frequencies: 0.995
Estimate model parameters (epsilon = 0.100)
BETTER TREE FOUND at iteration 104: -4262.544
Iteration 110 / LogL: -4262.772 / Time: 0h:4m:59s (0h:4m:18s left)
Iteration 120 / LogL: -4263.715 / Time: 0h:5m:23s (0h:3m:48s left)
Iteration 130 / LogL: -4263.474 / Time: 0h:5m:42s (0h:3m:16s left)
Iteration 140 / LogL: -4262.790 / Time: 0h:6m:2s (0h:2m:47s left)
Iteration 150 / LogL: -4262.954 / Time: 0h:6m:27s (0h:2m:20s left)
Log-likelihood cutoff on original alignment: -4316.663
Estimate model parameters (epsilon = 0.100)
BETTER TREE FOUND at iteration 154: -4262.446
Iteration 160 / LogL: -4262.730 / Time: 0h:6m:49s (0h:4m:1s left)
Iteration 170 / LogL: -4263.449 / Time: 0h:7m:10s (0h:3m:34s left)
Estimate model parameters (epsilon = 0.100)
BETTER TREE FOUND at iteration 172: -4262.285
Estimate model parameters (epsilon = 0.100)
BETTER TREE FOUND at iteration 178: -4262.111
Iteration 180 / LogL: -4264.891 / Time: 0h:7m:30s (0h:4m:6s left)
Iteration 190 / LogL: -4266.176 / Time: 0h:7m:50s (0h:3m:39s left)
Iteration 200 / LogL: -4262.701 / Time: 0h:8m:10s (0h:3m:12s left)
Log-likelihood cutoff on original alignment: -4316.663
NOTE: Bootstrap correlation coefficient of split occurrence frequencies: 0.999
Estimate model parameters (epsilon = 0.100)
BETTER TREE FOUND at iteration 210: -4261.951
Iteration 210 / LogL: -4261.951 / Time: 0h:8m:34s (0h:4m:6s left)
Iteration 220 / LogL: -4270.640 / Time: 0h:8m:54s (0h:3m:39s left)
Iteration 230 / LogL: -4262.111 / Time: 0h:9m:12s (0h:3m:13s left)
Estimate model parameters (epsilon = 0.100)
BETTER TREE FOUND at iteration 240: -4261.743
Iteration 240 / LogL: -4261.743 / Time: 0h:9m:31s (0h:3m:59s left)
Iteration 250 / LogL: -4311.072 / Time: 0h:9m:49s (0h:3m:33s left)
Log-likelihood cutoff on original alignment: -4316.663
Iteration 260 / LogL: -4262.111 / Time: 0h:10m:10s (0h:3m:8s left)
Iteration 270 / LogL: -4262.224 / Time: 0h:10m:28s (0h:2m:43s left)
Iteration 280 / LogL: -4269.839 / Time: 0h:10m:49s (0h:2m:19s left)
Iteration 290 / LogL: -4266.116 / Time: 0h:11m:9s (0h:1m:55s left)
Iteration 300 / LogL: -4266.694 / Time: 0h:11m:28s (0h:1m:32s left)
Log-likelihood cutoff on original alignment: -4316.663
NOTE: Bootstrap correlation coefficient of split occurrence frequencies: 0.998
Iteration 310 / LogL: -4262.922 / Time: 0h:11m:45s (0h:3m:25s left)
Iteration 320 / LogL: -4270.439 / Time: 0h:12m:0s (0h:3m:0s left)
Iteration 330 / LogL: -4261.744 / Time: 0h:12m:15s (0h:2m:36s left)
Iteration 340 / LogL: -4270.764 / Time: 0h:12m:28s (0h:2m:12s left)
TREE SEARCH COMPLETED AFTER 341 ITERATIONS / Time: 0h:12m:30s

--------------------------------------------------------------------
|                    FINALIZING TREE SEARCH                        |
--------------------------------------------------------------------
Performs final model parameters optimization
Estimate model parameters (epsilon = 0.010)
1. Initial log-likelihood: -4261.743
Optimal log-likelihood: -4261.743
Gamma shape alpha: 1.363
Parameters optimization took 1 rounds (0.098 sec)
BEST SCORE FOUND : -4261.743
Creating bootstrap support values...
Split supports printed to NEXUS file /Users/bushrakhan/Desktop/NIPGR-data/MADS-box-Evolutionary-gene-detection/Workflow_Step-by-Step/TASK_9/uploads/Nelumbo_MADS_ML.splits.nex
Total tree length: 29.066

Total number of iterations: 341
CPU time used for tree search: 673.594 sec (0h:11m:13s)
Wall-clock time used for tree search: 705.353 sec (0h:11m:45s)
Total CPU time used: 709.723 sec (0h:11m:49s)
Total wall-clock time used: 750.992 sec (0h:12m:30s)

Computing bootstrap consensus tree...
Reading input file /Users/bushrakhan/Desktop/NIPGR-data/MADS-box-Evolutionary-gene-detection/Workflow_Step-by-Step/TASK_9/uploads/Nelumbo_MADS_ML.splits.nex...
163 taxa and 1397 splits.
Consensus tree written to /Users/bushrakhan/Desktop/NIPGR-data/MADS-box-Evolutionary-gene-detection/Workflow_Step-by-Step/TASK_9/uploads/Nelumbo_MADS_ML.contree
Reading input trees file /Users/bushrakhan/Desktop/NIPGR-data/MADS-box-Evolutionary-gene-detection/Workflow_Step-by-Step/TASK_9/uploads/Nelumbo_MADS_ML.contree
Log-likelihood of consensus tree: -4263.139

Analysis results written to: 
  IQ-TREE report:                /Users/bushrakhan/Desktop/NIPGR-data/MADS-box-Evolutionary-gene-detection/Workflow_Step-by-Step/TASK_9/uploads/Nelumbo_MADS_ML.iqtree
  Maximum-likelihood tree:       /Users/bushrakhan/Desktop/NIPGR-data/MADS-box-Evolutionary-gene-detection/Workflow_Step-by-Step/TASK_9/uploads/Nelumbo_MADS_ML.treefile
  Likelihood distances:          /Users/bushrakhan/Desktop/NIPGR-data/MADS-box-Evolutionary-gene-detection/Workflow_Step-by-Step/TASK_9/uploads/Nelumbo_MADS_ML.mldist

Ultrafast bootstrap approximation results written to:
  Split support values:          /Users/bushrakhan/Desktop/NIPGR-data/MADS-box-Evolutionary-gene-detection/Workflow_Step-by-Step/TASK_9/uploads/Nelumbo_MADS_ML.splits.nex
  Consensus tree:                /Users/bushrakhan/Desktop/NIPGR-data/MADS-box-Evolutionary-gene-detection/Workflow_Step-by-Step/TASK_9/uploads/Nelumbo_MADS_ML.contree
  Screen log file:               /Users/bushrakhan/Desktop/NIPGR-data/MADS-box-Evolutionary-gene-detection/Workflow_Step-by-Step/TASK_9/uploads/Nelumbo_MADS_ML.log

Date and Time: Sat Apr  4 01:49:32 2026
