IQ-TREE multicore version 1.6.12 for Mac OS X 64-bit built Aug 15 2019
Developed by Bui Quang Minh, Nguyen Lam Tung, Olga Chernomor,
Heiko Schmidt, Dominik Schrempf, Michael Woodhams.

Host:    Bushras-MacBook-Air.local (SSE4.2, 16 GB RAM)
Command: /Users/bushrakhan/Desktop/NIPGR-data/MADS-box-Evolutionary-gene-detection/bin/iqtree -s /Users/bushrakhan/Desktop/NIPGR-data/MADS-box-Evolutionary-gene-detection/Workflow_Step-by-Step/TASK_9/uploads/Nelumbo_Kbox_Aligned.fa -nt AUTO -m TEST -bb 1000 -pre /Users/bushrakhan/Desktop/NIPGR-data/MADS-box-Evolutionary-gene-detection/Workflow_Step-by-Step/TASK_9/uploads/Nelumbo_Kbox_ML
Seed:    508158 (Using SPRNG - Scalable Parallel Random Number Generator)
Time:    Sat Apr  4 01:35:22 2026
Kernel:  SSE2 - auto-detect threads (10 CPU cores detected)

Reading alignment file /Users/bushrakhan/Desktop/NIPGR-data/MADS-box-Evolutionary-gene-detection/Workflow_Step-by-Step/TASK_9/uploads/Nelumbo_Kbox_Aligned.fa ... Fasta format detected
Alignment most likely contains protein sequences
Alignment has 155 sequences with 102 columns, 102 distinct patterns
89 parsimony-informative, 1 singleton sites, 12 constant sites
WARNING: Some sequence names are changed as follows:
AT1G69120.1|PACid:19653480_85_172 -> AT1G69120.1_PACid_19653480_85_172
AT1G26310.1|PACid:19650942_85_174 -> AT1G26310.1_PACid_19650942_85_174
AT5G60910.2|PACid:19670615_23_110 -> AT5G60910.2_PACid_19670615_23_110
AT5G60910.1|PACid:19670614_85_172 -> AT5G60910.1_PACid_19670614_85_172
AT2G45650.1|PACid:19638787_83_170 -> AT2G45650.1_PACid_19638787_83_170
AT3G58780.2|PACid:19662660_93_179 -> AT3G58780.2_PACid_19662660_93_179
AT3G58780.1|PACid:19662659_100_186 -> AT3G58780.1_PACid_19662659_100_186
AT3G58780.3|PACid:19662658_125_211 -> AT3G58780.3_PACid_19662658_125_211
AT4G18960.1|PACid:19647337_102_187 -> AT4G18960.1_PACid_19647337_102_187
AT4G18960.2|PACid:19647338_88_173 -> AT4G18960.2_PACid_19647338_88_173
AT2G45660.1|PACid:19641052_83_171 -> AT2G45660.1_PACid_19641052_83_171
AT2G42830.1|PACid:19643528_100_186 -> AT2G42830.1_PACid_19643528_100_186
AT5G15800.1|PACid:19670123_84_172 -> AT5G15800.1_PACid_19670123_84_172
AT5G15800.2|PACid:19670122_84_172 -> AT5G15800.2_PACid_19670122_84_172
AT4G09960.1|PACid:19648309_86_171 -> AT4G09960.1_PACid_19648309_86_171
AT4G37940.1|PACid:19644309_83_171 -> AT4G37940.1_PACid_19644309_83_171
AT4G37940.1|PACid:19644309_159_183 -> AT4G37940.1_PACid_19644309_159_183
AT4G09960.3|PACid:19648307_112_197 -> AT4G09960.3_PACid_19648307_112_197
AT1G24260.2|PACid:19651403_93_175 -> AT1G24260.2_PACid_19651403_93_175
AT3G02310.1|PACid:19661943_84_172 -> AT3G02310.1_PACid_19661943_84_172
AT2G42830.2|PACid:19643527_100_188 -> AT2G42830.2_PACid_19643527_100_188
AT1G24260.1|PACid:19651404_92_174 -> AT1G24260.1_PACid_19651404_92_174
AT4G22950.1|PACid:19647692_83_169 -> AT4G22950.1_PACid_19647692_83_169
AT3G57230.1|PACid:19665060_82_170 -> AT3G57230.1_PACid_19665060_82_170
AT3G57230.1|PACid:19665060_165_184 -> AT3G57230.1_PACid_19665060_165_184
AT3G61120.1|PACid:19662463_85_168 -> AT3G61120.1_PACid_19662463_85_168
AT2G14210.1|PACid:19638394_83_170 -> AT2G14210.1_PACid_19638394_83_170
AT2G14210.1|PACid:19638394_170_185 -> AT2G14210.1_PACid_19638394_170_185
AT2G03710.3|PACid:19640310_85_172 -> AT2G03710.3_PACid_19640310_85_172
AT2G22630.1|PACid:19642313_83_171 -> AT2G22630.1_PACid_19642313_83_171
AT2G22630.1|PACid:19642313_165_183 -> AT2G22630.1_PACid_19642313_165_183
AT2G03710.2|PACid:19640309_85_173 -> AT2G03710.2_PACid_19640309_85_173
AT2G03710.1|PACid:19640308_85_173 -> AT2G03710.1_PACid_19640308_85_173
AT4G11880.1|PACid:19643844_84_171 -> AT4G11880.1_PACid_19643844_84_171
AT4G09960.4|PACid:19648308_86_175 -> AT4G09960.4_PACid_19648308_86_175
AT3G30260.1|PACid:19662130_87_171 -> AT3G30260.1_PACid_19662130_87_171
AT5G62165.1|PACid:19672595_84_170 -> AT5G62165.1_PACid_19672595_84_170
AT5G62165.2|PACid:19672596_84_170 -> AT5G62165.2_PACid_19672596_84_170
AT5G62165.3|PACid:19672597_84_170 -> AT5G62165.3_PACid_19672597_84_170
AT1G24260.3|PACid:19651405_93_160 -> AT1G24260.3_PACid_19651405_93_160
AT5G51870.1|PACid:19672300_88_172 -> AT5G51870.1_PACid_19672300_88_172
AT5G51870.3|PACid:19672299_88_171 -> AT5G51870.3_PACid_19672299_88_171
AT5G23260.2|PACid:19667542_82_170 -> AT5G23260.2_PACid_19667542_82_170
AT5G13790.1|PACid:19669343_75_165 -> AT5G13790.1_PACid_19669343_75_165
AT5G51860.2|PACid:19671372_89_172 -> AT5G51860.2_PACid_19671372_89_172
AT1G71692.1|PACid:19653064_99_180 -> AT1G71692.1_PACid_19653064_99_180
AT5G51860.1|PACid:19671371_89_171 -> AT5G51860.1_PACid_19671371_89_171
AT4G09960.2|PACid:19648310_86_165 -> AT4G09960.2_PACid_19648310_86_165
AT5G62165.5|PACid:19672599_43_117 -> AT5G62165.5_PACid_19672599_43_117
AT4G24540.1|PACid:19648389_91_172 -> AT4G24540.1_PACid_19648389_91_172
AT3G57390.2|PACid:19659473_34_118 -> AT3G57390.2_PACid_19659473_34_118
AT3G57390.1|PACid:19659472_95_179 -> AT3G57390.1_PACid_19659472_95_179
AT2G22540.2|PACid:19641564_87_165 -> AT2G22540.2_PACid_19641564_87_165
AT2G22540.1|PACid:19641563_92_170 -> AT2G22540.1_PACid_19641563_92_170
AT2G22540.1|PACid:19641563_166_184 -> AT2G22540.1_PACid_19641563_166_184
AT3G54340.1|PACid:19659884_81_168 -> AT3G54340.1_PACid_19659884_81_168
AT5G20240.1|PACid:19673101_81_164 -> AT5G20240.1_PACid_19673101_81_164
AT3G57230.2|PACid:19665061_106_169 -> AT3G57230.2_PACid_19665061_106_169
AT3G57230.2|PACid:19665061_164_183 -> AT3G57230.2_PACid_19665061_164_183
AT5G51870.2|PACid:19672301_88_148 -> AT5G51870.2_PACid_19672301_88_148
AT5G23260.1|PACid:19667543_82_165 -> AT5G23260.1_PACid_19667543_82_165
AT5G62165.4|PACid:19672598_84_157 -> AT5G62165.4_PACid_19672598_84_157
AT5G23260.3|PACid:19667544_82_152 -> AT5G23260.3_PACid_19667544_82_152
AT5G10140.2|PACid:19672042_89_164 -> AT5G10140.2_PACid_19672042_89_164
AT5G10140.1|PACid:19672039_89_164 -> AT5G10140.1_PACid_19672039_89_164
AT5G10140.3|PACid:19672040_89_164 -> AT5G10140.3_PACid_19672040_89_164
AT2G41470.1|PACid:19641817_21_83 -> AT2G41470.1_PACid_19641817_21_83
AT2G41470.1|PACid:19641817_120_196 -> AT2G41470.1_PACid_19641817_120_196
AT2G41470.1|PACid:19641817_249_309 -> AT2G41470.1_PACid_19641817_249_309
AT2G41470.1|PACid:19641817_355_410 -> AT2G41470.1_PACid_19641817_355_410
AT1G77080.2|PACid:19652599_93_160 -> AT1G77080.2_PACid_19652599_93_160
AT1G77080.5|PACid:19652600_96_164 -> AT1G77080.5_PACid_19652600_96_164
AT5G65060.1|PACid:19668928_96_164 -> AT5G65060.1_PACid_19668928_96_164
AT1G77080.4|PACid:19652598_96_164 -> AT1G77080.4_PACid_19652598_96_164
AT5G65050.2|PACid:19667307_98_164 -> AT5G65050.2_PACid_19667307_98_164
AT5G65080.1|PACid:19670372_101_170 -> AT5G65080.1_PACid_19670372_101_170
AT5G65050.3|PACid:19667305_98_164 -> AT5G65050.3_PACid_19667305_98_164
AT5G65080.2|PACid:19670373_93_162 -> AT5G65080.2_PACid_19670373_93_162
AT5G65060.2|PACid:19668929_102_153 -> AT5G65060.2_PACid_19668929_102_153
AT5G65070.2|PACid:19666741_141_195 -> AT5G65070.2_PACid_19666741_141_195
AT5G65070.1|PACid:19666742_110_164 -> AT5G65070.1_PACid_19666742_110_164
AT5G65070.3|PACid:19666740_142_196 -> AT5G65070.3_PACid_19666740_142_196
AT5G10140.4|PACid:19672041_90_154 -> AT5G10140.4_PACid_19672041_90_154
AT1G77080.3|PACid:19652601_82_126 -> AT1G77080.3_PACid_19652601_82_126
AT1G31150.1|PACid:19651250_574_639 -> AT1G31150.1_PACid_19651250_574_639
AT5G65050.1|PACid:19667306_98_149 -> AT5G65050.1_PACid_19667306_98_149
AT1G31140.2|PACid:19657777_95_158 -> AT1G31140.2_PACid_19657777_95_158
AT1G31140.1|PACid:19657778_95_156 -> AT1G31140.1_PACid_19657778_95_156
AT2G41445.1|PACid:19641714_37_93 -> AT2G41445.1_PACid_19641714_37_93
AT2G41445.1|PACid:19641714_149_217 -> AT2G41445.1_PACid_19641714_149_217
AT1G77950.1|PACid:19656697_125_198 -> AT1G77950.1_PACid_19656697_125_198
AT1G77950.2|PACid:19656698_125_198 -> AT1G77950.2_PACid_19656698_125_198
AT1G22130.1|PACid:19651829_125_192 -> AT1G22130.1_PACid_19651829_125_192
AT1G77980.1|PACid:19650219_124_189 -> AT1G77980.1_PACid_19650219_124_189
AT2G41440.1|PACid:19638798_42_120 -> AT2G41440.1_PACid_19638798_42_120
AT2G41440.1|PACid:19638798_151_202 -> AT2G41440.1_PACid_19638798_151_202
AT2G41440.2|PACid:19638799_33_84 -> AT2G41440.2_PACid_19638799_33_84
AT1G69540.1|PACid:19658298_146_182 -> AT1G69540.1_PACid_19658298_146_182
AT1G59810.1|PACid:19650751_99_152 -> AT1G59810.1_PACid_19650751_99_152
AT2G03060.2|PACid:19640478_88_99 -> AT2G03060.2_PACid_19640478_88_99
AT2G03060.2|PACid:19640478_114_176 -> AT2G03060.2_PACid_19640478_114_176
AT4G27630.1|PACid:19644925_67_96 -> AT4G27630.1_PACid_19644925_67_96
AT4G27630.1|PACid:19644925_136_162 -> AT4G27630.1_PACid_19644925_136_162
AT2G11620.1|PACid:19641263_210_250 -> AT2G11620.1_PACid_19641263_210_250
AT2G11620.1|PACid:19641263_324_348 -> AT2G11620.1_PACid_19641263_324_348
AT2G11620.1|PACid:19641263_364_388 -> AT2G11620.1_PACid_19641263_364_388
AT2G11620.1|PACid:19641263_406_426 -> AT2G11620.1_PACid_19641263_406_426
AT2G11620.1|PACid:19641263_442_465 -> AT2G11620.1_PACid_19641263_442_465

                                    Gap/Ambiguity  Composition  p-value
   1  XP_010255596.1_Kbox                  11.76%    passed     97.00%
   2  XP_010257957.1_Kbox                  15.69%    passed     90.43%
   3  XP_010260844.1_Kbox                  13.73%    passed     49.18%
   4  XP_010257958.1_Kbox                  12.75%    passed     80.72%
   5  XP_010272608.1_Kbox                  12.75%    passed     99.45%
   6  XP_010260833.1_Kbox                  11.76%    passed     67.21%
   7  XP_019053922.1_Kbox                  11.76%    passed     67.21%
   8  XP_010272685.1_Kbox                  13.73%    passed     53.73%
   9  XP_010254617.1_Kbox                  13.73%    passed     99.18%
  10  XP_010254616.1_Kbox                  13.73%    passed     99.18%
  11  XP_010254615.1_Kbox                  13.73%    passed     99.18%
  12  XP_010273432.1_Kbox                  13.73%    passed     64.09%
  13  XP_010273433.1_Kbox                  13.73%    passed     64.09%
  14  XP_010244699.1_Kbox                  13.73%    passed     94.16%
  15  XP_010244698.1_Kbox                  13.73%    passed     94.16%
  16  XP_019051694.1_Kbox                  13.73%    passed     94.16%
  17  XP_010244700.1_Kbox                  13.73%    passed     94.16%
  18  XP_010250667.1_Kbox                  13.73%    passed     74.98%
  19  XP_010272601.1_Kbox                  13.73%    passed     92.77%
  20  XP_010275495.1_Kbox                  17.65%    passed     20.86%
  21  XP_019053529.1_Kbox                  15.69%    passed     49.99%
  22  XP_010255589.1_Kbox                  13.73%    passed     68.38%
  23  XP_010255590.1_Kbox                  13.73%    passed     68.38%
  24  XP_010249057.1_Kbox                  11.76%    passed     26.60%
  25  XP_010249055.1_Kbox                  11.76%    passed     26.60%
  26  XP_010263856.1_Kbox                  13.73%    passed     76.08%
  27  XP_019055004.1_Kbox                  13.73%    passed     85.41%
  28  XP_010271509.1_Kbox                  13.73%    passed     85.41%
  29  XP_010249056.1_Kbox                  12.75%    passed     25.88%
  30  XP_010240899.1_Kbox                  12.75%    passed     85.26%
  31  XP_010245525.1_Kbox                  20.59%    failed      1.53%
  32  XP_010269077.1_Kbox                  20.59%    passed     28.34%
  33  XP_010279516.1_Kbox                  16.67%    passed     97.02%
  34  XP_019056050.1_Kbox                  16.67%    passed     97.02%
  35  XP_010269745.1_Kbox                  16.67%    passed     99.55%
  36  XP_010277489.1_Kbox                  17.65%    passed     95.00%
  37  XP_010277487.1_Kbox                  17.65%    passed     94.12%
  38  XP_010277488.1_Kbox                  17.65%    passed     94.12%
  39  XP_010254524.1_Kbox                  18.63%    passed     97.79%
  40  XP_010254525.1_Kbox                  17.65%    passed     97.58%
  41  XP_019056051.1_Kbox                  28.43%    passed     95.72%
  42  XP_010269101.1_Kbox                  31.37%    passed     57.81%
  43  XP_010274370.1_Kbox                  44.12%    passed     38.49%
  44  XP_010258314.1_Kbox                  41.18%    passed     88.75%
  45  XP_010258315.1_Kbox                  41.18%    passed     88.75%
  46  XP_010258316.1_Kbox                  40.20%    passed     94.75%
  47  XP_010257792.1_Kbox                  75.49%    passed     92.29%
  48  AT1G69120.1_PACid_19653480_85_172    41.18%    passed     89.79%
  49  AT1G26310.1_PACid_19650942_85_174    41.18%    passed     96.61%
  50  AT5G60910.2_PACid_19670615_23_110    41.18%    passed     70.78%
  51  AT5G60910.1_PACid_19670614_85_172    41.18%    passed     70.78%
  52  AT2G45650.1_PACid_19638787_83_170    41.18%    passed     14.35%
  53  AT3G58780.2_PACid_19662660_93_179    41.18%    passed     74.34%
  54  AT3G58780.1_PACid_19662659_100_186   41.18%    passed     74.34%
  55  AT3G58780.3_PACid_19662658_125_211   41.18%    passed     74.34%
  56  AT4G18960.1_PACid_19647337_102_187   41.18%    passed     41.81%
  57  AT4G18960.2_PACid_19647338_88_173    41.18%    passed     41.81%
  58  AT2G45660.1_PACid_19641052_83_171    41.18%    passed     30.56%
  59  AT2G42830.1_PACid_19643528_100_186   41.18%    passed     92.24%
  60  AT5G15800.1_PACid_19670123_84_172    41.18%    passed     33.14%
  61  AT5G15800.2_PACid_19670122_84_172    41.18%    passed     33.14%
  62  AT4G09960.1_PACid_19648309_86_171    41.18%    passed     80.54%
  63  AT4G37940.1_PACid_19644309_83_171    41.18%    passed     67.01%
  64  AT4G37940.1_PACid_19644309_159_183   75.49%    passed     92.36%
  65  AT4G09960.3_PACid_19648307_112_197   41.18%    passed     80.54%
  66  AT1G24260.2_PACid_19651403_93_175    41.18%    passed     75.71%
  67  AT3G02310.1_PACid_19661943_84_172    41.18%    passed     26.67%
  68  AT2G42830.2_PACid_19643527_100_188   41.18%    passed     92.24%
  69  AT1G24260.1_PACid_19651404_92_174    41.18%    passed     75.71%
  70  AT4G22950.1_PACid_19647692_83_169    41.18%    passed     80.77%
  71  AT3G57230.1_PACid_19665060_82_170    41.18%    passed     83.50%
  72  AT3G57230.1_PACid_19665060_165_184   80.39%    passed     14.30%
  73  AT3G61120.1_PACid_19662463_85_168    41.18%    passed     62.34%
  74  AT2G14210.1_PACid_19638394_83_170    41.18%    passed     91.12%
  75  AT2G14210.1_PACid_19638394_170_185   84.31%    passed     28.08%
  76  AT2G03710.3_PACid_19640310_85_172    41.18%    passed     91.98%
  77  AT2G22630.1_PACid_19642313_83_171    41.18%    passed     97.05%
  78  AT2G22630.1_PACid_19642313_165_183   81.37%    passed     95.47%
  79  AT2G03710.2_PACid_19640309_85_173    41.18%    passed     91.98%
  80  AT2G03710.1_PACid_19640308_85_173    41.18%    passed     91.98%
  81  AT4G11880.1_PACid_19643844_84_171    41.18%    passed     94.64%
  82  AT4G09960.4_PACid_19648308_86_175    41.18%    passed     80.54%
  83  AT3G30260.1_PACid_19662130_87_171    41.18%    passed     39.87%
  84  AT5G62165.1_PACid_19672595_84_170    41.18%    passed     78.83%
  85  AT5G62165.2_PACid_19672596_84_170    41.18%    passed     78.83%
  86  AT5G62165.3_PACid_19672597_84_170    41.18%    passed     78.83%
  87  AT1G24260.3_PACid_19651405_93_160    41.18%    passed     75.71%
  88  AT5G51870.1_PACid_19672300_88_172    41.18%    passed     89.17%
  89  AT5G51870.3_PACid_19672299_88_171    41.18%    passed     89.17%
  90  AT5G23260.2_PACid_19667542_82_170    41.18%    failed      0.09%
  91  AT5G13790.1_PACid_19669343_75_165    41.18%    passed     95.23%
  92  AT5G51860.2_PACid_19671372_89_172    41.18%    passed     29.27%
  93  AT1G71692.1_PACid_19653064_99_180    41.18%    passed     16.27%
  94  AT5G51860.1_PACid_19671371_89_171    41.18%    passed     29.27%
  95  AT4G09960.2_PACid_19648310_86_165    41.18%    passed     63.60%
  96  AT5G62165.5_PACid_19672599_43_117    41.18%    passed     22.90%
  97  AT4G24540.1_PACid_19648389_91_172    41.18%    passed     29.44%
  98  AT3G57390.2_PACid_19659473_34_118    41.18%    passed     99.38%
  99  AT3G57390.1_PACid_19659472_95_179    41.18%    passed     99.38%
 100  AT2G22540.2_PACid_19641564_87_165    41.18%    passed     81.08%
 101  AT2G22540.1_PACid_19641563_92_170    41.18%    passed     81.08%
 102  AT2G22540.1_PACid_19641563_166_184   81.37%    passed     53.48%
 103  AT3G54340.1_PACid_19659884_81_168    41.18%    passed     26.40%
 104  AT5G20240.1_PACid_19673101_81_164    41.18%    passed     23.45%
 105  AT3G57230.2_PACid_19665061_106_169   41.18%    passed     63.62%
 106  AT3G57230.2_PACid_19665061_164_183   80.39%    passed     14.30%
 107  AT5G51870.2_PACid_19672301_88_148    41.18%    passed     59.23%
 108  AT5G23260.1_PACid_19667543_82_165    41.18%    failed      0.09%
 109  AT5G62165.4_PACid_19672598_84_157    41.18%    passed     80.28%
 110  AT5G23260.3_PACid_19667544_82_152    41.18%    failed      0.09%
 111  AT5G10140.2_PACid_19672042_89_164    41.18%    passed     25.49%
 112  AT5G10140.1_PACid_19672039_89_164    41.18%    passed     25.49%
 113  AT5G10140.3_PACid_19672040_89_164    41.18%    passed     25.49%
 114  AT2G41470.1_PACid_19641817_21_83     41.18%    passed     19.22%
 115  AT2G41470.1_PACid_19641817_120_196   41.18%    passed     32.97%
 116  AT2G41470.1_PACid_19641817_249_309   41.18%    passed     63.80%
 117  AT2G41470.1_PACid_19641817_355_410   45.10%    failed      0.19%
 118  AT1G77080.2_PACid_19652599_93_160    41.18%    passed     57.42%
 119  AT1G77080.5_PACid_19652600_96_164    41.18%    passed     63.82%
 120  AT5G65060.1_PACid_19668928_96_164    41.18%    passed     45.65%
 121  AT1G77080.4_PACid_19652598_96_164    41.18%    passed     63.82%
 122  AT5G65050.2_PACid_19667307_98_164    41.18%    passed     57.87%
 123  AT5G65080.1_PACid_19670372_101_170   41.18%    passed     81.94%
 124  AT5G65050.3_PACid_19667305_98_164    41.18%    passed     57.87%
 125  AT5G65080.2_PACid_19670373_93_162    41.18%    passed     81.94%
 126  AT5G65060.2_PACid_19668929_102_153   49.02%    passed     69.20%
 127  AT5G65070.2_PACid_19666741_141_195   46.08%    passed     80.46%
 128  AT5G65070.1_PACid_19666742_110_164   46.08%    passed     80.46%
 129  AT5G65070.3_PACid_19666740_142_196   46.08%    passed     80.46%
 130  AT5G10140.4_PACid_19672041_90_154    41.18%    passed     24.50%
 131  AT1G77080.3_PACid_19652601_82_126    55.88%    passed     26.30%
 132  AT1G31150.1_PACid_19651250_574_639   41.18%    passed     66.71%
 133  AT5G65050.1_PACid_19667306_98_149    49.02%    passed     44.70%
 134  AT1G31140.2_PACid_19657777_95_158    41.18%    passed     74.03%
 135  AT1G31140.1_PACid_19657778_95_156    41.18%    passed     58.86%
 136  AT2G41445.1_PACid_19641714_37_93     44.12%    passed     47.37%
 137  AT2G41445.1_PACid_19641714_149_217   41.18%    passed      5.78%
 138  AT1G77950.1_PACid_19656697_125_198   41.18%    passed      6.87%
 139  AT1G77950.2_PACid_19656698_125_198   41.18%    passed      6.87%
 140  AT1G22130.1_PACid_19651829_125_192   41.18%    failed      4.11%
 141  AT1G77980.1_PACid_19650219_124_189   41.18%    passed      7.23%
 142  AT2G41440.1_PACid_19638798_42_120    41.18%    passed     83.53%
 143  AT2G41440.1_PACid_19638798_151_202   49.02%    failed      0.80%
 144  AT2G41440.2_PACid_19638799_33_84     49.02%    failed      0.80%
 145  AT1G69540.1_PACid_19658298_146_182   63.73%    passed     13.69%
 146  AT1G59810.1_PACid_19650751_99_152    47.06%    passed     66.34%
 147  AT2G03060.2_PACid_19640478_88_99     88.24%    passed     48.89%
 148  AT2G03060.2_PACid_19640478_114_176   41.18%    passed     53.27%
 149  AT4G27630.1_PACid_19644925_67_96     70.59%    failed      3.30%
 150  AT4G27630.1_PACid_19644925_136_162   73.53%    passed     90.31%
 151  AT2G11620.1_PACid_19641263_210_250   59.80%    failed      0.00%
 152  AT2G11620.1_PACid_19641263_324_348   75.49%    failed      0.00%
 153  AT2G11620.1_PACid_19641263_364_388   75.49%    passed     21.00%
 154  AT2G11620.1_PACid_19641263_406_426   79.41%    passed     18.86%
 155  AT2G11620.1_PACid_19641263_442_465   76.47%    failed      2.36%
WARNING: 17 sequences contain more than 50% gaps/ambiguity
****  TOTAL                                38.30%  12 sequences failed composition chi2 test (p-value<5%; df=19)
NOTE: XP_019053922.1_Kbox is identical to XP_010260833.1_Kbox but kept for subsequent analysis
NOTE: XP_010254616.1_Kbox is identical to XP_010254617.1_Kbox but kept for subsequent analysis
NOTE: XP_010273433.1_Kbox is identical to XP_010273432.1_Kbox but kept for subsequent analysis
NOTE: XP_010244698.1_Kbox is identical to XP_010244699.1_Kbox but kept for subsequent analysis
NOTE: XP_010255590.1_Kbox is identical to XP_010255589.1_Kbox but kept for subsequent analysis
NOTE: XP_010249055.1_Kbox is identical to XP_010249057.1_Kbox but kept for subsequent analysis
NOTE: XP_010271509.1_Kbox is identical to XP_019055004.1_Kbox but kept for subsequent analysis
NOTE: XP_019056050.1_Kbox is identical to XP_010279516.1_Kbox but kept for subsequent analysis
NOTE: XP_010277488.1_Kbox is identical to XP_010277487.1_Kbox but kept for subsequent analysis
NOTE: XP_010258315.1_Kbox is identical to XP_010258314.1_Kbox but kept for subsequent analysis
NOTE: AT5G60910.1_PACid_19670614_85_172 is identical to AT5G60910.2_PACid_19670615_23_110 but kept for subsequent analysis
NOTE: AT3G58780.1_PACid_19662659_100_186 is identical to AT3G58780.2_PACid_19662660_93_179 but kept for subsequent analysis
NOTE: AT4G18960.2_PACid_19647338_88_173 is identical to AT4G18960.1_PACid_19647337_102_187 but kept for subsequent analysis
NOTE: AT2G42830.2_PACid_19643527_100_188 is identical to AT2G42830.1_PACid_19643528_100_186 but kept for subsequent analysis
NOTE: AT5G15800.2_PACid_19670122_84_172 is identical to AT5G15800.1_PACid_19670123_84_172 but kept for subsequent analysis
NOTE: AT4G09960.3_PACid_19648307_112_197 is identical to AT4G09960.1_PACid_19648309_86_171 but kept for subsequent analysis
NOTE: AT1G24260.1_PACid_19651404_92_174 is identical to AT1G24260.2_PACid_19651403_93_175 but kept for subsequent analysis
NOTE: AT3G57230.2_PACid_19665061_164_183 is identical to AT3G57230.1_PACid_19665060_165_184 but kept for subsequent analysis
NOTE: AT2G03710.2_PACid_19640309_85_173 is identical to AT2G03710.3_PACid_19640310_85_172 but kept for subsequent analysis
NOTE: AT5G62165.2_PACid_19672596_84_170 is identical to AT5G62165.1_PACid_19672595_84_170 but kept for subsequent analysis
NOTE: AT5G51870.3_PACid_19672299_88_171 is identical to AT5G51870.1_PACid_19672300_88_172 but kept for subsequent analysis
NOTE: AT5G23260.1_PACid_19667543_82_165 is identical to AT5G23260.2_PACid_19667542_82_170 but kept for subsequent analysis
NOTE: AT5G51860.1_PACid_19671371_89_171 is identical to AT5G51860.2_PACid_19671372_89_172 but kept for subsequent analysis
NOTE: AT3G57390.1_PACid_19659472_95_179 is identical to AT3G57390.2_PACid_19659473_34_118 but kept for subsequent analysis
NOTE: AT2G22540.1_PACid_19641563_92_170 is identical to AT2G22540.2_PACid_19641564_87_165 but kept for subsequent analysis
NOTE: AT5G10140.1_PACid_19672039_89_164 is identical to AT5G10140.2_PACid_19672042_89_164 but kept for subsequent analysis
NOTE: AT1G77080.4_PACid_19652598_96_164 is identical to AT1G77080.5_PACid_19652600_96_164 but kept for subsequent analysis
NOTE: AT5G65050.3_PACid_19667305_98_164 is identical to AT5G65050.2_PACid_19667307_98_164 but kept for subsequent analysis
NOTE: AT5G65080.2_PACid_19670373_93_162 is identical to AT5G65080.1_PACid_19670372_101_170 but kept for subsequent analysis
NOTE: AT5G65070.1_PACid_19666742_110_164 is identical to AT5G65070.2_PACid_19666741_141_195 but kept for subsequent analysis
NOTE: AT1G77950.2_PACid_19656698_125_198 is identical to AT1G77950.1_PACid_19656697_125_198 but kept for subsequent analysis
NOTE: AT2G41440.2_PACid_19638799_33_84 is identical to AT2G41440.1_PACid_19638798_151_202 but kept for subsequent analysis
NOTE: 11 identical sequences (see below) will be ignored for subsequent analysis
NOTE: XP_010254615.1_Kbox (identical to XP_010254617.1_Kbox) is ignored but added at the end
NOTE: XP_019051694.1_Kbox (identical to XP_010244699.1_Kbox) is ignored but added at the end
NOTE: XP_010244700.1_Kbox (identical to XP_010244699.1_Kbox) is ignored but added at the end
NOTE: AT3G58780.3_PACid_19662658_125_211 (identical to AT3G58780.2_PACid_19662660_93_179) is ignored but added at the end
NOTE: AT4G09960.4_PACid_19648308_86_175 (identical to AT4G09960.1_PACid_19648309_86_171) is ignored but added at the end
NOTE: AT1G24260.3_PACid_19651405_93_160 (identical to AT1G24260.2_PACid_19651403_93_175) is ignored but added at the end
NOTE: AT2G03710.1_PACid_19640308_85_173 (identical to AT2G03710.3_PACid_19640310_85_172) is ignored but added at the end
NOTE: AT5G62165.3_PACid_19672597_84_170 (identical to AT5G62165.1_PACid_19672595_84_170) is ignored but added at the end
NOTE: AT5G23260.3_PACid_19667544_82_152 (identical to AT5G23260.2_PACid_19667542_82_170) is ignored but added at the end
NOTE: AT5G10140.3_PACid_19672040_89_164 (identical to AT5G10140.2_PACid_19672042_89_164) is ignored but added at the end
NOTE: AT5G65070.3_PACid_19666740_142_196 (identical to AT5G65070.2_PACid_19666741_141_195) is ignored but added at the end

For your convenience alignment with unique sequences printed to /Users/bushrakhan/Desktop/NIPGR-data/MADS-box-Evolutionary-gene-detection/Workflow_Step-by-Step/TASK_9/uploads/Nelumbo_Kbox_ML.uniqueseq.phy


Create initial parsimony tree by phylogenetic likelihood library (PLL)... 0.020 seconds
NOTE: ModelFinder requires 11 MB RAM!
ModelFinder will test 168 protein models (sample size: 102) ...
 No. Model         -LnL         df  AIC          AICc         BIC
Measuring multi-threading efficiency up to 10 CPU cores
Increase to 10 rounds for branch lengths
45 trees examined
Threads: 1 / Time: 10.177 sec / Speedup: 1.000 / Efficiency: 100% / LogL: -18496
Threads: 2 / Time: 8.472 sec / Speedup: 1.201 / Efficiency: 60% / LogL: -18496
Threads: 3 / Time: 11.208 sec / Speedup: 0.908 / Efficiency: 30% / LogL: -18496
BEST NUMBER OF THREADS: 2

  1  Dayhoff       8848.848     285 18267.696    181287.696   19015.814
  2  Dayhoff+I     8848.779     286 18269.558    182433.558   19020.300
  3  Dayhoff+G4    8730.828     286 18033.656    182197.656   18784.398
  4  Dayhoff+I+G4  8730.825     287 18035.649    183347.649   18789.017
  5  Dayhoff+F     8840.202     304 18288.405    203728.405   19086.396
  6  Dayhoff+F+I   8840.136     305 18290.271    204950.271   19090.888
  7  Dayhoff+F+G4  8722.791     305 18055.581    204715.581   18856.198
  8  Dayhoff+F+I+G4 8722.780     306 18057.560    205941.560   18860.802
  9  mtMAM         9369.896     285 19309.792    182329.792   20057.909
 10  mtMAM+I       9369.859     286 19311.719    183475.719   20062.461
 11  mtMAM+G4      9100.953     286 18773.907    182937.907   19524.649
 12  mtMAM+I+G4    9100.934     287 18775.867    184087.867   19529.234
 13  mtMAM+F       8973.696     304 18555.391    203995.391   19353.383
 14  mtMAM+F+I     8973.654     305 18557.307    205217.307   19357.924
 15  mtMAM+F+G4    8834.316     305 18278.632    204938.632   19079.248
 16  mtMAM+F+I+G4  8834.305     306 18280.610    206164.610   19083.852
 17  JTT           8736.155     285 18042.310    181062.310   18790.427
 18  JTT+I         8736.130     286 18044.260    182208.260   18795.003
 19  JTT+G4        8618.499     286 17808.998    181972.998   18559.741
 20  JTT+I+G4      8618.507     287 17811.013    183123.013   18564.381
 21  JTT+F         8728.793     304 18065.586    203505.586   18863.578
 22  JTT+F+I       8728.730     305 18067.460    204727.460   18868.076
 23  JTT+F+G4      8614.736     305 17839.472    204499.472   18640.088
 24  JTT+F+I+G4    8614.732     306 17841.464    205725.464   18644.706
 25  WAG           8779.555     285 18129.111    181149.111   18877.228
 26  WAG+I         8779.544     286 18131.088    182295.088   18881.830
 27  WAG+G4        8658.165     286 17888.329    182052.329   18639.072
 28  WAG+I+G4      8658.163     287 17890.325    183202.325   18643.693
 29  WAG+F         8861.946     304 18331.892    203771.892   19129.884
 30  WAG+F+I       8861.861     305 18333.723    204993.723   19134.340
 31  WAG+F+G4      8729.061     305 18068.122    204728.122   18868.739
 32  WAG+F+I+G4    8729.061     306 18070.122    205954.122   18873.363
 33  cpREV         8852.234     285 18274.467    181294.467   19022.585
 34  cpREV+I       8852.127     286 18276.253    182440.253   19026.996
 35  cpREV+G4      8715.183     286 18002.367    182166.367   18753.109
 36  cpREV+I+G4    8715.175     287 18004.350    183316.350   18757.717
 37  cpREV+F       9004.017     304 18616.034    204056.034   19414.026
 38  cpREV+F+I     9003.965     305 18617.929    205277.929   19418.546
 39  cpREV+F+G4    8839.092     305 18288.183    204948.183   19088.800
 40  cpREV+F+I+G4  8839.084     306 18290.169    206174.169   19093.411
 41  mtREV         9176.536     285 18923.072    181943.072   19671.189
 42  mtREV+I       9176.500     286 18925.001    183089.001   19675.743
 43  mtREV+G4      8994.412     286 18560.824    182724.824   19311.566
 44  mtREV+I+G4    8994.410     287 18562.820    183874.820   19316.187
 45  mtREV+F       8886.212     304 18380.425    203820.425   19178.416
 46  mtREV+F+I     8886.140     305 18382.280    205042.280   19182.896
 47  mtREV+F+G4    8767.070     305 18144.139    204804.139   18944.756
 48  mtREV+F+I+G4  8767.054     306 18146.108    206030.108   18949.350
 49  rtREV         8796.873     285 18163.746    181183.746   18911.863
 50  rtREV+I       8796.859     286 18165.718    182329.718   18916.460
 51  rtREV+G4      8670.770     286 17913.540    182077.540   18664.282
 52  rtREV+I+G4    8670.768     287 17915.536    183227.536   18668.904
 53  rtREV+F       8815.036     304 18238.072    203678.072   19036.064
 54  rtREV+F+I     8814.994     305 18239.988    204899.988   19040.604
 55  rtREV+F+G4    8692.163     305 17994.326    204654.326   18794.943
 56  rtREV+F+I+G4  8692.154     306 17996.308    205880.308   18799.549
 57  mtART         9404.199     285 19378.398    182398.398   20126.515
 58  mtART+I       9404.194     286 19380.389    183544.389   20131.131
 59  mtART+G4      9111.466     286 18794.932    182958.932   19545.674
 60  mtART+I+G4    9111.517     287 18797.034    184109.034   19550.401
 61  mtART+F       8951.476     304 18510.953    203950.953   19308.945
 62  mtART+F+I     8951.436     305 18512.873    205172.873   19313.490
 63  mtART+F+G4    8812.198     305 18234.396    204894.396   19035.013
 64  mtART+F+I+G4  8812.184     306 18236.368    206120.368   19039.610
 65  mtZOA         9137.397     285 18844.794    181864.794   19592.911
 66  mtZOA+I       9137.338     286 18846.676    183010.676   19597.419
 67  mtZOA+G4      8913.202     286 18398.405    182562.405   19149.147
 68  mtZOA+I+G4    8913.193     287 18400.386    183712.386   19153.754
 69  mtZOA+F       8860.001     304 18328.001    203768.001   19125.993
 70  mtZOA+F+I     8859.965     305 18329.930    204989.930   19130.547
 71  mtZOA+F+G4    8736.693     305 18083.387    204743.387   18884.003
 72  mtZOA+F+I+G4  8736.640     306 18085.280    205969.280   18888.522
 73  VT            8763.134     285 18096.268    181116.268   18844.385
 74  VT+I          8763.103     286 18098.206    182262.206   18848.948
 75  VT+G4         8647.107     286 17866.215    182030.215   18616.957
 76  VT+I+G4       8647.104     287 17868.208    183180.208   18621.576
 77  VT+F          8806.484     304 18220.968    203660.968   19018.960
 78  VT+F+I        8806.390     305 18222.779    204882.779   19023.396
 79  VT+F+G4       8691.059     305 17992.118    204652.118   18792.735
 80  VT+F+I+G4     8691.056     306 17994.112    205878.112   18797.354
 81  LG            8724.220     285 18018.439    181038.439   18766.556
 82  LG+I          8724.188     286 18020.375    182184.375   18771.117
 83  LG+G4         8593.653     286 17759.305    181923.305   18510.048
 84  LG+I+G4       8593.644     287 17761.288    183073.288   18514.656
 85  LG+F          8789.360     304 18186.720    203626.720   18984.712
 86  LG+F+I        8789.266     305 18188.533    204848.533   18989.150
 87  LG+F+G4       8665.095     305 17940.189    204600.189   18740.806
 88  LG+F+I+G4     8665.066     306 17942.132    205826.132   18745.374
 89  DCMut         8848.807     285 18267.613    181287.613   19015.731
 90  DCMut+I       8848.746     286 18269.492    182433.492   19020.234
 91  DCMut+G4      8730.937     286 18033.874    182197.874   18784.616
 92  DCMut+I+G4    8730.926     287 18035.852    183347.852   18789.219
 93  DCMut+F       8840.041     304 18288.082    203728.082   19086.074
 94  DCMut+F+I     8839.979     305 18289.957    204949.957   19090.574
 95  DCMut+F+G4    8722.755     305 18055.510    204715.510   18856.127
 96  DCMut+F+I+G4  8722.744     306 18057.488    205941.488   18860.730
 97  PMB           8869.378     285 18308.757    181328.757   19056.874
 98  PMB+I         8869.318     286 18310.636    182474.636   19061.378
 99  PMB+G4        8747.418     286 18066.837    182230.837   18817.579
100  PMB+I+G4      8747.405     287 18068.811    183380.811   18822.178
101  PMB+F         8932.565     304 18473.130    203913.130   19271.122
102  PMB+F+I       8932.435     305 18474.870    205134.870   19275.487
103  PMB+F+G4      8811.005     305 18232.010    204892.010   19032.627
104  PMB+F+I+G4    8811.005     306 18234.009    206118.009   19037.251
105  HIVb          8881.808     285 18333.616    181353.616   19081.733
106  HIVb+I        8881.776     286 18335.553    182499.553   19086.295
107  HIVb+G4       8740.267     286 18052.534    182216.534   18803.276
108  HIVb+I+G4     8740.265     287 18054.530    183366.530   18807.897
109  HIVb+F        8856.086     304 18320.172    203760.172   19118.164
110  HIVb+F+I      8856.013     305 18322.027    204982.027   19122.643
111  HIVb+F+G4     8713.092     305 18036.183    204696.183   18836.800
112  HIVb+F+I+G4   8713.088     306 18038.177    205922.177   18841.418
113  HIVw          9314.932     285 19199.864    182219.864   19947.981
114  HIVw+I        9314.891     286 19201.783    183365.783   19952.525
115  HIVw+G4       9133.833     286 18839.667    183003.667   19590.409
116  HIVw+I+G4     9133.826     287 18841.652    184153.652   19595.019
117  HIVw+F        9156.875     304 18921.750    204361.750   19719.742
118  HIVw+F+I      9156.794     305 18923.587    205583.587   19724.204
119  HIVw+F+G4     8964.215     305 18538.431    205198.431   19339.047
120  HIVw+F+I+G4   8964.208     306 18540.415    206424.415   19343.657
121  JTTDCMut      8736.187     285 18042.375    181062.375   18790.492
122  JTTDCMut+I    8736.177     286 18044.353    182208.353   18795.095
123  JTTDCMut+G4   8619.115     286 17810.230    181974.230   18560.972
124  JTTDCMut+I+G4 8619.120     287 17812.241    183124.241   18565.608
125  JTTDCMut+F    8730.668     304 18069.337    203509.337   18867.329
126  JTTDCMut+F+I  8730.596     305 18071.191    204731.191   18871.808
127  JTTDCMut+F+G4 8617.087     305 17844.173    204504.173   18644.790
128  JTTDCMut+F+I+G4 8617.076     306 17846.152    205730.152   18649.394
129  FLU           8960.441     285 18490.882    181510.882   19238.999
130  FLU+I         8960.428     286 18492.856    182656.856   19243.598
131  FLU+G4        8805.151     286 18182.301    182346.301   18933.043
132  FLU+I+G4      8805.147     287 18184.295    183496.295   18937.662
133  FLU+F         8988.104     304 18584.208    204024.208   19382.200
134  FLU+F+I       8988.056     305 18586.112    205246.112   19386.729
135  FLU+F+G4      8817.534     305 18245.068    204905.068   19045.685
136  FLU+F+I+G4    8817.531     306 18247.062    206131.062   19050.304
137  Blosum62      8857.764     285 18285.528    181305.528   19033.645
138  Blosum62+I    8857.704     286 18287.408    182451.408   19038.150
139  Blosum62+G4   8731.892     286 18035.784    182199.784   18786.526
140  Blosum62+I+G4 8731.891     287 18037.782    183349.782   18791.149
141  Blosum62+F    8956.816     304 18521.631    203961.631   19319.623
142  Blosum62+F+I  8956.729     305 18523.458    205183.458   19324.074
143  Blosum62+F+G4 8827.129     305 18264.257    204924.257   19064.874
144  Blosum62+F+I+G4 8827.069     306 18266.138    206150.138   19069.379
145  mtMet         9180.770     285 18931.541    181951.541   19679.658
146  mtMet+I       9180.736     286 18933.472    183097.472   19684.214
147  mtMet+G4      8972.753     286 18517.507    182681.507   19268.249
148  mtMet+I+G4    8972.660     287 18519.320    183831.320   19272.687
149  mtMet+F       8798.045     304 18204.089    203644.089   19002.081
150  mtMet+F+I     8797.995     305 18205.990    204865.990   19006.607
151  mtMet+F+G4    8678.421     305 17966.842    204626.842   18767.458
152  mtMet+F+I+G4  8678.399     306 17968.799    205852.799   18772.040
153  mtVer         9211.297     285 18992.594    182012.594   19740.711
154  mtVer+I       9211.253     286 18994.506    183158.506   19745.248
155  mtVer+G4      9020.667     286 18613.333    182777.333   19364.076
156  mtVer+I+G4    9020.685     287 18615.370    183927.370   19368.738
157  mtVer+F       8901.769     304 18411.539    203851.539   19209.530
158  mtVer+F+I     8901.707     305 18413.414    205073.414   19214.031
159  mtVer+F+G4    8769.659     305 18149.317    204809.317   18949.934
160  mtVer+F+I+G4  8769.649     306 18151.298    206035.298   18954.540
161  mtInv         9254.781     285 19079.562    182099.562   19827.679
162  mtInv+I       9254.360     286 19080.720    183244.720   19831.462
163  mtInv+G4      9048.219     286 18668.438    182832.438   19419.180
164  mtInv+I+G4    9048.217     287 18670.435    183982.435   19423.802
165  mtInv+F       8790.968     304 18189.937    203629.937   18987.928
166  mtInv+F+I     8790.933     305 18191.866    204851.866   18992.483
167  mtInv+F+G4    8674.476     305 17958.951    204618.951   18759.568
168  mtInv+F+I+G4  8674.482     306 17960.965    205844.965   18764.207
Akaike Information Criterion:           LG+G4
Corrected Akaike Information Criterion: LG
Bayesian Information Criterion:         LG+G4
Best-fit model: LG+G4 chosen according to BIC

All model information printed to /Users/bushrakhan/Desktop/NIPGR-data/MADS-box-Evolutionary-gene-detection/Workflow_Step-by-Step/TASK_9/uploads/Nelumbo_Kbox_ML.model.gz
CPU time for ModelFinder: 144.648 seconds (0h:2m:24s)
Wall-clock time for ModelFinder: 97.982 seconds (0h:1m:37s)
Generating 1000 samples for ultrafast bootstrap (seed: 508158)...

NOTE: 11 MB RAM (0 GB) is required!
Measuring multi-threading efficiency up to 10 CPU cores
Increase to 10 rounds for branch lengths
14 trees examined
Threads: 1 / Time: 10.664 sec / Speedup: 1.000 / Efficiency: 100% / LogL: -17625
Threads: 2 / Time: 18.517 sec / Speedup: 0.576 / Efficiency: 29% / LogL: -17625
BEST NUMBER OF THREADS: 1

Estimate model parameters (epsilon = 0.100)
1. Initial log-likelihood: -8622.139
2. Current log-likelihood: -8596.473
3. Current log-likelihood: -8593.747
Optimal log-likelihood: -8593.652
Gamma shape alpha: 3.374
Parameters optimization took 3 rounds (1.623 sec)
Computing ML distances based on estimated model parameters... 8.730 sec
WARNING: Some pairwise ML distances are too long (saturated)
Computing BIONJ tree...
0.022 seconds
Log-likelihood of BIONJ tree: -8666.550
--------------------------------------------------------------------
|             INITIALIZING CANDIDATE TREE SET                      |
--------------------------------------------------------------------
Generating 98 parsimony trees... 4.845 second
Computing log-likelihood of 98 initial trees ... 19.773 seconds
Current best score: -8545.511

Do NNI search on 20 best initial trees
Estimate model parameters (epsilon = 0.100)
BETTER TREE FOUND at iteration 1: -8527.241
Estimate model parameters (epsilon = 0.100)
BETTER TREE FOUND at iteration 2: -8523.559
Estimate model parameters (epsilon = 0.100)
BETTER TREE FOUND at iteration 4: -8516.367
Estimate model parameters (epsilon = 0.100)
BETTER TREE FOUND at iteration 9: -8515.071
Iteration 10 / LogL: -8526.324 / Time: 0h:1m:42s
Estimate model parameters (epsilon = 0.100)
BETTER TREE FOUND at iteration 13: -8514.549
Estimate model parameters (epsilon = 0.100)
BETTER TREE FOUND at iteration 20: -8514.409
Iteration 20 / LogL: -8514.409 / Time: 0h:2m:13s
Finish initializing candidate tree set (20)
Current best tree score: -8514.409 / CPU time: 90.296
Number of iterations: 20
--------------------------------------------------------------------
|               OPTIMIZING CANDIDATE TREE SET                      |
--------------------------------------------------------------------
Estimate model parameters (epsilon = 0.100)
BETTER TREE FOUND at iteration 21: -8507.742
Iteration 30 / LogL: -8517.152 / Time: 0h:2m:51s (0h:8m:59s left)
Estimate model parameters (epsilon = 0.100)
BETTER TREE FOUND at iteration 37: -8506.043
Estimate model parameters (epsilon = 0.100)
BETTER TREE FOUND at iteration 39: -8505.370
Estimate model parameters (epsilon = 0.100)
BETTER TREE FOUND at iteration 40: -8504.793
Iteration 40 / LogL: -8504.793 / Time: 0h:3m:25s (0h:8m:47s left)
Estimate model parameters (epsilon = 0.100)
BETTER TREE FOUND at iteration 42: -8501.725
Estimate model parameters (epsilon = 0.100)
BETTER TREE FOUND at iteration 50: -8501.146
Iteration 50 / LogL: -8501.146 / Time: 0h:4m:2s (0h:8m:14s left)
Log-likelihood cutoff on original alignment: -8552.945
Iteration 60 / LogL: -8512.543 / Time: 0h:4m:39s (0h:7m:6s left)
Estimate model parameters (epsilon = 0.100)
BETTER TREE FOUND at iteration 65: -8500.719
BETTER TREE FOUND at iteration 66: -8500.716
Estimate model parameters (epsilon = 0.100)
BETTER TREE FOUND at iteration 70: -8500.410
Iteration 70 / LogL: -8500.410 / Time: 0h:5m:16s (0h:7m:39s left)
Iteration 80 / LogL: -8540.270 / Time: 0h:5m:50s (0h:6m:39s left)
Estimate model parameters (epsilon = 0.100)
BETTER TREE FOUND at iteration 90: -8500.261
Iteration 90 / LogL: -8500.261 / Time: 0h:6m:24s (0h:7m:12s left)
Iteration 100 / LogL: -8501.884 / Time: 0h:6m:59s (0h:6m:21s left)
Log-likelihood cutoff on original alignment: -8550.987
NOTE: Bootstrap correlation coefficient of split occurrence frequencies: 0.988
NOTE: UFBoot does not converge, continue at least 100 more iterations
Estimate model parameters (epsilon = 0.100)
BETTER TREE FOUND at iteration 106: -8499.961
Iteration 110 / LogL: -8504.200 / Time: 0h:7m:34s (0h:6m:40s left)
Estimate model parameters (epsilon = 0.100)
BETTER TREE FOUND at iteration 113: -8499.286
Iteration 120 / LogL: -8500.746 / Time: 0h:8m:6s (0h:6m:19s left)
Iteration 130 / LogL: -8538.896 / Time: 0h:8m:44s (0h:5m:37s left)
Iteration 140 / LogL: -8522.272 / Time: 0h:9m:15s (0h:4m:51s left)
Iteration 150 / LogL: -8499.682 / Time: 0h:9m:50s (0h:4m:9s left)
Log-likelihood cutoff on original alignment: -8550.987
Estimate model parameters (epsilon = 0.100)
BETTER TREE FOUND at iteration 159: -8498.729
Iteration 160 / LogL: -8499.919 / Time: 0h:10m:23s (0h:6m:28s left)
Iteration 170 / LogL: -8499.835 / Time: 0h:10m:56s (0h:5m:45s left)
Iteration 180 / LogL: -8500.892 / Time: 0h:11m:28s (0h:5m:4s left)
Iteration 190 / LogL: -8502.349 / Time: 0h:11m:55s (0h:4m:21s left)
Iteration 200 / LogL: -8499.935 / Time: 0h:12m:20s (0h:3m:39s left)
Log-likelihood cutoff on original alignment: -8550.987
NOTE: Bootstrap correlation coefficient of split occurrence frequencies: 0.990
NOTE: UFBoot does not converge, continue at least 100 more iterations
Iteration 210 / LogL: -8498.970 / Time: 0h:12m:43s (0h:5m:28s left)
Iteration 220 / LogL: -8499.451 / Time: 0h:13m:5s (0h:4m:47s left)
Iteration 230 / LogL: -8502.548 / Time: 0h:13m:26s (0h:4m:6s left)
Iteration 240 / LogL: -8499.806 / Time: 0h:13m:46s (0h:3m:27s left)
BETTER TREE FOUND at iteration 246: -8498.728
Iteration 250 / LogL: -8499.204 / Time: 0h:14m:7s (0h:5m:26s left)
Log-likelihood cutoff on original alignment: -8550.987
Iteration 260 / LogL: -8499.796 / Time: 0h:14m:27s (0h:4m:48s left)
Iteration 270 / LogL: -8538.684 / Time: 0h:14m:47s (0h:4m:10s left)
Iteration 280 / LogL: -8499.895 / Time: 0h:15m:7s (0h:3m:34s left)
UPDATE BEST LOG-LIKELIHOOD: -8498.728
Iteration 290 / LogL: -8500.036 / Time: 0h:15m:29s (0h:3m:0s left)
Iteration 300 / LogL: -8500.514 / Time: 0h:15m:50s (0h:2m:26s left)
Log-likelihood cutoff on original alignment: -8550.987
NOTE: Bootstrap correlation coefficient of split occurrence frequencies: 0.998
Iteration 310 / LogL: -8501.686 / Time: 0h:16m:12s (0h:4m:43s left)
Iteration 320 / LogL: -8501.667 / Time: 0h:16m:33s (0h:4m:9s left)
Iteration 330 / LogL: -8501.021 / Time: 0h:16m:54s (0h:3m:35s left)
Iteration 340 / LogL: -8500.237 / Time: 0h:17m:15s (0h:3m:3s left)
TREE SEARCH COMPLETED AFTER 347 ITERATIONS / Time: 0h:17m:31s

--------------------------------------------------------------------
|                    FINALIZING TREE SEARCH                        |
--------------------------------------------------------------------
Performs final model parameters optimization
Estimate model parameters (epsilon = 0.010)
1. Initial log-likelihood: -8498.728
Optimal log-likelihood: -8498.728
Gamma shape alpha: 3.290
Parameters optimization took 1 rounds (0.154 sec)
BEST SCORE FOUND : -8498.728
Creating bootstrap support values...
Split supports printed to NEXUS file /Users/bushrakhan/Desktop/NIPGR-data/MADS-box-Evolutionary-gene-detection/Workflow_Step-by-Step/TASK_9/uploads/Nelumbo_Kbox_ML.splits.nex
Total tree length: 44.938

Total number of iterations: 347
CPU time used for tree search: 973.489 sec (0h:16m:13s)
Wall-clock time used for tree search: 1007.829 sec (0h:16m:47s)
Total CPU time used: 1008.578 sec (0h:16m:48s)
Total wall-clock time used: 1051.739 sec (0h:17m:31s)

Computing bootstrap consensus tree...
Reading input file /Users/bushrakhan/Desktop/NIPGR-data/MADS-box-Evolutionary-gene-detection/Workflow_Step-by-Step/TASK_9/uploads/Nelumbo_Kbox_ML.splits.nex...
144 taxa and 1410 splits.
Consensus tree written to /Users/bushrakhan/Desktop/NIPGR-data/MADS-box-Evolutionary-gene-detection/Workflow_Step-by-Step/TASK_9/uploads/Nelumbo_Kbox_ML.contree
Reading input trees file /Users/bushrakhan/Desktop/NIPGR-data/MADS-box-Evolutionary-gene-detection/Workflow_Step-by-Step/TASK_9/uploads/Nelumbo_Kbox_ML.contree
Log-likelihood of consensus tree: -8499.725

Analysis results written to: 
  IQ-TREE report:                /Users/bushrakhan/Desktop/NIPGR-data/MADS-box-Evolutionary-gene-detection/Workflow_Step-by-Step/TASK_9/uploads/Nelumbo_Kbox_ML.iqtree
  Maximum-likelihood tree:       /Users/bushrakhan/Desktop/NIPGR-data/MADS-box-Evolutionary-gene-detection/Workflow_Step-by-Step/TASK_9/uploads/Nelumbo_Kbox_ML.treefile
  Likelihood distances:          /Users/bushrakhan/Desktop/NIPGR-data/MADS-box-Evolutionary-gene-detection/Workflow_Step-by-Step/TASK_9/uploads/Nelumbo_Kbox_ML.mldist

Ultrafast bootstrap approximation results written to:
  Split support values:          /Users/bushrakhan/Desktop/NIPGR-data/MADS-box-Evolutionary-gene-detection/Workflow_Step-by-Step/TASK_9/uploads/Nelumbo_Kbox_ML.splits.nex
  Consensus tree:                /Users/bushrakhan/Desktop/NIPGR-data/MADS-box-Evolutionary-gene-detection/Workflow_Step-by-Step/TASK_9/uploads/Nelumbo_Kbox_ML.contree
  Screen log file:               /Users/bushrakhan/Desktop/NIPGR-data/MADS-box-Evolutionary-gene-detection/Workflow_Step-by-Step/TASK_9/uploads/Nelumbo_Kbox_ML.log

Date and Time: Sat Apr  4 01:54:32 2026
