IQ-TREE multicore version 1.6.12 for Mac OS X 64-bit built Aug 15 2019
Developed by Bui Quang Minh, Nguyen Lam Tung, Olga Chernomor,
Heiko Schmidt, Dominik Schrempf, Michael Woodhams.

Host:    Bushras-MacBook-Air.local (SSE4.2, 16 GB RAM)
Command: /Users/bushrakhan/Desktop/NIPGR-data/MADS-box-Evolutionary-gene-detection/bin/iqtree -s /Users/bushrakhan/Desktop/NIPGR-data/MADS-box-Evolutionary-gene-detection/Workflow_Step-by-Step/TASK_4/uploads/Cinnamomum_MADS_Aligned.fa -nt AUTO -m TEST -bb 1000 -pre /Users/bushrakhan/Desktop/NIPGR-data/MADS-box-Evolutionary-gene-detection/Workflow_Step-by-Step/TASK_4/uploads/Cinnamomum_MADS_ML
Seed:    716078 (Using SPRNG - Scalable Parallel Random Number Generator)
Time:    Sat Apr  4 00:02:45 2026
Kernel:  SSE2 - auto-detect threads (10 CPU cores detected)

Reading alignment file /Users/bushrakhan/Desktop/NIPGR-data/MADS-box-Evolutionary-gene-detection/Workflow_Step-by-Step/TASK_4/uploads/Cinnamomum_MADS_Aligned.fa ... Fasta format detected
Alignment most likely contains protein sequences
Alignment has 183 sequences with 49 columns, 49 distinct patterns
45 parsimony-informative, 3 singleton sites, 0 constant sites
WARNING: Some sequence names are changed as follows:
AT2G45650.1|PACid:19638787_10_57 -> AT2G45650.1_PACid_19638787_10_57
AT4G11880.1|PACid:19643844_10_57 -> AT4G11880.1_PACid_19643844_10_57
AT4G09960.1|PACid:19648309_10_57 -> AT4G09960.1_PACid_19648309_10_57
AT4G09960.4|PACid:19648308_10_57 -> AT4G09960.4_PACid_19648308_10_57
AT4G18960.1|PACid:19647337_26_73 -> AT4G18960.1_PACid_19647337_26_73
AT4G09960.3|PACid:19648307_36_83 -> AT4G09960.3_PACid_19648307_36_83
AT4G09960.2|PACid:19648310_10_57 -> AT4G09960.2_PACid_19648310_10_57
AT2G45660.1|PACid:19641052_10_57 -> AT2G45660.1_PACid_19641052_10_57
AT4G22950.1|PACid:19647692_10_57 -> AT4G22950.1_PACid_19647692_10_57
AT4G22950.1|PACid:19647692_94_105 -> AT4G22950.1_PACid_19647692_94_105
AT1G24260.3|PACid:19651405_10_57 -> AT1G24260.3_PACid_19651405_10_57
AT5G15800.1|PACid:19670123_10_57 -> AT5G15800.1_PACid_19670123_10_57
AT1G24260.1|PACid:19651404_10_57 -> AT1G24260.1_PACid_19651404_10_57
AT1G24260.2|PACid:19651403_10_57 -> AT1G24260.2_PACid_19651403_10_57
AT5G15800.2|PACid:19670122_10_57 -> AT5G15800.2_PACid_19670122_10_57
AT2G22540.1|PACid:19641563_10_57 -> AT2G22540.1_PACid_19641563_10_57
AT3G57390.1|PACid:19659472_10_57 -> AT3G57390.1_PACid_19659472_10_57
AT5G13790.1|PACid:19669343_10_57 -> AT5G13790.1_PACid_19669343_10_57
AT5G51870.2|PACid:19672301_10_57 -> AT5G51870.2_PACid_19672301_10_57
AT5G51870.1|PACid:19672300_10_57 -> AT5G51870.1_PACid_19672300_10_57
AT5G51870.3|PACid:19672299_10_57 -> AT5G51870.3_PACid_19672299_10_57
AT3G58780.2|PACid:19662660_25_72 -> AT3G58780.2_PACid_19662660_25_72
AT2G42830.1|PACid:19643528_25_72 -> AT2G42830.1_PACid_19643528_25_72
AT3G58780.1|PACid:19662659_25_72 -> AT3G58780.1_PACid_19662659_25_72
AT2G42830.2|PACid:19643527_25_72 -> AT2G42830.2_PACid_19643527_25_72
AT3G58780.3|PACid:19662658_25_72 -> AT3G58780.3_PACid_19662658_25_72
AT3G02310.1|PACid:19661943_10_57 -> AT3G02310.1_PACid_19661943_10_57
AT2G14210.1|PACid:19638394_10_57 -> AT2G14210.1_PACid_19638394_10_57
AT2G03710.3|PACid:19640310_10_57 -> AT2G03710.3_PACid_19640310_10_57
AT1G69120.1|PACid:19653480_10_57 -> AT1G69120.1_PACid_19653480_10_57
AT5G60910.1|PACid:19670614_10_57 -> AT5G60910.1_PACid_19670614_10_57
AT5G51860.2|PACid:19671372_10_57 -> AT5G51860.2_PACid_19671372_10_57
AT5G51860.1|PACid:19671371_10_57 -> AT5G51860.1_PACid_19671371_10_57
AT2G03710.2|PACid:19640309_10_57 -> AT2G03710.2_PACid_19640309_10_57
AT2G03710.1|PACid:19640308_10_57 -> AT2G03710.1_PACid_19640308_10_57
AT3G30260.1|PACid:19662130_10_57 -> AT3G30260.1_PACid_19662130_10_57
AT2G24840.1|PACid:19642372_71_118 -> AT2G24840.1_PACid_19642372_71_118
AT2G22540.2|PACid:19641564_10_55 -> AT2G22540.2_PACid_19641564_10_55
AT3G57230.1|PACid:19665060_10_57 -> AT3G57230.1_PACid_19665060_10_57
AT3G57230.2|PACid:19665061_10_57 -> AT3G57230.2_PACid_19665061_10_57
AT4G37940.1|PACid:19644309_10_57 -> AT4G37940.1_PACid_19644309_10_57
AT4G24540.1|PACid:19648389_10_57 -> AT4G24540.1_PACid_19648389_10_57
AT3G61120.1|PACid:19662463_10_57 -> AT3G61120.1_PACid_19662463_10_57
AT3G54340.1|PACid:19659884_10_57 -> AT3G54340.1_PACid_19659884_10_57
AT1G26310.1|PACid:19650942_10_57 -> AT1G26310.1_PACid_19650942_10_57
AT1G22130.1|PACid:19651829_10_55 -> AT1G22130.1_PACid_19651829_10_55
AT5G62165.4|PACid:19672598_10_57 -> AT5G62165.4_PACid_19672598_10_57
AT5G60440.1|PACid:19665878_15_62 -> AT5G60440.1_PACid_19665878_15_62
AT5G62165.1|PACid:19672595_10_57 -> AT5G62165.1_PACid_19672595_10_57
AT5G62165.2|PACid:19672596_10_57 -> AT5G62165.2_PACid_19672596_10_57
AT5G62165.3|PACid:19672597_10_57 -> AT5G62165.3_PACid_19672597_10_57
AT2G22630.1|PACid:19642313_10_57 -> AT2G22630.1_PACid_19642313_10_57
AT1G77980.1|PACid:19650219_10_55 -> AT1G77980.1_PACid_19650219_10_55
AT1G71692.1|PACid:19653064_10_56 -> AT1G71692.1_PACid_19653064_10_56
AT1G01530.1|PACid:19655032_15_62 -> AT1G01530.1_PACid_19655032_15_62
AT1G65360.1|PACid:19652033_15_62 -> AT1G65360.1_PACid_19652033_15_62
AT5G10140.2|PACid:19672042_10_57 -> AT5G10140.2_PACid_19672042_10_57
AT5G10140.4|PACid:19672041_10_57 -> AT5G10140.4_PACid_19672041_10_57
AT5G10140.3|PACid:19672040_10_57 -> AT5G10140.3_PACid_19672040_10_57
AT5G10140.1|PACid:19672039_10_57 -> AT5G10140.1_PACid_19672039_10_57
AT3G66656.1|PACid:19662106_10_57 -> AT3G66656.1_PACid_19662106_10_57
AT5G23260.2|PACid:19667542_10_57 -> AT5G23260.2_PACid_19667542_10_57
AT5G23260.3|PACid:19667544_10_57 -> AT5G23260.3_PACid_19667544_10_57
AT5G23260.1|PACid:19667543_10_57 -> AT5G23260.1_PACid_19667543_10_57
AT4G36590.1|PACid:19644661_15_62 -> AT4G36590.1_PACid_19644661_15_62
AT2G34440.1|PACid:19639540_12_57 -> AT2G34440.1_PACid_19639540_12_57
AT5G65070.1|PACid:19666742_10_57 -> AT5G65070.1_PACid_19666742_10_57
AT1G77950.1|PACid:19656697_10_55 -> AT1G77950.1_PACid_19656697_10_55
AT1G77950.2|PACid:19656698_10_55 -> AT1G77950.2_PACid_19656698_10_55
AT5G65070.3|PACid:19666740_10_57 -> AT5G65070.3_PACid_19666740_10_57
AT5G65070.2|PACid:19666741_10_57 -> AT5G65070.2_PACid_19666741_10_57
AT1G77080.5|PACid:19652600_10_55 -> AT1G77080.5_PACid_19652600_10_55
AT1G77080.2|PACid:19652599_10_55 -> AT1G77080.2_PACid_19652599_10_55
AT1G77080.4|PACid:19652598_10_55 -> AT1G77080.4_PACid_19652598_10_55
AT5G65080.2|PACid:19670373_10_55 -> AT5G65080.2_PACid_19670373_10_55
AT1G31140.1|PACid:19657778_10_57 -> AT1G31140.1_PACid_19657778_10_57
AT1G31140.2|PACid:19657777_10_57 -> AT1G31140.2_PACid_19657777_10_57
AT5G65080.1|PACid:19670372_17_62 -> AT5G65080.1_PACid_19670372_17_62
AT1G47760.1|PACid:19657551_10_57 -> AT1G47760.1_PACid_19657551_10_57
AT5G20240.1|PACid:19673101_10_57 -> AT5G20240.1_PACid_19673101_10_57
AT1G18750.1|PACid:19654582_10_57 -> AT1G18750.1_PACid_19654582_10_57
AT1G72350.1|PACid:19656010_55_98 -> AT1G72350.1_PACid_19656010_55_98
AT5G65050.2|PACid:19667307_10_55 -> AT5G65050.2_PACid_19667307_10_55
AT5G65050.1|PACid:19667306_10_55 -> AT5G65050.1_PACid_19667306_10_55
AT5G65050.3|PACid:19667305_10_55 -> AT5G65050.3_PACid_19667305_10_55
AT5G65060.2|PACid:19668929_10_55 -> AT5G65060.2_PACid_19668929_10_55
AT5G65060.1|PACid:19668928_10_55 -> AT5G65060.1_PACid_19668928_10_55
AT1G17310.1|PACid:19656321_56_103 -> AT1G17310.1_PACid_19656321_56_103
AT1G28460.1|PACid:19649164_16_63 -> AT1G28460.1_PACid_19649164_16_63
AT2G03060.2|PACid:19640478_10_53 -> AT2G03060.2_PACid_19640478_10_53
AT2G03060.1|PACid:19640479_10_53 -> AT2G03060.1_PACid_19640479_10_53
AT3G04100.1|PACid:19663352_22_69 -> AT3G04100.1_PACid_19663352_22_69
AT3G04100.1|PACid:19663352_104_117 -> AT3G04100.1_PACid_19663352_104_117
AT1G29962.1|PACid:19658277_16_63 -> AT1G29962.1_PACid_19658277_16_63
AT5G48670.1|PACid:19672717_10_51 -> AT5G48670.1_PACid_19672717_10_51
AT2G26320.1|PACid:19638466_26_73 -> AT2G26320.1_PACid_19638466_26_73
AT1G69540.1|PACid:19658298_11_53 -> AT1G69540.1_PACid_19658298_11_53
AT3G05860.2|PACid:19660459_10_51 -> AT3G05860.2_PACid_19660459_10_51
AT3G05860.3|PACid:19660458_10_51 -> AT3G05860.3_PACid_19660458_10_51
AT3G05860.1|PACid:19660457_10_51 -> AT3G05860.1_PACid_19660457_10_51
AT5G27960.1|PACid:19666678_9_48 -> AT5G27960.1_PACid_19666678_9_48
AT1G65330.1|PACid:19653684_9_53 -> AT1G65330.1_PACid_19653684_9_53
AT5G55690.1|PACid:19665481_10_51 -> AT5G55690.1_PACid_19665481_10_51
AT5G55690.1|PACid:19665481_137_148 -> AT5G55690.1_PACid_19665481_137_148
AT1G65300.1|PACid:19652716_10_51 -> AT1G65300.1_PACid_19652716_10_51
AT5G26630.1|PACid:19667105_10_50 -> AT5G26630.1_PACid_19667105_10_50
AT5G26650.1|PACid:19669215_9_48 -> AT5G26650.1_PACid_19669215_9_48
AT1G28450.1|PACid:19650560_16_63 -> AT1G28450.1_PACid_19650560_16_63
AT3G18650.1|PACid:19661489_5_23 -> AT3G18650.1_PACid_19661489_5_23
AT3G18650.1|PACid:19661489_30_72 -> AT3G18650.1_PACid_19661489_30_72
AT5G58890.1|PACid:19667567_10_52 -> AT5G58890.1_PACid_19667567_10_52
AT5G26580.1|PACid:19673075_11_50 -> AT5G26580.1_PACid_19673075_11_50
AT4G02235.1|PACid:19647863_9_54 -> AT4G02235.1_PACid_19647863_9_54
AT1G22590.2|PACid:19655507_11_50 -> AT1G22590.2_PACid_19655507_11_50
AT5G65330.1|PACid:19672137_7_52 -> AT5G65330.1_PACid_19672137_7_52
AT5G39750.1|PACid:19667213_25_64 -> AT5G39750.1_PACid_19667213_25_64
AT5G40120.1|PACid:19671880_17_56 -> AT5G40120.1_PACid_19671880_17_56
AT5G38740.1|PACid:19668168_26_65 -> AT5G38740.1_PACid_19668168_26_65
AT5G41200.1|PACid:19667742_19_57 -> AT5G41200.1_PACid_19667742_19_57
AT5G40220.1|PACid:19669238_18_57 -> AT5G40220.1_PACid_19669238_18_57
AT1G46408.1|PACid:19654736_12_53 -> AT1G46408.1_PACid_19654736_12_53
AT5G39810.1|PACid:19670065_25_64 -> AT5G39810.1_PACid_19670065_25_64
AT1G31630.1|PACid:19652269_10_56 -> AT1G31630.1_PACid_19652269_10_56
AT4G11250.1|PACid:19648763_10_51 -> AT4G11250.1_PACid_19648763_10_51
AT5G27090.2|PACid:19670535_29_70 -> AT5G27090.2_PACid_19670535_29_70
AT5G27090.1|PACid:19670534_29_70 -> AT5G27090.1_PACid_19670534_29_70
AT5G06500.1|PACid:19671199_10_53 -> AT5G06500.1_PACid_19671199_10_53
AT5G27070.1|PACid:19671195_30_71 -> AT5G27070.1_PACid_19671195_30_71
AT5G26950.1|PACid:19666538_30_71 -> AT5G26950.1_PACid_19666538_30_71
AT5G26880.1|PACid:19668576_156_166 -> AT5G26880.1_PACid_19668576_156_166
AT5G26880.1|PACid:19668576_241_274 -> AT5G26880.1_PACid_19668576_241_274
AT5G27944.1|PACid:19666623_30_71 -> AT5G27944.1_PACid_19666623_30_71
AT5G27580.1|PACid:19672891_30_71 -> AT5G27580.1_PACid_19672891_30_71
AT2G40210.1|PACid:19638131_10_51 -> AT2G40210.1_PACid_19638131_10_51
AT1G31640.1|PACid:19651329_12_56 -> AT1G31640.1_PACid_19651329_12_56
AT5G04640.1|PACid:19673003_13_53 -> AT5G04640.1_PACid_19673003_13_53
AT5G49490.1|PACid:19668119_54_95 -> AT5G49490.1_PACid_19668119_54_95
AT1G60920.1|PACid:19654635_12_50 -> AT1G60920.1_PACid_19654635_12_50
AT1G48150.1|PACid:19654851_28_67 -> AT1G48150.1_PACid_19654851_28_67
AT5G38620.1|PACid:19667041_14_55 -> AT5G38620.1_PACid_19667041_14_55
AT5G27130.1|PACid:19666602_23_63 -> AT5G27130.1_PACid_19666602_23_63
AT1G60040.1|PACid:19653511_20_62 -> AT1G60040.1_PACid_19653511_20_62
AT5G49420.1|PACid:19672206_16_57 -> AT5G49420.1_PACid_19672206_16_57
AT2G28700.1|PACid:19641128_11_50 -> AT2G28700.1_PACid_19641128_11_50
AT5G27050.1|PACid:19667506_1_28 -> AT5G27050.1_PACid_19667506_1_28
AT1G59810.1|PACid:19650751_19_61 -> AT1G59810.1_PACid_19650751_19_61
AT1G60880.1|PACid:19658292_12_41 -> AT1G60880.1_PACid_19658292_12_41
AT1G54760.1|PACid:19656422_19_43 -> AT1G54760.1_PACid_19656422_19_43
AT5G37415.1|PACid:19671670_85_109 -> AT5G37415.1_PACid_19671670_85_109
AT5G27810.1|PACid:19666054_1_26 -> AT5G27810.1_PACid_19666054_1_26
AT1G33070.1|PACid:19656210_4_24 -> AT1G33070.1_PACid_19656210_4_24
AT2G15660.1|PACid:19640579_30_44 -> AT2G15660.1_PACid_19640579_30_44

                                    Gap/Ambiguity  Composition  p-value
   1  CKAN_02197200_MADS                   12.24%    passed     28.56%
   2  CKAN_01848800_MADS                    2.04%    passed     99.98%
   3  CKAN_00958800_MADS                    2.04%    passed     99.99%
   4  CKAN_00958900_MADS                    2.04%    passed     99.86%
   5  CKAN_02562300_MADS                    2.04%    passed     96.43%
   6  CKAN_00566000_MADS                    2.04%    passed     99.31%
   7  CKAN_01942500_MADS                    2.04%    passed     99.69%
   8  CKAN_00283400_MADS                    2.04%    passed     99.91%
   9  CKAN_02189300_MADS                    2.04%    passed     99.54%
  10  CKAN_00861800_MADS                    2.04%    passed     99.24%
  11  CKAN_01821800_MADS                    2.04%    passed     97.85%
  12  CKAN_00109600_MADS                    2.04%    passed     98.40%
  13  CKAN_01533600_MADS                    2.04%    passed     97.85%
  14  CKAN_02117700_MADS                    2.04%    passed     99.62%
  15  CKAN_00565900_MADS                    2.04%    passed     99.95%
  16  CKAN_01596700_MADS                    2.04%    passed     99.94%
  17  CKAN_01894500_MADS                    2.04%    passed     95.04%
  18  CKAN_01187700_MADS                    2.04%    passed     99.71%
  19  CKAN_01290200_MADS                    2.04%    passed     93.70%
  20  CKAN_01906900_MADS                    2.04%    passed     99.85%
  21  CKAN_01065400_MADS                    2.04%    passed     99.80%
  22  CKAN_01352300_MADS                    4.08%    passed     82.03%
  23  CKAN_02199500_MADS                    2.04%    passed     99.94%
  24  CKAN_01046400_MADS                    2.04%    passed     99.98%
  25  CKAN_01942000_MADS                    4.08%    passed     78.07%
  26  CKAN_02109000_MADS                    2.04%    passed     99.63%
  27  CKAN_02189800_MADS                    4.08%    passed     41.80%
  28  CKAN_02317200_MADS                    6.12%    passed     93.42%
  29  CKAN_02189500_MADS                    4.08%    failed      1.59%
  30  CKAN_02447300_MADS                   12.24%    passed     49.25%
  31  CKAN_02742500_MADS                   63.27%    passed     95.73%
  32  AT2G45650.1_PACid_19638787_10_57      2.04%    passed     99.98%
  33  AT4G11880.1_PACid_19643844_10_57      2.04%    passed     99.99%
  34  AT4G09960.1_PACid_19648309_10_57      2.04%    passed     99.28%
  35  AT4G09960.4_PACid_19648308_10_57      2.04%    passed     99.28%
  36  AT4G18960.1_PACid_19647337_26_73      2.04%    passed     99.28%
  37  AT4G09960.3_PACid_19648307_36_83      2.04%    passed     99.28%
  38  AT4G09960.2_PACid_19648310_10_57      2.04%    passed     99.28%
  39  AT2G45660.1_PACid_19641052_10_57      2.04%    passed    100.00%
  40  AT4G22950.1_PACid_19647692_10_57      2.04%    passed     99.86%
  41  AT4G22950.1_PACid_19647692_94_105    75.51%    passed     90.66%
  42  AT1G24260.3_PACid_19651405_10_57      2.04%    passed     99.24%
  43  AT5G15800.1_PACid_19670123_10_57      2.04%    passed     99.24%
  44  AT1G24260.1_PACid_19651404_10_57      2.04%    passed     99.24%
  45  AT1G24260.2_PACid_19651403_10_57      2.04%    passed     99.24%
  46  AT5G15800.2_PACid_19670122_10_57      2.04%    passed     99.24%
  47  AT2G22540.1_PACid_19641563_10_57      2.04%    passed     96.81%
  48  AT3G57390.1_PACid_19659472_10_57      2.04%    passed     99.00%
  49  AT5G13790.1_PACid_19669343_10_57      2.04%    passed     99.67%
  50  AT5G51870.2_PACid_19672301_10_57      2.04%    passed     56.50%
  51  AT5G51870.1_PACid_19672300_10_57      2.04%    passed     56.50%
  52  AT5G51870.3_PACid_19672299_10_57      2.04%    passed     56.50%
  53  AT3G58780.2_PACid_19662660_25_72      2.04%    passed     97.85%
  54  AT2G42830.1_PACid_19643528_25_72      2.04%    passed     97.85%
  55  AT3G58780.1_PACid_19662659_25_72      2.04%    passed     97.85%
  56  AT2G42830.2_PACid_19643527_25_72      2.04%    passed     97.85%
  57  AT3G58780.3_PACid_19662658_25_72      2.04%    passed     97.85%
  58  AT3G02310.1_PACid_19661943_10_57      2.04%    passed     99.64%
  59  AT2G14210.1_PACid_19638394_10_57      2.04%    passed     99.46%
  60  AT2G03710.3_PACid_19640310_10_57      2.04%    passed     98.45%
  61  AT1G69120.1_PACid_19653480_10_57      2.04%    passed     74.43%
  62  AT5G60910.1_PACid_19670614_10_57      2.04%    passed     99.89%
  63  AT5G51860.2_PACid_19671372_10_57      2.04%    passed     97.06%
  64  AT5G51860.1_PACid_19671371_10_57      2.04%    passed     97.06%
  65  AT2G03710.2_PACid_19640309_10_57      2.04%    passed     98.45%
  66  AT2G03710.1_PACid_19640308_10_57      2.04%    passed     98.45%
  67  AT3G30260.1_PACid_19662130_10_57      2.04%    passed     99.83%
  68  AT2G24840.1_PACid_19642372_71_118     2.04%    passed     53.22%
  69  AT2G22540.2_PACid_19641564_10_55      6.12%    passed     98.33%
  70  AT3G57230.1_PACid_19665060_10_57      2.04%    passed     99.99%
  71  AT3G57230.2_PACid_19665061_10_57      2.04%    passed     99.99%
  72  AT4G37940.1_PACid_19644309_10_57      2.04%    passed     93.66%
  73  AT4G24540.1_PACid_19648389_10_57      2.04%    passed     79.65%
  74  AT3G61120.1_PACid_19662463_10_57      2.04%    passed     99.98%
  75  AT3G54340.1_PACid_19659884_10_57      2.04%    passed     68.95%
  76  AT1G26310.1_PACid_19650942_10_57      2.04%    passed     99.91%
  77  AT1G22130.1_PACid_19651829_10_55      6.12%    passed     94.61%
  78  AT5G62165.4_PACid_19672598_10_57      2.04%    passed     99.69%
  79  AT5G60440.1_PACid_19665878_15_62      2.04%    passed     88.75%
  80  AT5G62165.1_PACid_19672595_10_57      2.04%    passed     99.69%
  81  AT5G62165.2_PACid_19672596_10_57      2.04%    passed     99.69%
  82  AT5G62165.3_PACid_19672597_10_57      2.04%    passed     99.69%
  83  AT2G22630.1_PACid_19642313_10_57      2.04%    passed     74.83%
  84  AT1G77980.1_PACid_19650219_10_55      6.12%    passed     96.98%
  85  AT1G71692.1_PACid_19653064_10_56      4.08%    passed     86.07%
  86  AT1G01530.1_PACid_19655032_15_62      2.04%    passed     99.67%
  87  AT1G65360.1_PACid_19652033_15_62      2.04%    passed     32.99%
  88  AT5G10140.2_PACid_19672042_10_57      2.04%    passed     96.12%
  89  AT5G10140.4_PACid_19672041_10_57      2.04%    passed     96.12%
  90  AT5G10140.3_PACid_19672040_10_57      2.04%    passed     96.12%
  91  AT5G10140.1_PACid_19672039_10_57      2.04%    passed     96.12%
  92  AT3G66656.1_PACid_19662106_10_57      2.04%    passed     85.04%
  93  AT5G23260.2_PACid_19667542_10_57      2.04%    passed     97.61%
  94  AT5G23260.3_PACid_19667544_10_57      2.04%    passed     97.61%
  95  AT5G23260.1_PACid_19667543_10_57      2.04%    passed     97.61%
  96  AT4G36590.1_PACid_19644661_15_62      2.04%    passed     76.54%
  97  AT2G34440.1_PACid_19639540_12_57      6.12%    passed     88.69%
  98  AT5G65070.1_PACid_19666742_10_57      2.04%    passed     98.20%
  99  AT1G77950.1_PACid_19656697_10_55      6.12%    passed     94.87%
 100  AT1G77950.2_PACid_19656698_10_55      6.12%    passed     94.87%
 101  AT5G65070.3_PACid_19666740_10_57      2.04%    passed     98.20%
 102  AT5G65070.2_PACid_19666741_10_57      2.04%    passed     98.20%
 103  AT1G77080.5_PACid_19652600_10_55      6.12%    passed     89.64%
 104  AT1G77080.2_PACid_19652599_10_55      6.12%    passed     89.64%
 105  AT1G77080.4_PACid_19652598_10_55      6.12%    passed     89.64%
 106  AT5G65080.2_PACid_19670373_10_55      6.12%    passed     99.18%
 107  AT1G31140.1_PACid_19657778_10_57      2.04%    passed     58.85%
 108  AT1G31140.2_PACid_19657777_10_57      2.04%    passed     58.85%
 109  AT5G65080.1_PACid_19670372_17_62      6.12%    passed     99.18%
 110  AT1G47760.1_PACid_19657551_10_57      2.04%    passed     90.48%
 111  AT5G20240.1_PACid_19673101_10_57      2.04%    passed     79.11%
 112  AT1G18750.1_PACid_19654582_10_57      2.04%    passed     99.92%
 113  AT1G72350.1_PACid_19656010_55_98     10.20%    passed     96.56%
 114  AT5G65050.2_PACid_19667307_10_55      6.12%    passed     94.22%
 115  AT5G65050.1_PACid_19667306_10_55      6.12%    passed     94.22%
 116  AT5G65050.3_PACid_19667305_10_55      6.12%    passed     94.22%
 117  AT5G65060.2_PACid_19668929_10_55      6.12%    passed     93.52%
 118  AT5G65060.1_PACid_19668928_10_55      6.12%    passed     93.52%
 119  AT1G17310.1_PACid_19656321_56_103     2.04%    passed     97.72%
 120  AT1G28460.1_PACid_19649164_16_63      2.04%    passed     83.85%
 121  AT2G03060.2_PACid_19640478_10_53     10.20%    passed     94.49%
 122  AT2G03060.1_PACid_19640479_10_53     10.20%    passed     94.49%
 123  AT3G04100.1_PACid_19663352_22_69      2.04%    passed      7.78%
 124  AT3G04100.1_PACid_19663352_104_117   71.43%    passed     12.28%
 125  AT1G29962.1_PACid_19658277_16_63      2.04%    passed     98.81%
 126  AT5G48670.1_PACid_19672717_10_51     14.29%    passed     78.09%
 127  AT2G26320.1_PACid_19638466_26_73      2.04%    passed     66.11%
 128  AT1G69540.1_PACid_19658298_11_53     12.24%    failed      0.19%
 129  AT3G05860.2_PACid_19660459_10_51     14.29%    passed     97.22%
 130  AT3G05860.3_PACid_19660458_10_51     14.29%    passed     97.22%
 131  AT3G05860.1_PACid_19660457_10_51     14.29%    passed     97.22%
 132  AT5G27960.1_PACid_19666678_9_48      18.37%    passed     99.41%
 133  AT1G65330.1_PACid_19653684_9_53       8.16%    passed     98.95%
 134  AT5G55690.1_PACid_19665481_10_51     14.29%    passed     67.62%
 135  AT5G55690.1_PACid_19665481_137_148   75.51%    passed     30.13%
 136  AT1G65300.1_PACid_19652716_10_51     14.29%    passed     67.03%
 137  AT5G26630.1_PACid_19667105_10_50     16.33%    passed     85.22%
 138  AT5G26650.1_PACid_19669215_9_48      18.37%    passed     99.84%
 139  AT1G28450.1_PACid_19650560_16_63      2.04%    passed     96.48%
 140  AT3G18650.1_PACid_19661489_5_23      61.22%    failed      0.82%
 141  AT3G18650.1_PACid_19661489_30_72     12.24%    passed     71.65%
 142  AT5G58890.1_PACid_19667567_10_52     12.24%    passed     80.88%
 143  AT5G26580.1_PACid_19673075_11_50     18.37%    passed     82.65%
 144  AT4G02235.1_PACid_19647863_9_54       6.12%    passed     70.32%
 145  AT1G22590.2_PACid_19655507_11_50     18.37%    passed     99.66%
 146  AT5G65330.1_PACid_19672137_7_52       6.12%    passed     69.14%
 147  AT5G39750.1_PACid_19667213_25_64     18.37%    passed     38.45%
 148  AT5G40120.1_PACid_19671880_17_56     18.37%    passed     38.45%
 149  AT5G38740.1_PACid_19668168_26_65     18.37%    passed     38.45%
 150  AT5G41200.1_PACid_19667742_19_57     20.41%    passed     35.13%
 151  AT5G40220.1_PACid_19669238_18_57     18.37%    passed     38.45%
 152  AT1G46408.1_PACid_19654736_12_53     14.29%    passed     90.16%
 153  AT5G39810.1_PACid_19670065_25_64     18.37%    passed     40.52%
 154  AT1G31630.1_PACid_19652269_10_56      4.08%    passed     21.06%
 155  AT4G11250.1_PACid_19648763_10_51     14.29%    passed     20.55%
 156  AT5G27090.2_PACid_19670535_29_70     14.29%    passed     87.45%
 157  AT5G27090.1_PACid_19670534_29_70     14.29%    passed     87.45%
 158  AT5G06500.1_PACid_19671199_10_53     10.20%    passed      6.97%
 159  AT5G27070.1_PACid_19671195_30_71     14.29%    passed     77.19%
 160  AT5G26950.1_PACid_19666538_30_71     14.29%    passed     77.19%
 161  AT5G26880.1_PACid_19668576_156_166   77.55%    passed     65.06%
 162  AT5G26880.1_PACid_19668576_241_274   30.61%    passed     28.94%
 163  AT5G27944.1_PACid_19666623_30_71     14.29%    passed     72.30%
 164  AT5G27580.1_PACid_19672891_30_71     14.29%    passed     57.30%
 165  AT2G40210.1_PACid_19638131_10_51     14.29%    passed     66.05%
 166  AT1G31640.1_PACid_19651329_12_56      8.16%    failed      4.15%
 167  AT5G04640.1_PACid_19673003_13_53     16.33%    passed     64.70%
 168  AT5G49490.1_PACid_19668119_54_95     14.29%    passed     54.95%
 169  AT1G60920.1_PACid_19654635_12_50     20.41%    passed     98.88%
 170  AT1G48150.1_PACid_19654851_28_67     18.37%    passed     74.88%
 171  AT5G38620.1_PACid_19667041_14_55     14.29%    passed     37.68%
 172  AT5G27130.1_PACid_19666602_23_63     16.33%    passed     90.49%
 173  AT1G60040.1_PACid_19653511_20_62     12.24%    passed      5.71%
 174  AT5G49420.1_PACid_19672206_16_57     14.29%    passed     45.51%
 175  AT2G28700.1_PACid_19641128_11_50     18.37%    passed     56.25%
 176  AT5G27050.1_PACid_19667506_1_28      42.86%    passed     94.12%
 177  AT1G59810.1_PACid_19650751_19_61     12.24%    failed      4.85%
 178  AT1G60880.1_PACid_19658292_12_41     38.78%    passed     99.31%
 179  AT1G54760.1_PACid_19656422_19_43     48.98%    passed     75.87%
 180  AT5G37415.1_PACid_19671670_85_109    48.98%    failed      0.89%
 181  AT5G27810.1_PACid_19666054_1_26      46.94%    passed     31.30%
 182  AT1G33070.1_PACid_19656210_4_24      57.14%    passed     85.48%
 183  AT2G15660.1_PACid_19640579_30_44     69.39%    failed      2.46%
WARNING: 8 sequences contain more than 50% gaps/ambiguity
****  TOTAL                                10.05%  7 sequences failed composition chi2 test (p-value<5%; df=19)
NOTE: AT1G24260.3_PACid_19651405_10_57 is identical to CKAN_00861800_MADS but kept for subsequent analysis
NOTE: CKAN_01533600_MADS is identical to CKAN_01821800_MADS but kept for subsequent analysis
NOTE: AT4G09960.4_PACid_19648308_10_57 is identical to AT4G09960.1_PACid_19648309_10_57 but kept for subsequent analysis
NOTE: AT5G51870.1_PACid_19672300_10_57 is identical to AT5G51870.2_PACid_19672301_10_57 but kept for subsequent analysis
NOTE: AT2G42830.1_PACid_19643528_25_72 is identical to AT3G58780.2_PACid_19662660_25_72 but kept for subsequent analysis
NOTE: AT2G03710.2_PACid_19640309_10_57 is identical to AT2G03710.3_PACid_19640310_10_57 but kept for subsequent analysis
NOTE: AT5G51860.1_PACid_19671371_10_57 is identical to AT5G51860.2_PACid_19671372_10_57 but kept for subsequent analysis
NOTE: AT3G57230.2_PACid_19665061_10_57 is identical to AT3G57230.1_PACid_19665060_10_57 but kept for subsequent analysis
NOTE: AT5G62165.1_PACid_19672595_10_57 is identical to AT5G62165.4_PACid_19672598_10_57 but kept for subsequent analysis
NOTE: AT5G10140.4_PACid_19672041_10_57 is identical to AT5G10140.2_PACid_19672042_10_57 but kept for subsequent analysis
NOTE: AT5G23260.3_PACid_19667544_10_57 is identical to AT5G23260.2_PACid_19667542_10_57 but kept for subsequent analysis
NOTE: AT5G65070.3_PACid_19666740_10_57 is identical to AT5G65070.1_PACid_19666742_10_57 but kept for subsequent analysis
NOTE: AT1G77950.2_PACid_19656698_10_55 is identical to AT1G77950.1_PACid_19656697_10_55 but kept for subsequent analysis
NOTE: AT1G77080.2_PACid_19652599_10_55 is identical to AT1G77080.5_PACid_19652600_10_55 but kept for subsequent analysis
NOTE: AT5G65080.1_PACid_19670372_17_62 is identical to AT5G65080.2_PACid_19670373_10_55 but kept for subsequent analysis
NOTE: AT1G31140.2_PACid_19657777_10_57 is identical to AT1G31140.1_PACid_19657778_10_57 but kept for subsequent analysis
NOTE: AT5G65050.1_PACid_19667306_10_55 is identical to AT5G65050.2_PACid_19667307_10_55 but kept for subsequent analysis
NOTE: AT5G65060.1_PACid_19668928_10_55 is identical to AT5G65060.2_PACid_19668929_10_55 but kept for subsequent analysis
NOTE: AT2G03060.1_PACid_19640479_10_53 is identical to AT2G03060.2_PACid_19640478_10_53 but kept for subsequent analysis
NOTE: AT3G05860.3_PACid_19660458_10_51 is identical to AT3G05860.2_PACid_19660459_10_51 but kept for subsequent analysis
NOTE: AT5G40120.1_PACid_19671880_17_56 is identical to AT5G39750.1_PACid_19667213_25_64 but kept for subsequent analysis
NOTE: AT5G27090.1_PACid_19670534_29_70 is identical to AT5G27090.2_PACid_19670535_29_70 but kept for subsequent analysis
NOTE: AT5G26950.1_PACid_19666538_30_71 is identical to AT5G27070.1_PACid_19671195_30_71 but kept for subsequent analysis
NOTE: 22 identical sequences (see below) will be ignored for subsequent analysis
NOTE: AT5G15800.1_PACid_19670123_10_57 (identical to CKAN_00861800_MADS) is ignored but added at the end
NOTE: AT1G24260.1_PACid_19651404_10_57 (identical to CKAN_00861800_MADS) is ignored but added at the end
NOTE: AT1G24260.2_PACid_19651403_10_57 (identical to CKAN_00861800_MADS) is ignored but added at the end
NOTE: AT5G15800.2_PACid_19670122_10_57 (identical to CKAN_00861800_MADS) is ignored but added at the end
NOTE: AT4G09960.3_PACid_19648307_36_83 (identical to AT4G09960.1_PACid_19648309_10_57) is ignored but added at the end
NOTE: AT4G09960.2_PACid_19648310_10_57 (identical to AT4G09960.1_PACid_19648309_10_57) is ignored but added at the end
NOTE: AT5G51870.3_PACid_19672299_10_57 (identical to AT5G51870.2_PACid_19672301_10_57) is ignored but added at the end
NOTE: AT3G58780.1_PACid_19662659_25_72 (identical to AT3G58780.2_PACid_19662660_25_72) is ignored but added at the end
NOTE: AT2G42830.2_PACid_19643527_25_72 (identical to AT3G58780.2_PACid_19662660_25_72) is ignored but added at the end
NOTE: AT3G58780.3_PACid_19662658_25_72 (identical to AT3G58780.2_PACid_19662660_25_72) is ignored but added at the end
NOTE: AT2G03710.1_PACid_19640308_10_57 (identical to AT2G03710.3_PACid_19640310_10_57) is ignored but added at the end
NOTE: AT5G62165.2_PACid_19672596_10_57 (identical to AT5G62165.4_PACid_19672598_10_57) is ignored but added at the end
NOTE: AT5G62165.3_PACid_19672597_10_57 (identical to AT5G62165.4_PACid_19672598_10_57) is ignored but added at the end
NOTE: AT5G10140.3_PACid_19672040_10_57 (identical to AT5G10140.2_PACid_19672042_10_57) is ignored but added at the end
NOTE: AT5G10140.1_PACid_19672039_10_57 (identical to AT5G10140.2_PACid_19672042_10_57) is ignored but added at the end
NOTE: AT5G23260.1_PACid_19667543_10_57 (identical to AT5G23260.2_PACid_19667542_10_57) is ignored but added at the end
NOTE: AT5G65070.2_PACid_19666741_10_57 (identical to AT5G65070.1_PACid_19666742_10_57) is ignored but added at the end
NOTE: AT1G77080.4_PACid_19652598_10_55 (identical to AT1G77080.5_PACid_19652600_10_55) is ignored but added at the end
NOTE: AT5G65050.3_PACid_19667305_10_55 (identical to AT5G65050.2_PACid_19667307_10_55) is ignored but added at the end
NOTE: AT3G05860.1_PACid_19660457_10_51 (identical to AT3G05860.2_PACid_19660459_10_51) is ignored but added at the end
NOTE: AT5G38740.1_PACid_19668168_26_65 (identical to AT5G39750.1_PACid_19667213_25_64) is ignored but added at the end
NOTE: AT5G40220.1_PACid_19669238_18_57 (identical to AT5G39750.1_PACid_19667213_25_64) is ignored but added at the end

For your convenience alignment with unique sequences printed to /Users/bushrakhan/Desktop/NIPGR-data/MADS-box-Evolutionary-gene-detection/Workflow_Step-by-Step/TASK_4/uploads/Cinnamomum_MADS_ML.uniqueseq.phy


Create initial parsimony tree by phylogenetic likelihood library (PLL)... 0.040 seconds
NOTE: ModelFinder requires 7 MB RAM!
ModelFinder will test 168 protein models (sample size: 49) ...
 No. Model         -LnL         df  AIC          AICc         BIC
Measuring multi-threading efficiency up to 10 CPU cores
Increase to 10 rounds for branch lengths
75 trees examined
Threads: 1 / Time: 10.078 sec / Speedup: 1.000 / Efficiency: 100% / LogL: -10004
Threads: 2 / Time: 13.438 sec / Speedup: 0.750 / Efficiency: 37% / LogL: -10004
BEST NUMBER OF THREADS: 1

  1  Dayhoff       4776.274     319 10190.549    214350.549   10794.039
  2  Dayhoff+I     4776.255     320 10192.510    215632.510   10797.893
  3  Dayhoff+G4    4629.082     320 9898.164     215338.164   10503.546
  4  Dayhoff+I+G4  4629.082     321 9900.164     216624.164   10507.438
  5  Dayhoff+F     4772.683     338 10221.366    239385.366   10860.802
  6  Dayhoff+F+I   4772.667     339 10223.333    240743.333   10864.660
  7  Dayhoff+F+G4  4620.187     339 9918.373     240438.373   10559.700
  8  Dayhoff+F+I+G4 4620.178     340 9920.357     241800.357   10563.576
  9  mtMAM         5176.810     319 10991.619    215151.619   11595.110
 10  mtMAM+I       5176.796     320 10993.592    216433.592   11598.975
 11  mtMAM+G4      4878.552     320 10397.103    215837.103   11002.486
 12  mtMAM+I+G4    4878.547     321 10399.093    217123.093   11006.368
 13  mtMAM+F       4947.226     338 10570.453    239734.453   11209.888
 14  mtMAM+F+I     4947.222     339 10572.443    241092.443   11213.770
 15  mtMAM+F+G4    4721.599     339 10121.199    240641.199   10762.526
 16  mtMAM+F+I+G4  4721.592     340 10123.185    242003.185   10766.403
 17  JTT           4755.060     319 10148.121    214308.121   10751.612
 18  JTT+I         4755.041     320 10150.082    215590.082   10755.464
 19  JTT+G4        4587.561     320 9815.122     215255.122   10420.505
 20  JTT+I+G4      4587.516     321 9817.033     216541.033   10424.307
 21  JTT+F         4778.060     338 10232.119    239396.119   10871.555
 22  JTT+F+I       4778.045     339 10234.090    240754.090   10875.417
 23  JTT+F+G4      4603.668     339 9885.335     240405.335   10526.663
 24  JTT+F+I+G4    4603.662     340 9887.325     241767.325   10530.544
 25  WAG           4756.312     319 10150.624    214310.624   10754.114
 26  WAG+I         4756.310     320 10152.621    215592.621   10758.003
 27  WAG+G4        4596.956     320 9833.912     215273.912   10439.295
 28  WAG+I+G4      4596.935     321 9835.870     216559.870   10443.144
 29  WAG+F         4785.664     338 10247.329    239411.329   10886.764
 30  WAG+F+I       4784.934     339 10247.867    240767.867   10889.194
 31  WAG+F+G4      4617.753     339 9913.505     240433.505   10554.832
 32  WAG+F+I+G4    4617.745     340 9915.489     241795.489   10558.708
 33  cpREV         4796.116     319 10230.232    214390.232   10833.722
 34  cpREV+I       4796.110     320 10232.220    215672.220   10837.602
 35  cpREV+G4      4602.002     320 9844.004     215284.004   10449.386
 36  cpREV+I+G4    4602.002     321 9846.003     216570.003   10453.278
 37  cpREV+F       4876.030     338 10428.060    239592.060   11067.495
 38  cpREV+F+I     4876.014     339 10430.028    240950.028   11071.355
 39  cpREV+F+G4    4676.016     339 10030.032    240550.032   10671.359
 40  cpREV+F+I+G4  4676.015     340 10032.030    241912.030   10675.248
 41  mtREV         5028.627     319 10695.254    214855.254   11298.744
 42  mtREV+I       5028.616     320 10697.232    216137.232   11302.615
 43  mtREV+G4      4812.348     320 10264.696    215704.696   10870.078
 44  mtREV+I+G4    4812.348     321 10266.695    216990.695   10873.970
 45  mtREV+F       4842.052     338 10360.104    239524.104   10999.539
 46  mtREV+F+I     4842.050     339 10362.100    240882.100   11003.427
 47  mtREV+F+G4    4662.381     339 10002.762    240522.762   10644.089
 48  mtREV+F+I+G4  4662.366     340 10004.731    241884.731   10647.950
 49  rtREV         4825.166     319 10288.333    214448.333   10891.823
 50  rtREV+I       4825.151     320 10290.302    215730.302   10895.684
 51  rtREV+G4      4644.720     320 9929.441     215369.441   10534.823
 52  rtREV+I+G4    4644.717     321 9931.433     216655.433   10538.707
 53  rtREV+F       4832.685     338 10341.370    239505.370   10980.805
 54  rtREV+F+I     4832.678     339 10343.357    240863.357   10984.684
 55  rtREV+F+G4    4642.979     339 9963.957     240483.957   10605.284
 56  rtREV+F+I+G4  4642.979     340 9965.957     241845.957   10609.176
 57  mtART         5143.832     319 10925.665    215085.665   11529.155
 58  mtART+I       5143.830     320 10927.661    216367.661   11533.043
 59  mtART+G4      4821.374     320 10282.748    215722.748   10888.130
 60  mtART+I+G4    4821.251     321 10284.503    217008.503   10891.777
 61  mtART+F       4966.562     338 10609.123    239773.123   11248.559
 62  mtART+F+I     4966.553     339 10611.106    241131.106   11252.433
 63  mtART+F+G4    4721.786     339 10121.572    240641.572   10762.899
 64  mtART+F+I+G4  4721.733     340 10123.467    242003.467   10766.685
 65  mtZOA         4992.836     319 10623.673    214783.673   11227.163
 66  mtZOA+I       4992.820     320 10625.640    216065.640   11231.022
 67  mtZOA+G4      4720.096     320 10080.191    215520.191   10685.574
 68  mtZOA+I+G4    4720.084     321 10082.168    216806.168   10689.442
 69  mtZOA+F       4872.561     338 10421.121    239585.121   11060.556
 70  mtZOA+F+I     4872.557     339 10423.113    240943.113   11064.441
 71  mtZOA+F+G4    4655.714     339 9989.428     240509.428   10630.755
 72  mtZOA+F+I+G4  4655.708     340 9991.415     241871.415   10634.634
 73  VT            4781.556     319 10201.112    214361.112   10804.603
 74  VT+I          4781.541     320 10203.082    215643.082   10808.465
 75  VT+G4         4622.595     320 9885.189     215325.189   10490.572
 76  VT+I+G4       4622.410     321 9886.820     216610.820   10494.094
 77  VT+F          4810.717     338 10297.434    239461.434   10936.869
 78  VT+F+I        4810.689     339 10299.377    240819.377   10940.704
 79  VT+F+G4       4647.309     339 9972.618     240492.618   10613.945
 80  VT+F+I+G4     4647.307     340 9974.614     241854.614   10617.833
 81  LG            4741.613     319 10121.225    214281.225   10724.716
 82  LG+I          4741.600     320 10123.199    215563.199   10728.582
 83  LG+G4         4559.548     320 9759.095     215199.095   10364.478
 84  LG+I+G4       4559.535     321 9761.070     216485.070   10368.344
 85  LG+F          4781.923     338 10239.846    239403.846   10879.281
 86  LG+F+I        4781.916     339 10241.832    240761.832   10883.159
 87  LG+F+G4       4590.300     339 9858.600     240378.600   10499.927
 88  LG+F+I+G4     4590.281     340 9860.562     241740.562   10503.781
 89  DCMut         4776.311     319 10190.622    214350.622   10794.113
 90  DCMut+I       4776.305     320 10192.609    215632.609   10797.992
 91  DCMut+G4      4629.476     320 9898.952     215338.952   10504.334
 92  DCMut+I+G4    4629.475     321 9900.951     216624.951   10508.225
 93  DCMut+F       4772.770     338 10221.539    239385.539   10860.975
 94  DCMut+F+I     4772.758     339 10223.517    240743.517   10864.844
 95  DCMut+F+G4    4620.571     339 9919.143     240439.143   10560.470
 96  DCMut+F+I+G4  4620.565     340 9921.130     241801.130   10564.348
 97  PMB           4826.707     319 10291.413    214451.413   10894.904
 98  PMB+I         4826.087     320 10292.174    215732.174   10897.556
 99  PMB+G4        4666.430     320 9972.859     215412.859   10578.242
100  PMB+I+G4      4666.429     321 9974.859     216698.859   10582.133
101  PMB+F         4860.507     338 10397.015    239561.015   11036.450
102  PMB+F+I       4860.492     339 10398.983    240918.983   11040.310
103  PMB+F+G4      4697.520     339 10073.041    240593.041   10714.368
104  PMB+F+I+G4    4697.516     340 10075.032    241955.032   10718.251
105  HIVb          4891.295     319 10420.590    214580.590   11024.080
106  HIVb+I        4891.277     320 10422.554    215862.554   11027.937
107  HIVb+G4       4667.293     320 9974.586     215414.586   10579.968
108  HIVb+I+G4     4667.257     321 9976.514     216700.514   10583.788
109  HIVb+F        4929.297     338 10534.594    239698.594   11174.030
110  HIVb+F+I      4929.246     339 10536.491    241056.491   11177.818
111  HIVb+F+G4     4692.263     339 10062.526    240582.526   10703.853
112  HIVb+F+I+G4   4692.263     340 10064.526    241944.526   10707.745
113  HIVw          5108.818     319 10855.637    215015.637   11459.127
114  HIVw+I        5108.804     320 10857.609    216297.609   11462.991
115  HIVw+G4       4856.484     320 10352.968    215792.968   10958.350
116  HIVw+I+G4     4856.483     321 10354.967    217078.967   10962.241
117  HIVw+F        5101.771     338 10879.541    240043.541   11518.976
118  HIVw+F+I      5101.760     339 10881.519    241401.519   11522.846
119  HIVw+F+G4     4850.117     339 10378.233    240898.233   11019.560
120  HIVw+F+I+G4   4850.104     340 10380.209    242260.209   11023.428
121  JTTDCMut      4753.761     319 10145.522    214305.522   10749.013
122  JTTDCMut+I    4753.736     320 10147.473    215587.473   10752.855
123  JTTDCMut+G4   4586.690     320 9813.380     215253.380   10418.762
124  JTTDCMut+I+G4 4586.661     321 9815.323     216539.323   10422.597
125  JTTDCMut+F    4777.003     338 10230.006    239394.006   10869.441
126  JTTDCMut+F+I  4776.988     339 10231.977    240751.977   10873.304
127  JTTDCMut+F+G4 4602.745     339 9883.491     240403.491   10524.818
128  JTTDCMut+F+I+G4 4602.667     340 9885.333     241765.333   10528.552
129  FLU           4860.253     319 10358.506    214518.506   10961.996
130  FLU+I         4860.220     320 10360.440    215800.440   10965.822
131  FLU+G4        4633.226     320 9906.452     215346.452   10511.835
132  FLU+I+G4      4633.204     321 9908.409     216632.409   10515.683
133  FLU+F         4925.639     338 10527.278    239691.278   11166.714
134  FLU+F+I       4925.628     339 10529.255    241049.255   11170.582
135  FLU+F+G4      4672.338     339 10022.676    240542.676   10664.003
136  FLU+F+I+G4    4672.330     340 10024.660    241904.660   10667.879
137  Blosum62      4821.695     319 10281.390    214441.390   10884.880
138  Blosum62+I    4821.684     320 10283.367    215723.367   10888.750
139  Blosum62+G4   4658.107     320 9956.215     215396.215   10561.597
140  Blosum62+I+G4 4658.094     321 9958.189     216682.189   10565.463
141  Blosum62+F    4866.495     338 10408.990    239572.990   11048.426
142  Blosum62+F+I  4866.468     339 10410.936    240930.936   11052.263
143  Blosum62+F+G4 4698.245     339 10074.491    240594.491   10715.818
144  Blosum62+F+I+G4 4698.244     340 10076.488    241956.488   10719.707
145  mtMet         4989.970     319 10617.940    214777.940   11221.431
146  mtMet+I       4989.966     320 10619.933    216059.933   11225.315
147  mtMet+G4      4753.903     320 10147.805    215587.805   10753.188
148  mtMet+I+G4    4754.201     321 10150.401    216874.401   10757.676
149  mtMet+F       4837.034     338 10350.068    239514.068   10989.503
150  mtMet+F+I     4837.020     339 10352.039    240872.039   10993.366
151  mtMet+F+G4    4645.693     339 9969.387     240489.387   10610.714
152  mtMet+F+I+G4  4645.681     340 9971.362     241851.362   10614.581
153  mtVer         5089.164     319 10816.328    214976.328   11419.819
154  mtVer+I       5089.126     320 10818.251    216258.251   11423.634
155  mtVer+G4      4845.331     320 10330.663    215770.663   10936.045
156  mtVer+I+G4    4845.280     321 10332.559    217056.559   10939.834
157  mtVer+F       4888.011     338 10452.022    239616.022   11091.458
158  mtVer+F+I     4887.960     339 10453.921    240973.921   11095.248
159  mtVer+F+G4    4700.028     339 10078.056    240598.056   10719.383
160  mtVer+F+I+G4  4700.026     340 10080.051    241960.051   10723.270
161  mtInv         4985.203     319 10608.406    214768.406   11211.897
162  mtInv+I       4985.189     320 10610.378    216050.378   11215.760
163  mtInv+G4      4762.133     320 10164.266    215604.266   10769.649
164  mtInv+I+G4    4762.130     321 10166.260    216890.260   10773.534
165  mtInv+F       4811.690     338 10299.379    239463.379   10938.814
166  mtInv+F+I     4811.686     339 10301.372    240821.372   10942.699
167  mtInv+F+G4    4631.997     339 9941.994     240461.994   10583.321
168  mtInv+F+I+G4  4631.995     340 9943.990     241823.990   10587.209
Akaike Information Criterion:           LG+G4
Corrected Akaike Information Criterion: LG
Bayesian Information Criterion:         LG+G4
Best-fit model: LG+G4 chosen according to BIC

All model information printed to /Users/bushrakhan/Desktop/NIPGR-data/MADS-box-Evolutionary-gene-detection/Workflow_Step-by-Step/TASK_4/uploads/Cinnamomum_MADS_ML.model.gz
CPU time for ModelFinder: 72.516 seconds (0h:1m:12s)
Wall-clock time for ModelFinder: 78.232 seconds (0h:1m:18s)
Generating 1000 samples for ultrafast bootstrap (seed: 716078)...

NOTE: 7 MB RAM (0 GB) is required!
Measuring multi-threading efficiency up to 10 CPU cores
Increase to 10 rounds for branch lengths
21 trees examined
Threads: 1 / Time: 10.034 sec / Speedup: 1.000 / Efficiency: 100% / LogL: -8997
Threads: 2 / Time: 10.831 sec / Speedup: 0.926 / Efficiency: 46% / LogL: -8997
BEST NUMBER OF THREADS: 1

Estimate model parameters (epsilon = 0.100)
1. Initial log-likelihood: -4562.996
2. Current log-likelihood: -4559.635
Optimal log-likelihood: -4559.535
Gamma shape alpha: 1.317
Parameters optimization took 2 rounds (0.449 sec)
Computing ML distances based on estimated model parameters... 9.689 sec
WARNING: Some pairwise ML distances are too long (saturated)
Computing BIONJ tree...
0.020 seconds
Log-likelihood of BIONJ tree: -4595.656
--------------------------------------------------------------------
|             INITIALIZING CANDIDATE TREE SET                      |
--------------------------------------------------------------------
Generating 98 parsimony trees... 3.993 second
Computing log-likelihood of 98 initial trees ... 10.685 seconds
Current best score: -4512.457

Do NNI search on 20 best initial trees
Estimate model parameters (epsilon = 0.100)
BETTER TREE FOUND at iteration 1: -4477.295
Iteration 10 / LogL: -4510.175 / Time: 0h:1m:11s
Iteration 20 / LogL: -4513.319 / Time: 0h:1m:34s
Finish initializing candidate tree set (20)
Current best tree score: -4477.295 / CPU time: 62.061
Number of iterations: 20
--------------------------------------------------------------------
|               OPTIMIZING CANDIDATE TREE SET                      |
--------------------------------------------------------------------
Estimate model parameters (epsilon = 0.100)
BETTER TREE FOUND at iteration 23: -4474.425
Iteration 30 / LogL: -4476.232 / Time: 0h:1m:59s (0h:6m:21s left)
Estimate model parameters (epsilon = 0.100)
BETTER TREE FOUND at iteration 39: -4472.682
Iteration 40 / LogL: -4476.130 / Time: 0h:2m:21s (0h:5m:58s left)
Estimate model parameters (epsilon = 0.100)
BETTER TREE FOUND at iteration 46: -4471.823
Iteration 50 / LogL: -4474.386 / Time: 0h:2m:43s (0h:5m:19s left)
Log-likelihood cutoff on original alignment: -4523.194
Estimate model parameters (epsilon = 0.100)
BETTER TREE FOUND at iteration 51: -4470.112
Iteration 60 / LogL: -4470.541 / Time: 0h:3m:3s (0h:4m:43s left)
Estimate model parameters (epsilon = 0.100)
BETTER TREE FOUND at iteration 63: -4469.138
Iteration 70 / LogL: -4469.138 / Time: 0h:3m:25s (0h:4m:37s left)
Iteration 80 / LogL: -4471.534 / Time: 0h:3m:48s (0h:3m:59s left)
Iteration 90 / LogL: -4499.467 / Time: 0h:4m:9s (0h:3m:24s left)
Iteration 100 / LogL: -4480.997 / Time: 0h:4m:25s (0h:2m:49s left)
Log-likelihood cutoff on original alignment: -4523.194
NOTE: Bootstrap correlation coefficient of split occurrence frequencies: 0.987
NOTE: UFBoot does not converge, continue at least 100 more iterations
BETTER TREE FOUND at iteration 103: -4469.134
Estimate model parameters (epsilon = 0.100)
BETTER TREE FOUND at iteration 107: -4469.111
Iteration 110 / LogL: -4472.378 / Time: 0h:4m:43s (0h:4m:12s left)
Iteration 120 / LogL: -4471.915 / Time: 0h:4m:58s (0h:3m:38s left)
BETTER TREE FOUND at iteration 122: -4469.107
Estimate model parameters (epsilon = 0.100)
BETTER TREE FOUND at iteration 127: -4468.781
Iteration 130 / LogL: -4479.044 / Time: 0h:5m:14s (0h:3m:56s left)
Estimate model parameters (epsilon = 0.100)
BETTER TREE FOUND at iteration 131: -4468.308
Iteration 140 / LogL: -4469.263 / Time: 0h:5m:33s (0h:3m:38s left)
Iteration 150 / LogL: -4476.595 / Time: 0h:5m:50s (0h:3m:10s left)
Log-likelihood cutoff on original alignment: -4523.194
Estimate model parameters (epsilon = 0.100)
BETTER TREE FOUND at iteration 160: -4467.339
Iteration 160 / LogL: -4467.339 / Time: 0h:6m:7s (0h:3m:51s left)
Iteration 170 / LogL: -4470.957 / Time: 0h:6m:24s (0h:3m:24s left)
Iteration 180 / LogL: -4468.652 / Time: 0h:6m:40s (0h:2m:59s left)
Iteration 190 / LogL: -4485.540 / Time: 0h:6m:57s (0h:2m:34s left)
Estimate model parameters (epsilon = 0.100)
BETTER TREE FOUND at iteration 194: -4467.308
Iteration 200 / LogL: -4472.025 / Time: 0h:7m:13s (0h:3m:24s left)
Log-likelihood cutoff on original alignment: -4523.194
NOTE: Bootstrap correlation coefficient of split occurrence frequencies: 0.990
NOTE: UFBoot does not converge, continue at least 100 more iterations
BETTER TREE FOUND at iteration 208: -4467.307
Iteration 210 / LogL: -4492.136 / Time: 0h:7m:32s (0h:3m:32s left)
Iteration 220 / LogL: -4471.322 / Time: 0h:7m:50s (0h:3m:9s left)
Estimate model parameters (epsilon = 0.100)
BETTER TREE FOUND at iteration 224: -4466.500
Iteration 230 / LogL: -4482.118 / Time: 0h:8m:9s (0h:3m:20s left)
Estimate model parameters (epsilon = 0.100)
BETTER TREE FOUND at iteration 236: -4466.328
Estimate model parameters (epsilon = 0.100)
BETTER TREE FOUND at iteration 237: -4466.253
Iteration 240 / LogL: -4473.061 / Time: 0h:8m:26s (0h:3m:25s left)
Iteration 250 / LogL: -4469.274 / Time: 0h:8m:42s (0h:3m:2s left)
Log-likelihood cutoff on original alignment: -4523.194
Estimate model parameters (epsilon = 0.100)
BETTER TREE FOUND at iteration 260: -4466.009
Iteration 260 / LogL: -4466.009 / Time: 0h:9m:0s (0h:3m:28s left)
Iteration 270 / LogL: -4471.324 / Time: 0h:9m:17s (0h:3m:6s left)
Estimate model parameters (epsilon = 0.100)
BETTER TREE FOUND at iteration 277: -4465.923
Iteration 280 / LogL: -4486.579 / Time: 0h:9m:34s (0h:3m:19s left)
Estimate model parameters (epsilon = 0.100)
BETTER TREE FOUND at iteration 282: -4465.866
Estimate model parameters (epsilon = 0.100)
BETTER TREE FOUND at iteration 288: -4465.515
Iteration 290 / LogL: -4467.888 / Time: 0h:9m:52s (0h:3m:21s left)
Estimate model parameters (epsilon = 0.100)
BETTER TREE FOUND at iteration 300: -4465.316
Iteration 300 / LogL: -4465.316 / Time: 0h:10m:9s (0h:3m:23s left)
Log-likelihood cutoff on original alignment: -4523.194
NOTE: Bootstrap correlation coefficient of split occurrence frequencies: 0.986
NOTE: UFBoot does not converge, continue at least 100 more iterations
Iteration 310 / LogL: -4469.456 / Time: 0h:10m:26s (0h:3m:2s left)
Iteration 320 / LogL: -4466.675 / Time: 0h:10m:44s (0h:2m:41s left)
Iteration 330 / LogL: -4467.313 / Time: 0h:11m:0s (0h:2m:20s left)
Iteration 340 / LogL: -4471.533 / Time: 0h:11m:17s (0h:1m:59s left)
Estimate model parameters (epsilon = 0.100)
BETTER TREE FOUND at iteration 348: -4465.037
Iteration 350 / LogL: -4468.999 / Time: 0h:11m:34s (0h:3m:15s left)
Log-likelihood cutoff on original alignment: -4517.571
Iteration 360 / LogL: -4465.463 / Time: 0h:11m:52s (0h:2m:54s left)
Iteration 370 / LogL: -4468.268 / Time: 0h:12m:11s (0h:2m:34s left)
Iteration 380 / LogL: -4472.806 / Time: 0h:12m:29s (0h:2m:14s left)
Iteration 390 / LogL: -4469.079 / Time: 0h:12m:46s (0h:1m:54s left)
Estimate model parameters (epsilon = 0.100)
BETTER TREE FOUND at iteration 398: -4464.944
Iteration 400 / LogL: -4464.944 / Time: 0h:13m:2s (0h:3m:12s left)
Log-likelihood cutoff on original alignment: -4517.571
NOTE: Bootstrap correlation coefficient of split occurrence frequencies: 0.977
NOTE: UFBoot does not converge, continue at least 100 more iterations
Iteration 410 / LogL: -4465.869 / Time: 0h:13m:21s (0h:2m:56s left)
Estimate model parameters (epsilon = 0.100)
BETTER TREE FOUND at iteration 415: -4464.151
Iteration 420 / LogL: -4465.107 / Time: 0h:13m:38s (0h:3m:5s left)
Iteration 430 / LogL: -4492.290 / Time: 0h:13m:55s (0h:2m:45s left)
Iteration 440 / LogL: -4484.684 / Time: 0h:14m:11s (0h:2m:25s left)
Estimate model parameters (epsilon = 0.100)
BETTER TREE FOUND at iteration 448: -4464.121
Iteration 450 / LogL: -4470.032 / Time: 0h:14m:28s (0h:3m:9s left)
Log-likelihood cutoff on original alignment: -4517.571
Iteration 460 / LogL: -4468.202 / Time: 0h:14m:46s (0h:2m:49s left)
Iteration 470 / LogL: -4465.232 / Time: 0h:15m:5s (0h:2m:30s left)
Iteration 480 / LogL: -4465.424 / Time: 0h:15m:21s (0h:2m:10s left)
Iteration 490 / LogL: -4464.147 / Time: 0h:15m:40s (0h:1m:51s left)
Iteration 500 / LogL: -4464.996 / Time: 0h:15m:57s (0h:1m:32s left)
Log-likelihood cutoff on original alignment: -4517.571
NOTE: Bootstrap correlation coefficient of split occurrence frequencies: 0.977
NOTE: UFBoot does not converge, continue at least 100 more iterations
Iteration 510 / LogL: -4469.762 / Time: 0h:16m:15s (0h:2m:52s left)
Iteration 520 / LogL: -4465.250 / Time: 0h:16m:33s (0h:2m:33s left)
Iteration 530 / LogL: -4484.607 / Time: 0h:16m:49s (0h:2m:13s left)
Iteration 540 / LogL: -4465.757 / Time: 0h:17m:5s (0h:1m:54s left)
Iteration 550 / LogL: -4488.733 / Time: 0h:17m:23s (0h:1m:35s left)
Log-likelihood cutoff on original alignment: -4517.571
Iteration 560 / LogL: -4465.881 / Time: 0h:17m:41s (0h:1m:15s left)
Iteration 570 / LogL: -4470.182 / Time: 0h:17m:58s (0h:0m:56s left)
Iteration 580 / LogL: -4464.211 / Time: 0h:18m:14s (0h:0m:37s left)
UPDATE BEST LOG-LIKELIHOOD: -4464.121
Iteration 590 / LogL: -4464.121 / Time: 0h:18m:29s (0h:0m:18s left)
Iteration 600 / LogL: -4470.694 / Time: 0h:18m:43s (0h:0m:0s left)
Log-likelihood cutoff on original alignment: -4517.571
NOTE: Bootstrap correlation coefficient of split occurrence frequencies: 0.989
NOTE: UFBoot does not converge, continue at least 100 more iterations
Iteration 610 / LogL: -4470.931 / Time: 0h:18m:57s (0h:2m:48s left)
Iteration 620 / LogL: -4484.535 / Time: 0h:19m:10s (0h:2m:28s left)
Iteration 630 / LogL: -4482.282 / Time: 0h:19m:24s (0h:2m:9s left)
Iteration 640 / LogL: -4465.523 / Time: 0h:19m:38s (0h:1m:50s left)
Iteration 650 / LogL: -4465.108 / Time: 0h:19m:52s (0h:1m:31s left)
Log-likelihood cutoff on original alignment: -4517.571
Iteration 660 / LogL: -4480.427 / Time: 0h:20m:13s (0h:1m:13s left)
Iteration 670 / LogL: -4470.251 / Time: 0h:20m:36s (0h:0m:55s left)
Iteration 680 / LogL: -4467.736 / Time: 0h:21m:1s (0h:0m:37s left)
Iteration 690 / LogL: -4464.140 / Time: 0h:21m:24s (0h:0m:18s left)
Iteration 700 / LogL: -4467.580 / Time: 0h:21m:47s (0h:0m:0s left)
Log-likelihood cutoff on original alignment: -4517.571
NOTE: Bootstrap correlation coefficient of split occurrence frequencies: 0.993
TREE SEARCH COMPLETED AFTER 700 ITERATIONS / Time: 0h:21m:48s

--------------------------------------------------------------------
|                    FINALIZING TREE SEARCH                        |
--------------------------------------------------------------------
Performs final model parameters optimization
Estimate model parameters (epsilon = 0.010)
1. Initial log-likelihood: -4464.121
Optimal log-likelihood: -4464.121
Gamma shape alpha: 1.317
Parameters optimization took 1 rounds (0.158 sec)
BEST SCORE FOUND : -4464.121
Creating bootstrap support values...
Split supports printed to NEXUS file /Users/bushrakhan/Desktop/NIPGR-data/MADS-box-Evolutionary-gene-detection/Workflow_Step-by-Step/TASK_4/uploads/Cinnamomum_MADS_ML.splits.nex
Total tree length: 34.005

Total number of iterations: 700
CPU time used for tree search: 1260.012 sec (0h:21m:0s)
Wall-clock time used for tree search: 1276.048 sec (0h:21m:16s)
Total CPU time used: 1291.397 sec (0h:21m:31s)
Total wall-clock time used: 1309.925 sec (0h:21m:49s)

Computing bootstrap consensus tree...
Reading input file /Users/bushrakhan/Desktop/NIPGR-data/MADS-box-Evolutionary-gene-detection/Workflow_Step-by-Step/TASK_4/uploads/Cinnamomum_MADS_ML.splits.nex...
161 taxa and 1733 splits.
Consensus tree written to /Users/bushrakhan/Desktop/NIPGR-data/MADS-box-Evolutionary-gene-detection/Workflow_Step-by-Step/TASK_4/uploads/Cinnamomum_MADS_ML.contree
Reading input trees file /Users/bushrakhan/Desktop/NIPGR-data/MADS-box-Evolutionary-gene-detection/Workflow_Step-by-Step/TASK_4/uploads/Cinnamomum_MADS_ML.contree
Log-likelihood of consensus tree: -4464.121

Analysis results written to: 
  IQ-TREE report:                /Users/bushrakhan/Desktop/NIPGR-data/MADS-box-Evolutionary-gene-detection/Workflow_Step-by-Step/TASK_4/uploads/Cinnamomum_MADS_ML.iqtree
  Maximum-likelihood tree:       /Users/bushrakhan/Desktop/NIPGR-data/MADS-box-Evolutionary-gene-detection/Workflow_Step-by-Step/TASK_4/uploads/Cinnamomum_MADS_ML.treefile
  Likelihood distances:          /Users/bushrakhan/Desktop/NIPGR-data/MADS-box-Evolutionary-gene-detection/Workflow_Step-by-Step/TASK_4/uploads/Cinnamomum_MADS_ML.mldist

Ultrafast bootstrap approximation results written to:
  Split support values:          /Users/bushrakhan/Desktop/NIPGR-data/MADS-box-Evolutionary-gene-detection/Workflow_Step-by-Step/TASK_4/uploads/Cinnamomum_MADS_ML.splits.nex
  Consensus tree:                /Users/bushrakhan/Desktop/NIPGR-data/MADS-box-Evolutionary-gene-detection/Workflow_Step-by-Step/TASK_4/uploads/Cinnamomum_MADS_ML.contree
  Screen log file:               /Users/bushrakhan/Desktop/NIPGR-data/MADS-box-Evolutionary-gene-detection/Workflow_Step-by-Step/TASK_4/uploads/Cinnamomum_MADS_ML.log

Date and Time: Sat Apr  4 00:25:55 2026
