IQ-TREE multicore version 1.6.12 for Mac OS X 64-bit built Aug 15 2019
Developed by Bui Quang Minh, Nguyen Lam Tung, Olga Chernomor,
Heiko Schmidt, Dominik Schrempf, Michael Woodhams.

Host:    Bushras-MacBook-Air.local (SSE4.2, 16 GB RAM)
Command: /Users/bushrakhan/Desktop/NIPGR-data/MADS-box-Evolutionary-gene-detection/bin/iqtree -s /Users/bushrakhan/Desktop/NIPGR-data/MADS-box-Evolutionary-gene-detection/Workflow_Step-by-Step/TASK_4/uploads/Cinnamomum_Kbox_Aligned.fa -nt AUTO -m TEST -bb 1000 -pre /Users/bushrakhan/Desktop/NIPGR-data/MADS-box-Evolutionary-gene-detection/Workflow_Step-by-Step/TASK_4/uploads/Cinnamomum_Kbox_ML
Seed:    716249 (Using SPRNG - Scalable Parallel Random Number Generator)
Time:    Sat Apr  4 00:02:45 2026
Kernel:  SSE2 - auto-detect threads (10 CPU cores detected)

Reading alignment file /Users/bushrakhan/Desktop/NIPGR-data/MADS-box-Evolutionary-gene-detection/Workflow_Step-by-Step/TASK_4/uploads/Cinnamomum_Kbox_Aligned.fa ... Fasta format detected
Alignment most likely contains protein sequences
Alignment has 139 sequences with 108 columns, 107 distinct patterns
87 parsimony-informative, 4 singleton sites, 17 constant sites
WARNING: Some sequence names are changed as follows:
AT1G69120.1|PACid:19653480_85_172 -> AT1G69120.1_PACid_19653480_85_172
AT1G26310.1|PACid:19650942_85_174 -> AT1G26310.1_PACid_19650942_85_174
AT5G60910.2|PACid:19670615_23_110 -> AT5G60910.2_PACid_19670615_23_110
AT5G60910.1|PACid:19670614_85_172 -> AT5G60910.1_PACid_19670614_85_172
AT2G45650.1|PACid:19638787_83_170 -> AT2G45650.1_PACid_19638787_83_170
AT3G58780.2|PACid:19662660_93_179 -> AT3G58780.2_PACid_19662660_93_179
AT3G58780.1|PACid:19662659_100_186 -> AT3G58780.1_PACid_19662659_100_186
AT3G58780.3|PACid:19662658_125_211 -> AT3G58780.3_PACid_19662658_125_211
AT4G18960.1|PACid:19647337_102_187 -> AT4G18960.1_PACid_19647337_102_187
AT4G18960.2|PACid:19647338_88_173 -> AT4G18960.2_PACid_19647338_88_173
AT2G45660.1|PACid:19641052_83_171 -> AT2G45660.1_PACid_19641052_83_171
AT2G42830.1|PACid:19643528_100_186 -> AT2G42830.1_PACid_19643528_100_186
AT5G15800.1|PACid:19670123_84_172 -> AT5G15800.1_PACid_19670123_84_172
AT5G15800.2|PACid:19670122_84_172 -> AT5G15800.2_PACid_19670122_84_172
AT4G09960.1|PACid:19648309_86_171 -> AT4G09960.1_PACid_19648309_86_171
AT4G37940.1|PACid:19644309_83_171 -> AT4G37940.1_PACid_19644309_83_171
AT4G37940.1|PACid:19644309_159_183 -> AT4G37940.1_PACid_19644309_159_183
AT4G09960.3|PACid:19648307_112_197 -> AT4G09960.3_PACid_19648307_112_197
AT1G24260.2|PACid:19651403_93_175 -> AT1G24260.2_PACid_19651403_93_175
AT3G02310.1|PACid:19661943_84_172 -> AT3G02310.1_PACid_19661943_84_172
AT2G42830.2|PACid:19643527_100_188 -> AT2G42830.2_PACid_19643527_100_188
AT1G24260.1|PACid:19651404_92_174 -> AT1G24260.1_PACid_19651404_92_174
AT4G22950.1|PACid:19647692_83_169 -> AT4G22950.1_PACid_19647692_83_169
AT3G57230.1|PACid:19665060_82_170 -> AT3G57230.1_PACid_19665060_82_170
AT3G57230.1|PACid:19665060_165_184 -> AT3G57230.1_PACid_19665060_165_184
AT3G61120.1|PACid:19662463_85_168 -> AT3G61120.1_PACid_19662463_85_168
AT2G14210.1|PACid:19638394_83_170 -> AT2G14210.1_PACid_19638394_83_170
AT2G14210.1|PACid:19638394_170_185 -> AT2G14210.1_PACid_19638394_170_185
AT2G03710.3|PACid:19640310_85_172 -> AT2G03710.3_PACid_19640310_85_172
AT2G22630.1|PACid:19642313_83_171 -> AT2G22630.1_PACid_19642313_83_171
AT2G22630.1|PACid:19642313_165_183 -> AT2G22630.1_PACid_19642313_165_183
AT2G03710.2|PACid:19640309_85_173 -> AT2G03710.2_PACid_19640309_85_173
AT2G03710.1|PACid:19640308_85_173 -> AT2G03710.1_PACid_19640308_85_173
AT4G11880.1|PACid:19643844_84_171 -> AT4G11880.1_PACid_19643844_84_171
AT4G09960.4|PACid:19648308_86_175 -> AT4G09960.4_PACid_19648308_86_175
AT3G30260.1|PACid:19662130_87_171 -> AT3G30260.1_PACid_19662130_87_171
AT5G62165.1|PACid:19672595_84_170 -> AT5G62165.1_PACid_19672595_84_170
AT5G62165.2|PACid:19672596_84_170 -> AT5G62165.2_PACid_19672596_84_170
AT5G62165.3|PACid:19672597_84_170 -> AT5G62165.3_PACid_19672597_84_170
AT1G24260.3|PACid:19651405_93_160 -> AT1G24260.3_PACid_19651405_93_160
AT5G51870.1|PACid:19672300_88_172 -> AT5G51870.1_PACid_19672300_88_172
AT5G51870.3|PACid:19672299_88_171 -> AT5G51870.3_PACid_19672299_88_171
AT5G23260.2|PACid:19667542_82_170 -> AT5G23260.2_PACid_19667542_82_170
AT5G13790.1|PACid:19669343_75_165 -> AT5G13790.1_PACid_19669343_75_165
AT5G51860.2|PACid:19671372_89_172 -> AT5G51860.2_PACid_19671372_89_172
AT1G71692.1|PACid:19653064_99_180 -> AT1G71692.1_PACid_19653064_99_180
AT5G51860.1|PACid:19671371_89_171 -> AT5G51860.1_PACid_19671371_89_171
AT4G09960.2|PACid:19648310_86_165 -> AT4G09960.2_PACid_19648310_86_165
AT5G62165.5|PACid:19672599_43_117 -> AT5G62165.5_PACid_19672599_43_117
AT4G24540.1|PACid:19648389_91_172 -> AT4G24540.1_PACid_19648389_91_172
AT3G57390.2|PACid:19659473_34_118 -> AT3G57390.2_PACid_19659473_34_118
AT3G57390.1|PACid:19659472_95_179 -> AT3G57390.1_PACid_19659472_95_179
AT2G22540.2|PACid:19641564_87_165 -> AT2G22540.2_PACid_19641564_87_165
AT2G22540.1|PACid:19641563_92_170 -> AT2G22540.1_PACid_19641563_92_170
AT2G22540.1|PACid:19641563_166_184 -> AT2G22540.1_PACid_19641563_166_184
AT3G54340.1|PACid:19659884_81_168 -> AT3G54340.1_PACid_19659884_81_168
AT5G20240.1|PACid:19673101_81_164 -> AT5G20240.1_PACid_19673101_81_164
AT3G57230.2|PACid:19665061_106_169 -> AT3G57230.2_PACid_19665061_106_169
AT3G57230.2|PACid:19665061_164_183 -> AT3G57230.2_PACid_19665061_164_183
AT5G51870.2|PACid:19672301_88_148 -> AT5G51870.2_PACid_19672301_88_148
AT5G23260.1|PACid:19667543_82_165 -> AT5G23260.1_PACid_19667543_82_165
AT5G62165.4|PACid:19672598_84_157 -> AT5G62165.4_PACid_19672598_84_157
AT5G23260.3|PACid:19667544_82_152 -> AT5G23260.3_PACid_19667544_82_152
AT5G10140.2|PACid:19672042_89_164 -> AT5G10140.2_PACid_19672042_89_164
AT5G10140.1|PACid:19672039_89_164 -> AT5G10140.1_PACid_19672039_89_164
AT5G10140.3|PACid:19672040_89_164 -> AT5G10140.3_PACid_19672040_89_164
AT2G41470.1|PACid:19641817_21_83 -> AT2G41470.1_PACid_19641817_21_83
AT2G41470.1|PACid:19641817_120_196 -> AT2G41470.1_PACid_19641817_120_196
AT2G41470.1|PACid:19641817_249_309 -> AT2G41470.1_PACid_19641817_249_309
AT2G41470.1|PACid:19641817_355_410 -> AT2G41470.1_PACid_19641817_355_410
AT1G77080.2|PACid:19652599_93_160 -> AT1G77080.2_PACid_19652599_93_160
AT1G77080.5|PACid:19652600_96_164 -> AT1G77080.5_PACid_19652600_96_164
AT5G65060.1|PACid:19668928_96_164 -> AT5G65060.1_PACid_19668928_96_164
AT1G77080.4|PACid:19652598_96_164 -> AT1G77080.4_PACid_19652598_96_164
AT5G65050.2|PACid:19667307_98_164 -> AT5G65050.2_PACid_19667307_98_164
AT5G65080.1|PACid:19670372_101_170 -> AT5G65080.1_PACid_19670372_101_170
AT5G65050.3|PACid:19667305_98_164 -> AT5G65050.3_PACid_19667305_98_164
AT5G65080.2|PACid:19670373_93_162 -> AT5G65080.2_PACid_19670373_93_162
AT5G65060.2|PACid:19668929_102_153 -> AT5G65060.2_PACid_19668929_102_153
AT5G65070.2|PACid:19666741_141_195 -> AT5G65070.2_PACid_19666741_141_195
AT5G65070.1|PACid:19666742_110_164 -> AT5G65070.1_PACid_19666742_110_164
AT5G65070.3|PACid:19666740_142_196 -> AT5G65070.3_PACid_19666740_142_196
AT5G10140.4|PACid:19672041_90_154 -> AT5G10140.4_PACid_19672041_90_154
AT1G77080.3|PACid:19652601_82_126 -> AT1G77080.3_PACid_19652601_82_126
AT1G31150.1|PACid:19651250_574_639 -> AT1G31150.1_PACid_19651250_574_639
AT5G65050.1|PACid:19667306_98_149 -> AT5G65050.1_PACid_19667306_98_149
AT1G31140.2|PACid:19657777_95_158 -> AT1G31140.2_PACid_19657777_95_158
AT1G31140.1|PACid:19657778_95_156 -> AT1G31140.1_PACid_19657778_95_156
AT2G41445.1|PACid:19641714_37_93 -> AT2G41445.1_PACid_19641714_37_93
AT2G41445.1|PACid:19641714_149_217 -> AT2G41445.1_PACid_19641714_149_217
AT1G77950.1|PACid:19656697_125_198 -> AT1G77950.1_PACid_19656697_125_198
AT1G77950.2|PACid:19656698_125_198 -> AT1G77950.2_PACid_19656698_125_198
AT1G22130.1|PACid:19651829_125_192 -> AT1G22130.1_PACid_19651829_125_192
AT1G77980.1|PACid:19650219_124_189 -> AT1G77980.1_PACid_19650219_124_189
AT2G41440.1|PACid:19638798_42_120 -> AT2G41440.1_PACid_19638798_42_120
AT2G41440.1|PACid:19638798_151_202 -> AT2G41440.1_PACid_19638798_151_202
AT2G41440.2|PACid:19638799_33_84 -> AT2G41440.2_PACid_19638799_33_84
AT1G69540.1|PACid:19658298_146_182 -> AT1G69540.1_PACid_19658298_146_182
AT1G59810.1|PACid:19650751_99_152 -> AT1G59810.1_PACid_19650751_99_152
AT2G03060.2|PACid:19640478_88_99 -> AT2G03060.2_PACid_19640478_88_99
AT2G03060.2|PACid:19640478_114_176 -> AT2G03060.2_PACid_19640478_114_176
AT4G27630.1|PACid:19644925_67_96 -> AT4G27630.1_PACid_19644925_67_96
AT4G27630.1|PACid:19644925_136_162 -> AT4G27630.1_PACid_19644925_136_162
AT2G11620.1|PACid:19641263_210_250 -> AT2G11620.1_PACid_19641263_210_250
AT2G11620.1|PACid:19641263_324_348 -> AT2G11620.1_PACid_19641263_324_348
AT2G11620.1|PACid:19641263_364_388 -> AT2G11620.1_PACid_19641263_364_388
AT2G11620.1|PACid:19641263_406_426 -> AT2G11620.1_PACid_19641263_406_426
AT2G11620.1|PACid:19641263_442_465 -> AT2G11620.1_PACid_19641263_442_465

                                    Gap/Ambiguity  Composition  p-value
   1  CKAN_01848800_Kbox                   17.59%    passed     89.89%
   2  CKAN_02189300_Kbox                   17.59%    passed     53.84%
   3  CKAN_00958900_Kbox                   19.44%    passed     68.44%
   4  CKAN_01942500_Kbox                   18.52%    passed     89.92%
   5  CKAN_02562300_Kbox                   20.37%    passed     67.82%
   6  CKAN_01533600_Kbox                   19.44%    passed     87.21%
   7  CKAN_01821800_Kbox                   19.44%    passed     96.28%
   8  CKAN_00958800_Kbox                   18.52%    passed     77.45%
   9  CKAN_00109600_Kbox                   22.22%    passed     69.60%
  10  CKAN_00283400_Kbox                   18.52%    passed     84.78%
  11  CKAN_01046400_Kbox                   19.44%    failed      4.39%
  12  CKAN_01596700_Kbox                   20.37%    passed     77.77%
  13  CKAN_01065400_Kbox                   26.85%    passed     65.43%
  14  CKAN_01352300_Kbox                   23.15%    failed      4.72%
  15  CKAN_02109000_Kbox                   24.07%    passed     67.14%
  16  CKAN_00566000_Kbox                   45.37%    passed     96.17%
  17  CKAN_02199500_Kbox                   23.15%    passed     85.14%
  18  CKAN_02742500_Kbox                   34.26%    passed     56.90%
  19  CKAN_00565900_Kbox                   33.33%    passed     59.52%
  20  CKAN_02117700_Kbox                   23.15%    passed     95.44%
  21  CKAN_02189800_Kbox                   18.52%    passed     29.88%
  22  CKAN_02189500_Kbox                   18.52%    passed     29.88%
  23  CKAN_01290200_Kbox                   28.70%    passed     78.98%
  24  CKAN_01906900_Kbox                   50.93%    passed     64.47%
  25  CKAN_01942000_Kbox                   50.93%    passed     27.52%
  26  CKAN_01894500_Kbox                   34.26%    passed     71.23%
  27  CKAN_02447300_Kbox                   21.30%    passed     91.37%
  28  CKAN_02317200_Kbox                   71.30%    passed     68.76%
  29  CKAN_01187700_Kbox                   74.07%    passed     39.33%
  30  CKAN_00861800_Kbox                   75.00%    passed     68.78%
  31  CKAN_02197200_Kbox                   37.96%    passed     72.75%
  32  AT1G69120.1_PACid_19653480_85_172    44.44%    passed     82.89%
  33  AT1G26310.1_PACid_19650942_85_174    44.44%    passed     94.60%
  34  AT5G60910.2_PACid_19670615_23_110    44.44%    passed     71.42%
  35  AT5G60910.1_PACid_19670614_85_172    44.44%    passed     71.42%
  36  AT2G45650.1_PACid_19638787_83_170    44.44%    passed     16.06%
  37  AT3G58780.2_PACid_19662660_93_179    44.44%    passed     65.04%
  38  AT3G58780.1_PACid_19662659_100_186   44.44%    passed     65.04%
  39  AT3G58780.3_PACid_19662658_125_211   44.44%    passed     65.04%
  40  AT4G18960.1_PACid_19647337_102_187   44.44%    passed     35.51%
  41  AT4G18960.2_PACid_19647338_88_173    44.44%    passed     35.51%
  42  AT2G45660.1_PACid_19641052_83_171    44.44%    passed     44.05%
  43  AT2G42830.1_PACid_19643528_100_186   44.44%    passed     88.18%
  44  AT5G15800.1_PACid_19670123_84_172    44.44%    passed     31.09%
  45  AT5G15800.2_PACid_19670122_84_172    44.44%    passed     31.09%
  46  AT4G09960.1_PACid_19648309_86_171    44.44%    passed     75.29%
  47  AT4G37940.1_PACid_19644309_83_171    44.44%    passed     58.77%
  48  AT4G37940.1_PACid_19644309_159_183   76.85%    passed     91.69%
  49  AT4G09960.3_PACid_19648307_112_197   44.44%    passed     75.29%
  50  AT1G24260.2_PACid_19651403_93_175    44.44%    passed     78.34%
  51  AT3G02310.1_PACid_19661943_84_172    44.44%    passed     27.15%
  52  AT2G42830.2_PACid_19643527_100_188   44.44%    passed     88.18%
  53  AT1G24260.1_PACid_19651404_92_174    44.44%    passed     78.34%
  54  AT4G22950.1_PACid_19647692_83_169    44.44%    passed     84.11%
  55  AT3G57230.1_PACid_19665060_82_170    44.44%    passed     79.34%
  56  AT3G57230.1_PACid_19665060_165_184   81.48%    passed     15.37%
  57  AT3G61120.1_PACid_19662463_85_168    44.44%    passed     68.07%
  58  AT2G14210.1_PACid_19638394_83_170    44.44%    passed     91.39%
  59  AT2G14210.1_PACid_19638394_170_185   85.19%    passed     32.14%
  60  AT2G03710.3_PACid_19640310_85_172    44.44%    passed     94.75%
  61  AT2G22630.1_PACid_19642313_83_171    44.44%    passed     95.60%
  62  AT2G22630.1_PACid_19642313_165_183   82.41%    passed     95.80%
  63  AT2G03710.2_PACid_19640309_85_173    44.44%    passed     94.75%
  64  AT2G03710.1_PACid_19640308_85_173    44.44%    passed     94.75%
  65  AT4G11880.1_PACid_19643844_84_171    44.44%    passed     96.45%
  66  AT4G09960.4_PACid_19648308_86_175    44.44%    passed     75.29%
  67  AT3G30260.1_PACid_19662130_87_171    44.44%    passed     56.90%
  68  AT5G62165.1_PACid_19672595_84_170    44.44%    passed     81.37%
  69  AT5G62165.2_PACid_19672596_84_170    44.44%    passed     81.37%
  70  AT5G62165.3_PACid_19672597_84_170    44.44%    passed     81.37%
  71  AT1G24260.3_PACid_19651405_93_160    44.44%    passed     78.34%
  72  AT5G51870.1_PACid_19672300_88_172    44.44%    passed     94.59%
  73  AT5G51870.3_PACid_19672299_88_171    44.44%    passed     94.59%
  74  AT5G23260.2_PACid_19667542_82_170    44.44%    failed      0.15%
  75  AT5G13790.1_PACid_19669343_75_165    44.44%    passed     97.36%
  76  AT5G51860.2_PACid_19671372_89_172    44.44%    passed     44.83%
  77  AT1G71692.1_PACid_19653064_99_180    44.44%    passed     21.94%
  78  AT5G51860.1_PACid_19671371_89_171    44.44%    passed     44.83%
  79  AT4G09960.2_PACid_19648310_86_165    44.44%    passed     57.93%
  80  AT5G62165.5_PACid_19672599_43_117    44.44%    passed     39.32%
  81  AT4G24540.1_PACid_19648389_91_172    44.44%    passed     41.15%
  82  AT3G57390.2_PACid_19659473_34_118    44.44%    passed     99.66%
  83  AT3G57390.1_PACid_19659472_95_179    44.44%    passed     99.66%
  84  AT2G22540.2_PACid_19641564_87_165    44.44%    passed     86.61%
  85  AT2G22540.1_PACid_19641563_92_170    44.44%    passed     86.61%
  86  AT2G22540.1_PACid_19641563_166_184   82.41%    passed     49.13%
  87  AT3G54340.1_PACid_19659884_81_168    44.44%    passed     29.54%
  88  AT5G20240.1_PACid_19673101_81_164    44.44%    passed     25.75%
  89  AT3G57230.2_PACid_19665061_106_169   44.44%    passed     60.88%
  90  AT3G57230.2_PACid_19665061_164_183   81.48%    passed     15.37%
  91  AT5G51870.2_PACid_19672301_88_148    44.44%    passed     70.87%
  92  AT5G23260.1_PACid_19667543_82_165    44.44%    failed      0.15%
  93  AT5G62165.4_PACid_19672598_84_157    44.44%    passed     82.41%
  94  AT5G23260.3_PACid_19667544_82_152    44.44%    failed      0.15%
  95  AT5G10140.2_PACid_19672042_89_164    44.44%    passed     30.65%
  96  AT5G10140.1_PACid_19672039_89_164    44.44%    passed     30.65%
  97  AT5G10140.3_PACid_19672040_89_164    44.44%    passed     30.65%
  98  AT2G41470.1_PACid_19641817_21_83     44.44%    passed     29.93%
  99  AT2G41470.1_PACid_19641817_120_196   44.44%    passed     27.06%
 100  AT2G41470.1_PACid_19641817_249_309   44.44%    passed     76.32%
 101  AT2G41470.1_PACid_19641817_355_410   48.15%    failed      0.18%
 102  AT1G77080.2_PACid_19652599_93_160    44.44%    passed     63.66%
 103  AT1G77080.5_PACid_19652600_96_164    44.44%    passed     70.02%
 104  AT5G65060.1_PACid_19668928_96_164    44.44%    passed     55.87%
 105  AT1G77080.4_PACid_19652598_96_164    44.44%    passed     70.02%
 106  AT5G65050.2_PACid_19667307_98_164    44.44%    passed     60.56%
 107  AT5G65080.1_PACid_19670372_101_170   44.44%    passed     85.15%
 108  AT5G65050.3_PACid_19667305_98_164    44.44%    passed     60.56%
 109  AT5G65080.2_PACid_19670373_93_162    44.44%    passed     85.15%
 110  AT5G65060.2_PACid_19668929_102_153   51.85%    passed     76.95%
 111  AT5G65070.2_PACid_19666741_141_195   49.07%    passed     84.53%
 112  AT5G65070.1_PACid_19666742_110_164   49.07%    passed     84.53%
 113  AT5G65070.3_PACid_19666740_142_196   49.07%    passed     84.53%
 114  AT5G10140.4_PACid_19672041_90_154    44.44%    passed     31.40%
 115  AT1G77080.3_PACid_19652601_82_126    58.33%    passed     34.95%
 116  AT1G31150.1_PACid_19651250_574_639   44.44%    passed     65.01%
 117  AT5G65050.1_PACid_19667306_98_149    51.85%    passed     53.28%
 118  AT1G31140.2_PACid_19657777_95_158    44.44%    passed     79.00%
 119  AT1G31140.1_PACid_19657778_95_156    44.44%    passed     62.27%
 120  AT2G41445.1_PACid_19641714_37_93     47.22%    passed     59.22%
 121  AT2G41445.1_PACid_19641714_149_217   44.44%    passed      6.76%
 122  AT1G77950.1_PACid_19656697_125_198   44.44%    passed     10.56%
 123  AT1G77950.2_PACid_19656698_125_198   44.44%    passed     10.56%
 124  AT1G22130.1_PACid_19651829_125_192   44.44%    passed      6.76%
 125  AT1G77980.1_PACid_19650219_124_189   44.44%    passed     11.57%
 126  AT2G41440.1_PACid_19638798_42_120    44.44%    passed     88.89%
 127  AT2G41440.1_PACid_19638798_151_202   51.85%    failed      2.09%
 128  AT2G41440.2_PACid_19638799_33_84     51.85%    failed      2.09%
 129  AT1G69540.1_PACid_19658298_146_182   65.74%    passed     12.89%
 130  AT1G59810.1_PACid_19650751_99_152    50.00%    passed     69.44%
 131  AT2G03060.2_PACid_19640478_88_99     88.89%    passed     56.50%
 132  AT2G03060.2_PACid_19640478_114_176   44.44%    passed     54.93%
 133  AT4G27630.1_PACid_19644925_67_96     72.22%    passed     10.22%
 134  AT4G27630.1_PACid_19644925_136_162   75.00%    passed     92.52%
 135  AT2G11620.1_PACid_19641263_210_250   62.04%    failed      0.00%
 136  AT2G11620.1_PACid_19641263_324_348   76.85%    failed      0.01%
 137  AT2G11620.1_PACid_19641263_364_388   76.85%    passed     30.15%
 138  AT2G11620.1_PACid_19641263_406_426   80.56%    passed     27.18%
 139  AT2G11620.1_PACid_19641263_442_465   77.78%    failed      4.66%
WARNING: 25 sequences contain more than 50% gaps/ambiguity
****  TOTAL                                45.43%  11 sequences failed composition chi2 test (p-value<5%; df=19)
NOTE: CKAN_02189500_Kbox is identical to CKAN_02189800_Kbox but kept for subsequent analysis
NOTE: AT5G60910.1_PACid_19670614_85_172 is identical to AT5G60910.2_PACid_19670615_23_110 but kept for subsequent analysis
NOTE: AT3G58780.1_PACid_19662659_100_186 is identical to AT3G58780.2_PACid_19662660_93_179 but kept for subsequent analysis
NOTE: AT4G18960.2_PACid_19647338_88_173 is identical to AT4G18960.1_PACid_19647337_102_187 but kept for subsequent analysis
NOTE: AT2G42830.2_PACid_19643527_100_188 is identical to AT2G42830.1_PACid_19643528_100_186 but kept for subsequent analysis
NOTE: AT5G15800.2_PACid_19670122_84_172 is identical to AT5G15800.1_PACid_19670123_84_172 but kept for subsequent analysis
NOTE: AT4G09960.3_PACid_19648307_112_197 is identical to AT4G09960.1_PACid_19648309_86_171 but kept for subsequent analysis
NOTE: AT1G24260.1_PACid_19651404_92_174 is identical to AT1G24260.2_PACid_19651403_93_175 but kept for subsequent analysis
NOTE: AT3G57230.2_PACid_19665061_164_183 is identical to AT3G57230.1_PACid_19665060_165_184 but kept for subsequent analysis
NOTE: AT2G03710.2_PACid_19640309_85_173 is identical to AT2G03710.3_PACid_19640310_85_172 but kept for subsequent analysis
NOTE: AT5G62165.2_PACid_19672596_84_170 is identical to AT5G62165.1_PACid_19672595_84_170 but kept for subsequent analysis
NOTE: AT5G51870.3_PACid_19672299_88_171 is identical to AT5G51870.1_PACid_19672300_88_172 but kept for subsequent analysis
NOTE: AT5G23260.1_PACid_19667543_82_165 is identical to AT5G23260.2_PACid_19667542_82_170 but kept for subsequent analysis
NOTE: AT5G51860.1_PACid_19671371_89_171 is identical to AT5G51860.2_PACid_19671372_89_172 but kept for subsequent analysis
NOTE: AT3G57390.1_PACid_19659472_95_179 is identical to AT3G57390.2_PACid_19659473_34_118 but kept for subsequent analysis
NOTE: AT2G22540.1_PACid_19641563_92_170 is identical to AT2G22540.2_PACid_19641564_87_165 but kept for subsequent analysis
NOTE: AT5G10140.1_PACid_19672039_89_164 is identical to AT5G10140.2_PACid_19672042_89_164 but kept for subsequent analysis
NOTE: AT1G77080.4_PACid_19652598_96_164 is identical to AT1G77080.5_PACid_19652600_96_164 but kept for subsequent analysis
NOTE: AT5G65050.3_PACid_19667305_98_164 is identical to AT5G65050.2_PACid_19667307_98_164 but kept for subsequent analysis
NOTE: AT5G65080.2_PACid_19670373_93_162 is identical to AT5G65080.1_PACid_19670372_101_170 but kept for subsequent analysis
NOTE: AT5G65070.1_PACid_19666742_110_164 is identical to AT5G65070.2_PACid_19666741_141_195 but kept for subsequent analysis
NOTE: AT1G77950.2_PACid_19656698_125_198 is identical to AT1G77950.1_PACid_19656697_125_198 but kept for subsequent analysis
NOTE: AT2G41440.2_PACid_19638799_33_84 is identical to AT2G41440.1_PACid_19638798_151_202 but kept for subsequent analysis
NOTE: 8 identical sequences (see below) will be ignored for subsequent analysis
NOTE: AT3G58780.3_PACid_19662658_125_211 (identical to AT3G58780.2_PACid_19662660_93_179) is ignored but added at the end
NOTE: AT4G09960.4_PACid_19648308_86_175 (identical to AT4G09960.1_PACid_19648309_86_171) is ignored but added at the end
NOTE: AT1G24260.3_PACid_19651405_93_160 (identical to AT1G24260.2_PACid_19651403_93_175) is ignored but added at the end
NOTE: AT2G03710.1_PACid_19640308_85_173 (identical to AT2G03710.3_PACid_19640310_85_172) is ignored but added at the end
NOTE: AT5G62165.3_PACid_19672597_84_170 (identical to AT5G62165.1_PACid_19672595_84_170) is ignored but added at the end
NOTE: AT5G23260.3_PACid_19667544_82_152 (identical to AT5G23260.2_PACid_19667542_82_170) is ignored but added at the end
NOTE: AT5G10140.3_PACid_19672040_89_164 (identical to AT5G10140.2_PACid_19672042_89_164) is ignored but added at the end
NOTE: AT5G65070.3_PACid_19666740_142_196 (identical to AT5G65070.2_PACid_19666741_141_195) is ignored but added at the end

For your convenience alignment with unique sequences printed to /Users/bushrakhan/Desktop/NIPGR-data/MADS-box-Evolutionary-gene-detection/Workflow_Step-by-Step/TASK_4/uploads/Cinnamomum_Kbox_ML.uniqueseq.phy


Create initial parsimony tree by phylogenetic likelihood library (PLL)... 0.036 seconds
NOTE: ModelFinder requires 10 MB RAM!
ModelFinder will test 168 protein models (sample size: 108) ...
 No. Model         -LnL         df  AIC          AICc         BIC
Measuring multi-threading efficiency up to 10 CPU cores
Increase to 10 rounds for branch lengths
50 trees examined
Threads: 1 / Time: 10.020 sec / Speedup: 1.000 / Efficiency: 100% / LogL: -16447
Threads: 2 / Time: 9.631 sec / Speedup: 1.040 / Efficiency: 52% / LogL: -16447
Threads: 3 / Time: 16.480 sec / Speedup: 0.608 / Efficiency: 20% / LogL: -16447
BEST NUMBER OF THREADS: 1

  1  Dayhoff       9259.971     259 19037.942    153717.942   19732.614
  2  Dayhoff+I     9259.958     260 19039.915    154759.915   19737.269
  3  Dayhoff+G4    9146.375     260 18812.749    154532.749   19510.103
  4  Dayhoff+I+G4  9146.398     261 18814.797    155578.797   19514.833
  5  Dayhoff+F     9266.451     278 19088.902    174212.902   19834.534
  6  Dayhoff+F+I   9266.416     279 19090.832    175330.832   19839.146
  7  Dayhoff+F+G4  9146.994     279 18851.988    175091.988   19600.303
  8  Dayhoff+F+I+G4 9146.955     280 18853.910    176213.910   19604.907
  9  mtMAM         9834.622     259 20187.244    154867.244   20881.916
 10  mtMAM+I       9834.591     260 20189.183    155909.183   20886.537
 11  mtMAM+G4      9559.784     260 19639.568    155359.568   20336.922
 12  mtMAM+I+G4    9559.764     261 19641.527    156405.527   20341.563
 13  mtMAM+F       9456.883     278 19469.765    174593.765   20215.398
 14  mtMAM+F+I     9456.834     279 19471.667    175711.667   20219.982
 15  mtMAM+F+G4    9309.131     279 19176.262    175416.262   19924.577
 16  mtMAM+F+I+G4  9309.100     280 19178.199    176538.199   19929.196
 17  JTT           9154.507     259 18827.014    153507.014   19521.686
 18  JTT+I         9154.468     260 18828.936    154548.936   19526.290
 19  JTT+G4        9041.788     260 18603.576    154323.576   19300.930
 20  JTT+I+G4      9041.788     261 18605.576    155369.576   19305.613
 21  JTT+F         9152.822     278 18861.644    173985.644   19607.277
 22  JTT+F+I       9152.802     279 18863.605    175103.605   19611.919
 23  JTT+F+G4      9037.403     279 18632.805    174872.805   19381.120
 24  JTT+F+I+G4    9037.373     280 18634.746    175994.746   19385.743
 25  WAG           9198.059     259 18914.118    153594.118   19608.790
 26  WAG+I         9198.042     260 18916.084    154636.084   19613.438
 27  WAG+G4        9081.668     260 18683.337    154403.337   19380.691
 28  WAG+I+G4      9081.666     261 18685.332    155449.332   19385.369
 29  WAG+F         9292.072     278 19140.144    174264.144   19885.776
 30  WAG+F+I       9292.046     279 19142.091    175382.091   19890.406
 31  WAG+F+G4      9156.660     279 18871.320    175111.320   19619.635
 32  WAG+F+I+G4    9156.617     280 18873.235    176233.235   19624.232
 33  cpREV         9316.773     259 19151.546    153831.546   19846.218
 34  cpREV+I       9316.686     260 19153.372    154873.372   19850.726
 35  cpREV+G4      9178.658     260 18877.316    154597.316   19574.670
 36  cpREV+I+G4    9178.619     261 18879.239    155643.239   19579.275
 37  cpREV+F       9465.389     278 19486.779    174610.779   20232.411
 38  cpREV+F+I     9465.343     279 19488.686    175728.686   20237.001
 39  cpREV+F+G4    9294.756     279 19147.512    175387.512   19895.827
 40  cpREV+F+I+G4  9294.726     280 19149.451    176509.451   19900.448
 41  mtREV         9617.590     259 19753.180    154433.180   20447.852
 42  mtREV+I       9617.510     260 19755.020    155475.020   20452.374
 43  mtREV+G4      9434.023     260 19388.046    155108.046   20085.400
 44  mtREV+I+G4    9434.022     261 19390.044    156154.044   20090.080
 45  mtREV+F       9343.176     278 19242.352    174366.352   19987.985
 46  mtREV+F+I     9343.109     279 19244.217    175484.217   19992.532
 47  mtREV+F+G4    9218.411     279 18994.822    175234.822   19743.137
 48  mtREV+F+I+G4  9218.330     280 18996.661    176356.661   19747.657
 49  rtREV         9213.992     259 18945.983    153625.983   19640.655
 50  rtREV+I       9213.975     260 18947.951    154667.951   19645.305
 51  rtREV+G4      9099.630     260 18719.260    154439.260   19416.614
 52  rtREV+I+G4    9099.637     261 18721.274    155485.274   19421.310
 53  rtREV+F       9233.861     278 19023.722    174147.722   19769.355
 54  rtREV+F+I     9233.794     279 19025.589    175265.589   19773.903
 55  rtREV+F+G4    9111.434     279 18780.868    175020.868   19529.182
 56  rtREV+F+I+G4  9111.409     280 18782.818    176142.818   19533.815
 57  mtART         9851.975     259 20221.950    154901.950   20916.622
 58  mtART+I       9851.960     260 20223.919    155943.919   20921.273
 59  mtART+G4      9543.418     260 19606.836    155326.836   20304.190
 60  mtART+I+G4    9543.415     261 19608.829    156372.829   20308.866
 61  mtART+F       9409.732     278 19375.464    174499.464   20121.097
 62  mtART+F+I     9409.675     279 19377.349    175617.349   20125.664
 63  mtART+F+G4    9249.877     279 19057.755    175297.755   19806.069
 64  mtART+F+I+G4  9249.829     280 19059.657    176419.657   19810.654
 65  mtZOA         9577.635     259 19673.269    154353.269   20367.941
 66  mtZOA+I       9577.630     260 19675.260    155395.260   20372.614
 67  mtZOA+G4      9350.131     260 19220.262    154940.262   19917.616
 68  mtZOA+I+G4    9350.133     261 19222.267    155986.267   19922.303
 69  mtZOA+F       9319.835     278 19195.670    174319.670   19941.302
 70  mtZOA+F+I     9319.804     279 19197.608    175437.608   19945.923
 71  mtZOA+F+G4    9185.346     279 18928.693    175168.693   19677.007
 72  mtZOA+F+I+G4  9185.332     280 18930.664    176290.664   19681.661
 73  VT            9184.704     259 18887.407    153567.407   19582.079
 74  VT+I          9184.682     260 18889.364    154609.364   19586.718
 75  VT+G4         9073.859     260 18667.719    154387.719   19365.073
 76  VT+I+G4       9073.856     261 18669.712    155433.712   19369.748
 77  VT+F          9227.640     278 19011.280    174135.280   19756.913
 78  VT+F+I        9227.604     279 19013.207    175253.207   19761.522
 79  VT+F+G4       9113.625     279 18785.249    175025.249   19533.564
 80  VT+F+I+G4     9113.602     280 18787.204    176147.204   19538.201
 81  LG            9153.722     259 18825.445    153505.445   19520.117
 82  LG+I          9153.699     260 18827.398    154547.398   19524.752
 83  LG+G4         9028.320     260 18576.641    154296.641   19273.995
 84  LG+I+G4       9028.318     261 18578.636    155342.636   19278.672
 85  LG+F          9221.209     278 18998.418    174122.418   19744.050
 86  LG+F+I        9221.179     279 19000.359    175240.359   19748.673
 87  LG+F+G4       9093.122     279 18744.244    174984.244   19492.558
 88  LG+F+I+G4     9093.076     280 18746.152    176106.152   19497.149
 89  DCMut         9259.814     259 19037.629    153717.629   19732.301
 90  DCMut+I       9259.789     260 19039.579    154759.579   19736.933
 91  DCMut+G4      9146.405     260 18812.810    154532.810   19510.164
 92  DCMut+I+G4    9146.393     261 18814.786    155578.786   19514.822
 93  DCMut+F       9266.087     278 19088.174    174212.174   19833.807
 94  DCMut+F+I     9266.052     279 19090.105    175330.105   19838.419
 95  DCMut+F+G4    9146.809     279 18851.618    175091.618   19599.933
 96  DCMut+F+I+G4  9146.768     280 18853.535    176213.535   19604.532
 97  PMB           9286.610     259 19091.220    153771.220   19785.892
 98  PMB+I         9286.596     260 19093.193    154813.193   19790.547
 99  PMB+G4        9171.071     260 18862.141    154582.141   19559.496
100  PMB+I+G4      9171.030     261 18864.061    155628.061   19564.097
101  PMB+F         9356.951     278 19269.902    174393.902   20015.534
102  PMB+F+I       9356.922     279 19271.843    175511.843   20020.158
103  PMB+F+G4      9235.545     279 19029.089    175269.089   19777.404
104  PMB+F+I+G4    9235.500     280 19031.000    176391.000   19781.997
105  HIVb          9321.491     259 19160.982    153840.982   19855.654
106  HIVb+I        9321.471     260 19162.942    154882.942   19860.296
107  HIVb+G4       9180.128     260 18880.255    154600.255   19577.609
108  HIVb+I+G4     9180.117     261 18882.234    155646.234   19582.270
109  HIVb+F        9281.431     278 19118.862    174242.862   19864.494
110  HIVb+F+I      9281.398     279 19120.796    175360.796   19869.110
111  HIVb+F+G4     9137.964     279 18833.927    175073.927   19582.242
112  HIVb+F+I+G4   9137.950     280 18835.900    176195.900   19586.896
113  HIVw          9762.689     259 20043.378    154723.378   20738.050
114  HIVw+I        9762.665     260 20045.330    155765.330   20742.684
115  HIVw+G4       9566.785     260 19653.570    155373.570   20350.925
116  HIVw+I+G4     9566.779     261 19655.557    156419.557   20355.593
117  HIVw+F        9572.539     278 19701.078    174825.078   20446.710
118  HIVw+F+I      9572.501     279 19703.001    175943.001   20451.316
119  HIVw+F+G4     9373.166     279 19304.333    175544.333   20052.647
120  HIVw+F+I+G4   9373.154     280 19306.308    176666.308   20057.305
121  JTTDCMut      9154.876     259 18827.751    153507.751   19522.423
122  JTTDCMut+I    9154.850     260 18829.700    154549.700   19527.055
123  JTTDCMut+G4   9042.565     260 18605.129    154325.129   19302.483
124  JTTDCMut+I+G4 9042.565     261 18607.131    155371.131   19307.167
125  JTTDCMut+F    9155.922     278 18867.844    173991.844   19613.477
126  JTTDCMut+F+I  9155.896     279 18869.792    175109.792   19618.106
127  JTTDCMut+F+G4 9040.694     279 18639.389    174879.389   19387.703
128  JTTDCMut+F+I+G4 9040.651     280 18641.302    176001.302   19392.299
129  FLU           9381.509     259 19281.018    153961.018   19975.690
130  FLU+I         9381.487     260 19282.974    155002.974   19980.328
131  FLU+G4        9225.877     260 18971.755    154691.755   19669.109
132  FLU+I+G4      9225.876     261 18973.752    155737.752   19673.789
133  FLU+F         9406.130     278 19368.259    174492.259   20113.892
134  FLU+F+I       9406.086     279 19370.172    175610.172   20118.487
135  FLU+F+G4      9227.822     279 19013.644    175253.644   19761.959
136  FLU+F+I+G4    9227.781     280 19015.563    176375.563   19766.560
137  Blosum62      9279.671     259 19077.341    153757.341   19772.013
138  Blosum62+I    9279.660     260 19079.321    154799.321   19776.675
139  Blosum62+G4   9160.633     260 18841.266    154561.266   19538.620
140  Blosum62+I+G4 9160.626     261 18843.253    155607.253   19543.289
141  Blosum62+F    9387.154     278 19330.307    174454.307   20075.940
142  Blosum62+F+I  9387.117     279 19332.233    175572.233   20080.548
143  Blosum62+F+G4 9255.969     279 19069.938    175309.938   19818.253
144  Blosum62+F+I+G4 9255.913     280 19071.825    176431.825   19822.822
145  mtMet         9620.241     259 19758.482    154438.482   20453.154
146  mtMet+I       9620.219     260 19760.438    155480.438   20457.792
147  mtMet+G4      9416.465     260 19352.931    155072.931   20050.285
148  mtMet+I+G4    9416.459     261 19354.918    156118.918   20054.954
149  mtMet+F       9254.422     278 19064.843    174188.843   19810.476
150  mtMet+F+I     9254.357     279 19066.714    175306.714   19815.029
151  mtMet+F+G4    9127.839     279 18813.678    175053.678   19561.992
152  mtMet+F+I+G4  9127.819     280 18815.638    176175.638   19566.635
153  mtVer         9663.473     259 19844.946    154524.946   20539.618
154  mtVer+I       9663.457     260 19846.914    155566.914   20544.268
155  mtVer+G4      9475.034     260 19470.068    155190.068   20167.423
156  mtVer+I+G4    9475.002     261 19472.003    156236.003   20172.040
157  mtVer+F       9368.425     278 19292.850    174416.850   20038.483
158  mtVer+F+I     9368.402     279 19294.804    175534.804   20043.119
159  mtVer+F+G4    9228.783     279 19015.567    175255.567   19763.881
160  mtVer+F+I+G4  9228.768     280 19017.537    176377.537   19768.534
161  mtInv         9686.731     259 19891.461    154571.461   20586.133
162  mtInv+I       9686.698     260 19893.396    155613.396   20590.750
163  mtInv+G4      9485.600     260 19491.201    155211.201   20188.555
164  mtInv+I+G4    9485.590     261 19493.179    156257.179   20193.215
165  mtInv+F       9228.762     278 19013.524    174137.524   19759.156
166  mtInv+F+I     9228.718     279 19015.435    175255.435   19763.750
167  mtInv+F+G4    9108.545     279 18775.090    175015.090   19523.405
168  mtInv+F+I+G4  9108.501     280 18777.002    176137.002   19527.999
Akaike Information Criterion:           LG+G4
Corrected Akaike Information Criterion: LG
Bayesian Information Criterion:         LG+G4
Best-fit model: LG+G4 chosen according to BIC

All model information printed to /Users/bushrakhan/Desktop/NIPGR-data/MADS-box-Evolutionary-gene-detection/Workflow_Step-by-Step/TASK_4/uploads/Cinnamomum_Kbox_ML.model.gz
CPU time for ModelFinder: 129.422 seconds (0h:2m:9s)
Wall-clock time for ModelFinder: 131.756 seconds (0h:2m:11s)
Generating 1000 samples for ultrafast bootstrap (seed: 716249)...

NOTE: 10 MB RAM (0 GB) is required!
Measuring multi-threading efficiency up to 10 CPU cores
Increase to 10 rounds for branch lengths
16 trees examined
Threads: 1 / Time: 10.274 sec / Speedup: 1.000 / Efficiency: 100% / LogL: -15624
Threads: 2 / Time: 6.087 sec / Speedup: 1.688 / Efficiency: 84% / LogL: -15624
Threads: 3 / Time: 6.069 sec / Speedup: 1.693 / Efficiency: 56% / LogL: -15624
Threads: 4 / Time: 5.816 sec / Speedup: 1.766 / Efficiency: 44% / LogL: -15624
BEST NUMBER OF THREADS: 2

Estimate model parameters (epsilon = 0.100)
1. Initial log-likelihood: -9062.804
2. Current log-likelihood: -9030.588
3. Current log-likelihood: -9028.354
Optimal log-likelihood: -9028.331
Gamma shape alpha: 3.293
Parameters optimization took 3 rounds (0.666 sec)
Computing ML distances based on estimated model parameters... 7.262 sec
WARNING: Some pairwise ML distances are too long (saturated)
Computing BIONJ tree...
0.012 seconds
Log-likelihood of BIONJ tree: -9084.444
--------------------------------------------------------------------
|             INITIALIZING CANDIDATE TREE SET                      |
--------------------------------------------------------------------
Generating 98 parsimony trees... 2.952 second
Computing log-likelihood of 98 initial trees ... 12.353 seconds
Current best score: -9002.814

Do NNI search on 20 best initial trees
Estimate model parameters (epsilon = 0.100)
BETTER TREE FOUND at iteration 1: -8957.533
Estimate model parameters (epsilon = 0.100)
BETTER TREE FOUND at iteration 5: -8947.726
Iteration 10 / LogL: -8955.679 / Time: 0h:1m:14s
Iteration 20 / LogL: -8960.704 / Time: 0h:1m:42s
Finish initializing candidate tree set (20)
Current best tree score: -8947.726 / CPU time: 69.056
Number of iterations: 20
--------------------------------------------------------------------
|               OPTIMIZING CANDIDATE TREE SET                      |
--------------------------------------------------------------------
Estimate model parameters (epsilon = 0.100)
BETTER TREE FOUND at iteration 27: -8947.480
Estimate model parameters (epsilon = 0.100)
BETTER TREE FOUND at iteration 28: -8943.798
Iteration 30 / LogL: -8944.398 / Time: 0h:2m:7s (0h:7m:10s left)
Estimate model parameters (epsilon = 0.100)
BETTER TREE FOUND at iteration 35: -8943.579
Estimate model parameters (epsilon = 0.100)
BETTER TREE FOUND at iteration 38: -8942.211
Iteration 40 / LogL: -8948.857 / Time: 0h:2m:28s (0h:6m:13s left)
Iteration 50 / LogL: -8943.880 / Time: 0h:2m:54s (0h:5m:14s left)
Log-likelihood cutoff on original alignment: -8985.167
Iteration 60 / LogL: -8944.137 / Time: 0h:3m:17s (0h:4m:21s left)
Iteration 70 / LogL: -8943.524 / Time: 0h:3m:33s (0h:3m:30s left)
Estimate model parameters (epsilon = 0.100)
BETTER TREE FOUND at iteration 73: -8942.002
Estimate model parameters (epsilon = 0.100)
BETTER TREE FOUND at iteration 77: -8941.726
Iteration 80 / LogL: -8946.088 / Time: 0h:3m:48s (0h:4m:40s left)
Iteration 90 / LogL: -8950.063 / Time: 0h:4m:2s (0h:3m:57s left)
Iteration 100 / LogL: -8945.867 / Time: 0h:4m:17s (0h:3m:20s left)
Log-likelihood cutoff on original alignment: -8985.167
NOTE: Bootstrap correlation coefficient of split occurrence frequencies: 0.997
Iteration 110 / LogL: -8942.439 / Time: 0h:4m:32s (0h:3m:44s left)
Estimate model parameters (epsilon = 0.100)
BETTER TREE FOUND at iteration 113: -8941.605
Estimate model parameters (epsilon = 0.100)
BETTER TREE FOUND at iteration 118: -8941.518
Iteration 120 / LogL: -8941.742 / Time: 0h:4m:47s (0h:3m:56s left)
Iteration 130 / LogL: -8942.789 / Time: 0h:5m:1s (0h:3m:26s left)
Iteration 140 / LogL: -8946.664 / Time: 0h:5m:15s (0h:2m:56s left)
Iteration 150 / LogL: -8945.535 / Time: 0h:5m:29s (0h:2m:30s left)
Log-likelihood cutoff on original alignment: -8985.167
Iteration 160 / LogL: -8941.706 / Time: 0h:5m:43s (0h:2m:5s left)
Iteration 170 / LogL: -8946.724 / Time: 0h:5m:57s (0h:1m:41s left)
BETTER TREE FOUND at iteration 174: -8941.509
Iteration 180 / LogL: -8941.835 / Time: 0h:6m:12s (0h:3m:15s left)
Iteration 190 / LogL: -8944.582 / Time: 0h:6m:25s (0h:2m:51s left)
Iteration 200 / LogL: -8942.855 / Time: 0h:6m:41s (0h:2m:29s left)
Log-likelihood cutoff on original alignment: -8985.167
NOTE: Bootstrap correlation coefficient of split occurrence frequencies: 0.998
Iteration 210 / LogL: -8946.614 / Time: 0h:6m:56s (0h:2m:59s left)
Iteration 220 / LogL: -8942.861 / Time: 0h:7m:9s (0h:2m:36s left)
Estimate model parameters (epsilon = 0.100)
BETTER TREE FOUND at iteration 227: -8941.438
Iteration 230 / LogL: -8943.436 / Time: 0h:7m:24s (0h:3m:8s left)
Estimate model parameters (epsilon = 0.100)
BETTER TREE FOUND at iteration 234: -8941.325
Iteration 240 / LogL: -8942.488 / Time: 0h:7m:38s (0h:3m:0s left)
Iteration 250 / LogL: -8942.648 / Time: 0h:7m:51s (0h:2m:39s left)
Log-likelihood cutoff on original alignment: -8985.167
Iteration 260 / LogL: -8947.708 / Time: 0h:8m:6s (0h:2m:18s left)
Iteration 270 / LogL: -8944.862 / Time: 0h:8m:19s (0h:1m:58s left)
Estimate model parameters (epsilon = 0.100)
BETTER TREE FOUND at iteration 280: -8941.013
Iteration 280 / LogL: -8941.013 / Time: 0h:8m:33s (0h:3m:4s left)
Iteration 290 / LogL: -8941.766 / Time: 0h:8m:47s (0h:2m:44s left)
Estimate model parameters (epsilon = 0.100)
BETTER TREE FOUND at iteration 294: -8940.767
Iteration 300 / LogL: -8947.864 / Time: 0h:9m:4s (0h:2m:51s left)
Log-likelihood cutoff on original alignment: -8985.167
NOTE: Bootstrap correlation coefficient of split occurrence frequencies: 0.997
Iteration 310 / LogL: -8941.217 / Time: 0h:9m:19s (0h:2m:42s left)
Iteration 320 / LogL: -8955.647 / Time: 0h:9m:35s (0h:2m:24s left)
Estimate model parameters (epsilon = 0.100)
BETTER TREE FOUND at iteration 321: -8940.726
Estimate model parameters (epsilon = 0.100)
BETTER TREE FOUND at iteration 325: -8940.567
Iteration 330 / LogL: -8941.997 / Time: 0h:9m:51s (0h:2m:50s left)
Estimate model parameters (epsilon = 0.100)
BETTER TREE FOUND at iteration 339: -8940.450
Iteration 340 / LogL: -8940.774 / Time: 0h:10m:7s (0h:2m:57s left)
Iteration 350 / LogL: -8941.013 / Time: 0h:10m:24s (0h:2m:39s left)
Log-likelihood cutoff on original alignment: -8985.167
Iteration 360 / LogL: -8940.969 / Time: 0h:10m:42s (0h:2m:21s left)
Iteration 370 / LogL: -8945.238 / Time: 0h:11m:1s (0h:2m:3s left)
Estimate model parameters (epsilon = 0.100)
BETTER TREE FOUND at iteration 373: -8940.390
BETTER TREE FOUND at iteration 375: -8940.389
Iteration 380 / LogL: -8940.567 / Time: 0h:11m:20s (0h:2m:50s left)
Iteration 390 / LogL: -8940.452 / Time: 0h:11m:39s (0h:2m:32s left)
Estimate model parameters (epsilon = 0.100)
BETTER TREE FOUND at iteration 396: -8940.215
Iteration 400 / LogL: -8941.558 / Time: 0h:11m:56s (0h:2m:52s left)
Log-likelihood cutoff on original alignment: -8985.167
NOTE: Bootstrap correlation coefficient of split occurrence frequencies: 0.994
Iteration 410 / LogL: -8940.919 / Time: 0h:12m:13s (0h:2m:41s left)
Iteration 420 / LogL: -8943.399 / Time: 0h:12m:30s (0h:2m:23s left)
Iteration 430 / LogL: -8942.237 / Time: 0h:12m:47s (0h:2m:5s left)
Estimate model parameters (epsilon = 0.100)
BETTER TREE FOUND at iteration 439: -8940.172
Iteration 440 / LogL: -8943.244 / Time: 0h:13m:5s (0h:2m:57s left)
Iteration 450 / LogL: -8940.540 / Time: 0h:13m:22s (0h:2m:39s left)
Log-likelihood cutoff on original alignment: -8985.167
Iteration 460 / LogL: -8953.921 / Time: 0h:13m:39s (0h:2m:21s left)
UPDATE BEST LOG-LIKELIHOOD: -8940.172
Iteration 470 / LogL: -8942.614 / Time: 0h:13m:56s (0h:2m:3s left)
UPDATE BEST LOG-LIKELIHOOD: -8940.172
Iteration 480 / LogL: -8947.444 / Time: 0h:14m:14s (0h:1m:45s left)
BETTER TREE FOUND at iteration 490: -8940.170
Iteration 490 / LogL: -8940.170 / Time: 0h:14m:31s (0h:2m:58s left)
Iteration 500 / LogL: -8943.563 / Time: 0h:14m:49s (0h:2m:40s left)
Log-likelihood cutoff on original alignment: -8985.167
NOTE: Bootstrap correlation coefficient of split occurrence frequencies: 0.993
Iteration 510 / LogL: -8941.971 / Time: 0h:15m:7s (0h:2m:40s left)
Iteration 520 / LogL: -8940.705 / Time: 0h:15m:26s (0h:2m:22s left)
Iteration 530 / LogL: -8942.158 / Time: 0h:15m:44s (0h:2m:4s left)
Iteration 540 / LogL: -8941.133 / Time: 0h:16m:1s (0h:1m:46s left)
Iteration 550 / LogL: -8943.411 / Time: 0h:16m:17s (0h:1m:29s left)
Log-likelihood cutoff on original alignment: -8985.167
Iteration 560 / LogL: -8945.589 / Time: 0h:16m:35s (0h:1m:11s left)
Iteration 570 / LogL: -8943.884 / Time: 0h:16m:53s (0h:0m:53s left)
Iteration 580 / LogL: -8940.589 / Time: 0h:17m:10s (0h:0m:35s left)
Iteration 590 / LogL: -9014.867 / Time: 0h:17m:27s (0h:0m:17s left)
TREE SEARCH COMPLETED AFTER 591 ITERATIONS / Time: 0h:17m:29s

--------------------------------------------------------------------
|                    FINALIZING TREE SEARCH                        |
--------------------------------------------------------------------
Performs final model parameters optimization
Estimate model parameters (epsilon = 0.010)
1. Initial log-likelihood: -8940.170
Optimal log-likelihood: -8940.170
Gamma shape alpha: 3.483
Parameters optimization took 1 rounds (0.092 sec)
BEST SCORE FOUND : -8940.170
Creating bootstrap support values...
Split supports printed to NEXUS file /Users/bushrakhan/Desktop/NIPGR-data/MADS-box-Evolutionary-gene-detection/Workflow_Step-by-Step/TASK_4/uploads/Cinnamomum_Kbox_ML.splits.nex
Total tree length: 50.182

Total number of iterations: 591
CPU time used for tree search: 1953.862 sec (0h:32m:33s)
Wall-clock time used for tree search: 1016.035 sec (0h:16m:56s)
Total CPU time used: 2016.853 sec (0h:33m:36s)
Total wall-clock time used: 1050.343 sec (0h:17m:30s)

Computing bootstrap consensus tree...
Reading input file /Users/bushrakhan/Desktop/NIPGR-data/MADS-box-Evolutionary-gene-detection/Workflow_Step-by-Step/TASK_4/uploads/Cinnamomum_Kbox_ML.splits.nex...
131 taxa and 1532 splits.
Consensus tree written to /Users/bushrakhan/Desktop/NIPGR-data/MADS-box-Evolutionary-gene-detection/Workflow_Step-by-Step/TASK_4/uploads/Cinnamomum_Kbox_ML.contree
Reading input trees file /Users/bushrakhan/Desktop/NIPGR-data/MADS-box-Evolutionary-gene-detection/Workflow_Step-by-Step/TASK_4/uploads/Cinnamomum_Kbox_ML.contree
Log-likelihood of consensus tree: -8940.510

Analysis results written to: 
  IQ-TREE report:                /Users/bushrakhan/Desktop/NIPGR-data/MADS-box-Evolutionary-gene-detection/Workflow_Step-by-Step/TASK_4/uploads/Cinnamomum_Kbox_ML.iqtree
  Maximum-likelihood tree:       /Users/bushrakhan/Desktop/NIPGR-data/MADS-box-Evolutionary-gene-detection/Workflow_Step-by-Step/TASK_4/uploads/Cinnamomum_Kbox_ML.treefile
  Likelihood distances:          /Users/bushrakhan/Desktop/NIPGR-data/MADS-box-Evolutionary-gene-detection/Workflow_Step-by-Step/TASK_4/uploads/Cinnamomum_Kbox_ML.mldist

Ultrafast bootstrap approximation results written to:
  Split support values:          /Users/bushrakhan/Desktop/NIPGR-data/MADS-box-Evolutionary-gene-detection/Workflow_Step-by-Step/TASK_4/uploads/Cinnamomum_Kbox_ML.splits.nex
  Consensus tree:                /Users/bushrakhan/Desktop/NIPGR-data/MADS-box-Evolutionary-gene-detection/Workflow_Step-by-Step/TASK_4/uploads/Cinnamomum_Kbox_ML.contree
  Screen log file:               /Users/bushrakhan/Desktop/NIPGR-data/MADS-box-Evolutionary-gene-detection/Workflow_Step-by-Step/TASK_4/uploads/Cinnamomum_Kbox_ML.log

Date and Time: Sat Apr  4 00:22:28 2026
