IQ-TREE multicore version 1.6.12 for Mac OS X 64-bit built Aug 15 2019
Developed by Bui Quang Minh, Nguyen Lam Tung, Olga Chernomor,
Heiko Schmidt, Dominik Schrempf, Michael Woodhams.

Host:    Bushras-MacBook-Air.local (SSE4.2, 16 GB RAM)
Command: /Users/bushrakhan/Desktop/NIPGR-data/MADS-box-Evolutionary-gene-detection/bin/iqtree -s Combined_MADS_Amborella_AT_Aligned.fa -nt AUTO -m TEST -bb 1000 -pre Amborella_MADS_Domain_ML
Seed:    253014 (Using SPRNG - Scalable Parallel Random Number Generator)
Time:    Fri Apr  3 23:24:18 2026
Kernel:  SSE2 - auto-detect threads (10 CPU cores detected)

Reading alignment file Combined_MADS_Amborella_AT_Aligned.fa ... Fasta format detected
Alignment most likely contains protein sequences
Alignment has 168 sequences with 49 columns, 49 distinct patterns
45 parsimony-informative, 3 singleton sites, 0 constant sites
WARNING: Some sequence names are changed as follows:
AT2G45650.1|PACid:19638787_10_57 -> AT2G45650.1_PACid_19638787_10_57
AT4G11880.1|PACid:19643844_10_57 -> AT4G11880.1_PACid_19643844_10_57
AT4G09960.1|PACid:19648309_10_57 -> AT4G09960.1_PACid_19648309_10_57
AT4G09960.4|PACid:19648308_10_57 -> AT4G09960.4_PACid_19648308_10_57
AT4G18960.1|PACid:19647337_26_73 -> AT4G18960.1_PACid_19647337_26_73
AT4G09960.3|PACid:19648307_36_83 -> AT4G09960.3_PACid_19648307_36_83
AT4G09960.2|PACid:19648310_10_57 -> AT4G09960.2_PACid_19648310_10_57
AT2G45660.1|PACid:19641052_10_57 -> AT2G45660.1_PACid_19641052_10_57
AT4G22950.1|PACid:19647692_10_57 -> AT4G22950.1_PACid_19647692_10_57
AT4G22950.1|PACid:19647692_94_105 -> AT4G22950.1_PACid_19647692_94_105
AT1G24260.3|PACid:19651405_10_57 -> AT1G24260.3_PACid_19651405_10_57
AT5G15800.1|PACid:19670123_10_57 -> AT5G15800.1_PACid_19670123_10_57
AT1G24260.1|PACid:19651404_10_57 -> AT1G24260.1_PACid_19651404_10_57
AT1G24260.2|PACid:19651403_10_57 -> AT1G24260.2_PACid_19651403_10_57
AT5G15800.2|PACid:19670122_10_57 -> AT5G15800.2_PACid_19670122_10_57
AT2G22540.1|PACid:19641563_10_57 -> AT2G22540.1_PACid_19641563_10_57
AT3G57390.1|PACid:19659472_10_57 -> AT3G57390.1_PACid_19659472_10_57
AT5G13790.1|PACid:19669343_10_57 -> AT5G13790.1_PACid_19669343_10_57
AT5G51870.2|PACid:19672301_10_57 -> AT5G51870.2_PACid_19672301_10_57
AT5G51870.1|PACid:19672300_10_57 -> AT5G51870.1_PACid_19672300_10_57
AT5G51870.3|PACid:19672299_10_57 -> AT5G51870.3_PACid_19672299_10_57
AT3G58780.2|PACid:19662660_25_72 -> AT3G58780.2_PACid_19662660_25_72
AT2G42830.1|PACid:19643528_25_72 -> AT2G42830.1_PACid_19643528_25_72
AT3G58780.1|PACid:19662659_25_72 -> AT3G58780.1_PACid_19662659_25_72
AT2G42830.2|PACid:19643527_25_72 -> AT2G42830.2_PACid_19643527_25_72
AT3G58780.3|PACid:19662658_25_72 -> AT3G58780.3_PACid_19662658_25_72
AT3G02310.1|PACid:19661943_10_57 -> AT3G02310.1_PACid_19661943_10_57
AT2G14210.1|PACid:19638394_10_57 -> AT2G14210.1_PACid_19638394_10_57
AT2G03710.3|PACid:19640310_10_57 -> AT2G03710.3_PACid_19640310_10_57
AT1G69120.1|PACid:19653480_10_57 -> AT1G69120.1_PACid_19653480_10_57
AT5G60910.1|PACid:19670614_10_57 -> AT5G60910.1_PACid_19670614_10_57
AT5G51860.2|PACid:19671372_10_57 -> AT5G51860.2_PACid_19671372_10_57
AT5G51860.1|PACid:19671371_10_57 -> AT5G51860.1_PACid_19671371_10_57
AT2G03710.2|PACid:19640309_10_57 -> AT2G03710.2_PACid_19640309_10_57
AT2G03710.1|PACid:19640308_10_57 -> AT2G03710.1_PACid_19640308_10_57
AT3G30260.1|PACid:19662130_10_57 -> AT3G30260.1_PACid_19662130_10_57
AT2G24840.1|PACid:19642372_71_118 -> AT2G24840.1_PACid_19642372_71_118
AT2G22540.2|PACid:19641564_10_55 -> AT2G22540.2_PACid_19641564_10_55
AT3G57230.1|PACid:19665060_10_57 -> AT3G57230.1_PACid_19665060_10_57
AT3G57230.2|PACid:19665061_10_57 -> AT3G57230.2_PACid_19665061_10_57
AT4G37940.1|PACid:19644309_10_57 -> AT4G37940.1_PACid_19644309_10_57
AT4G24540.1|PACid:19648389_10_57 -> AT4G24540.1_PACid_19648389_10_57
AT3G61120.1|PACid:19662463_10_57 -> AT3G61120.1_PACid_19662463_10_57
AT3G54340.1|PACid:19659884_10_57 -> AT3G54340.1_PACid_19659884_10_57
AT1G26310.1|PACid:19650942_10_57 -> AT1G26310.1_PACid_19650942_10_57
AT1G22130.1|PACid:19651829_10_55 -> AT1G22130.1_PACid_19651829_10_55
AT5G62165.4|PACid:19672598_10_57 -> AT5G62165.4_PACid_19672598_10_57
AT5G60440.1|PACid:19665878_15_62 -> AT5G60440.1_PACid_19665878_15_62
AT5G62165.1|PACid:19672595_10_57 -> AT5G62165.1_PACid_19672595_10_57
AT5G62165.2|PACid:19672596_10_57 -> AT5G62165.2_PACid_19672596_10_57
AT5G62165.3|PACid:19672597_10_57 -> AT5G62165.3_PACid_19672597_10_57
AT2G22630.1|PACid:19642313_10_57 -> AT2G22630.1_PACid_19642313_10_57
AT1G77980.1|PACid:19650219_10_55 -> AT1G77980.1_PACid_19650219_10_55
AT1G71692.1|PACid:19653064_10_56 -> AT1G71692.1_PACid_19653064_10_56
AT1G01530.1|PACid:19655032_15_62 -> AT1G01530.1_PACid_19655032_15_62
AT1G65360.1|PACid:19652033_15_62 -> AT1G65360.1_PACid_19652033_15_62
AT5G10140.2|PACid:19672042_10_57 -> AT5G10140.2_PACid_19672042_10_57
AT5G10140.4|PACid:19672041_10_57 -> AT5G10140.4_PACid_19672041_10_57
AT5G10140.3|PACid:19672040_10_57 -> AT5G10140.3_PACid_19672040_10_57
AT5G10140.1|PACid:19672039_10_57 -> AT5G10140.1_PACid_19672039_10_57
AT3G66656.1|PACid:19662106_10_57 -> AT3G66656.1_PACid_19662106_10_57
AT5G23260.2|PACid:19667542_10_57 -> AT5G23260.2_PACid_19667542_10_57
AT5G23260.3|PACid:19667544_10_57 -> AT5G23260.3_PACid_19667544_10_57
AT5G23260.1|PACid:19667543_10_57 -> AT5G23260.1_PACid_19667543_10_57
AT4G36590.1|PACid:19644661_15_62 -> AT4G36590.1_PACid_19644661_15_62
AT2G34440.1|PACid:19639540_12_57 -> AT2G34440.1_PACid_19639540_12_57
AT5G65070.1|PACid:19666742_10_57 -> AT5G65070.1_PACid_19666742_10_57
AT1G77950.1|PACid:19656697_10_55 -> AT1G77950.1_PACid_19656697_10_55
AT1G77950.2|PACid:19656698_10_55 -> AT1G77950.2_PACid_19656698_10_55
AT5G65070.3|PACid:19666740_10_57 -> AT5G65070.3_PACid_19666740_10_57
AT5G65070.2|PACid:19666741_10_57 -> AT5G65070.2_PACid_19666741_10_57
AT1G77080.5|PACid:19652600_10_55 -> AT1G77080.5_PACid_19652600_10_55
AT1G77080.2|PACid:19652599_10_55 -> AT1G77080.2_PACid_19652599_10_55
AT1G77080.4|PACid:19652598_10_55 -> AT1G77080.4_PACid_19652598_10_55
AT5G65080.2|PACid:19670373_10_55 -> AT5G65080.2_PACid_19670373_10_55
AT1G31140.1|PACid:19657778_10_57 -> AT1G31140.1_PACid_19657778_10_57
AT1G31140.2|PACid:19657777_10_57 -> AT1G31140.2_PACid_19657777_10_57
AT5G65080.1|PACid:19670372_17_62 -> AT5G65080.1_PACid_19670372_17_62
AT1G47760.1|PACid:19657551_10_57 -> AT1G47760.1_PACid_19657551_10_57
AT5G20240.1|PACid:19673101_10_57 -> AT5G20240.1_PACid_19673101_10_57
AT1G18750.1|PACid:19654582_10_57 -> AT1G18750.1_PACid_19654582_10_57
AT1G72350.1|PACid:19656010_55_98 -> AT1G72350.1_PACid_19656010_55_98
AT5G65050.2|PACid:19667307_10_55 -> AT5G65050.2_PACid_19667307_10_55
AT5G65050.1|PACid:19667306_10_55 -> AT5G65050.1_PACid_19667306_10_55
AT5G65050.3|PACid:19667305_10_55 -> AT5G65050.3_PACid_19667305_10_55
AT5G65060.2|PACid:19668929_10_55 -> AT5G65060.2_PACid_19668929_10_55
AT5G65060.1|PACid:19668928_10_55 -> AT5G65060.1_PACid_19668928_10_55
AT1G17310.1|PACid:19656321_56_103 -> AT1G17310.1_PACid_19656321_56_103
AT1G28460.1|PACid:19649164_16_63 -> AT1G28460.1_PACid_19649164_16_63
AT2G03060.2|PACid:19640478_10_53 -> AT2G03060.2_PACid_19640478_10_53
AT2G03060.1|PACid:19640479_10_53 -> AT2G03060.1_PACid_19640479_10_53
AT3G04100.1|PACid:19663352_22_69 -> AT3G04100.1_PACid_19663352_22_69
AT3G04100.1|PACid:19663352_104_117 -> AT3G04100.1_PACid_19663352_104_117
AT1G29962.1|PACid:19658277_16_63 -> AT1G29962.1_PACid_19658277_16_63
AT5G48670.1|PACid:19672717_10_51 -> AT5G48670.1_PACid_19672717_10_51
AT2G26320.1|PACid:19638466_26_73 -> AT2G26320.1_PACid_19638466_26_73
AT1G69540.1|PACid:19658298_11_53 -> AT1G69540.1_PACid_19658298_11_53
AT3G05860.2|PACid:19660459_10_51 -> AT3G05860.2_PACid_19660459_10_51
AT3G05860.3|PACid:19660458_10_51 -> AT3G05860.3_PACid_19660458_10_51
AT3G05860.1|PACid:19660457_10_51 -> AT3G05860.1_PACid_19660457_10_51
AT5G27960.1|PACid:19666678_9_48 -> AT5G27960.1_PACid_19666678_9_48
AT1G65330.1|PACid:19653684_9_53 -> AT1G65330.1_PACid_19653684_9_53
AT5G55690.1|PACid:19665481_10_51 -> AT5G55690.1_PACid_19665481_10_51
AT5G55690.1|PACid:19665481_137_148 -> AT5G55690.1_PACid_19665481_137_148
AT1G65300.1|PACid:19652716_10_51 -> AT1G65300.1_PACid_19652716_10_51
AT5G26630.1|PACid:19667105_10_50 -> AT5G26630.1_PACid_19667105_10_50
AT5G26650.1|PACid:19669215_9_48 -> AT5G26650.1_PACid_19669215_9_48
AT1G28450.1|PACid:19650560_16_63 -> AT1G28450.1_PACid_19650560_16_63
AT3G18650.1|PACid:19661489_5_23 -> AT3G18650.1_PACid_19661489_5_23
AT3G18650.1|PACid:19661489_30_72 -> AT3G18650.1_PACid_19661489_30_72
AT5G58890.1|PACid:19667567_10_52 -> AT5G58890.1_PACid_19667567_10_52
AT5G26580.1|PACid:19673075_11_50 -> AT5G26580.1_PACid_19673075_11_50
AT4G02235.1|PACid:19647863_9_54 -> AT4G02235.1_PACid_19647863_9_54
AT1G22590.2|PACid:19655507_11_50 -> AT1G22590.2_PACid_19655507_11_50
AT5G65330.1|PACid:19672137_7_52 -> AT5G65330.1_PACid_19672137_7_52
AT5G39750.1|PACid:19667213_25_64 -> AT5G39750.1_PACid_19667213_25_64
AT5G40120.1|PACid:19671880_17_56 -> AT5G40120.1_PACid_19671880_17_56
AT5G38740.1|PACid:19668168_26_65 -> AT5G38740.1_PACid_19668168_26_65
AT5G41200.1|PACid:19667742_19_57 -> AT5G41200.1_PACid_19667742_19_57
AT5G40220.1|PACid:19669238_18_57 -> AT5G40220.1_PACid_19669238_18_57
AT1G46408.1|PACid:19654736_12_53 -> AT1G46408.1_PACid_19654736_12_53
AT5G39810.1|PACid:19670065_25_64 -> AT5G39810.1_PACid_19670065_25_64
AT1G31630.1|PACid:19652269_10_56 -> AT1G31630.1_PACid_19652269_10_56
AT4G11250.1|PACid:19648763_10_51 -> AT4G11250.1_PACid_19648763_10_51
AT5G27090.2|PACid:19670535_29_70 -> AT5G27090.2_PACid_19670535_29_70
AT5G27090.1|PACid:19670534_29_70 -> AT5G27090.1_PACid_19670534_29_70
AT5G06500.1|PACid:19671199_10_53 -> AT5G06500.1_PACid_19671199_10_53
AT5G27070.1|PACid:19671195_30_71 -> AT5G27070.1_PACid_19671195_30_71
AT5G26950.1|PACid:19666538_30_71 -> AT5G26950.1_PACid_19666538_30_71
AT5G26880.1|PACid:19668576_156_166 -> AT5G26880.1_PACid_19668576_156_166
AT5G26880.1|PACid:19668576_241_274 -> AT5G26880.1_PACid_19668576_241_274
AT5G27944.1|PACid:19666623_30_71 -> AT5G27944.1_PACid_19666623_30_71
AT5G27580.1|PACid:19672891_30_71 -> AT5G27580.1_PACid_19672891_30_71
AT2G40210.1|PACid:19638131_10_51 -> AT2G40210.1_PACid_19638131_10_51
AT1G31640.1|PACid:19651329_12_56 -> AT1G31640.1_PACid_19651329_12_56
AT5G04640.1|PACid:19673003_13_53 -> AT5G04640.1_PACid_19673003_13_53
AT5G49490.1|PACid:19668119_54_95 -> AT5G49490.1_PACid_19668119_54_95
AT1G60920.1|PACid:19654635_12_50 -> AT1G60920.1_PACid_19654635_12_50
AT1G48150.1|PACid:19654851_28_67 -> AT1G48150.1_PACid_19654851_28_67
AT5G38620.1|PACid:19667041_14_55 -> AT5G38620.1_PACid_19667041_14_55
AT5G27130.1|PACid:19666602_23_63 -> AT5G27130.1_PACid_19666602_23_63
AT1G60040.1|PACid:19653511_20_62 -> AT1G60040.1_PACid_19653511_20_62
AT5G49420.1|PACid:19672206_16_57 -> AT5G49420.1_PACid_19672206_16_57
AT2G28700.1|PACid:19641128_11_50 -> AT2G28700.1_PACid_19641128_11_50
AT5G27050.1|PACid:19667506_1_28 -> AT5G27050.1_PACid_19667506_1_28
AT1G59810.1|PACid:19650751_19_61 -> AT1G59810.1_PACid_19650751_19_61
AT1G60880.1|PACid:19658292_12_41 -> AT1G60880.1_PACid_19658292_12_41
AT1G54760.1|PACid:19656422_19_43 -> AT1G54760.1_PACid_19656422_19_43
AT5G37415.1|PACid:19671670_85_109 -> AT5G37415.1_PACid_19671670_85_109
AT5G27810.1|PACid:19666054_1_26 -> AT5G27810.1_PACid_19666054_1_26
AT1G33070.1|PACid:19656210_4_24 -> AT1G33070.1_PACid_19656210_4_24
AT2G15660.1|PACid:19640579_30_44 -> AT2G15660.1_PACid_19640579_30_44

                                               Gap/Ambiguity  Composition  p-value
   1  evm_27.model.AmTr_v1.0_scaffold00001.413_MADS    2.04%    passed     99.93%
   2  evm_27.model.AmTr_v1.0_scaffold00001.409_MADS    2.04%    passed     98.99%
   3  evm_27.model.AmTr_v1.0_scaffold00053.185_MADS    2.04%    passed     99.17%
   4  evm_27.model.AmTr_v1.0_scaffold00071.203_MADS    2.04%    passed     98.40%
   5  evm_27.model.AmTr_v1.0_scaffold00021.296_MADS    2.04%    passed     99.14%
   6  evm_27.model.AmTr_v1.0_scaffold00047.121_MADS    2.04%    passed     99.00%
   7  evm_27.model.AmTr_v1.0_scaffold00047.105_MADS    2.04%    passed     99.95%
   8  evm_27.model.AmTr_v1.0_scaffold00046.134_MADS    2.04%    passed     99.97%
   9  evm_27.model.AmTr_v1.0_scaffold00127.17_MADS     2.04%    passed     98.37%
  10  evm_27.model.AmTr_v1.0_scaffold00013.53_MADS     2.04%    passed     98.77%
  11  evm_27.model.AmTr_v1.0_scaffold00001.461_MADS    2.04%    passed     98.09%
  12  evm_27.model.AmTr_v1.0_scaffold00066.97_MADS     2.04%    passed     99.73%
  13  evm_27.model.AmTr_v1.0_scaffold00001.225_MADS    2.04%    passed     99.96%
  14  evm_27.model.AmTr_v1.0_scaffold00089.36_MADS     2.04%    passed     99.64%
  15  evm_27.model.AmTr_v1.0_scaffold00013.60_MADS     2.04%    passed     93.02%
  16  evm_27.model.AmTr_v1.0_scaffold00095.150_MADS   12.24%    passed     32.10%
  17  AT2G45650.1_PACid_19638787_10_57                 2.04%    passed     99.97%
  18  AT4G11880.1_PACid_19643844_10_57                 2.04%    passed     99.99%
  19  AT4G09960.1_PACid_19648309_10_57                 2.04%    passed     99.14%
  20  AT4G09960.4_PACid_19648308_10_57                 2.04%    passed     99.14%
  21  AT4G18960.1_PACid_19647337_26_73                 2.04%    passed     99.14%
  22  AT4G09960.3_PACid_19648307_36_83                 2.04%    passed     99.14%
  23  AT4G09960.2_PACid_19648310_10_57                 2.04%    passed     99.14%
  24  AT2G45660.1_PACid_19641052_10_57                 2.04%    passed    100.00%
  25  AT4G22950.1_PACid_19647692_10_57                 2.04%    passed     99.90%
  26  AT4G22950.1_PACid_19647692_94_105               75.51%    passed     90.44%
  27  AT1G24260.3_PACid_19651405_10_57                 2.04%    passed     99.00%
  28  AT5G15800.1_PACid_19670123_10_57                 2.04%    passed     99.00%
  29  AT1G24260.1_PACid_19651404_10_57                 2.04%    passed     99.00%
  30  AT1G24260.2_PACid_19651403_10_57                 2.04%    passed     99.00%
  31  AT5G15800.2_PACid_19670122_10_57                 2.04%    passed     99.00%
  32  AT2G22540.1_PACid_19641563_10_57                 2.04%    passed     97.22%
  33  AT3G57390.1_PACid_19659472_10_57                 2.04%    passed     98.87%
  34  AT5G13790.1_PACid_19669343_10_57                 2.04%    passed     99.72%
  35  AT5G51870.2_PACid_19672301_10_57                 2.04%    passed     49.02%
  36  AT5G51870.1_PACid_19672300_10_57                 2.04%    passed     49.02%
  37  AT5G51870.3_PACid_19672299_10_57                 2.04%    passed     49.02%
  38  AT3G58780.2_PACid_19662660_25_72                 2.04%    passed     97.52%
  39  AT2G42830.1_PACid_19643528_25_72                 2.04%    passed     97.52%
  40  AT3G58780.1_PACid_19662659_25_72                 2.04%    passed     97.52%
  41  AT2G42830.2_PACid_19643527_25_72                 2.04%    passed     97.52%
  42  AT3G58780.3_PACid_19662658_25_72                 2.04%    passed     97.52%
  43  AT3G02310.1_PACid_19661943_10_57                 2.04%    passed     99.54%
  44  AT2G14210.1_PACid_19638394_10_57                 2.04%    passed     99.55%
  45  AT2G03710.3_PACid_19640310_10_57                 2.04%    passed     98.05%
  46  AT1G69120.1_PACid_19653480_10_57                 2.04%    passed     65.26%
  47  AT5G60910.1_PACid_19670614_10_57                 2.04%    passed     99.85%
  48  AT5G51860.2_PACid_19671372_10_57                 2.04%    passed     96.77%
  49  AT5G51860.1_PACid_19671371_10_57                 2.04%    passed     96.77%
  50  AT2G03710.2_PACid_19640309_10_57                 2.04%    passed     98.05%
  51  AT2G03710.1_PACid_19640308_10_57                 2.04%    passed     98.05%
  52  AT3G30260.1_PACid_19662130_10_57                 2.04%    passed     99.85%
  53  AT2G24840.1_PACid_19642372_71_118                2.04%    passed     55.06%
  54  AT2G22540.2_PACid_19641564_10_55                 6.12%    passed     98.51%
  55  AT3G57230.1_PACid_19665060_10_57                 2.04%    passed     99.99%
  56  AT3G57230.2_PACid_19665061_10_57                 2.04%    passed     99.99%
  57  AT4G37940.1_PACid_19644309_10_57                 2.04%    passed     93.75%
  58  AT4G24540.1_PACid_19648389_10_57                 2.04%    passed     80.15%
  59  AT3G61120.1_PACid_19662463_10_57                 2.04%    passed     99.98%
  60  AT3G54340.1_PACid_19659884_10_57                 2.04%    passed     58.39%
  61  AT1G26310.1_PACid_19650942_10_57                 2.04%    passed     99.86%
  62  AT1G22130.1_PACid_19651829_10_55                 6.12%    passed     94.31%
  63  AT5G62165.4_PACid_19672598_10_57                 2.04%    passed     99.71%
  64  AT5G60440.1_PACid_19665878_15_62                 2.04%    passed     90.20%
  65  AT5G62165.1_PACid_19672595_10_57                 2.04%    passed     99.71%
  66  AT5G62165.2_PACid_19672596_10_57                 2.04%    passed     99.71%
  67  AT5G62165.3_PACid_19672597_10_57                 2.04%    passed     99.71%
  68  AT2G22630.1_PACid_19642313_10_57                 2.04%    passed     74.85%
  69  AT1G77980.1_PACid_19650219_10_55                 6.12%    passed     96.87%
  70  AT1G71692.1_PACid_19653064_10_56                 4.08%    passed     86.05%
  71  AT1G01530.1_PACid_19655032_15_62                 2.04%    passed     99.77%
  72  AT1G65360.1_PACid_19652033_15_62                 2.04%    passed     34.62%
  73  AT5G10140.2_PACid_19672042_10_57                 2.04%    passed     96.81%
  74  AT5G10140.4_PACid_19672041_10_57                 2.04%    passed     96.81%
  75  AT5G10140.3_PACid_19672040_10_57                 2.04%    passed     96.81%
  76  AT5G10140.1_PACid_19672039_10_57                 2.04%    passed     96.81%
  77  AT3G66656.1_PACid_19662106_10_57                 2.04%    passed     87.27%
  78  AT5G23260.2_PACid_19667542_10_57                 2.04%    passed     97.13%
  79  AT5G23260.3_PACid_19667544_10_57                 2.04%    passed     97.13%
  80  AT5G23260.1_PACid_19667543_10_57                 2.04%    passed     97.13%
  81  AT4G36590.1_PACid_19644661_15_62                 2.04%    passed     78.83%
  82  AT2G34440.1_PACid_19639540_12_57                 6.12%    passed     90.46%
  83  AT5G65070.1_PACid_19666742_10_57                 2.04%    passed     98.27%
  84  AT1G77950.1_PACid_19656697_10_55                 6.12%    passed     95.18%
  85  AT1G77950.2_PACid_19656698_10_55                 6.12%    passed     95.18%
  86  AT5G65070.3_PACid_19666740_10_57                 2.04%    passed     98.27%
  87  AT5G65070.2_PACid_19666741_10_57                 2.04%    passed     98.27%
  88  AT1G77080.5_PACid_19652600_10_55                 6.12%    passed     90.84%
  89  AT1G77080.2_PACid_19652599_10_55                 6.12%    passed     90.84%
  90  AT1G77080.4_PACid_19652598_10_55                 6.12%    passed     90.84%
  91  AT5G65080.2_PACid_19670373_10_55                 6.12%    passed     99.26%
  92  AT1G31140.1_PACid_19657778_10_57                 2.04%    passed     49.48%
  93  AT1G31140.2_PACid_19657777_10_57                 2.04%    passed     49.48%
  94  AT5G65080.1_PACid_19670372_17_62                 6.12%    passed     99.26%
  95  AT1G47760.1_PACid_19657551_10_57                 2.04%    passed     91.13%
  96  AT5G20240.1_PACid_19673101_10_57                 2.04%    passed     75.79%
  97  AT1G18750.1_PACid_19654582_10_57                 2.04%    passed     99.93%
  98  AT1G72350.1_PACid_19656010_55_98                10.20%    passed     96.82%
  99  AT5G65050.2_PACid_19667307_10_55                 6.12%    passed     94.83%
 100  AT5G65050.1_PACid_19667306_10_55                 6.12%    passed     94.83%
 101  AT5G65050.3_PACid_19667305_10_55                 6.12%    passed     94.83%
 102  AT5G65060.2_PACid_19668929_10_55                 6.12%    passed     94.33%
 103  AT5G65060.1_PACid_19668928_10_55                 6.12%    passed     94.33%
 104  AT1G17310.1_PACid_19656321_56_103                2.04%    passed     97.91%
 105  AT1G28460.1_PACid_19649164_16_63                 2.04%    passed     84.00%
 106  AT2G03060.2_PACid_19640478_10_53                10.20%    passed     93.72%
 107  AT2G03060.1_PACid_19640479_10_53                10.20%    passed     93.72%
 108  AT3G04100.1_PACid_19663352_22_69                 2.04%    passed      7.64%
 109  AT3G04100.1_PACid_19663352_104_117              71.43%    passed      8.93%
 110  AT1G29962.1_PACid_19658277_16_63                 2.04%    passed     98.84%
 111  AT5G48670.1_PACid_19672717_10_51                14.29%    passed     75.99%
 112  AT2G26320.1_PACid_19638466_26_73                 2.04%    passed     70.04%
 113  AT1G69540.1_PACid_19658298_11_53                12.24%    failed      0.12%
 114  AT3G05860.2_PACid_19660459_10_51                14.29%    passed     96.32%
 115  AT3G05860.3_PACid_19660458_10_51                14.29%    passed     96.32%
 116  AT3G05860.1_PACid_19660457_10_51                14.29%    passed     96.32%
 117  AT5G27960.1_PACid_19666678_9_48                 18.37%    passed     99.17%
 118  AT1G65330.1_PACid_19653684_9_53                  8.16%    passed     98.93%
 119  AT5G55690.1_PACid_19665481_10_51                14.29%    passed     68.36%
 120  AT5G55690.1_PACid_19665481_137_148              75.51%    passed     29.41%
 121  AT1G65300.1_PACid_19652716_10_51                14.29%    passed     68.15%
 122  AT5G26630.1_PACid_19667105_10_50                16.33%    passed     87.00%
 123  AT5G26650.1_PACid_19669215_9_48                 18.37%    passed     99.77%
 124  AT1G28450.1_PACid_19650560_16_63                 2.04%    passed     96.32%
 125  AT3G18650.1_PACid_19661489_5_23                 61.22%    failed      1.11%
 126  AT3G18650.1_PACid_19661489_30_72                12.24%    passed     74.17%
 127  AT5G58890.1_PACid_19667567_10_52                12.24%    passed     81.36%
 128  AT5G26580.1_PACid_19673075_11_50                18.37%    passed     81.29%
 129  AT4G02235.1_PACid_19647863_9_54                  6.12%    passed     74.12%
 130  AT1G22590.2_PACid_19655507_11_50                18.37%    passed     99.64%
 131  AT5G65330.1_PACid_19672137_7_52                  6.12%    passed     73.01%
 132  AT5G39750.1_PACid_19667213_25_64                18.37%    passed     41.46%
 133  AT5G40120.1_PACid_19671880_17_56                18.37%    passed     41.46%
 134  AT5G38740.1_PACid_19668168_26_65                18.37%    passed     41.46%
 135  AT5G41200.1_PACid_19667742_19_57                20.41%    passed     37.71%
 136  AT5G40220.1_PACid_19669238_18_57                18.37%    passed     41.46%
 137  AT1G46408.1_PACid_19654736_12_53                14.29%    passed     92.22%
 138  AT5G39810.1_PACid_19670065_25_64                18.37%    passed     43.56%
 139  AT1G31630.1_PACid_19652269_10_56                 4.08%    passed     22.09%
 140  AT4G11250.1_PACid_19648763_10_51                14.29%    passed     23.03%
 141  AT5G27090.2_PACid_19670535_29_70                14.29%    passed     85.95%
 142  AT5G27090.1_PACid_19670534_29_70                14.29%    passed     85.95%
 143  AT5G06500.1_PACid_19671199_10_53                10.20%    passed      6.76%
 144  AT5G27070.1_PACid_19671195_30_71                14.29%    passed     75.48%
 145  AT5G26950.1_PACid_19666538_30_71                14.29%    passed     75.48%
 146  AT5G26880.1_PACid_19668576_156_166              77.55%    passed     63.05%
 147  AT5G26880.1_PACid_19668576_241_274              30.61%    passed     27.34%
 148  AT5G27944.1_PACid_19666623_30_71                14.29%    passed     71.00%
 149  AT5G27580.1_PACid_19672891_30_71                14.29%    passed     55.71%
 150  AT2G40210.1_PACid_19638131_10_51                14.29%    passed     68.00%
 151  AT1G31640.1_PACid_19651329_12_56                 8.16%    failed      3.37%
 152  AT5G04640.1_PACid_19673003_13_53                16.33%    passed     67.39%
 153  AT5G49490.1_PACid_19668119_54_95                14.29%    passed     59.33%
 154  AT1G60920.1_PACid_19654635_12_50                20.41%    passed     98.59%
 155  AT1G48150.1_PACid_19654851_28_67                18.37%    passed     78.63%
 156  AT5G38620.1_PACid_19667041_14_55                14.29%    passed     41.80%
 157  AT5G27130.1_PACid_19666602_23_63                16.33%    passed     91.84%
 158  AT1G60040.1_PACid_19653511_20_62                12.24%    passed      6.42%
 159  AT5G49420.1_PACid_19672206_16_57                14.29%    passed     49.95%
 160  AT2G28700.1_PACid_19641128_11_50                18.37%    passed     54.45%
 161  AT5G27050.1_PACid_19667506_1_28                 42.86%    passed     93.44%
 162  AT1G59810.1_PACid_19650751_19_61                12.24%    passed      5.63%
 163  AT1G60880.1_PACid_19658292_12_41                38.78%    passed     99.41%
 164  AT1G54760.1_PACid_19656422_19_43                48.98%    passed     76.55%
 165  AT5G37415.1_PACid_19671670_85_109               48.98%    failed      1.03%
 166  AT5G27810.1_PACid_19666054_1_26                 46.94%    passed     28.82%
 167  AT1G33070.1_PACid_19656210_4_24                 57.14%    passed     85.09%
 168  AT2G15660.1_PACid_19640579_30_44                69.39%    failed      1.83%
WARNING: 7 sequences contain more than 50% gaps/ambiguity
****  TOTAL                                           10.26%  5 sequences failed composition chi2 test (p-value<5%; df=19)
NOTE: AT4G18960.1_PACid_19647337_26_73 is identical to evm_27.model.AmTr_v1.0_scaffold00021.296_MADS but kept for subsequent analysis
NOTE: AT1G24260.3_PACid_19651405_10_57 is identical to evm_27.model.AmTr_v1.0_scaffold00047.121_MADS but kept for subsequent analysis
NOTE: AT4G09960.4_PACid_19648308_10_57 is identical to AT4G09960.1_PACid_19648309_10_57 but kept for subsequent analysis
NOTE: AT5G51870.1_PACid_19672300_10_57 is identical to AT5G51870.2_PACid_19672301_10_57 but kept for subsequent analysis
NOTE: AT2G42830.1_PACid_19643528_25_72 is identical to AT3G58780.2_PACid_19662660_25_72 but kept for subsequent analysis
NOTE: AT2G03710.2_PACid_19640309_10_57 is identical to AT2G03710.3_PACid_19640310_10_57 but kept for subsequent analysis
NOTE: AT5G51860.1_PACid_19671371_10_57 is identical to AT5G51860.2_PACid_19671372_10_57 but kept for subsequent analysis
NOTE: AT3G57230.2_PACid_19665061_10_57 is identical to AT3G57230.1_PACid_19665060_10_57 but kept for subsequent analysis
NOTE: AT5G62165.1_PACid_19672595_10_57 is identical to AT5G62165.4_PACid_19672598_10_57 but kept for subsequent analysis
NOTE: AT5G10140.4_PACid_19672041_10_57 is identical to AT5G10140.2_PACid_19672042_10_57 but kept for subsequent analysis
NOTE: AT5G23260.3_PACid_19667544_10_57 is identical to AT5G23260.2_PACid_19667542_10_57 but kept for subsequent analysis
NOTE: AT5G65070.3_PACid_19666740_10_57 is identical to AT5G65070.1_PACid_19666742_10_57 but kept for subsequent analysis
NOTE: AT1G77950.2_PACid_19656698_10_55 is identical to AT1G77950.1_PACid_19656697_10_55 but kept for subsequent analysis
NOTE: AT1G77080.2_PACid_19652599_10_55 is identical to AT1G77080.5_PACid_19652600_10_55 but kept for subsequent analysis
NOTE: AT5G65080.1_PACid_19670372_17_62 is identical to AT5G65080.2_PACid_19670373_10_55 but kept for subsequent analysis
NOTE: AT1G31140.2_PACid_19657777_10_57 is identical to AT1G31140.1_PACid_19657778_10_57 but kept for subsequent analysis
NOTE: AT5G65050.1_PACid_19667306_10_55 is identical to AT5G65050.2_PACid_19667307_10_55 but kept for subsequent analysis
NOTE: AT5G65060.1_PACid_19668928_10_55 is identical to AT5G65060.2_PACid_19668929_10_55 but kept for subsequent analysis
NOTE: AT2G03060.1_PACid_19640479_10_53 is identical to AT2G03060.2_PACid_19640478_10_53 but kept for subsequent analysis
NOTE: AT3G05860.3_PACid_19660458_10_51 is identical to AT3G05860.2_PACid_19660459_10_51 but kept for subsequent analysis
NOTE: AT5G40120.1_PACid_19671880_17_56 is identical to AT5G39750.1_PACid_19667213_25_64 but kept for subsequent analysis
NOTE: AT5G27090.1_PACid_19670534_29_70 is identical to AT5G27090.2_PACid_19670535_29_70 but kept for subsequent analysis
NOTE: AT5G26950.1_PACid_19666538_30_71 is identical to AT5G27070.1_PACid_19671195_30_71 but kept for subsequent analysis
NOTE: 22 identical sequences (see below) will be ignored for subsequent analysis
NOTE: AT5G15800.1_PACid_19670123_10_57 (identical to evm_27.model.AmTr_v1.0_scaffold00047.121_MADS) is ignored but added at the end
NOTE: AT1G24260.1_PACid_19651404_10_57 (identical to evm_27.model.AmTr_v1.0_scaffold00047.121_MADS) is ignored but added at the end
NOTE: AT1G24260.2_PACid_19651403_10_57 (identical to evm_27.model.AmTr_v1.0_scaffold00047.121_MADS) is ignored but added at the end
NOTE: AT5G15800.2_PACid_19670122_10_57 (identical to evm_27.model.AmTr_v1.0_scaffold00047.121_MADS) is ignored but added at the end
NOTE: AT4G09960.3_PACid_19648307_36_83 (identical to AT4G09960.1_PACid_19648309_10_57) is ignored but added at the end
NOTE: AT4G09960.2_PACid_19648310_10_57 (identical to AT4G09960.1_PACid_19648309_10_57) is ignored but added at the end
NOTE: AT5G51870.3_PACid_19672299_10_57 (identical to AT5G51870.2_PACid_19672301_10_57) is ignored but added at the end
NOTE: AT3G58780.1_PACid_19662659_25_72 (identical to AT3G58780.2_PACid_19662660_25_72) is ignored but added at the end
NOTE: AT2G42830.2_PACid_19643527_25_72 (identical to AT3G58780.2_PACid_19662660_25_72) is ignored but added at the end
NOTE: AT3G58780.3_PACid_19662658_25_72 (identical to AT3G58780.2_PACid_19662660_25_72) is ignored but added at the end
NOTE: AT2G03710.1_PACid_19640308_10_57 (identical to AT2G03710.3_PACid_19640310_10_57) is ignored but added at the end
NOTE: AT5G62165.2_PACid_19672596_10_57 (identical to AT5G62165.4_PACid_19672598_10_57) is ignored but added at the end
NOTE: AT5G62165.3_PACid_19672597_10_57 (identical to AT5G62165.4_PACid_19672598_10_57) is ignored but added at the end
NOTE: AT5G10140.3_PACid_19672040_10_57 (identical to AT5G10140.2_PACid_19672042_10_57) is ignored but added at the end
NOTE: AT5G10140.1_PACid_19672039_10_57 (identical to AT5G10140.2_PACid_19672042_10_57) is ignored but added at the end
NOTE: AT5G23260.1_PACid_19667543_10_57 (identical to AT5G23260.2_PACid_19667542_10_57) is ignored but added at the end
NOTE: AT5G65070.2_PACid_19666741_10_57 (identical to AT5G65070.1_PACid_19666742_10_57) is ignored but added at the end
NOTE: AT1G77080.4_PACid_19652598_10_55 (identical to AT1G77080.5_PACid_19652600_10_55) is ignored but added at the end
NOTE: AT5G65050.3_PACid_19667305_10_55 (identical to AT5G65050.2_PACid_19667307_10_55) is ignored but added at the end
NOTE: AT3G05860.1_PACid_19660457_10_51 (identical to AT3G05860.2_PACid_19660459_10_51) is ignored but added at the end
NOTE: AT5G38740.1_PACid_19668168_26_65 (identical to AT5G39750.1_PACid_19667213_25_64) is ignored but added at the end
NOTE: AT5G40220.1_PACid_19669238_18_57 (identical to AT5G39750.1_PACid_19667213_25_64) is ignored but added at the end

For your convenience alignment with unique sequences printed to Amborella_MADS_Domain_ML.uniqueseq.phy


Create initial parsimony tree by phylogenetic likelihood library (PLL)... 0.015 seconds
NOTE: ModelFinder requires 6 MB RAM!
ModelFinder will test 168 protein models (sample size: 49) ...
 No. Model         -LnL         df  AIC          AICc         BIC
Measuring multi-threading efficiency up to 10 CPU cores
Increase to 10 rounds for branch lengths
147 trees examined
Threads: 1 / Time: 10.006 sec / Speedup: 1.000 / Efficiency: 100% / LogL: -9109
Threads: 2 / Time: 6.962 sec / Speedup: 1.437 / Efficiency: 72% / LogL: -9109
Threads: 3 / Time: 6.393 sec / Speedup: 1.565 / Efficiency: 52% / LogL: -9109
Threads: 4 / Time: 7.804 sec / Speedup: 1.282 / Efficiency: 32% / LogL: -9109
BEST NUMBER OF THREADS: 3

  1  Dayhoff       4584.278     289 9746.555     177366.555   10293.292
  2  Dayhoff+I     4583.824     290 9747.648     178527.648   10296.276
  3  Dayhoff+G4    4459.182     290 9498.364     178278.364   10046.992
  4  Dayhoff+I+G4  4459.179     291 9500.359     179444.359   10050.879
  5  Dayhoff+F     4566.365     308 9748.731     200092.731   10331.412
  6  Dayhoff+F+I   4566.338     309 9750.676     201330.676   10335.249
  7  Dayhoff+F+G4  4438.948     309 9495.896     201075.896   10080.468
  8  Dayhoff+F+I+G4 4438.908     310 9497.816     202317.816   10084.281
  9  mtMAM         5003.861     289 10585.722    178205.722   11132.458
 10  mtMAM+I       5003.779     290 10587.557    179367.557   11136.185
 11  mtMAM+G4      4734.433     290 10048.865    178828.865   10597.493
 12  mtMAM+I+G4    4734.423     291 10050.846    179994.846   10601.366
 13  mtMAM+F       4748.883     308 10113.766    200457.766   10696.447
 14  mtMAM+F+I     4748.855     309 10115.710    201695.710   10700.283
 15  mtMAM+F+G4    4546.706     309 9711.411     201291.411   10295.984
 16  mtMAM+F+I+G4  4546.679     310 9713.359     202533.359   10299.823
 17  JTT           4567.204     289 9712.409     177332.409   10259.145
 18  JTT+I         4567.195     290 9714.390     178494.390   10263.017
 19  JTT+G4        4420.477     290 9420.954     178200.954   9969.582
 20  JTT+I+G4      4420.472     291 9422.945     179366.945   9973.464
 21  JTT+F         4572.784     308 9761.567     200105.567   10344.248
 22  JTT+F+I       4572.755     309 9763.509     201343.509   10348.082
 23  JTT+F+G4      4423.389     309 9464.779     201044.779   10049.351
 24  JTT+F+I+G4    4423.367     310 9466.734     202286.734   10053.198
 25  WAG           4568.919     289 9715.837     177335.837   10262.573
 26  WAG+I         4568.900     290 9717.801     178497.801   10266.429
 27  WAG+G4        4430.171     290 9440.342     178220.342   9988.969
 28  WAG+I+G4      4430.164     291 9442.328     179386.328   9992.848
 29  WAG+F         4581.785     308 9779.569     200123.569   10362.250
 30  WAG+F+I       4581.778     309 9781.555     201361.555   10366.128
 31  WAG+F+G4      4437.667     309 9493.333     201073.333   10077.906
 32  WAG+F+I+G4    4437.664     310 9495.328     202315.328   10081.793
 33  cpREV         4613.158     289 9804.316     177424.316   10351.052
 34  cpREV+I       4613.079     290 9806.159     178586.159   10354.787
 35  cpREV+G4      4442.260     290 9464.520     178244.520   10013.147
 36  cpREV+I+G4    4442.258     291 9466.517     179410.517   10017.036
 37  cpREV+F       4673.202     308 9962.404     200306.404   10545.085
 38  cpREV+F+I     4673.195     309 9964.391     201544.391   10548.963
 39  cpREV+F+G4    4498.669     309 9615.339     201195.339   10199.911
 40  cpREV+F+I+G4  4498.668     310 9617.336     202437.336   10203.800
 41  mtREV         4861.833     289 10301.666    177921.666   10848.402
 42  mtREV+I       4861.812     290 10303.625    179083.625   10852.253
 43  mtREV+G4      4667.583     290 9915.166     178695.166   10463.794
 44  mtREV+I+G4    4667.583     291 9917.165     179861.165   10467.685
 45  mtREV+F       4651.863     308 9919.726     200263.726   10502.407
 46  mtREV+F+I     4651.853     309 9921.706     201501.706   10506.279
 47  mtREV+F+G4    4493.277     309 9604.555     201184.555   10189.127
 48  mtREV+F+I+G4  4493.277     310 9606.555     202426.555   10193.019
 49  rtREV         4639.059     289 9856.119     177476.119   10402.855
 50  rtREV+I       4639.027     290 9858.053     178638.053   10406.681
 51  rtREV+G4      4478.742     290 9537.484     178317.484   10086.112
 52  rtREV+I+G4    4478.739     291 9539.477     179483.477   10089.997
 53  rtREV+F       4633.609     308 9883.218     200227.218   10465.899
 54  rtREV+F+I     4633.582     309 9885.164     201465.164   10469.737
 55  rtREV+F+G4    4463.676     309 9545.352     201125.352   10129.924
 56  rtREV+F+I+G4  4463.674     310 9547.347     202367.347   10133.811
 57  mtART         4953.989     289 10485.978    178105.978   11032.714
 58  mtART+I       4953.952     290 10487.904    179267.904   11036.531
 59  mtART+G4      4667.043     290 9914.086     178694.086   10462.714
 60  mtART+I+G4    4667.034     291 9916.069     179860.069   10466.588
 61  mtART+F       4762.223     308 10140.445    200484.445   10723.126
 62  mtART+F+I     4762.150     309 10142.300    201722.300   10726.872
 63  mtART+F+G4    4539.326     309 9696.652     201276.652   10281.224
 64  mtART+F+I+G4  4539.318     310 9698.637     202518.637   10285.101
 65  mtZOA         4815.071     289 10208.142    177828.142   10754.878
 66  mtZOA+I       4815.037     290 10210.074    178990.074   10758.702
 67  mtZOA+G4      4570.621     290 9721.241     178501.241   10269.869
 68  mtZOA+I+G4    4570.521     291 9723.041     179667.041   10273.561
 69  mtZOA+F       4676.484     308 9968.968     200312.968   10551.649
 70  mtZOA+F+I     4676.299     309 9970.599     201550.599   10555.171
 71  mtZOA+F+G4    4481.044     309 9580.088     201160.088   10164.661
 72  mtZOA+F+I+G4  4481.044     310 9582.088     202402.088   10168.553
 73  VT            4596.523     289 9771.047     177391.047   10317.783
 74  VT+I          4596.504     290 9773.009     178553.009   10321.637
 75  VT+G4         4459.728     290 9499.455     178279.455   10048.083
 76  VT+I+G4       4459.714     291 9501.427     179445.427   10051.947
 77  VT+F          4608.411     308 9832.822     200176.822   10415.503
 78  VT+F+I        4608.393     309 9834.787     201414.787   10419.359
 79  VT+F+G4       4468.818     309 9555.636     201135.636   10140.209
 80  VT+F+I+G4     4468.816     310 9557.633     202377.633   10144.097
 81  LG            4554.921     289 9687.842     177307.842   10234.578
 82  LG+I          4554.912     290 9689.824     178469.824   10238.451
 83  LG+G4         4395.306     290 9370.613     178150.613   9919.240
 84  LG+I+G4       4395.303     291 9372.606     179316.606   9923.125
 85  LG+F          4577.294     308 9770.587     200114.587   10353.268
 86  LG+F+I        4577.284     309 9772.568     201352.568   10357.140
 87  LG+F+G4       4411.292     309 9440.585     201020.585   10025.157
 88  LG+F+I+G4     4411.289     310 9442.579     202262.579   10029.043
 89  DCMut         4583.847     289 9745.694     177365.694   10292.431
 90  DCMut+I       4583.837     290 9747.675     178527.675   10296.303
 91  DCMut+G4      4459.305     290 9498.611     178278.611   10047.239
 92  DCMut+I+G4    4459.288     291 9500.575     179444.575   10051.095
 93  DCMut+F       4566.451     308 9748.903     200092.903   10331.584
 94  DCMut+F+I     4566.401     309 9750.802     201330.802   10335.375
 95  DCMut+F+G4    4439.198     309 9496.396     201076.396   10080.968
 96  DCMut+F+I+G4  4439.159     310 9498.319     202318.319   10084.783
 97  PMB           4645.681     289 9869.363     177489.363   10416.099
 98  PMB+I         4645.654     290 9871.308     178651.308   10419.936
 99  PMB+G4        4507.895     290 9595.791     178375.791   10144.419
100  PMB+I+G4      4507.895     291 9597.791     179541.791   10148.311
101  PMB+F         4661.707     308 9939.413     200283.413   10522.094
102  PMB+F+I       4661.700     309 9941.400     201521.400   10525.972
103  PMB+F+G4      4521.159     309 9660.319     201240.319   10244.891
104  PMB+F+I+G4    4521.145     310 9662.290     202482.290   10248.754
105  HIVb          4690.774     289 9959.548     177579.548   10506.284
106  HIVb+I        4690.700     290 9961.399     178741.399   10510.027
107  HIVb+G4       4487.722     290 9555.444     178335.444   10104.072
108  HIVb+I+G4     4487.721     291 9557.442     179501.442   10107.962
109  HIVb+F        4708.696     308 10033.391    200377.391   10616.072
110  HIVb+F+I      4708.687     309 10035.374    201615.374   10619.947
111  HIVb+F+G4     4495.132     309 9608.264     201188.264   10192.836
112  HIVb+F+I+G4   4495.128     310 9610.256     202430.256   10196.720
113  HIVw          4904.100     289 10386.200    178006.200   10932.936
114  HIVw+I        4904.047     290 10388.094    179168.094   10936.722
115  HIVw+G4       4673.998     290 9927.997     178707.997   10476.625
116  HIVw+I+G4     4673.986     291 9929.972     179873.972   10480.492
117  HIVw+F        4873.070     308 10362.141    200706.141   10944.821
118  HIVw+F+I      4873.047     309 10364.093    201944.093   10948.666
119  HIVw+F+G4     4649.641     309 9917.283     201497.283   10501.855
120  HIVw+F+I+G4   4649.594     310 9919.188     202739.188   10505.652
121  JTTDCMut      4565.959     289 9709.917     177329.917   10256.654
122  JTTDCMut+I    4565.938     290 9711.875     178491.875   10260.503
123  JTTDCMut+G4   4419.777     290 9419.554     178199.554   9968.182
124  JTTDCMut+I+G4 4419.772     291 9421.544     179365.544   9972.064
125  JTTDCMut+F    4571.649     308 9759.298     200103.298   10341.979
126  JTTDCMut+F+I  4571.606     309 9761.211     201341.211   10345.784
127  JTTDCMut+F+G4 4422.852     309 9463.703     201043.703   10048.276
128  JTTDCMut+F+I+G4 4422.815     310 9465.630     202285.630   10052.094
129  FLU           4652.986     289 9883.971     177503.971   10430.707
130  FLU+I         4652.952     290 9885.904     178665.904   10434.531
131  FLU+G4        4450.715     290 9481.430     178261.430   10030.058
132  FLU+I+G4      4450.729     291 9483.459     179427.459   10033.979
133  FLU+F         4702.582     308 10021.164    200365.164   10603.845
134  FLU+F+I       4702.578     309 10023.157    201603.157   10607.729
135  FLU+F+G4      4476.826     309 9571.653     201151.653   10156.225
136  FLU+F+I+G4    4476.814     310 9573.627     202393.627   10160.092
137  Blosum62      4638.669     289 9855.337     177475.337   10402.073
138  Blosum62+I    4637.997     290 9855.994     178635.994   10404.622
139  Blosum62+G4   4499.524     290 9579.048     178359.048   10127.676
140  Blosum62+I+G4 4499.496     291 9580.993     179524.993   10131.513
141  Blosum62+F    4663.764     308 9943.528     200287.528   10526.209
142  Blosum62+F+I  4663.711     309 9945.421     201525.421   10529.994
143  Blosum62+F+G4 4520.800     309 9659.600     201239.600   10244.173
144  Blosum62+F+I+G4 4520.782     310 9661.564     202481.564   10248.028
145  mtMet         4814.299     289 10206.598    177826.598   10753.334
146  mtMet+I       4814.291     290 10208.582    178988.582   10757.210
147  mtMet+G4      4597.844     290 9775.687     178555.687   10324.315
148  mtMet+I+G4    4597.844     291 9777.687     179721.687   10328.207
149  mtMet+F       4640.788     308 9897.575     200241.575   10480.256
150  mtMet+F+I     4640.772     309 9899.545     201479.545   10484.117
151  mtMet+F+G4    4469.758     309 9557.516     201137.516   10142.088
152  mtMet+F+I+G4  4469.779     310 9559.558     202379.558   10146.023
153  mtVer         4917.032     289 10412.065    178032.065   10958.801
154  mtVer+I       4917.031     290 10414.062    179194.062   10962.690
155  mtVer+G4      4695.071     290 9970.141     178750.141   10518.769
156  mtVer+I+G4    4695.103     291 9972.206     179916.206   10522.726
157  mtVer+F       4690.220     308 9996.439     200340.439   10579.120
158  mtVer+F+I     4690.201     309 9998.402     201578.402   10582.974
159  mtVer+F+G4    4518.852     309 9655.703     201235.703   10240.276
160  mtVer+F+I+G4  4518.850     310 9657.700     202477.700   10244.165
161  mtInv         4803.967     289 10185.934    177805.934   10732.670
162  mtInv+I       4803.963     290 10187.926    178967.926   10736.553
163  mtInv+G4      4601.716     290 9783.432     178563.432   10332.059
164  mtInv+I+G4    4601.721     291 9785.442     179729.442   10335.962
165  mtInv+F       4614.524     308 9845.049     200189.049   10427.729
166  mtInv+F+I     4614.504     309 9847.008     201427.008   10431.581
167  mtInv+F+G4    4456.107     309 9530.214     201110.214   10114.787
168  mtInv+F+I+G4  4456.106     310 9532.211     202352.211   10118.675
Akaike Information Criterion:           LG+G4
Corrected Akaike Information Criterion: LG
Bayesian Information Criterion:         LG+G4
Best-fit model: LG+G4 chosen according to BIC

All model information printed to Amborella_MADS_Domain_ML.model.gz
CPU time for ModelFinder: 129.028 seconds (0h:2m:9s)
Wall-clock time for ModelFinder: 50.123 seconds (0h:0m:50s)
Generating 1000 samples for ultrafast bootstrap (seed: 253014)...

NOTE: 6 MB RAM (0 GB) is required!
Measuring multi-threading efficiency up to 10 CPU cores
Increase to 10 rounds for branch lengths
45 trees examined
Threads: 1 / Time: 10.192 sec / Speedup: 1.000 / Efficiency: 100% / LogL: -8488
Threads: 2 / Time: 6.297 sec / Speedup: 1.619 / Efficiency: 81% / LogL: -8488
Threads: 3 / Time: 5.874 sec / Speedup: 1.735 / Efficiency: 58% / LogL: -8488
Threads: 4 / Time: 6.234 sec / Speedup: 1.635 / Efficiency: 41% / LogL: -8488
BEST NUMBER OF THREADS: 3

Estimate model parameters (epsilon = 0.100)
1. Initial log-likelihood: -4399.006
2. Current log-likelihood: -4395.987
3. Current log-likelihood: -4395.333
Optimal log-likelihood: -4395.303
Gamma shape alpha: 1.449
Parameters optimization took 3 rounds (0.260 sec)
Computing ML distances based on estimated model parameters... 7.143 sec
WARNING: Some pairwise ML distances are too long (saturated)
Computing BIONJ tree...
0.010 seconds
Log-likelihood of BIONJ tree: -4381.411
--------------------------------------------------------------------
|             INITIALIZING CANDIDATE TREE SET                      |
--------------------------------------------------------------------
Generating 98 parsimony trees... 1.797 second
Computing log-likelihood of 98 initial trees ... 2.753 seconds
Current best score: -4313.117

Do NNI search on 20 best initial trees
Estimate model parameters (epsilon = 0.100)
BETTER TREE FOUND at iteration 1: -4288.034
Estimate model parameters (epsilon = 0.100)
BETTER TREE FOUND at iteration 2: -4287.993
Estimate model parameters (epsilon = 0.100)
BETTER TREE FOUND at iteration 4: -4282.585
Estimate model parameters (epsilon = 0.100)
BETTER TREE FOUND at iteration 9: -4279.520
Iteration 10 / LogL: -4292.108 / Time: 0h:0m:42s
Iteration 20 / LogL: -4318.099 / Time: 0h:0m:50s
Finish initializing candidate tree set (20)
Current best tree score: -4279.520 / CPU time: 19.304
Number of iterations: 20
--------------------------------------------------------------------
|               OPTIMIZING CANDIDATE TREE SET                      |
--------------------------------------------------------------------
Iteration 30 / LogL: -4290.657 / Time: 0h:0m:58s (0h:2m:38s left)
Estimate model parameters (epsilon = 0.100)
BETTER TREE FOUND at iteration 38: -4279.456
Iteration 40 / LogL: -4291.027 / Time: 0h:1m:6s (0h:2m:46s left)
Estimate model parameters (epsilon = 0.100)
BETTER TREE FOUND at iteration 46: -4278.006
Estimate model parameters (epsilon = 0.100)
BETTER TREE FOUND at iteration 48: -4276.714
Iteration 50 / LogL: -4277.602 / Time: 0h:1m:14s (0h:2m:29s left)
Log-likelihood cutoff on original alignment: -4334.213
Estimate model parameters (epsilon = 0.100)
BETTER TREE FOUND at iteration 53: -4275.752
Iteration 60 / LogL: -4280.033 / Time: 0h:1m:22s (0h:2m:9s left)
BETTER TREE FOUND at iteration 65: -4275.751
Estimate model parameters (epsilon = 0.100)
BETTER TREE FOUND at iteration 66: -4274.469
Iteration 70 / LogL: -4276.878 / Time: 0h:1m:30s (0h:2m:5s left)
Iteration 80 / LogL: -4281.789 / Time: 0h:1m:37s (0h:1m:46s left)
Estimate model parameters (epsilon = 0.100)
BETTER TREE FOUND at iteration 82: -4273.599
Iteration 90 / LogL: -4278.153 / Time: 0h:1m:45s (0h:1m:48s left)
Estimate model parameters (epsilon = 0.100)
BETTER TREE FOUND at iteration 97: -4273.473
Iteration 100 / LogL: -4285.974 / Time: 0h:1m:52s (0h:1m:50s left)
Log-likelihood cutoff on original alignment: -4327.728
NOTE: Bootstrap correlation coefficient of split occurrence frequencies: 0.989
NOTE: UFBoot does not converge, continue at least 100 more iterations
Estimate model parameters (epsilon = 0.100)
BETTER TREE FOUND at iteration 110: -4273.016
Iteration 110 / LogL: -4273.016 / Time: 0h:2m:0s (0h:1m:50s left)
Estimate model parameters (epsilon = 0.100)
BETTER TREE FOUND at iteration 115: -4268.422
Iteration 120 / LogL: -4286.212 / Time: 0h:2m:8s (0h:1m:42s left)
Iteration 130 / LogL: -4271.912 / Time: 0h:2m:15s (0h:1m:29s left)
Estimate model parameters (epsilon = 0.100)
BETTER TREE FOUND at iteration 140: -4266.515
Iteration 140 / LogL: -4266.515 / Time: 0h:2m:23s (0h:1m:43s left)
Iteration 150 / LogL: -4276.712 / Time: 0h:2m:30s (0h:1m:30s left)
Log-likelihood cutoff on original alignment: -4327.728
Iteration 160 / LogL: -4267.243 / Time: 0h:2m:38s (0h:1m:19s left)
Iteration 170 / LogL: -4268.537 / Time: 0h:2m:46s (0h:1m:9s left)
Iteration 180 / LogL: -4268.769 / Time: 0h:2m:54s (0h:0m:58s left)
BETTER TREE FOUND at iteration 186: -4266.513
Iteration 190 / LogL: -4288.219 / Time: 0h:3m:2s (0h:1m:32s left)
Iteration 200 / LogL: -4267.334 / Time: 0h:3m:9s (0h:1m:21s left)
Log-likelihood cutoff on original alignment: -4327.728
NOTE: Bootstrap correlation coefficient of split occurrence frequencies: 0.985
NOTE: UFBoot does not converge, continue at least 100 more iterations
Iteration 210 / LogL: -4270.883 / Time: 0h:3m:16s (0h:1m:24s left)
Iteration 220 / LogL: -4268.686 / Time: 0h:3m:24s (0h:1m:14s left)
Iteration 230 / LogL: -4274.067 / Time: 0h:3m:32s (0h:1m:4s left)
Iteration 240 / LogL: -4268.035 / Time: 0h:3m:40s (0h:0m:55s left)
Iteration 250 / LogL: -4275.184 / Time: 0h:3m:47s (0h:0m:45s left)
Log-likelihood cutoff on original alignment: -4327.728
Iteration 260 / LogL: -4274.929 / Time: 0h:3m:55s (0h:0m:36s left)
Iteration 270 / LogL: -4268.980 / Time: 0h:4m:3s (0h:0m:27s left)
Iteration 280 / LogL: -4268.770 / Time: 0h:4m:10s (0h:0m:17s left)
Iteration 290 / LogL: -4266.662 / Time: 0h:4m:18s (0h:0m:8s left)
Iteration 300 / LogL: -4275.160 / Time: 0h:4m:25s (0h:0m:0s left)
Log-likelihood cutoff on original alignment: -4324.190
NOTE: Bootstrap correlation coefficient of split occurrence frequencies: 0.993
TREE SEARCH COMPLETED AFTER 300 ITERATIONS / Time: 0h:4m:26s

--------------------------------------------------------------------
|                    FINALIZING TREE SEARCH                        |
--------------------------------------------------------------------
Performs final model parameters optimization
Estimate model parameters (epsilon = 0.010)
1. Initial log-likelihood: -4266.513
Optimal log-likelihood: -4266.513
Gamma shape alpha: 1.339
Parameters optimization took 1 rounds (0.037 sec)
BEST SCORE FOUND : -4266.513
Creating bootstrap support values...
Split supports printed to NEXUS file Amborella_MADS_Domain_ML.splits.nex
Total tree length: 29.310

Total number of iterations: 300
CPU time used for tree search: 686.722 sec (0h:11m:26s)
Wall-clock time used for tree search: 234.654 sec (0h:3m:54s)
Total CPU time used: 761.236 sec (0h:12m:41s)
Total wall-clock time used: 266.630 sec (0h:4m:26s)

Computing bootstrap consensus tree...
Reading input file Amborella_MADS_Domain_ML.splits.nex...
146 taxa and 1741 splits.
Consensus tree written to Amborella_MADS_Domain_ML.contree
Reading input trees file Amborella_MADS_Domain_ML.contree
Log-likelihood of consensus tree: -4267.072

Analysis results written to: 
  IQ-TREE report:                Amborella_MADS_Domain_ML.iqtree
  Maximum-likelihood tree:       Amborella_MADS_Domain_ML.treefile
  Likelihood distances:          Amborella_MADS_Domain_ML.mldist

Ultrafast bootstrap approximation results written to:
  Split support values:          Amborella_MADS_Domain_ML.splits.nex
  Consensus tree:                Amborella_MADS_Domain_ML.contree
  Screen log file:               Amborella_MADS_Domain_ML.log

Date and Time: Fri Apr  3 23:29:35 2026
