IQ-TREE multicore version 1.6.12 for Mac OS X 64-bit built Aug 15 2019
Developed by Bui Quang Minh, Nguyen Lam Tung, Olga Chernomor,
Heiko Schmidt, Dominik Schrempf, Michael Woodhams.

Host:    Bushras-MacBook-Air.local (SSE4.2, 16 GB RAM)
Command: /Users/bushrakhan/Desktop/NIPGR-data/MADS-box-Evolutionary-gene-detection/bin/iqtree -s Combined_Kbox_Amborella_AT_Aligned.fa -nt AUTO -m TEST -bb 1000 -pre Amborella_Kbox_Domain_ML
Seed:    425892 (Using SPRNG - Scalable Parallel Random Number Generator)
Time:    Fri Apr  3 23:29:35 2026
Kernel:  SSE2 - auto-detect threads (10 CPU cores detected)

Reading alignment file Combined_Kbox_Amborella_AT_Aligned.fa ... Fasta format detected
Alignment most likely contains protein sequences
Alignment has 124 sequences with 108 columns, 105 distinct patterns
88 parsimony-informative, 5 singleton sites, 15 constant sites
WARNING: Some sequence names are changed as follows:
AT1G69120.1|PACid:19653480_85_172 -> AT1G69120.1_PACid_19653480_85_172
AT1G26310.1|PACid:19650942_85_174 -> AT1G26310.1_PACid_19650942_85_174
AT5G60910.2|PACid:19670615_23_110 -> AT5G60910.2_PACid_19670615_23_110
AT5G60910.1|PACid:19670614_85_172 -> AT5G60910.1_PACid_19670614_85_172
AT2G45650.1|PACid:19638787_83_170 -> AT2G45650.1_PACid_19638787_83_170
AT3G58780.2|PACid:19662660_93_179 -> AT3G58780.2_PACid_19662660_93_179
AT3G58780.1|PACid:19662659_100_186 -> AT3G58780.1_PACid_19662659_100_186
AT3G58780.3|PACid:19662658_125_211 -> AT3G58780.3_PACid_19662658_125_211
AT4G18960.1|PACid:19647337_102_187 -> AT4G18960.1_PACid_19647337_102_187
AT4G18960.2|PACid:19647338_88_173 -> AT4G18960.2_PACid_19647338_88_173
AT2G45660.1|PACid:19641052_83_171 -> AT2G45660.1_PACid_19641052_83_171
AT2G42830.1|PACid:19643528_100_186 -> AT2G42830.1_PACid_19643528_100_186
AT5G15800.1|PACid:19670123_84_172 -> AT5G15800.1_PACid_19670123_84_172
AT5G15800.2|PACid:19670122_84_172 -> AT5G15800.2_PACid_19670122_84_172
AT4G09960.1|PACid:19648309_86_171 -> AT4G09960.1_PACid_19648309_86_171
AT4G37940.1|PACid:19644309_83_171 -> AT4G37940.1_PACid_19644309_83_171
AT4G37940.1|PACid:19644309_159_183 -> AT4G37940.1_PACid_19644309_159_183
AT4G09960.3|PACid:19648307_112_197 -> AT4G09960.3_PACid_19648307_112_197
AT1G24260.2|PACid:19651403_93_175 -> AT1G24260.2_PACid_19651403_93_175
AT3G02310.1|PACid:19661943_84_172 -> AT3G02310.1_PACid_19661943_84_172
AT2G42830.2|PACid:19643527_100_188 -> AT2G42830.2_PACid_19643527_100_188
AT1G24260.1|PACid:19651404_92_174 -> AT1G24260.1_PACid_19651404_92_174
AT4G22950.1|PACid:19647692_83_169 -> AT4G22950.1_PACid_19647692_83_169
AT3G57230.1|PACid:19665060_82_170 -> AT3G57230.1_PACid_19665060_82_170
AT3G57230.1|PACid:19665060_165_184 -> AT3G57230.1_PACid_19665060_165_184
AT3G61120.1|PACid:19662463_85_168 -> AT3G61120.1_PACid_19662463_85_168
AT2G14210.1|PACid:19638394_83_170 -> AT2G14210.1_PACid_19638394_83_170
AT2G14210.1|PACid:19638394_170_185 -> AT2G14210.1_PACid_19638394_170_185
AT2G03710.3|PACid:19640310_85_172 -> AT2G03710.3_PACid_19640310_85_172
AT2G22630.1|PACid:19642313_83_171 -> AT2G22630.1_PACid_19642313_83_171
AT2G22630.1|PACid:19642313_165_183 -> AT2G22630.1_PACid_19642313_165_183
AT2G03710.2|PACid:19640309_85_173 -> AT2G03710.2_PACid_19640309_85_173
AT2G03710.1|PACid:19640308_85_173 -> AT2G03710.1_PACid_19640308_85_173
AT4G11880.1|PACid:19643844_84_171 -> AT4G11880.1_PACid_19643844_84_171
AT4G09960.4|PACid:19648308_86_175 -> AT4G09960.4_PACid_19648308_86_175
AT3G30260.1|PACid:19662130_87_171 -> AT3G30260.1_PACid_19662130_87_171
AT5G62165.1|PACid:19672595_84_170 -> AT5G62165.1_PACid_19672595_84_170
AT5G62165.2|PACid:19672596_84_170 -> AT5G62165.2_PACid_19672596_84_170
AT5G62165.3|PACid:19672597_84_170 -> AT5G62165.3_PACid_19672597_84_170
AT1G24260.3|PACid:19651405_93_160 -> AT1G24260.3_PACid_19651405_93_160
AT5G51870.1|PACid:19672300_88_172 -> AT5G51870.1_PACid_19672300_88_172
AT5G51870.3|PACid:19672299_88_171 -> AT5G51870.3_PACid_19672299_88_171
AT5G23260.2|PACid:19667542_82_170 -> AT5G23260.2_PACid_19667542_82_170
AT5G13790.1|PACid:19669343_75_165 -> AT5G13790.1_PACid_19669343_75_165
AT5G51860.2|PACid:19671372_89_172 -> AT5G51860.2_PACid_19671372_89_172
AT1G71692.1|PACid:19653064_99_180 -> AT1G71692.1_PACid_19653064_99_180
AT5G51860.1|PACid:19671371_89_171 -> AT5G51860.1_PACid_19671371_89_171
AT4G09960.2|PACid:19648310_86_165 -> AT4G09960.2_PACid_19648310_86_165
AT5G62165.5|PACid:19672599_43_117 -> AT5G62165.5_PACid_19672599_43_117
AT4G24540.1|PACid:19648389_91_172 -> AT4G24540.1_PACid_19648389_91_172
AT3G57390.2|PACid:19659473_34_118 -> AT3G57390.2_PACid_19659473_34_118
AT3G57390.1|PACid:19659472_95_179 -> AT3G57390.1_PACid_19659472_95_179
AT2G22540.2|PACid:19641564_87_165 -> AT2G22540.2_PACid_19641564_87_165
AT2G22540.1|PACid:19641563_92_170 -> AT2G22540.1_PACid_19641563_92_170
AT2G22540.1|PACid:19641563_166_184 -> AT2G22540.1_PACid_19641563_166_184
AT3G54340.1|PACid:19659884_81_168 -> AT3G54340.1_PACid_19659884_81_168
AT5G20240.1|PACid:19673101_81_164 -> AT5G20240.1_PACid_19673101_81_164
AT3G57230.2|PACid:19665061_106_169 -> AT3G57230.2_PACid_19665061_106_169
AT3G57230.2|PACid:19665061_164_183 -> AT3G57230.2_PACid_19665061_164_183
AT5G51870.2|PACid:19672301_88_148 -> AT5G51870.2_PACid_19672301_88_148
AT5G23260.1|PACid:19667543_82_165 -> AT5G23260.1_PACid_19667543_82_165
AT5G62165.4|PACid:19672598_84_157 -> AT5G62165.4_PACid_19672598_84_157
AT5G23260.3|PACid:19667544_82_152 -> AT5G23260.3_PACid_19667544_82_152
AT5G10140.2|PACid:19672042_89_164 -> AT5G10140.2_PACid_19672042_89_164
AT5G10140.1|PACid:19672039_89_164 -> AT5G10140.1_PACid_19672039_89_164
AT5G10140.3|PACid:19672040_89_164 -> AT5G10140.3_PACid_19672040_89_164
AT2G41470.1|PACid:19641817_21_83 -> AT2G41470.1_PACid_19641817_21_83
AT2G41470.1|PACid:19641817_120_196 -> AT2G41470.1_PACid_19641817_120_196
AT2G41470.1|PACid:19641817_249_309 -> AT2G41470.1_PACid_19641817_249_309
AT2G41470.1|PACid:19641817_355_410 -> AT2G41470.1_PACid_19641817_355_410
AT1G77080.2|PACid:19652599_93_160 -> AT1G77080.2_PACid_19652599_93_160
AT1G77080.5|PACid:19652600_96_164 -> AT1G77080.5_PACid_19652600_96_164
AT5G65060.1|PACid:19668928_96_164 -> AT5G65060.1_PACid_19668928_96_164
AT1G77080.4|PACid:19652598_96_164 -> AT1G77080.4_PACid_19652598_96_164
AT5G65050.2|PACid:19667307_98_164 -> AT5G65050.2_PACid_19667307_98_164
AT5G65080.1|PACid:19670372_101_170 -> AT5G65080.1_PACid_19670372_101_170
AT5G65050.3|PACid:19667305_98_164 -> AT5G65050.3_PACid_19667305_98_164
AT5G65080.2|PACid:19670373_93_162 -> AT5G65080.2_PACid_19670373_93_162
AT5G65060.2|PACid:19668929_102_153 -> AT5G65060.2_PACid_19668929_102_153
AT5G65070.2|PACid:19666741_141_195 -> AT5G65070.2_PACid_19666741_141_195
AT5G65070.1|PACid:19666742_110_164 -> AT5G65070.1_PACid_19666742_110_164
AT5G65070.3|PACid:19666740_142_196 -> AT5G65070.3_PACid_19666740_142_196
AT5G10140.4|PACid:19672041_90_154 -> AT5G10140.4_PACid_19672041_90_154
AT1G77080.3|PACid:19652601_82_126 -> AT1G77080.3_PACid_19652601_82_126
AT1G31150.1|PACid:19651250_574_639 -> AT1G31150.1_PACid_19651250_574_639
AT5G65050.1|PACid:19667306_98_149 -> AT5G65050.1_PACid_19667306_98_149
AT1G31140.2|PACid:19657777_95_158 -> AT1G31140.2_PACid_19657777_95_158
AT1G31140.1|PACid:19657778_95_156 -> AT1G31140.1_PACid_19657778_95_156
AT2G41445.1|PACid:19641714_37_93 -> AT2G41445.1_PACid_19641714_37_93
AT2G41445.1|PACid:19641714_149_217 -> AT2G41445.1_PACid_19641714_149_217
AT1G77950.1|PACid:19656697_125_198 -> AT1G77950.1_PACid_19656697_125_198
AT1G77950.2|PACid:19656698_125_198 -> AT1G77950.2_PACid_19656698_125_198
AT1G22130.1|PACid:19651829_125_192 -> AT1G22130.1_PACid_19651829_125_192
AT1G77980.1|PACid:19650219_124_189 -> AT1G77980.1_PACid_19650219_124_189
AT2G41440.1|PACid:19638798_42_120 -> AT2G41440.1_PACid_19638798_42_120
AT2G41440.1|PACid:19638798_151_202 -> AT2G41440.1_PACid_19638798_151_202
AT2G41440.2|PACid:19638799_33_84 -> AT2G41440.2_PACid_19638799_33_84
AT1G69540.1|PACid:19658298_146_182 -> AT1G69540.1_PACid_19658298_146_182
AT1G59810.1|PACid:19650751_99_152 -> AT1G59810.1_PACid_19650751_99_152
AT2G03060.2|PACid:19640478_88_99 -> AT2G03060.2_PACid_19640478_88_99
AT2G03060.2|PACid:19640478_114_176 -> AT2G03060.2_PACid_19640478_114_176
AT4G27630.1|PACid:19644925_67_96 -> AT4G27630.1_PACid_19644925_67_96
AT4G27630.1|PACid:19644925_136_162 -> AT4G27630.1_PACid_19644925_136_162
AT2G11620.1|PACid:19641263_210_250 -> AT2G11620.1_PACid_19641263_210_250
AT2G11620.1|PACid:19641263_324_348 -> AT2G11620.1_PACid_19641263_324_348
AT2G11620.1|PACid:19641263_364_388 -> AT2G11620.1_PACid_19641263_364_388
AT2G11620.1|PACid:19641263_406_426 -> AT2G11620.1_PACid_19641263_406_426
AT2G11620.1|PACid:19641263_442_465 -> AT2G11620.1_PACid_19641263_442_465

                                               Gap/Ambiguity  Composition  p-value
   1  evm_27.model.AmTr_v1.0_scaffold00001.413_Kbox   16.67%    passed     88.60%
   2  evm_27.model.AmTr_v1.0_scaffold00047.105_Kbox   18.52%    passed     98.22%
   3  evm_27.model.AmTr_v1.0_scaffold00071.203_Kbox   18.52%    passed     35.70%
   4  evm_27.model.AmTr_v1.0_scaffold00047.121_Kbox   17.59%    passed     81.37%
   5  evm_27.model.AmTr_v1.0_scaffold00046.134_Kbox   16.67%    passed     90.79%
   6  evm_27.model.AmTr_v1.0_scaffold00013.53_Kbox    16.67%    passed     88.50%
   7  evm_27.model.AmTr_v1.0_scaffold00021.296_Kbox   18.52%    passed     82.48%
   8  evm_27.model.AmTr_v1.0_scaffold00001.461_Kbox   19.44%    passed     91.07%
   9  evm_27.model.AmTr_v1.0_scaffold00001.409_Kbox   19.44%    passed     29.90%
  10  evm_27.model.AmTr_v1.0_scaffold00066.97_Kbox    18.52%    passed      5.74%
  11  evm_27.model.AmTr_v1.0_scaffold00001.225_Kbox   22.22%    passed      8.10%
  12  evm_27.model.AmTr_v1.0_scaffold00089.36_Kbox    20.37%    passed     81.18%
  13  evm_27.model.AmTr_v1.0_scaffold00127.17_Kbox    21.30%    passed     89.13%
  14  evm_27.model.AmTr_v1.0_scaffold00013.60_Kbox    30.56%    passed     85.49%
  15  evm_27.model.AmTr_v1.0_scaffold00053.185_Kbox   26.85%    passed     72.16%
  16  evm_27.model.AmTr_v1.0_scaffold00095.150_Kbox   37.96%    failed      3.34%
  17  AT1G69120.1_PACid_19653480_85_172               44.44%    passed     85.03%
  18  AT1G26310.1_PACid_19650942_85_174               44.44%    passed     95.65%
  19  AT5G60910.2_PACid_19670615_23_110               44.44%    passed     76.85%
  20  AT5G60910.1_PACid_19670614_85_172               44.44%    passed     76.85%
  21  AT2G45650.1_PACid_19638787_83_170               44.44%    passed     15.46%
  22  AT3G58780.2_PACid_19662660_93_179               44.44%    passed     64.30%
  23  AT3G58780.1_PACid_19662659_100_186              44.44%    passed     64.30%
  24  AT3G58780.3_PACid_19662658_125_211              44.44%    passed     64.30%
  25  AT4G18960.1_PACid_19647337_102_187              44.44%    passed     33.50%
  26  AT4G18960.2_PACid_19647338_88_173               44.44%    passed     33.50%
  27  AT2G45660.1_PACid_19641052_83_171               44.44%    passed     40.47%
  28  AT2G42830.1_PACid_19643528_100_186              44.44%    passed     87.28%
  29  AT5G15800.1_PACid_19670123_84_172               44.44%    passed     32.05%
  30  AT5G15800.2_PACid_19670122_84_172               44.44%    passed     32.05%
  31  AT4G09960.1_PACid_19648309_86_171               44.44%    passed     78.07%
  32  AT4G37940.1_PACid_19644309_83_171               44.44%    passed     59.64%
  33  AT4G37940.1_PACid_19644309_159_183              76.85%    passed     91.68%
  34  AT4G09960.3_PACid_19648307_112_197              44.44%    passed     78.07%
  35  AT1G24260.2_PACid_19651403_93_175               44.44%    passed     77.87%
  36  AT3G02310.1_PACid_19661943_84_172               44.44%    passed     27.69%
  37  AT2G42830.2_PACid_19643527_100_188              44.44%    passed     87.28%
  38  AT1G24260.1_PACid_19651404_92_174               44.44%    passed     77.87%
  39  AT4G22950.1_PACid_19647692_83_169               44.44%    passed     83.52%
  40  AT3G57230.1_PACid_19665060_82_170               44.44%    passed     79.93%
  41  AT3G57230.1_PACid_19665060_165_184              81.48%    passed     15.37%
  42  AT3G61120.1_PACid_19662463_85_168               44.44%    passed     64.94%
  43  AT2G14210.1_PACid_19638394_83_170               44.44%    passed     92.62%
  44  AT2G14210.1_PACid_19638394_170_185              85.19%    passed     29.70%
  45  AT2G03710.3_PACid_19640310_85_172               44.44%    passed     95.61%
  46  AT2G22630.1_PACid_19642313_83_171               44.44%    passed     95.90%
  47  AT2G22630.1_PACid_19642313_165_183              82.41%    passed     96.04%
  48  AT2G03710.2_PACid_19640309_85_173               44.44%    passed     95.61%
  49  AT2G03710.1_PACid_19640308_85_173               44.44%    passed     95.61%
  50  AT4G11880.1_PACid_19643844_84_171               44.44%    passed     95.93%
  51  AT4G09960.4_PACid_19648308_86_175               44.44%    passed     78.07%
  52  AT3G30260.1_PACid_19662130_87_171               44.44%    passed     58.07%
  53  AT5G62165.1_PACid_19672595_84_170               44.44%    passed     77.78%
  54  AT5G62165.2_PACid_19672596_84_170               44.44%    passed     77.78%
  55  AT5G62165.3_PACid_19672597_84_170               44.44%    passed     77.78%
  56  AT1G24260.3_PACid_19651405_93_160               44.44%    passed     77.87%
  57  AT5G51870.1_PACid_19672300_88_172               44.44%    passed     94.14%
  58  AT5G51870.3_PACid_19672299_88_171               44.44%    passed     94.14%
  59  AT5G23260.2_PACid_19667542_82_170               44.44%    failed      0.16%
  60  AT5G13790.1_PACid_19669343_75_165               44.44%    passed     97.36%
  61  AT5G51860.2_PACid_19671372_89_172               44.44%    passed     44.79%
  62  AT1G71692.1_PACid_19653064_99_180               44.44%    passed     16.69%
  63  AT5G51860.1_PACid_19671371_89_171               44.44%    passed     44.79%
  64  AT4G09960.2_PACid_19648310_86_165               44.44%    passed     59.77%
  65  AT5G62165.5_PACid_19672599_43_117               44.44%    passed     30.75%
  66  AT4G24540.1_PACid_19648389_91_172               44.44%    passed     44.50%
  67  AT3G57390.2_PACid_19659473_34_118               44.44%    passed     99.65%
  68  AT3G57390.1_PACid_19659472_95_179               44.44%    passed     99.65%
  69  AT2G22540.2_PACid_19641564_87_165               44.44%    passed     84.51%
  70  AT2G22540.1_PACid_19641563_92_170               44.44%    passed     84.51%
  71  AT2G22540.1_PACid_19641563_166_184              82.41%    passed     46.90%
  72  AT3G54340.1_PACid_19659884_81_168               44.44%    passed     21.95%
  73  AT5G20240.1_PACid_19673101_81_164               44.44%    passed     26.58%
  74  AT3G57230.2_PACid_19665061_106_169              44.44%    passed     62.08%
  75  AT3G57230.2_PACid_19665061_164_183              81.48%    passed     15.37%
  76  AT5G51870.2_PACid_19672301_88_148               44.44%    passed     70.43%
  77  AT5G23260.1_PACid_19667543_82_165               44.44%    failed      0.16%
  78  AT5G62165.4_PACid_19672598_84_157               44.44%    passed     78.74%
  79  AT5G23260.3_PACid_19667544_82_152               44.44%    failed      0.16%
  80  AT5G10140.2_PACid_19672042_89_164               44.44%    passed     36.72%
  81  AT5G10140.1_PACid_19672039_89_164               44.44%    passed     36.72%
  82  AT5G10140.3_PACid_19672040_89_164               44.44%    passed     36.72%
  83  AT2G41470.1_PACid_19641817_21_83                44.44%    passed     25.02%
  84  AT2G41470.1_PACid_19641817_120_196              44.44%    passed     29.59%
  85  AT2G41470.1_PACid_19641817_249_309              44.44%    passed     75.26%
  86  AT2G41470.1_PACid_19641817_355_410              48.15%    failed      0.14%
  87  AT1G77080.2_PACid_19652599_93_160               44.44%    passed     69.30%
  88  AT1G77080.5_PACid_19652600_96_164               44.44%    passed     75.50%
  89  AT5G65060.1_PACid_19668928_96_164               44.44%    passed     57.80%
  90  AT1G77080.4_PACid_19652598_96_164               44.44%    passed     75.50%
  91  AT5G65050.2_PACid_19667307_98_164               44.44%    passed     63.90%
  92  AT5G65080.1_PACid_19670372_101_170              44.44%    passed     85.65%
  93  AT5G65050.3_PACid_19667305_98_164               44.44%    passed     63.90%
  94  AT5G65080.2_PACid_19670373_93_162               44.44%    passed     85.65%
  95  AT5G65060.2_PACid_19668929_102_153              51.85%    passed     75.75%
  96  AT5G65070.2_PACid_19666741_141_195              49.07%    passed     84.56%
  97  AT5G65070.1_PACid_19666742_110_164              49.07%    passed     84.56%
  98  AT5G65070.3_PACid_19666740_142_196              49.07%    passed     84.56%
  99  AT5G10140.4_PACid_19672041_90_154               44.44%    passed     37.15%
 100  AT1G77080.3_PACid_19652601_82_126               58.33%    passed     41.33%
 101  AT1G31150.1_PACid_19651250_574_639              44.44%    passed     61.39%
 102  AT5G65050.1_PACid_19667306_98_149               51.85%    passed     55.90%
 103  AT1G31140.2_PACid_19657777_95_158               44.44%    passed     71.01%
 104  AT1G31140.1_PACid_19657778_95_156               44.44%    passed     53.52%
 105  AT2G41445.1_PACid_19641714_37_93                47.22%    passed     56.26%
 106  AT2G41445.1_PACid_19641714_149_217              44.44%    passed      6.05%
 107  AT1G77950.1_PACid_19656697_125_198              44.44%    passed     10.41%
 108  AT1G77950.2_PACid_19656698_125_198              44.44%    passed     10.41%
 109  AT1G22130.1_PACid_19651829_125_192              44.44%    passed      6.56%
 110  AT1G77980.1_PACid_19650219_124_189              44.44%    passed      9.61%
 111  AT2G41440.1_PACid_19638798_42_120               44.44%    passed     89.76%
 112  AT2G41440.1_PACid_19638798_151_202              51.85%    failed      0.45%
 113  AT2G41440.2_PACid_19638799_33_84                51.85%    failed      0.45%
 114  AT1G69540.1_PACid_19658298_146_182              65.74%    passed     13.87%
 115  AT1G59810.1_PACid_19650751_99_152               50.00%    passed     70.54%
 116  AT2G03060.2_PACid_19640478_88_99                88.89%    passed     45.95%
 117  AT2G03060.2_PACid_19640478_114_176              44.44%    passed     51.39%
 118  AT4G27630.1_PACid_19644925_67_96                72.22%    passed      9.21%
 119  AT4G27630.1_PACid_19644925_136_162              75.00%    passed     89.94%
 120  AT2G11620.1_PACid_19641263_210_250              62.04%    failed      0.00%
 121  AT2G11620.1_PACid_19641263_324_348              76.85%    failed      0.01%
 122  AT2G11620.1_PACid_19641263_364_388              76.85%    passed     29.61%
 123  AT2G11620.1_PACid_19641263_406_426              80.56%    passed     28.09%
 124  AT2G11620.1_PACid_19641263_442_465              77.78%    passed      5.07%
WARNING: 20 sequences contain more than 50% gaps/ambiguity
****  TOTAL                                           46.03%  9 sequences failed composition chi2 test (p-value<5%; df=19)
NOTE: AT5G60910.1_PACid_19670614_85_172 is identical to AT5G60910.2_PACid_19670615_23_110 but kept for subsequent analysis
NOTE: AT3G58780.1_PACid_19662659_100_186 is identical to AT3G58780.2_PACid_19662660_93_179 but kept for subsequent analysis
NOTE: AT4G18960.2_PACid_19647338_88_173 is identical to AT4G18960.1_PACid_19647337_102_187 but kept for subsequent analysis
NOTE: AT2G42830.2_PACid_19643527_100_188 is identical to AT2G42830.1_PACid_19643528_100_186 but kept for subsequent analysis
NOTE: AT5G15800.2_PACid_19670122_84_172 is identical to AT5G15800.1_PACid_19670123_84_172 but kept for subsequent analysis
NOTE: AT4G09960.3_PACid_19648307_112_197 is identical to AT4G09960.1_PACid_19648309_86_171 but kept for subsequent analysis
NOTE: AT1G24260.1_PACid_19651404_92_174 is identical to AT1G24260.2_PACid_19651403_93_175 but kept for subsequent analysis
NOTE: AT3G57230.2_PACid_19665061_164_183 is identical to AT3G57230.1_PACid_19665060_165_184 but kept for subsequent analysis
NOTE: AT2G03710.2_PACid_19640309_85_173 is identical to AT2G03710.3_PACid_19640310_85_172 but kept for subsequent analysis
NOTE: AT5G62165.2_PACid_19672596_84_170 is identical to AT5G62165.1_PACid_19672595_84_170 but kept for subsequent analysis
NOTE: AT5G51870.3_PACid_19672299_88_171 is identical to AT5G51870.1_PACid_19672300_88_172 but kept for subsequent analysis
NOTE: AT5G23260.1_PACid_19667543_82_165 is identical to AT5G23260.2_PACid_19667542_82_170 but kept for subsequent analysis
NOTE: AT5G51860.1_PACid_19671371_89_171 is identical to AT5G51860.2_PACid_19671372_89_172 but kept for subsequent analysis
NOTE: AT3G57390.1_PACid_19659472_95_179 is identical to AT3G57390.2_PACid_19659473_34_118 but kept for subsequent analysis
NOTE: AT2G22540.1_PACid_19641563_92_170 is identical to AT2G22540.2_PACid_19641564_87_165 but kept for subsequent analysis
NOTE: AT5G10140.1_PACid_19672039_89_164 is identical to AT5G10140.2_PACid_19672042_89_164 but kept for subsequent analysis
NOTE: AT1G77080.4_PACid_19652598_96_164 is identical to AT1G77080.5_PACid_19652600_96_164 but kept for subsequent analysis
NOTE: AT5G65050.3_PACid_19667305_98_164 is identical to AT5G65050.2_PACid_19667307_98_164 but kept for subsequent analysis
NOTE: AT5G65080.2_PACid_19670373_93_162 is identical to AT5G65080.1_PACid_19670372_101_170 but kept for subsequent analysis
NOTE: AT5G65070.1_PACid_19666742_110_164 is identical to AT5G65070.2_PACid_19666741_141_195 but kept for subsequent analysis
NOTE: AT1G77950.2_PACid_19656698_125_198 is identical to AT1G77950.1_PACid_19656697_125_198 but kept for subsequent analysis
NOTE: AT2G41440.2_PACid_19638799_33_84 is identical to AT2G41440.1_PACid_19638798_151_202 but kept for subsequent analysis
NOTE: 8 identical sequences (see below) will be ignored for subsequent analysis
NOTE: AT3G58780.3_PACid_19662658_125_211 (identical to AT3G58780.2_PACid_19662660_93_179) is ignored but added at the end
NOTE: AT4G09960.4_PACid_19648308_86_175 (identical to AT4G09960.1_PACid_19648309_86_171) is ignored but added at the end
NOTE: AT1G24260.3_PACid_19651405_93_160 (identical to AT1G24260.2_PACid_19651403_93_175) is ignored but added at the end
NOTE: AT2G03710.1_PACid_19640308_85_173 (identical to AT2G03710.3_PACid_19640310_85_172) is ignored but added at the end
NOTE: AT5G62165.3_PACid_19672597_84_170 (identical to AT5G62165.1_PACid_19672595_84_170) is ignored but added at the end
NOTE: AT5G23260.3_PACid_19667544_82_152 (identical to AT5G23260.2_PACid_19667542_82_170) is ignored but added at the end
NOTE: AT5G10140.3_PACid_19672040_89_164 (identical to AT5G10140.2_PACid_19672042_89_164) is ignored but added at the end
NOTE: AT5G65070.3_PACid_19666740_142_196 (identical to AT5G65070.2_PACid_19666741_141_195) is ignored but added at the end

For your convenience alignment with unique sequences printed to Amborella_Kbox_Domain_ML.uniqueseq.phy


Create initial parsimony tree by phylogenetic likelihood library (PLL)... 0.017 seconds
NOTE: ModelFinder requires 9 MB RAM!
ModelFinder will test 168 protein models (sample size: 108) ...
 No. Model         -LnL         df  AIC          AICc         BIC
Measuring multi-threading efficiency up to 10 CPU cores
Increase to 10 rounds for branch lengths
102 trees examined
Threads: 1 / Time: 10.081 sec / Speedup: 1.000 / Efficiency: 100% / LogL: -14084
Threads: 2 / Time: 6.245 sec / Speedup: 1.614 / Efficiency: 81% / LogL: -14084
Threads: 3 / Time: 5.484 sec / Speedup: 1.838 / Efficiency: 61% / LogL: -14084
Threads: 4 / Time: 6.383 sec / Speedup: 1.579 / Efficiency: 39% / LogL: -14084
BEST NUMBER OF THREADS: 3

  1  Dayhoff       8385.852     229 17229.704    122569.704   17843.912
  2  Dayhoff+I     8385.741     230 17231.481    123491.481   17848.372
  3  Dayhoff+G4    8288.541     230 17037.082    123297.082   17653.972
  4  Dayhoff+I+G4  8288.513     231 17039.026    124223.026   17658.598
  5  Dayhoff+F     8357.281     248 17210.563    140714.563   17875.731
  6  Dayhoff+F+I   8357.252     249 17212.504    141712.504   17880.354
  7  Dayhoff+F+G4  8253.687     249 17005.374    141505.374   17673.225
  8  Dayhoff+F+I+G4 8253.665     250 17007.329    142507.329   17677.862
  9  mtMAM         8942.204     229 18342.408    123682.408   18956.616
 10  mtMAM+I       8942.123     230 18344.246    124604.246   18961.137
 11  mtMAM+G4      8699.978     230 17859.955    124119.955   18476.846
 12  mtMAM+I+G4    8699.969     231 17861.937    125045.937   18481.510
 13  mtMAM+F       8547.142     248 17590.284    141094.284   18255.453
 14  mtMAM+F+I     8547.090     249 17592.180    142092.180   18260.030
 15  mtMAM+F+G4    8413.381     249 17324.762    141824.762   17992.613
 16  mtMAM+F+I+G4  8413.385     250 17326.770    142826.770   17997.303
 17  JTT           8305.590     229 17069.179    122409.179   17683.387
 18  JTT+I         8305.550     230 17071.100    123331.100   17687.990
 19  JTT+G4        8205.572     230 16871.145    123131.145   17488.035
 20  JTT+I+G4      8205.553     231 16873.106    124057.106   17492.678
 21  JTT+F         8271.127     248 17038.254    140542.254   17703.423
 22  JTT+F+I       8271.095     249 17040.190    141540.190   17708.041
 23  JTT+F+G4      8170.291     249 16838.582    141338.582   17506.433
 24  JTT+F+I+G4    8170.284     250 16840.569    142340.569   17511.102
 25  WAG           8322.974     229 17103.948    122443.948   17718.156
 26  WAG+I         8322.946     230 17105.892    123365.892   17722.782
 27  WAG+G4        8218.562     230 16897.123    123157.123   17514.014
 28  WAG+I+G4      8218.557     231 16899.113    124083.113   17518.685
 29  WAG+F         8374.584     248 17245.168    140749.168   17910.337
 30  WAG+F+I       8374.526     249 17247.052    141747.052   17914.902
 31  WAG+F+G4      8255.549     249 17009.098    141509.098   17676.949
 32  WAG+F+I+G4    8255.542     250 17011.085    142511.085   17681.618
 33  cpREV         8431.734     229 17321.468    122661.468   17935.676
 34  cpREV+I       8431.694     230 17323.388    123583.388   17940.278
 35  cpREV+G4      8304.171     230 17068.343    123328.343   17685.233
 36  cpREV+I+G4    8304.164     231 17070.327    124254.327   17689.900
 37  cpREV+F       8524.406     248 17544.812    141048.812   18209.981
 38  cpREV+F+I     8524.367     249 17546.735    142046.735   18214.585
 39  cpREV+F+G4    8373.172     249 17244.344    141744.344   17912.195
 40  cpREV+F+I+G4  8373.110     250 17246.219    142746.219   17916.752
 41  mtREV         8764.791     229 17987.581    123327.581   18601.789
 42  mtREV+I       8764.746     230 17989.492    124249.492   18606.382
 43  mtREV+G4      8599.023     230 17658.047    123918.047   18274.937
 44  mtREV+I+G4    8599.014     231 17660.027    124844.027   18279.600
 45  mtREV+F       8445.728     248 17387.455    140891.455   18052.624
 46  mtREV+F+I     8445.680     249 17389.361    141889.361   18057.211
 47  mtREV+F+G4    8329.783     249 17157.566    141657.566   17825.417
 48  mtREV+F+I+G4  8329.775     250 17159.550    142659.550   17830.083
 49  rtREV         8328.929     229 17115.859    122455.859   17730.067
 50  rtREV+I       8328.869     230 17117.738    123377.738   17734.628
 51  rtREV+G4      8224.271     230 16908.541    123168.541   17525.431
 52  rtREV+I+G4    8224.244     231 16910.489    124094.489   17530.061
 53  rtREV+F       8320.497     248 17136.994    140640.994   17802.163
 54  rtREV+F+I     8320.469     249 17138.939    141638.939   17806.789
 55  rtREV+F+G4    8211.777     249 16921.553    141421.553   17589.404
 56  rtREV+F+I+G4  8211.770     250 16923.540    142423.540   17594.072
 57  mtART         8943.759     229 18345.518    123685.518   18959.726
 58  mtART+I       8943.692     230 18347.384    124607.384   18964.275
 59  mtART+G4      8675.757     230 17811.513    124071.513   18428.403
 60  mtART+I+G4    8675.750     231 17813.500    124997.500   18433.073
 61  mtART+F       8466.958     248 17429.915    140933.915   18095.084
 62  mtART+F+I     8466.898     249 17431.797    141931.797   18099.647
 63  mtART+F+G4    8326.647     249 17151.293    141651.293   17819.144
 64  mtART+F+I+G4  8326.583     250 17153.166    142653.166   17823.698
 65  mtZOA         8699.847     229 17857.695    123197.695   18471.903
 66  mtZOA+I       8699.816     230 17859.632    124119.632   18476.523
 67  mtZOA+G4      8499.726     230 17459.452    123719.452   18076.342
 68  mtZOA+I+G4    8499.695     231 17461.390    124645.390   18080.963
 69  mtZOA+F       8392.944     248 17281.888    140785.888   17947.056
 70  mtZOA+F+I     8392.914     249 17283.828    141783.828   17951.678
 71  mtZOA+F+G4    8273.744     249 17045.487    141545.487   17713.338
 72  mtZOA+F+I+G4  8273.716     250 17047.431    142547.431   17717.964
 73  VT            8309.540     229 17077.081    122417.081   17691.289
 74  VT+I          8309.492     230 17078.984    123338.984   17695.874
 75  VT+G4         8211.602     230 16883.204    123143.204   17500.094
 76  VT+I+G4       8211.581     231 16885.163    124069.163   17504.735
 77  VT+F          8320.995     248 17137.990    140641.990   17803.158
 78  VT+F+I        8320.936     249 17139.871    141639.871   17807.722
 79  VT+F+G4       8222.494     249 16942.989    141442.989   17610.840
 80  VT+F+I+G4     8222.489     250 16944.978    142444.978   17615.511
 81  LG            8269.551     229 16997.103    122337.103   17611.311
 82  LG+I          8269.483     230 16998.965    123258.965   17615.855
 83  LG+G4         8158.240     230 16776.481    123036.481   17393.371
 84  LG+I+G4       8158.232     231 16778.463    123962.463   17398.035
 85  LG+F          8303.993     248 17103.986    140607.986   17769.154
 86  LG+F+I        8303.915     249 17105.831    141605.831   17773.681
 87  LG+F+G4       8191.670     249 16881.340    141381.340   17549.191
 88  LG+F+I+G4     8191.665     250 16883.330    142383.330   17553.863
 89  DCMut         8385.691     229 17229.382    122569.382   17843.590
 90  DCMut+I       8385.663     230 17231.327    123491.327   17848.217
 91  DCMut+G4      8288.486     230 17036.973    123296.973   17653.863
 92  DCMut+I+G4    8288.479     231 17038.959    124222.959   17658.531
 93  DCMut+F       8357.096     248 17210.193    140714.193   17875.362
 94  DCMut+F+I     8357.068     249 17212.136    141712.136   17879.987
 95  DCMut+F+G4    8253.650     249 17005.300    141505.300   17673.151
 96  DCMut+F+I+G4  8253.624     250 17007.248    142507.248   17677.781
 97  PMB           8400.548     229 17259.097    122599.097   17873.305
 98  PMB+I         8400.462     230 17260.923    123520.923   17877.813
 99  PMB+G4        8295.845     230 17051.691    123311.691   17668.581
100  PMB+I+G4      8295.834     231 17053.668    124237.668   17673.240
101  PMB+F         8428.692     248 17353.385    140857.385   18018.553
102  PMB+F+I       8428.685     249 17355.370    141855.370   18023.221
103  PMB+F+G4      8322.253     249 17142.506    141642.506   17810.357
104  PMB+F+I+G4    8322.251     250 17144.502    142644.502   17815.034
105  HIVb          8453.503     229 17365.006    122705.006   17979.214
106  HIVb+I        8453.458     230 17366.915    123626.915   17983.806
107  HIVb+G4       8323.391     230 17106.782    123366.782   17723.672
108  HIVb+I+G4     8323.387     231 17108.774    124292.774   17728.346
109  HIVb+F        8393.296     248 17282.591    140786.591   17947.760
110  HIVb+F+I      8393.272     249 17284.545    141784.545   17952.395
111  HIVb+F+G4     8258.546     249 17015.093    141515.093   17682.943
112  HIVb+F+I+G4   8258.532     250 17017.063    142517.063   17687.596
113  HIVw          8873.518     229 18205.037    123545.037   18819.245
114  HIVw+I        8873.435     230 18206.870    124466.870   18823.760
115  HIVw+G4       8700.580     230 17861.160    124121.160   18478.050
116  HIVw+I+G4     8700.561     231 17863.121    125047.121   18482.694
117  HIVw+F        8664.618     248 17825.237    141329.237   18490.405
118  HIVw+F+I      8664.591     249 17827.182    142327.182   18495.033
119  HIVw+F+G4     8489.640     249 17477.280    141977.280   18145.131
120  HIVw+F+I+G4   8489.623     250 17479.246    142979.246   18149.779
121  JTTDCMut      8307.023     229 17072.046    122412.046   17686.254
122  JTTDCMut+I    8306.968     230 17073.936    123333.936   17690.826
123  JTTDCMut+G4   8207.659     230 16875.318    123135.318   17492.208
124  JTTDCMut+I+G4 8207.647     231 16877.293    124061.293   17496.866
125  JTTDCMut+F    8275.036     248 17046.073    140550.073   17711.241
126  JTTDCMut+F+I  8275.005     249 17048.010    141548.010   17715.860
127  JTTDCMut+F+G4 8174.533     249 16847.067    141347.067   17514.917
128  JTTDCMut+F+I+G4 8174.524     250 16849.049    142349.049   17519.581
129  FLU           8496.468     229 17450.937    122790.937   18065.145
130  FLU+I         8496.445     230 17452.890    123712.890   18069.780
131  FLU+G4        8352.935     230 17165.871    123425.871   17782.761
132  FLU+I+G4      8352.931     231 17167.862    124351.862   17787.434
133  FLU+F         8483.125     248 17462.250    140966.250   18127.418
134  FLU+F+I       8483.111     249 17464.222    141964.222   18132.073
135  FLU+F+G4      8323.631     249 17145.261    141645.261   17813.112
136  FLU+F+I+G4    8323.628     250 17147.256    142647.256   17817.789
137  Blosum62      8382.791     229 17223.583    122563.583   17837.791
138  Blosum62+I    8382.755     230 17225.510    123485.510   17842.400
139  Blosum62+G4   8278.019     230 17016.039    123276.039   17632.929
140  Blosum62+I+G4 8277.922     231 17017.845    124201.845   17637.417
141  Blosum62+F    8446.162     248 17388.324    140892.324   18053.492
142  Blosum62+F+I  8446.145     249 17390.290    141890.290   18058.141
143  Blosum62+F+G4 8334.423     249 17166.846    141666.846   17834.697
144  Blosum62+F+I+G4 8334.413     250 17168.827    142668.827   17839.360
145  mtMet         8751.528     229 17961.056    123301.056   18575.264
146  mtMet+I       8751.372     230 17962.744    124222.744   18579.634
147  mtMet+G4      8568.743     230 17597.485    123857.485   18214.375
148  mtMet+I+G4    8568.737     231 17599.474    124783.474   18219.046
149  mtMet+F       8357.457     248 17210.913    140714.913   17876.082
150  mtMet+F+I     8357.378     249 17212.756    141712.756   17880.607
151  mtMet+F+G4    8245.895     249 16989.791    141489.791   17657.641
152  mtMet+F+I+G4  8245.887     250 16991.774    142491.774   17662.307
153  mtVer         8803.392     229 18064.784    123404.784   18678.992
154  mtVer+I       8803.387     230 18066.774    124326.774   18683.664
155  mtVer+G4      8632.583     230 17725.166    123985.166   18342.056
156  mtVer+I+G4    8632.571     231 17727.143    124911.143   18346.715
157  mtVer+F       8479.704     248 17455.409    140959.409   18120.577
158  mtVer+F+I     8479.676     249 17457.352    141957.352   18125.202
159  mtVer+F+G4    8350.533     249 17199.067    141699.067   17866.917
160  mtVer+F+I+G4  8350.527     250 17201.055    142701.055   17871.588
161  mtInv         8803.648     229 18065.295    123405.295   18679.503
162  mtInv+I       8803.621     230 18067.241    124327.241   18684.132
163  mtInv+G4      8625.063     230 17710.127    123970.127   18327.017
164  mtInv+I+G4    8625.035     231 17712.070    124896.070   18331.643
165  mtInv+F       8327.492     248 17150.984    140654.984   17816.153
166  mtInv+F+I     8327.368     249 17152.735    141652.735   17820.586
167  mtInv+F+G4    8220.606     249 16939.213    141439.213   17607.063
168  mtInv+F+I+G4  8220.599     250 16941.198    142441.198   17611.730
Akaike Information Criterion:           LG+G4
Corrected Akaike Information Criterion: LG
Bayesian Information Criterion:         LG+G4
Best-fit model: LG+G4 chosen according to BIC

All model information printed to Amborella_Kbox_Domain_ML.model.gz
CPU time for ModelFinder: 144.251 seconds (0h:2m:24s)
Wall-clock time for ModelFinder: 55.905 seconds (0h:0m:55s)
Generating 1000 samples for ultrafast bootstrap (seed: 425892)...

NOTE: 9 MB RAM (0 GB) is required!
Measuring multi-threading efficiency up to 10 CPU cores
Increase to 10 rounds for branch lengths
29 trees examined
Threads: 1 / Time: 10.101 sec / Speedup: 1.000 / Efficiency: 100% / LogL: -13383
Threads: 2 / Time: 5.704 sec / Speedup: 1.771 / Efficiency: 89% / LogL: -13383
Threads: 3 / Time: 5.365 sec / Speedup: 1.883 / Efficiency: 63% / LogL: -13383
Threads: 4 / Time: 5.421 sec / Speedup: 1.863 / Efficiency: 47% / LogL: -13383
BEST NUMBER OF THREADS: 3

Estimate model parameters (epsilon = 0.100)
1. Initial log-likelihood: -8195.351
2. Current log-likelihood: -8162.319
3. Current log-likelihood: -8158.532
4. Current log-likelihood: -8158.287
Optimal log-likelihood: -8158.230
Gamma shape alpha: 2.976
Parameters optimization took 4 rounds (0.495 sec)
Computing ML distances based on estimated model parameters... 5.030 sec
WARNING: Some pairwise ML distances are too long (saturated)
Computing BIONJ tree...
0.007 seconds
Log-likelihood of BIONJ tree: -8192.547
--------------------------------------------------------------------
|             INITIALIZING CANDIDATE TREE SET                      |
--------------------------------------------------------------------
Generating 98 parsimony trees... 1.450 second
Computing log-likelihood of 98 initial trees ... 4.039 seconds
Current best score: -8131.973

Do NNI search on 20 best initial trees
Estimate model parameters (epsilon = 0.100)
BETTER TREE FOUND at iteration 1: -8092.084
Estimate model parameters (epsilon = 0.100)
BETTER TREE FOUND at iteration 2: -8090.731
Estimate model parameters (epsilon = 0.100)
BETTER TREE FOUND at iteration 4: -8079.001
Iteration 10 / LogL: -8100.855 / Time: 0h:0m:44s
Iteration 20 / LogL: -8089.937 / Time: 0h:0m:54s
Finish initializing candidate tree set (20)
Current best tree score: -8079.001 / CPU time: 25.834
Number of iterations: 20
--------------------------------------------------------------------
|               OPTIMIZING CANDIDATE TREE SET                      |
--------------------------------------------------------------------
Estimate model parameters (epsilon = 0.100)
BETTER TREE FOUND at iteration 22: -8078.698
Estimate model parameters (epsilon = 0.100)
BETTER TREE FOUND at iteration 28: -8078.562
Iteration 30 / LogL: -8079.538 / Time: 0h:1m:5s (0h:3m:40s left)
Estimate model parameters (epsilon = 0.100)
BETTER TREE FOUND at iteration 32: -8077.977
Estimate model parameters (epsilon = 0.100)
BETTER TREE FOUND at iteration 37: -8077.912
Estimate model parameters (epsilon = 0.100)
BETTER TREE FOUND at iteration 40: -8077.535
Iteration 40 / LogL: -8077.535 / Time: 0h:1m:15s (0h:3m:12s left)
Estimate model parameters (epsilon = 0.100)
BETTER TREE FOUND at iteration 47: -8075.774
Iteration 50 / LogL: -8079.347 / Time: 0h:1m:24s (0h:2m:47s left)
Log-likelihood cutoff on original alignment: -8126.649
Iteration 60 / LogL: -8077.396 / Time: 0h:1m:33s (0h:2m:18s left)
Estimate model parameters (epsilon = 0.100)
BETTER TREE FOUND at iteration 68: -8075.678
Estimate model parameters (epsilon = 0.100)
BETTER TREE FOUND at iteration 70: -8075.531
Iteration 70 / LogL: -8075.531 / Time: 0h:1m:43s (0h:2m:29s left)
Estimate model parameters (epsilon = 0.100)
BETTER TREE FOUND at iteration 78: -8074.672
Iteration 80 / LogL: -8097.638 / Time: 0h:1m:52s (0h:2m:20s left)
Iteration 90 / LogL: -8084.745 / Time: 0h:2m:2s (0h:2m:1s left)
Estimate model parameters (epsilon = 0.100)
BETTER TREE FOUND at iteration 96: -8072.969
Iteration 100 / LogL: -8073.523 / Time: 0h:2m:12s (0h:2m:8s left)
Log-likelihood cutoff on original alignment: -8126.649
NOTE: Bootstrap correlation coefficient of split occurrence frequencies: 0.990
Estimate model parameters (epsilon = 0.100)
BETTER TREE FOUND at iteration 103: -8072.876
Estimate model parameters (epsilon = 0.100)
BETTER TREE FOUND at iteration 104: -8072.802
Iteration 110 / LogL: -8078.745 / Time: 0h:2m:21s (0h:2m:1s left)
Iteration 120 / LogL: -8075.192 / Time: 0h:2m:30s (0h:1m:46s left)
Estimate model parameters (epsilon = 0.100)
BETTER TREE FOUND at iteration 128: -8072.750
Iteration 130 / LogL: -8073.665 / Time: 0h:2m:39s (0h:2m:0s left)
Iteration 140 / LogL: -8073.391 / Time: 0h:2m:47s (0h:1m:46s left)
Iteration 150 / LogL: -8074.056 / Time: 0h:2m:56s (0h:1m:32s left)
Log-likelihood cutoff on original alignment: -8126.649
Iteration 160 / LogL: -8073.676 / Time: 0h:3m:5s (0h:1m:19s left)
Estimate model parameters (epsilon = 0.100)
BETTER TREE FOUND at iteration 165: -8071.770
Iteration 170 / LogL: -8073.964 / Time: 0h:3m:14s (0h:1m:49s left)
Estimate model parameters (epsilon = 0.100)
BETTER TREE FOUND at iteration 173: -8071.689
Estimate model parameters (epsilon = 0.100)
BETTER TREE FOUND at iteration 176: -8071.509
Estimate model parameters (epsilon = 0.100)
BETTER TREE FOUND at iteration 179: -8071.091
Iteration 180 / LogL: -8072.908 / Time: 0h:3m:23s (0h:1m:52s left)
Estimate model parameters (epsilon = 0.100)
BETTER TREE FOUND at iteration 182: -8070.479
Estimate model parameters (epsilon = 0.100)
BETTER TREE FOUND at iteration 185: -8070.387
Estimate model parameters (epsilon = 0.100)
BETTER TREE FOUND at iteration 186: -8070.043
Estimate model parameters (epsilon = 0.100)
BETTER TREE FOUND at iteration 187: -8070.005
Iteration 190 / LogL: -8071.727 / Time: 0h:3m:33s (0h:1m:49s left)
Estimate model parameters (epsilon = 0.100)
BETTER TREE FOUND at iteration 194: -8069.607
Iteration 200 / LogL: -8074.106 / Time: 0h:3m:42s (0h:1m:44s left)
Log-likelihood cutoff on original alignment: -8112.715
NOTE: Bootstrap correlation coefficient of split occurrence frequencies: 0.978
NOTE: UFBoot does not converge, continue at least 100 more iterations
Iteration 210 / LogL: -8075.164 / Time: 0h:3m:50s (0h:1m:39s left)
Iteration 220 / LogL: -8073.732 / Time: 0h:3m:59s (0h:1m:27s left)
Iteration 230 / LogL: -8071.934 / Time: 0h:4m:8s (0h:1m:15s left)
Iteration 240 / LogL: -8069.787 / Time: 0h:4m:18s (0h:1m:4s left)
BETTER TREE FOUND at iteration 247: -8069.603
Iteration 250 / LogL: -8070.511 / Time: 0h:4m:27s (0h:1m:44s left)
Log-likelihood cutoff on original alignment: -8112.715
Iteration 260 / LogL: -8069.654 / Time: 0h:4m:36s (0h:1m:32s left)
Iteration 270 / LogL: -8070.440 / Time: 0h:4m:44s (0h:1m:21s left)
Iteration 280 / LogL: -8070.487 / Time: 0h:4m:55s (0h:1m:10s left)
Iteration 290 / LogL: -8069.628 / Time: 0h:5m:4s (0h:1m:0s left)
Estimate model parameters (epsilon = 0.100)
BETTER TREE FOUND at iteration 291: -8069.569
Iteration 300 / LogL: -8071.717 / Time: 0h:5m:13s (0h:1m:35s left)
Log-likelihood cutoff on original alignment: -8112.715
NOTE: Bootstrap correlation coefficient of split occurrence frequencies: 0.984
NOTE: UFBoot does not converge, continue at least 100 more iterations
Iteration 310 / LogL: -8079.282 / Time: 0h:5m:22s (0h:1m:33s left)
Iteration 320 / LogL: -8070.726 / Time: 0h:5m:32s (0h:1m:23s left)
Iteration 330 / LogL: -8073.004 / Time: 0h:5m:41s (0h:1m:12s left)
Iteration 340 / LogL: -8073.191 / Time: 0h:5m:50s (0h:1m:2s left)
Iteration 350 / LogL: -8069.611 / Time: 0h:5m:59s (0h:0m:51s left)
Log-likelihood cutoff on original alignment: -8112.715
Iteration 360 / LogL: -8072.011 / Time: 0h:6m:9s (0h:0m:41s left)
Iteration 370 / LogL: -8069.619 / Time: 0h:6m:19s (0h:0m:30s left)
Iteration 380 / LogL: -8069.654 / Time: 0h:6m:28s (0h:0m:20s left)
Iteration 390 / LogL: -8072.747 / Time: 0h:6m:37s (0h:0m:10s left)
Iteration 400 / LogL: -8070.119 / Time: 0h:6m:47s (0h:0m:0s left)
Log-likelihood cutoff on original alignment: -8112.715
NOTE: Bootstrap correlation coefficient of split occurrence frequencies: 0.997
TREE SEARCH COMPLETED AFTER 400 ITERATIONS / Time: 0h:6m:48s

--------------------------------------------------------------------
|                    FINALIZING TREE SEARCH                        |
--------------------------------------------------------------------
Performs final model parameters optimization
Estimate model parameters (epsilon = 0.010)
1. Initial log-likelihood: -8069.569
Optimal log-likelihood: -8069.568
Gamma shape alpha: 3.193
Parameters optimization took 1 rounds (0.046 sec)
BEST SCORE FOUND : -8069.568
Creating bootstrap support values...
Split supports printed to NEXUS file Amborella_Kbox_Domain_ML.splits.nex
Total tree length: 43.087

Total number of iterations: 400
CPU time used for tree search: 1117.189 sec (0h:18m:37s)
Wall-clock time used for tree search: 379.072 sec (0h:6m:19s)
Total CPU time used: 1184.145 sec (0h:19m:44s)
Total wall-clock time used: 408.478 sec (0h:6m:48s)

Computing bootstrap consensus tree...
Reading input file Amborella_Kbox_Domain_ML.splits.nex...
116 taxa and 1351 splits.
Consensus tree written to Amborella_Kbox_Domain_ML.contree
Reading input trees file Amborella_Kbox_Domain_ML.contree
Log-likelihood of consensus tree: -8069.913

Analysis results written to: 
  IQ-TREE report:                Amborella_Kbox_Domain_ML.iqtree
  Maximum-likelihood tree:       Amborella_Kbox_Domain_ML.treefile
  Likelihood distances:          Amborella_Kbox_Domain_ML.mldist

Ultrafast bootstrap approximation results written to:
  Split support values:          Amborella_Kbox_Domain_ML.splits.nex
  Consensus tree:                Amborella_Kbox_Domain_ML.contree
  Screen log file:               Amborella_Kbox_Domain_ML.log

Date and Time: Fri Apr  3 23:37:20 2026
