IQ-TREE multicore version 1.6.12 for Mac OS X 64-bit built Aug 15 2019
Developed by Bui Quang Minh, Nguyen Lam Tung, Olga Chernomor,
Heiko Schmidt, Dominik Schrempf, Michael Woodhams.

Host:    Bushras-MacBook-Air.local (SSE4.2, 16 GB RAM)
Command: /Users/bushrakhan/Desktop/NIPGR-data/MADS-box-Evolutionary-gene-detection/bin/iqtree -s /Users/bushrakhan/Desktop/NIPGR-data/MADS-box-Evolutionary-gene-detection/Workflow_Step-by-Step/TASK_6/uploads/Medicago_Kbox_Aligned.fa -nt AUTO -m TEST -bb 1000 -pre /Users/bushrakhan/Desktop/NIPGR-data/MADS-box-Evolutionary-gene-detection/Workflow_Step-by-Step/TASK_6/uploads/Medicago_Kbox_ML
Seed:    118150 (Using SPRNG - Scalable Parallel Random Number Generator)
Time:    Sat Apr  4 00:40:33 2026
Kernel:  SSE2 - auto-detect threads (10 CPU cores detected)

Reading alignment file /Users/bushrakhan/Desktop/NIPGR-data/MADS-box-Evolutionary-gene-detection/Workflow_Step-by-Step/TASK_6/uploads/Medicago_Kbox_Aligned.fa ... Fasta format detected
Alignment most likely contains protein sequences
Alignment has 147 sequences with 98 columns, 97 distinct patterns
87 parsimony-informative, 5 singleton sites, 6 constant sites
WARNING: Some sequence names are changed as follows:
AT1G69120.1|PACid:19653480_85_172 -> AT1G69120.1_PACid_19653480_85_172
AT1G26310.1|PACid:19650942_85_174 -> AT1G26310.1_PACid_19650942_85_174
AT5G60910.2|PACid:19670615_23_110 -> AT5G60910.2_PACid_19670615_23_110
AT5G60910.1|PACid:19670614_85_172 -> AT5G60910.1_PACid_19670614_85_172
AT2G45650.1|PACid:19638787_83_170 -> AT2G45650.1_PACid_19638787_83_170
AT3G58780.2|PACid:19662660_93_179 -> AT3G58780.2_PACid_19662660_93_179
AT3G58780.1|PACid:19662659_100_186 -> AT3G58780.1_PACid_19662659_100_186
AT3G58780.3|PACid:19662658_125_211 -> AT3G58780.3_PACid_19662658_125_211
AT4G18960.1|PACid:19647337_102_187 -> AT4G18960.1_PACid_19647337_102_187
AT4G18960.2|PACid:19647338_88_173 -> AT4G18960.2_PACid_19647338_88_173
AT2G45660.1|PACid:19641052_83_171 -> AT2G45660.1_PACid_19641052_83_171
AT2G42830.1|PACid:19643528_100_186 -> AT2G42830.1_PACid_19643528_100_186
AT5G15800.1|PACid:19670123_84_172 -> AT5G15800.1_PACid_19670123_84_172
AT5G15800.2|PACid:19670122_84_172 -> AT5G15800.2_PACid_19670122_84_172
AT4G09960.1|PACid:19648309_86_171 -> AT4G09960.1_PACid_19648309_86_171
AT4G37940.1|PACid:19644309_83_171 -> AT4G37940.1_PACid_19644309_83_171
AT4G37940.1|PACid:19644309_159_183 -> AT4G37940.1_PACid_19644309_159_183
AT4G09960.3|PACid:19648307_112_197 -> AT4G09960.3_PACid_19648307_112_197
AT1G24260.2|PACid:19651403_93_175 -> AT1G24260.2_PACid_19651403_93_175
AT3G02310.1|PACid:19661943_84_172 -> AT3G02310.1_PACid_19661943_84_172
AT2G42830.2|PACid:19643527_100_188 -> AT2G42830.2_PACid_19643527_100_188
AT1G24260.1|PACid:19651404_92_174 -> AT1G24260.1_PACid_19651404_92_174
AT4G22950.1|PACid:19647692_83_169 -> AT4G22950.1_PACid_19647692_83_169
AT3G57230.1|PACid:19665060_82_170 -> AT3G57230.1_PACid_19665060_82_170
AT3G57230.1|PACid:19665060_165_184 -> AT3G57230.1_PACid_19665060_165_184
AT3G61120.1|PACid:19662463_85_168 -> AT3G61120.1_PACid_19662463_85_168
AT2G14210.1|PACid:19638394_83_170 -> AT2G14210.1_PACid_19638394_83_170
AT2G14210.1|PACid:19638394_170_185 -> AT2G14210.1_PACid_19638394_170_185
AT2G03710.3|PACid:19640310_85_172 -> AT2G03710.3_PACid_19640310_85_172
AT2G22630.1|PACid:19642313_83_171 -> AT2G22630.1_PACid_19642313_83_171
AT2G22630.1|PACid:19642313_165_183 -> AT2G22630.1_PACid_19642313_165_183
AT2G03710.2|PACid:19640309_85_173 -> AT2G03710.2_PACid_19640309_85_173
AT2G03710.1|PACid:19640308_85_173 -> AT2G03710.1_PACid_19640308_85_173
AT4G11880.1|PACid:19643844_84_171 -> AT4G11880.1_PACid_19643844_84_171
AT4G09960.4|PACid:19648308_86_175 -> AT4G09960.4_PACid_19648308_86_175
AT3G30260.1|PACid:19662130_87_171 -> AT3G30260.1_PACid_19662130_87_171
AT5G62165.1|PACid:19672595_84_170 -> AT5G62165.1_PACid_19672595_84_170
AT5G62165.2|PACid:19672596_84_170 -> AT5G62165.2_PACid_19672596_84_170
AT5G62165.3|PACid:19672597_84_170 -> AT5G62165.3_PACid_19672597_84_170
AT1G24260.3|PACid:19651405_93_160 -> AT1G24260.3_PACid_19651405_93_160
AT5G51870.1|PACid:19672300_88_172 -> AT5G51870.1_PACid_19672300_88_172
AT5G51870.3|PACid:19672299_88_171 -> AT5G51870.3_PACid_19672299_88_171
AT5G23260.2|PACid:19667542_82_170 -> AT5G23260.2_PACid_19667542_82_170
AT5G13790.1|PACid:19669343_75_165 -> AT5G13790.1_PACid_19669343_75_165
AT5G51860.2|PACid:19671372_89_172 -> AT5G51860.2_PACid_19671372_89_172
AT1G71692.1|PACid:19653064_99_180 -> AT1G71692.1_PACid_19653064_99_180
AT5G51860.1|PACid:19671371_89_171 -> AT5G51860.1_PACid_19671371_89_171
AT4G09960.2|PACid:19648310_86_165 -> AT4G09960.2_PACid_19648310_86_165
AT5G62165.5|PACid:19672599_43_117 -> AT5G62165.5_PACid_19672599_43_117
AT4G24540.1|PACid:19648389_91_172 -> AT4G24540.1_PACid_19648389_91_172
AT3G57390.2|PACid:19659473_34_118 -> AT3G57390.2_PACid_19659473_34_118
AT3G57390.1|PACid:19659472_95_179 -> AT3G57390.1_PACid_19659472_95_179
AT2G22540.2|PACid:19641564_87_165 -> AT2G22540.2_PACid_19641564_87_165
AT2G22540.1|PACid:19641563_92_170 -> AT2G22540.1_PACid_19641563_92_170
AT2G22540.1|PACid:19641563_166_184 -> AT2G22540.1_PACid_19641563_166_184
AT3G54340.1|PACid:19659884_81_168 -> AT3G54340.1_PACid_19659884_81_168
AT5G20240.1|PACid:19673101_81_164 -> AT5G20240.1_PACid_19673101_81_164
AT3G57230.2|PACid:19665061_106_169 -> AT3G57230.2_PACid_19665061_106_169
AT3G57230.2|PACid:19665061_164_183 -> AT3G57230.2_PACid_19665061_164_183
AT5G51870.2|PACid:19672301_88_148 -> AT5G51870.2_PACid_19672301_88_148
AT5G23260.1|PACid:19667543_82_165 -> AT5G23260.1_PACid_19667543_82_165
AT5G62165.4|PACid:19672598_84_157 -> AT5G62165.4_PACid_19672598_84_157
AT5G23260.3|PACid:19667544_82_152 -> AT5G23260.3_PACid_19667544_82_152
AT5G10140.2|PACid:19672042_89_164 -> AT5G10140.2_PACid_19672042_89_164
AT5G10140.1|PACid:19672039_89_164 -> AT5G10140.1_PACid_19672039_89_164
AT5G10140.3|PACid:19672040_89_164 -> AT5G10140.3_PACid_19672040_89_164
AT2G41470.1|PACid:19641817_21_83 -> AT2G41470.1_PACid_19641817_21_83
AT2G41470.1|PACid:19641817_120_196 -> AT2G41470.1_PACid_19641817_120_196
AT2G41470.1|PACid:19641817_249_309 -> AT2G41470.1_PACid_19641817_249_309
AT2G41470.1|PACid:19641817_355_410 -> AT2G41470.1_PACid_19641817_355_410
AT1G77080.2|PACid:19652599_93_160 -> AT1G77080.2_PACid_19652599_93_160
AT1G77080.5|PACid:19652600_96_164 -> AT1G77080.5_PACid_19652600_96_164
AT5G65060.1|PACid:19668928_96_164 -> AT5G65060.1_PACid_19668928_96_164
AT1G77080.4|PACid:19652598_96_164 -> AT1G77080.4_PACid_19652598_96_164
AT5G65050.2|PACid:19667307_98_164 -> AT5G65050.2_PACid_19667307_98_164
AT5G65080.1|PACid:19670372_101_170 -> AT5G65080.1_PACid_19670372_101_170
AT5G65050.3|PACid:19667305_98_164 -> AT5G65050.3_PACid_19667305_98_164
AT5G65080.2|PACid:19670373_93_162 -> AT5G65080.2_PACid_19670373_93_162
AT5G65060.2|PACid:19668929_102_153 -> AT5G65060.2_PACid_19668929_102_153
AT5G65070.2|PACid:19666741_141_195 -> AT5G65070.2_PACid_19666741_141_195
AT5G65070.1|PACid:19666742_110_164 -> AT5G65070.1_PACid_19666742_110_164
AT5G65070.3|PACid:19666740_142_196 -> AT5G65070.3_PACid_19666740_142_196
AT5G10140.4|PACid:19672041_90_154 -> AT5G10140.4_PACid_19672041_90_154
AT1G77080.3|PACid:19652601_82_126 -> AT1G77080.3_PACid_19652601_82_126
AT1G31150.1|PACid:19651250_574_639 -> AT1G31150.1_PACid_19651250_574_639
AT5G65050.1|PACid:19667306_98_149 -> AT5G65050.1_PACid_19667306_98_149
AT1G31140.2|PACid:19657777_95_158 -> AT1G31140.2_PACid_19657777_95_158
AT1G31140.1|PACid:19657778_95_156 -> AT1G31140.1_PACid_19657778_95_156
AT2G41445.1|PACid:19641714_37_93 -> AT2G41445.1_PACid_19641714_37_93
AT2G41445.1|PACid:19641714_149_217 -> AT2G41445.1_PACid_19641714_149_217
AT1G77950.1|PACid:19656697_125_198 -> AT1G77950.1_PACid_19656697_125_198
AT1G77950.2|PACid:19656698_125_198 -> AT1G77950.2_PACid_19656698_125_198
AT1G22130.1|PACid:19651829_125_192 -> AT1G22130.1_PACid_19651829_125_192
AT1G77980.1|PACid:19650219_124_189 -> AT1G77980.1_PACid_19650219_124_189
AT2G41440.1|PACid:19638798_42_120 -> AT2G41440.1_PACid_19638798_42_120
AT2G41440.1|PACid:19638798_151_202 -> AT2G41440.1_PACid_19638798_151_202
AT2G41440.2|PACid:19638799_33_84 -> AT2G41440.2_PACid_19638799_33_84
AT1G69540.1|PACid:19658298_146_182 -> AT1G69540.1_PACid_19658298_146_182
AT1G59810.1|PACid:19650751_99_152 -> AT1G59810.1_PACid_19650751_99_152
AT2G03060.2|PACid:19640478_88_99 -> AT2G03060.2_PACid_19640478_88_99
AT2G03060.2|PACid:19640478_114_176 -> AT2G03060.2_PACid_19640478_114_176
AT4G27630.1|PACid:19644925_67_96 -> AT4G27630.1_PACid_19644925_67_96
AT4G27630.1|PACid:19644925_136_162 -> AT4G27630.1_PACid_19644925_136_162
AT2G11620.1|PACid:19641263_210_250 -> AT2G11620.1_PACid_19641263_210_250
AT2G11620.1|PACid:19641263_324_348 -> AT2G11620.1_PACid_19641263_324_348
AT2G11620.1|PACid:19641263_364_388 -> AT2G11620.1_PACid_19641263_364_388
AT2G11620.1|PACid:19641263_406_426 -> AT2G11620.1_PACid_19641263_406_426
AT2G11620.1|PACid:19641263_442_465 -> AT2G11620.1_PACid_19641263_442_465

                                    Gap/Ambiguity  Composition  p-value
   1  Medtr5g046790.1_Kbox                  9.18%    passed     63.67%
   2  Medtr4g109830.1_Kbox                  6.12%    passed     98.78%
   3  Medtr8g066260.1_Kbox                  9.18%    passed     84.69%
   4  Medtr7g075850.1_Kbox                  8.16%    passed     84.19%
   5  Medtr2g017865.1_Kbox                 10.20%    passed     20.43%
   6  Medtr8g033270.1_Kbox                 12.24%    passed     83.71%
   7  Medtr7g016600.1_Kbox                 10.20%    passed     92.76%
   8  Medtr6g015975.1_Kbox                 10.20%    passed     89.85%
   9  Medtr2g009890.1_Kbox                 10.20%    passed     74.18%
  10  Medtr3g005530.1_Kbox                 11.22%    passed     88.58%
  11  Medtr7g016630.1_Kbox                 13.27%    passed     73.42%
  12  Medtr8g097090.1_Kbox                 16.33%    passed     37.38%
  13  Medtr8g033220.1_Kbox                 12.24%    passed     68.48%
  14  Medtr7g075870.1_Kbox                 10.20%    passed     94.27%
  15  Medtr3g084980.1_Kbox                 14.29%    passed     59.42%
  16  Medtr8g087860.1_Kbox                  9.18%    passed     47.49%
  17  Medtr3g452380.3_Kbox                 10.20%    passed     78.27%
  18  Medtr8g033250.1_Kbox                 11.22%    passed     77.88%
  19  Medtr5g031000.1_Kbox                  8.16%    passed     95.12%
  20  Medtr4g109810.1_Kbox                 14.29%    passed     94.62%
  21  Medtr4g102530.1_Kbox                 22.45%    passed      9.80%
  22  Medtr3g113030.1_Kbox                 11.22%    passed     26.99%
  23  Medtr4g036050.1_Kbox                 19.39%    passed     13.67%
  24  Medtr6g464720.1_Kbox                  9.18%    passed     79.68%
  25  Medtr3g088615.1_Kbox                 16.33%    passed     29.23%
  26  Medtr1g101970.1_Kbox                 11.22%    passed     98.13%
  27  Medtr5g021270.2_Kbox                  9.18%    passed     81.39%
  28  Medtr1g029670.1_Kbox                 17.35%    passed     18.75%
  29  Medtr5g032520.1_Kbox                 18.37%    passed     90.46%
  30  Medtr1g038300.1_Kbox                 17.35%    passed     23.82%
  31  Medtr5g032150.1_Kbox                 18.37%    passed     57.66%
  32  Medtr0003s0590.1_Kbox                17.35%    passed     78.02%
  33  Medtr4g093970.1_Kbox                 18.37%    passed     54.84%
  34  Medtr1g053070.1_Kbox                 13.27%    passed     91.86%
  35  Medtr5g066180.1_Kbox                 17.35%    passed     53.37%
  36  Medtr4g084740.1_Kbox                 30.61%    passed     60.58%
  37  Medtr5g061740.1_Kbox                 30.61%    passed     42.51%
  38  Medtr5g041650.1_Kbox                 26.53%    passed     27.10%
  39  Medtr3g102570.1_Kbox                 37.76%    passed     32.04%
  40  AT1G69120.1_PACid_19653480_85_172    38.78%    passed     83.81%
  41  AT1G26310.1_PACid_19650942_85_174    38.78%    passed     92.14%
  42  AT5G60910.2_PACid_19670615_23_110    38.78%    passed     70.48%
  43  AT5G60910.1_PACid_19670614_85_172    38.78%    passed     70.48%
  44  AT2G45650.1_PACid_19638787_83_170    38.78%    passed      9.46%
  45  AT3G58780.2_PACid_19662660_93_179    38.78%    passed     72.15%
  46  AT3G58780.1_PACid_19662659_100_186   38.78%    passed     72.15%
  47  AT3G58780.3_PACid_19662658_125_211   38.78%    passed     72.15%
  48  AT4G18960.1_PACid_19647337_102_187   38.78%    passed     36.30%
  49  AT4G18960.2_PACid_19647338_88_173    38.78%    passed     36.30%
  50  AT2G45660.1_PACid_19641052_83_171    38.78%    passed     41.61%
  51  AT2G42830.1_PACid_19643528_100_186   38.78%    passed     90.20%
  52  AT5G15800.1_PACid_19670123_84_172    38.78%    passed     32.49%
  53  AT5G15800.2_PACid_19670122_84_172    38.78%    passed     32.49%
  54  AT4G09960.1_PACid_19648309_86_171    38.78%    passed     78.45%
  55  AT4G37940.1_PACid_19644309_83_171    38.78%    passed     56.48%
  56  AT4G37940.1_PACid_19644309_159_183   74.49%    passed     92.51%
  57  AT4G09960.3_PACid_19648307_112_197   38.78%    passed     78.45%
  58  AT1G24260.2_PACid_19651403_93_175    38.78%    passed     74.16%
  59  AT3G02310.1_PACid_19661943_84_172    38.78%    passed     27.91%
  60  AT2G42830.2_PACid_19643527_100_188   38.78%    passed     90.20%
  61  AT1G24260.1_PACid_19651404_92_174    38.78%    passed     74.16%
  62  AT4G22950.1_PACid_19647692_83_169    38.78%    passed     83.66%
  63  AT3G57230.1_PACid_19665060_82_170    38.78%    passed     75.96%
  64  AT3G57230.1_PACid_19665060_165_184   79.59%    passed     15.75%
  65  AT3G61120.1_PACid_19662463_85_168    38.78%    passed     60.13%
  66  AT2G14210.1_PACid_19638394_83_170    38.78%    passed     89.21%
  67  AT2G14210.1_PACid_19638394_170_185   83.67%    passed     34.74%
  68  AT2G03710.3_PACid_19640310_85_172    38.78%    passed     93.84%
  69  AT2G22630.1_PACid_19642313_83_171    38.78%    passed     93.65%
  70  AT2G22630.1_PACid_19642313_165_183   80.61%    passed     96.32%
  71  AT2G03710.2_PACid_19640309_85_173    38.78%    passed     93.84%
  72  AT2G03710.1_PACid_19640308_85_173    38.78%    passed     93.84%
  73  AT4G11880.1_PACid_19643844_84_171    38.78%    passed     96.52%
  74  AT4G09960.4_PACid_19648308_86_175    38.78%    passed     78.45%
  75  AT3G30260.1_PACid_19662130_87_171    38.78%    passed     50.88%
  76  AT5G62165.1_PACid_19672595_84_170    38.78%    passed     77.40%
  77  AT5G62165.2_PACid_19672596_84_170    38.78%    passed     77.40%
  78  AT5G62165.3_PACid_19672597_84_170    38.78%    passed     77.40%
  79  AT1G24260.3_PACid_19651405_93_160    38.78%    passed     74.16%
  80  AT5G51870.1_PACid_19672300_88_172    38.78%    passed     93.66%
  81  AT5G51870.3_PACid_19672299_88_171    38.78%    passed     93.66%
  82  AT5G23260.2_PACid_19667542_82_170    38.78%    failed      0.08%
  83  AT5G13790.1_PACid_19669343_75_165    38.78%    passed     96.36%
  84  AT5G51860.2_PACid_19671372_89_172    38.78%    passed     47.07%
  85  AT1G71692.1_PACid_19653064_99_180    38.78%    passed     18.16%
  86  AT5G51860.1_PACid_19671371_89_171    38.78%    passed     47.07%
  87  AT4G09960.2_PACid_19648310_86_165    38.78%    passed     61.21%
  88  AT5G62165.5_PACid_19672599_43_117    38.78%    passed     32.18%
  89  AT4G24540.1_PACid_19648389_91_172    38.78%    passed     42.46%
  90  AT3G57390.2_PACid_19659473_34_118    38.78%    passed     99.73%
  91  AT3G57390.1_PACid_19659472_95_179    38.78%    passed     99.73%
  92  AT2G22540.2_PACid_19641564_87_165    38.78%    passed     83.14%
  93  AT2G22540.1_PACid_19641563_92_170    38.78%    passed     83.14%
  94  AT2G22540.1_PACid_19641563_166_184   80.61%    passed     46.61%
  95  AT3G54340.1_PACid_19659884_81_168    38.78%    passed     24.22%
  96  AT5G20240.1_PACid_19673101_81_164    38.78%    passed     28.29%
  97  AT3G57230.2_PACid_19665061_106_169   38.78%    passed     67.85%
  98  AT3G57230.2_PACid_19665061_164_183   79.59%    passed     15.75%
  99  AT5G51870.2_PACid_19672301_88_148    38.78%    passed     68.41%
 100  AT5G23260.1_PACid_19667543_82_165    38.78%    failed      0.08%
 101  AT5G62165.4_PACid_19672598_84_157    38.78%    passed     79.30%
 102  AT5G23260.3_PACid_19667544_82_152    38.78%    failed      0.08%
 103  AT5G10140.2_PACid_19672042_89_164    38.78%    passed     33.49%
 104  AT5G10140.1_PACid_19672039_89_164    38.78%    passed     33.49%
 105  AT5G10140.3_PACid_19672040_89_164    38.78%    passed     33.49%
 106  AT2G41470.1_PACid_19641817_21_83     38.78%    passed     30.17%
 107  AT2G41470.1_PACid_19641817_120_196   38.78%    passed     26.05%
 108  AT2G41470.1_PACid_19641817_249_309   38.78%    passed     76.39%
 109  AT2G41470.1_PACid_19641817_355_410   42.86%    failed      0.05%
 110  AT1G77080.2_PACid_19652599_93_160    38.78%    passed     64.27%
 111  AT1G77080.5_PACid_19652600_96_164    38.78%    passed     70.31%
 112  AT5G65060.1_PACid_19668928_96_164    38.78%    passed     56.90%
 113  AT1G77080.4_PACid_19652598_96_164    38.78%    passed     70.31%
 114  AT5G65050.2_PACid_19667307_98_164    38.78%    passed     59.94%
 115  AT5G65080.1_PACid_19670372_101_170   38.78%    passed     86.68%
 116  AT5G65050.3_PACid_19667305_98_164    38.78%    passed     59.94%
 117  AT5G65080.2_PACid_19670373_93_162    38.78%    passed     86.68%
 118  AT5G65060.2_PACid_19668929_102_153   46.94%    passed     74.86%
 119  AT5G65070.2_PACid_19666741_141_195   43.88%    passed     82.59%
 120  AT5G65070.1_PACid_19666742_110_164   43.88%    passed     82.59%
 121  AT5G65070.3_PACid_19666740_142_196   43.88%    passed     82.59%
 122  AT5G10140.4_PACid_19672041_90_154    38.78%    passed     33.29%
 123  AT1G77080.3_PACid_19652601_82_126    54.08%    passed     33.03%
 124  AT1G31150.1_PACid_19651250_574_639   38.78%    passed     60.99%
 125  AT5G65050.1_PACid_19667306_98_149    46.94%    passed     48.56%
 126  AT1G31140.2_PACid_19657777_95_158    38.78%    passed     74.63%
 127  AT1G31140.1_PACid_19657778_95_156    38.78%    passed     57.80%
 128  AT2G41445.1_PACid_19641714_37_93     41.84%    passed     50.75%
 129  AT2G41445.1_PACid_19641714_149_217   38.78%    failed      4.68%
 130  AT1G77950.1_PACid_19656697_125_198   38.78%    passed      9.41%
 131  AT1G77950.2_PACid_19656698_125_198   38.78%    passed      9.41%
 132  AT1G22130.1_PACid_19651829_125_192   38.78%    passed      5.10%
 133  AT1G77980.1_PACid_19650219_124_189   38.78%    passed      8.38%
 134  AT2G41440.1_PACid_19638798_42_120    38.78%    passed     89.06%
 135  AT2G41440.1_PACid_19638798_151_202   46.94%    failed      0.96%
 136  AT2G41440.2_PACid_19638799_33_84     46.94%    failed      0.96%
 137  AT1G69540.1_PACid_19658298_146_182   62.24%    passed     11.97%
 138  AT1G59810.1_PACid_19650751_99_152    44.90%    passed     65.58%
 139  AT2G03060.2_PACid_19640478_88_99     87.76%    passed     55.93%
 140  AT2G03060.2_PACid_19640478_114_176   38.78%    passed     42.73%
 141  AT4G27630.1_PACid_19644925_67_96     69.39%    passed      8.54%
 142  AT4G27630.1_PACid_19644925_136_162   72.45%    passed     91.39%
 143  AT2G11620.1_PACid_19641263_210_250   58.16%    failed      0.00%
 144  AT2G11620.1_PACid_19641263_324_348   74.49%    failed      0.00%
 145  AT2G11620.1_PACid_19641263_364_388   74.49%    passed     27.12%
 146  AT2G11620.1_PACid_19641263_406_426   78.57%    passed     25.21%
 147  AT2G11620.1_PACid_19641263_442_465   75.51%    failed      3.71%
WARNING: 16 sequences contain more than 50% gaps/ambiguity
****  TOTAL                                36.69%  10 sequences failed composition chi2 test (p-value<5%; df=19)
NOTE: AT5G60910.1_PACid_19670614_85_172 is identical to AT5G60910.2_PACid_19670615_23_110 but kept for subsequent analysis
NOTE: AT3G58780.1_PACid_19662659_100_186 is identical to AT3G58780.2_PACid_19662660_93_179 but kept for subsequent analysis
NOTE: AT4G18960.2_PACid_19647338_88_173 is identical to AT4G18960.1_PACid_19647337_102_187 but kept for subsequent analysis
NOTE: AT2G42830.2_PACid_19643527_100_188 is identical to AT2G42830.1_PACid_19643528_100_186 but kept for subsequent analysis
NOTE: AT5G15800.2_PACid_19670122_84_172 is identical to AT5G15800.1_PACid_19670123_84_172 but kept for subsequent analysis
NOTE: AT4G09960.3_PACid_19648307_112_197 is identical to AT4G09960.1_PACid_19648309_86_171 but kept for subsequent analysis
NOTE: AT1G24260.1_PACid_19651404_92_174 is identical to AT1G24260.2_PACid_19651403_93_175 but kept for subsequent analysis
NOTE: AT3G57230.2_PACid_19665061_164_183 is identical to AT3G57230.1_PACid_19665060_165_184 but kept for subsequent analysis
NOTE: AT2G03710.2_PACid_19640309_85_173 is identical to AT2G03710.3_PACid_19640310_85_172 but kept for subsequent analysis
NOTE: AT5G62165.2_PACid_19672596_84_170 is identical to AT5G62165.1_PACid_19672595_84_170 but kept for subsequent analysis
NOTE: AT5G51870.3_PACid_19672299_88_171 is identical to AT5G51870.1_PACid_19672300_88_172 but kept for subsequent analysis
NOTE: AT5G23260.1_PACid_19667543_82_165 is identical to AT5G23260.2_PACid_19667542_82_170 but kept for subsequent analysis
NOTE: AT5G51860.1_PACid_19671371_89_171 is identical to AT5G51860.2_PACid_19671372_89_172 but kept for subsequent analysis
NOTE: AT3G57390.1_PACid_19659472_95_179 is identical to AT3G57390.2_PACid_19659473_34_118 but kept for subsequent analysis
NOTE: AT2G22540.1_PACid_19641563_92_170 is identical to AT2G22540.2_PACid_19641564_87_165 but kept for subsequent analysis
NOTE: AT5G10140.1_PACid_19672039_89_164 is identical to AT5G10140.2_PACid_19672042_89_164 but kept for subsequent analysis
NOTE: AT1G77080.4_PACid_19652598_96_164 is identical to AT1G77080.5_PACid_19652600_96_164 but kept for subsequent analysis
NOTE: AT5G65050.3_PACid_19667305_98_164 is identical to AT5G65050.2_PACid_19667307_98_164 but kept for subsequent analysis
NOTE: AT5G65080.2_PACid_19670373_93_162 is identical to AT5G65080.1_PACid_19670372_101_170 but kept for subsequent analysis
NOTE: AT5G65070.1_PACid_19666742_110_164 is identical to AT5G65070.2_PACid_19666741_141_195 but kept for subsequent analysis
NOTE: AT1G77950.2_PACid_19656698_125_198 is identical to AT1G77950.1_PACid_19656697_125_198 but kept for subsequent analysis
NOTE: AT2G41440.2_PACid_19638799_33_84 is identical to AT2G41440.1_PACid_19638798_151_202 but kept for subsequent analysis
NOTE: 8 identical sequences (see below) will be ignored for subsequent analysis
NOTE: AT3G58780.3_PACid_19662658_125_211 (identical to AT3G58780.2_PACid_19662660_93_179) is ignored but added at the end
NOTE: AT4G09960.4_PACid_19648308_86_175 (identical to AT4G09960.1_PACid_19648309_86_171) is ignored but added at the end
NOTE: AT1G24260.3_PACid_19651405_93_160 (identical to AT1G24260.2_PACid_19651403_93_175) is ignored but added at the end
NOTE: AT2G03710.1_PACid_19640308_85_173 (identical to AT2G03710.3_PACid_19640310_85_172) is ignored but added at the end
NOTE: AT5G62165.3_PACid_19672597_84_170 (identical to AT5G62165.1_PACid_19672595_84_170) is ignored but added at the end
NOTE: AT5G23260.3_PACid_19667544_82_152 (identical to AT5G23260.2_PACid_19667542_82_170) is ignored but added at the end
NOTE: AT5G10140.3_PACid_19672040_89_164 (identical to AT5G10140.2_PACid_19672042_89_164) is ignored but added at the end
NOTE: AT5G65070.3_PACid_19666740_142_196 (identical to AT5G65070.2_PACid_19666741_141_195) is ignored but added at the end

For your convenience alignment with unique sequences printed to /Users/bushrakhan/Desktop/NIPGR-data/MADS-box-Evolutionary-gene-detection/Workflow_Step-by-Step/TASK_6/uploads/Medicago_Kbox_ML.uniqueseq.phy


Create initial parsimony tree by phylogenetic likelihood library (PLL)... 0.039 seconds
NOTE: ModelFinder requires 10 MB RAM!
ModelFinder will test 168 protein models (sample size: 98) ...
 No. Model         -LnL         df  AIC          AICc         BIC
Measuring multi-threading efficiency up to 10 CPU cores
Increase to 10 rounds for branch lengths
49 trees examined
Threads: 1 / Time: 10.101 sec / Speedup: 1.000 / Efficiency: 100% / LogL: -18169
Threads: 2 / Time: 15.025 sec / Speedup: 0.672 / Efficiency: 34% / LogL: -18169
BEST NUMBER OF THREADS: 1

  1  Dayhoff       10444.526    275 21439.052    173239.052   22149.918
  2  Dayhoff+I     10444.486    276 21440.971    174344.971   22154.422
  3  Dayhoff+G4    10315.623    276 21183.245    174087.245   21896.696
  4  Dayhoff+I+G4  10315.620    277 21185.240    175197.240   21901.276
  5  Dayhoff+F     10444.592    294 21477.184    194937.184   22237.164
  6  Dayhoff+F+I   10444.531    295 21479.063    196119.063   22241.628
  7  Dayhoff+F+G4  10311.503    295 21213.006    195853.006   21975.572
  8  Dayhoff+F+I+G4 10311.445    296 21214.889    197038.889   21980.040
  9  mtMAM         11098.474    275 22746.947    174546.947   23457.813
 10  mtMAM+I       11098.444    276 22748.887    175652.887   23462.338
 11  mtMAM+G4      10784.130    276 22120.261    175024.261   22833.712
 12  mtMAM+I+G4    10784.110    277 22122.220    176134.220   22838.256
 13  mtMAM+F       10650.395    294 21888.791    195348.791   22648.771
 14  mtMAM+F+I     10650.355    295 21890.710    196530.710   22653.276
 15  mtMAM+F+G4    10491.774    295 21573.547    196213.547   22336.113
 16  mtMAM+F+I+G4  10491.799    296 21575.598    197399.598   22340.748
 17  JTT           10323.226    275 21196.453    172996.453   21907.319
 18  JTT+I         10323.221    276 21198.441    174102.441   21911.892
 19  JTT+G4        10192.000    276 20936.000    173840.000   21649.451
 20  JTT+I+G4      10191.996    277 20937.993    174949.993   21654.029
 21  JTT+F         10314.253    294 21216.506    194676.506   21976.487
 22  JTT+F+I       10314.243    295 21218.485    195858.485   21981.051
 23  JTT+F+G4      10183.317    295 20956.633    195596.633   21719.199
 24  JTT+F+I+G4    10183.316    296 20958.633    196782.633   21723.783
 25  WAG           10381.932    275 21313.863    173113.863   22024.729
 26  WAG+I         10381.870    276 21315.740    174219.740   22029.191
 27  WAG+G4        10246.629    276 21045.259    173949.259   21758.710
 28  WAG+I+G4      10246.629    277 21047.257    175059.257   21763.293
 29  WAG+F         10485.446    294 21558.892    195018.892   22318.873
 30  WAG+F+I       10485.425    295 21560.851    196200.851   22323.416
 31  WAG+F+G4      10333.958    295 21257.916    195897.916   22020.481
 32  WAG+F+I+G4    10333.912    296 21259.825    197083.825   22024.975
 33  cpREV         10491.777    275 21533.554    173333.554   22244.420
 34  cpREV+I       10491.738    276 21535.477    174439.477   22248.928
 35  cpREV+G4      10335.042    276 21222.085    174126.085   21935.536
 36  cpREV+I+G4    10334.993    277 21223.986    175235.986   21940.022
 37  cpREV+F       10680.596    294 21949.192    195409.192   22709.173
 38  cpREV+F+I     10680.579    295 21951.157    196591.157   22713.723
 39  cpREV+F+G4    10484.373    295 21558.746    196198.746   22321.312
 40  cpREV+F+I+G4  10484.369    296 21560.739    197384.739   22325.889
 41  mtREV         10871.132    275 22292.265    174092.265   23003.131
 42  mtREV+I       10871.040    276 22294.080    175198.080   23007.531
 43  mtREV+G4      10657.804    276 21867.609    174771.609   22581.060
 44  mtREV+I+G4    10657.799    277 21869.599    175881.599   22585.635
 45  mtREV+F       10541.872    294 21671.744    195131.744   22431.724
 46  mtREV+F+I     10541.841    295 21673.682    196313.682   22436.247
 47  mtREV+F+G4    10408.942    295 21407.884    196047.884   22170.450
 48  mtREV+F+I+G4  10408.939    296 21409.879    197233.879   22175.029
 49  rtREV         10407.364    275 21364.727    173164.727   22075.593
 50  rtREV+I       10407.328    276 21366.656    174270.656   22080.107
 51  rtREV+G4      10271.048    276 21094.096    173998.096   21807.547
 52  rtREV+I+G4    10271.030    277 21096.060    175108.060   21812.096
 53  rtREV+F       10423.046    294 21434.092    194894.092   22194.073
 54  rtREV+F+I     10422.967    295 21435.934    196075.934   22198.499
 55  rtREV+F+G4    10283.284    295 21156.569    195796.569   21919.134
 56  rtREV+F+I+G4  10283.268    296 21158.536    196982.536   21923.686
 57  mtART         11102.417    275 22754.833    174554.833   23465.699
 58  mtART+I       11102.413    276 22756.827    175660.827   23470.278
 59  mtART+G4      10750.827    276 22053.654    174957.654   22767.105
 60  mtART+I+G4    10750.828    277 22055.656    176067.656   22771.692
 61  mtART+F       10595.120    294 21778.240    195238.240   22538.220
 62  mtART+F+I     10595.051    295 21780.103    196420.103   22542.668
 63  mtART+F+G4    10427.469    295 21444.939    196084.939   22207.504
 64  mtART+F+I+G4  10427.449    296 21446.899    197270.899   22212.049
 65  mtZOA         10803.064    275 22156.128    173956.128   22866.994
 66  mtZOA+I       10803.047    276 22158.093    175062.093   22871.544
 67  mtZOA+G4      10536.571    276 21625.141    174529.141   22338.592
 68  mtZOA+I+G4    10536.550    277 21627.099    175639.099   22343.135
 69  mtZOA+F       10489.946    294 21567.892    195027.892   22327.872
 70  mtZOA+F+I     10489.861    295 21569.723    196209.723   22332.288
 71  mtZOA+F+G4    10349.640    295 21289.280    195929.280   22051.845
 72  mtZOA+F+I+G4  10349.638    296 21291.275    197115.275   22056.425
 73  VT            10378.008    275 21306.016    173106.016   22016.882
 74  VT+I          10377.996    276 21307.993    174211.993   22021.444
 75  VT+G4         10247.911    276 21047.823    173951.823   21761.274
 76  VT+I+G4       10247.932    277 21049.864    175061.864   21765.900
 77  VT+F          10424.584    294 21437.168    194897.168   22197.149
 78  VT+F+I        10424.553    295 21439.106    196079.106   22201.672
 79  VT+F+G4       10294.880    295 21179.760    195819.760   21942.326
 80  VT+F+I+G4     10294.862    296 21181.724    197005.724   21946.875
 81  LG            10320.357    275 21190.714    172990.714   21901.580
 82  LG+I          10320.332    276 21192.664    174096.664   21906.115
 83  LG+G4         10171.410    276 20894.821    173798.821   21608.272
 84  LG+I+G4       10171.397    277 20896.794    174908.794   21612.830
 85  LG+F          10396.703    294 21381.406    194841.406   22141.386
 86  LG+F+I        10396.643    295 21383.286    196023.286   22145.851
 87  LG+F+G4       10252.755    295 21095.511    195735.511   21858.076
 88  LG+F+I+G4     10252.755    296 21097.510    196921.510   21862.660
 89  DCMut         10444.089    275 21438.179    173238.179   22149.045
 90  DCMut+I       10444.063    276 21440.125    174344.125   22153.576
 91  DCMut+G4      10315.472    276 21182.944    174086.944   21896.395
 92  DCMut+I+G4    10315.447    277 21184.895    175196.895   21900.931
 93  DCMut+F       10444.069    294 21476.138    194936.138   22236.118
 94  DCMut+F+I     10444.013    295 21478.026    196118.026   22240.592
 95  DCMut+F+G4    10311.242    295 21212.485    195852.485   21975.050
 96  DCMut+F+I+G4  10311.182    296 21214.364    197038.364   21979.515
 97  PMB           10510.180    275 21570.361    173370.361   22281.227
 98  PMB+I         10510.118    276 21572.237    174476.237   22285.688
 99  PMB+G4        10368.284    276 21288.568    174192.568   22002.019
100  PMB+I+G4      10368.281    277 21290.562    175302.562   22006.598
101  PMB+F         10579.248    294 21746.496    195206.496   22506.476
102  PMB+F+I       10579.215    295 21748.430    196388.430   22510.996
103  PMB+F+G4      10437.994    295 21465.987    196105.987   22228.553
104  PMB+F+I+G4    10437.989    296 21467.978    197291.978   22233.128
105  HIVb          10489.861    275 21529.723    173329.723   22240.589
106  HIVb+I        10489.853    276 21531.705    174435.705   22245.156
107  HIVb+G4       10337.603    276 21227.206    174131.206   21940.657
108  HIVb+I+G4     10337.589    277 21229.179    175241.179   21945.215
109  HIVb+F        10443.039    294 21474.078    194934.078   22234.058
110  HIVb+F+I      10443.024    295 21476.048    196116.048   22238.614
111  HIVb+F+G4     10284.263    295 21158.525    195798.525   21921.091
112  HIVb+F+I+G4   10284.258    296 21160.516    196984.516   21925.666
113  HIVw          10996.450    275 22542.899    174342.899   23253.766
114  HIVw+I        10996.430    276 22544.861    175448.861   23258.312
115  HIVw+G4       10800.347    276 22152.693    175056.693   22866.144
116  HIVw+I+G4     10800.343    277 22154.686    176166.686   22870.722
117  HIVw+F        10816.541    294 22221.081    195681.081   22981.062
118  HIVw+F+I      10816.518    295 22223.035    196863.035   22985.601
119  HIVw+F+G4     10605.611    295 21801.223    196441.223   22563.788
120  HIVw+F+I+G4   10605.596    296 21803.193    197627.193   22568.343
121  JTTDCMut      10325.960    275 21201.920    173001.920   21912.786
122  JTTDCMut+I    10325.935    276 21203.869    174107.869   21917.320
123  JTTDCMut+G4   10194.710    276 20941.421    173845.421   21654.872
124  JTTDCMut+I+G4 10194.707    277 20943.414    174955.414   21659.450
125  JTTDCMut+F    10320.325    294 21228.650    194688.650   21988.631
126  JTTDCMut+F+I  10320.313    295 21230.625    195870.625   21993.190
127  JTTDCMut+F+G4 10189.192    295 20968.384    195608.384   21730.949
128  JTTDCMut+F+I+G4 10189.192    296 20970.384    196794.384   21735.535
129  FLU           10555.902    275 21661.804    173461.804   22372.670
130  FLU+I         10555.865    276 21663.731    174567.731   22377.182
131  FLU+G4        10384.477    276 21320.953    174224.953   22034.404
132  FLU+I+G4      10384.478    277 21322.955    175334.955   22038.991
133  FLU+F         10597.533    294 21783.065    195243.065   22543.046
134  FLU+F+I       10597.518    295 21785.035    196425.035   22547.601
135  FLU+F+G4      10405.613    295 21401.226    196041.226   22163.792
136  FLU+F+I+G4    10405.589    296 21403.178    197227.178   22168.329
137  Blosum62      10486.894    275 21523.788    173323.788   22234.654
138  Blosum62+I    10486.832    276 21525.663    174429.663   22239.114
139  Blosum62+G4   10343.676    276 21239.352    174143.352   21952.803
140  Blosum62+I+G4 10343.673    277 21241.346    175253.346   21957.382
141  Blosum62+F    10609.040    294 21806.080    195266.080   22566.061
142  Blosum62+F+I  10609.024    295 21808.048    196448.048   22570.614
143  Blosum62+F+G4 10462.616    295 21515.232    196155.232   22277.797
144  Blosum62+F+I+G4 10462.564    296 21517.128    197341.128   22282.279
145  mtMet         10835.450    275 22220.899    174020.899   22931.765
146  mtMet+I       10835.436    276 22222.871    175126.871   22936.322
147  mtMet+G4      10593.277    276 21738.555    174642.555   22452.006
148  mtMet+I+G4    10593.255    277 21740.510    175752.510   22456.546
149  mtMet+F       10420.235    294 21428.470    194888.470   22188.450
150  mtMet+F+I     10420.203    295 21430.407    196070.407   22192.972
151  mtMet+F+G4    10288.475    295 21166.950    195806.950   21929.516
152  mtMet+F+I+G4  10288.457    296 21168.915    196992.915   21934.065
153  mtVer         10893.226    275 22336.452    174136.452   23047.318
154  mtVer+I       10893.207    276 22338.415    175242.415   23051.866
155  mtVer+G4      10674.135    276 21900.269    174804.269   22613.720
156  mtVer+I+G4    10674.113    277 21902.226    175914.226   22618.262
157  mtVer+F       10553.088    294 21694.177    195154.177   22454.157
158  mtVer+F+I     10553.030    295 21696.060    196336.060   22458.625
159  mtVer+F+G4    10405.409    295 21400.818    196040.818   22163.384
160  mtVer+F+I+G4  10405.397    296 21402.794    197226.794   22167.944
161  mtInv         10909.263    275 22368.525    174168.525   23079.391
162  mtInv+I       10909.222    276 22370.445    175274.445   23083.896
163  mtInv+G4      10668.800    276 21889.601    174793.601   22603.052
164  mtInv+I+G4    10668.797    277 21891.595    175903.595   22607.631
165  mtInv+F       10407.596    294 21403.192    194863.192   22163.173
166  mtInv+F+I     10407.559    295 21405.117    196045.117   22167.683
167  mtInv+F+G4    10276.751    295 21143.501    195783.501   21906.067
168  mtInv+F+I+G4  10276.713    296 21145.425    196969.425   21910.576
Akaike Information Criterion:           LG+G4
Corrected Akaike Information Criterion: LG
Bayesian Information Criterion:         LG+G4
Best-fit model: LG+G4 chosen according to BIC

All model information printed to /Users/bushrakhan/Desktop/NIPGR-data/MADS-box-Evolutionary-gene-detection/Workflow_Step-by-Step/TASK_6/uploads/Medicago_Kbox_ML.model.gz
CPU time for ModelFinder: 105.657 seconds (0h:1m:45s)
Wall-clock time for ModelFinder: 123.492 seconds (0h:2m:3s)
Generating 1000 samples for ultrafast bootstrap (seed: 118150)...

NOTE: 10 MB RAM (0 GB) is required!
Measuring multi-threading efficiency up to 10 CPU cores
Increase to 10 rounds for branch lengths
14 trees examined
Threads: 1 / Time: 10.531 sec / Speedup: 1.000 / Efficiency: 100% / LogL: -17417
Threads: 2 / Time: 11.513 sec / Speedup: 0.915 / Efficiency: 46% / LogL: -17417
BEST NUMBER OF THREADS: 1

Estimate model parameters (epsilon = 0.100)
1. Initial log-likelihood: -10205.483
2. Current log-likelihood: -10173.100
3. Current log-likelihood: -10171.472
Optimal log-likelihood: -10171.414
Gamma shape alpha: 3.214
Parameters optimization took 3 rounds (1.057 sec)
Computing ML distances based on estimated model parameters... 7.840 sec
WARNING: Some pairwise ML distances are too long (saturated)
Computing BIONJ tree...
0.016 seconds
Log-likelihood of BIONJ tree: -10114.167
--------------------------------------------------------------------
|             INITIALIZING CANDIDATE TREE SET                      |
--------------------------------------------------------------------
Generating 98 parsimony trees... 3.905 second
Computing log-likelihood of 98 initial trees ... 14.836 seconds
Current best score: -10063.269

Do NNI search on 20 best initial trees
Estimate model parameters (epsilon = 0.100)
BETTER TREE FOUND at iteration 1: -10015.195
Estimate model parameters (epsilon = 0.100)
BETTER TREE FOUND at iteration 2: -10012.032
Estimate model parameters (epsilon = 0.100)
BETTER TREE FOUND at iteration 5: -10000.180
Iteration 10 / LogL: -10022.576 / Time: 0h:1m:26s
Iteration 20 / LogL: -10018.479 / Time: 0h:1m:58s
Finish initializing candidate tree set (20)
Current best tree score: -10000.180 / CPU time: 84.694
Number of iterations: 20
--------------------------------------------------------------------
|               OPTIMIZING CANDIDATE TREE SET                      |
--------------------------------------------------------------------
Estimate model parameters (epsilon = 0.100)
BETTER TREE FOUND at iteration 28: -9999.996
Iteration 30 / LogL: -10001.109 / Time: 0h:2m:32s (0h:8m:35s left)
Iteration 40 / LogL: -10004.220 / Time: 0h:3m:4s (0h:6m:55s left)
Iteration 50 / LogL: -10002.899 / Time: 0h:3m:38s (0h:5m:47s left)
Log-likelihood cutoff on original alignment: -10055.346
Iteration 60 / LogL: -10003.887 / Time: 0h:4m:11s (0h:4m:49s left)
Estimate model parameters (epsilon = 0.100)
BETTER TREE FOUND at iteration 66: -9999.959
Iteration 70 / LogL: -10000.063 / Time: 0h:4m:41s (0h:6m:31s left)
Estimate model parameters (epsilon = 0.100)
BETTER TREE FOUND at iteration 76: -9999.870
Iteration 80 / LogL: -10005.006 / Time: 0h:5m:11s (0h:6m:18s left)
Estimate model parameters (epsilon = 0.100)
UPDATE BEST LOG-LIKELIHOOD: -9999.824
Iteration 90 / LogL: -10002.223 / Time: 0h:5m:41s (0h:5m:30s left)
Iteration 100 / LogL: -10004.126 / Time: 0h:6m:11s (0h:4m:45s left)
Log-likelihood cutoff on original alignment: -10055.346
NOTE: Bootstrap correlation coefficient of split occurrence frequencies: 0.996
Iteration 110 / LogL: -10000.537 / Time: 0h:6m:42s (0h:5m:32s left)
Iteration 120 / LogL: -10001.488 / Time: 0h:7m:10s (0h:4m:49s left)
Iteration 130 / LogL: -10024.020 / Time: 0h:7m:39s (0h:4m:9s left)
Iteration 140 / LogL: -10003.816 / Time: 0h:8m:8s (0h:3m:31s left)
Iteration 150 / LogL: -10001.620 / Time: 0h:8m:38s (0h:2m:54s left)
Log-likelihood cutoff on original alignment: -10055.346
Iteration 160 / LogL: -10004.370 / Time: 0h:9m:7s (0h:2m:17s left)
Iteration 170 / LogL: -10005.271 / Time: 0h:9m:36s (0h:1m:42s left)
TREE SEARCH COMPLETED AFTER 177 ITERATIONS / Time: 0h:9m:57s

--------------------------------------------------------------------
|                    FINALIZING TREE SEARCH                        |
--------------------------------------------------------------------
Performs final model parameters optimization
Estimate model parameters (epsilon = 0.010)
1. Initial log-likelihood: -9999.824
Optimal log-likelihood: -9999.824
Gamma shape alpha: 3.711
Parameters optimization took 1 rounds (0.215 sec)
BEST SCORE FOUND : -9999.824
Creating bootstrap support values...
Split supports printed to NEXUS file /Users/bushrakhan/Desktop/NIPGR-data/MADS-box-Evolutionary-gene-detection/Workflow_Step-by-Step/TASK_6/uploads/Medicago_Kbox_ML.splits.nex
Total tree length: 51.423

Total number of iterations: 177
CPU time used for tree search: 539.513 sec (0h:8m:59s)
Wall-clock time used for tree search: 563.957 sec (0h:9m:23s)
Total CPU time used: 570.693 sec (0h:9m:30s)
Total wall-clock time used: 598.517 sec (0h:9m:58s)

Computing bootstrap consensus tree...
Reading input file /Users/bushrakhan/Desktop/NIPGR-data/MADS-box-Evolutionary-gene-detection/Workflow_Step-by-Step/TASK_6/uploads/Medicago_Kbox_ML.splits.nex...
139 taxa and 1235 splits.
Consensus tree written to /Users/bushrakhan/Desktop/NIPGR-data/MADS-box-Evolutionary-gene-detection/Workflow_Step-by-Step/TASK_6/uploads/Medicago_Kbox_ML.contree
Reading input trees file /Users/bushrakhan/Desktop/NIPGR-data/MADS-box-Evolutionary-gene-detection/Workflow_Step-by-Step/TASK_6/uploads/Medicago_Kbox_ML.contree
Log-likelihood of consensus tree: -9999.829

Analysis results written to: 
  IQ-TREE report:                /Users/bushrakhan/Desktop/NIPGR-data/MADS-box-Evolutionary-gene-detection/Workflow_Step-by-Step/TASK_6/uploads/Medicago_Kbox_ML.iqtree
  Maximum-likelihood tree:       /Users/bushrakhan/Desktop/NIPGR-data/MADS-box-Evolutionary-gene-detection/Workflow_Step-by-Step/TASK_6/uploads/Medicago_Kbox_ML.treefile
  Likelihood distances:          /Users/bushrakhan/Desktop/NIPGR-data/MADS-box-Evolutionary-gene-detection/Workflow_Step-by-Step/TASK_6/uploads/Medicago_Kbox_ML.mldist

Ultrafast bootstrap approximation results written to:
  Split support values:          /Users/bushrakhan/Desktop/NIPGR-data/MADS-box-Evolutionary-gene-detection/Workflow_Step-by-Step/TASK_6/uploads/Medicago_Kbox_ML.splits.nex
  Consensus tree:                /Users/bushrakhan/Desktop/NIPGR-data/MADS-box-Evolutionary-gene-detection/Workflow_Step-by-Step/TASK_6/uploads/Medicago_Kbox_ML.contree
  Screen log file:               /Users/bushrakhan/Desktop/NIPGR-data/MADS-box-Evolutionary-gene-detection/Workflow_Step-by-Step/TASK_6/uploads/Medicago_Kbox_ML.log

Date and Time: Sat Apr  4 00:52:37 2026
