IQ-TREE multicore version 1.6.12 for Mac OS X 64-bit built Aug 15 2019
Developed by Bui Quang Minh, Nguyen Lam Tung, Olga Chernomor,
Heiko Schmidt, Dominik Schrempf, Michael Woodhams.

Host:    Bushras-MacBook-Air.local (SSE4.2, 16 GB RAM)
Command: /Users/bushrakhan/Desktop/NIPGR-data/MADS-box-Evolutionary-gene-detection/bin/iqtree -s /Users/bushrakhan/Desktop/NIPGR-data/MADS-box-Evolutionary-gene-detection/Workflow_Step-by-Step/TASK_6/uploads/Medicago_MADS_Aligned.fa -nt AUTO -m TEST -bb 1000 -pre /Users/bushrakhan/Desktop/NIPGR-data/MADS-box-Evolutionary-gene-detection/Workflow_Step-by-Step/TASK_6/uploads/Medicago_MADS_ML
Seed:    117896 (Using SPRNG - Scalable Parallel Random Number Generator)
Time:    Sat Apr  4 00:40:33 2026
Kernel:  SSE2 - auto-detect threads (10 CPU cores detected)

Reading alignment file /Users/bushrakhan/Desktop/NIPGR-data/MADS-box-Evolutionary-gene-detection/Workflow_Step-by-Step/TASK_6/uploads/Medicago_MADS_Aligned.fa ... Fasta format detected
Alignment most likely contains protein sequences
Alignment has 191 sequences with 49 columns, 49 distinct patterns
45 parsimony-informative, 3 singleton sites, 0 constant sites
WARNING: Some sequence names are changed as follows:
AT2G45650.1|PACid:19638787_10_57 -> AT2G45650.1_PACid_19638787_10_57
AT4G11880.1|PACid:19643844_10_57 -> AT4G11880.1_PACid_19643844_10_57
AT4G09960.1|PACid:19648309_10_57 -> AT4G09960.1_PACid_19648309_10_57
AT4G09960.4|PACid:19648308_10_57 -> AT4G09960.4_PACid_19648308_10_57
AT4G18960.1|PACid:19647337_26_73 -> AT4G18960.1_PACid_19647337_26_73
AT4G09960.3|PACid:19648307_36_83 -> AT4G09960.3_PACid_19648307_36_83
AT4G09960.2|PACid:19648310_10_57 -> AT4G09960.2_PACid_19648310_10_57
AT2G45660.1|PACid:19641052_10_57 -> AT2G45660.1_PACid_19641052_10_57
AT4G22950.1|PACid:19647692_10_57 -> AT4G22950.1_PACid_19647692_10_57
AT4G22950.1|PACid:19647692_94_105 -> AT4G22950.1_PACid_19647692_94_105
AT1G24260.3|PACid:19651405_10_57 -> AT1G24260.3_PACid_19651405_10_57
AT5G15800.1|PACid:19670123_10_57 -> AT5G15800.1_PACid_19670123_10_57
AT1G24260.1|PACid:19651404_10_57 -> AT1G24260.1_PACid_19651404_10_57
AT1G24260.2|PACid:19651403_10_57 -> AT1G24260.2_PACid_19651403_10_57
AT5G15800.2|PACid:19670122_10_57 -> AT5G15800.2_PACid_19670122_10_57
AT2G22540.1|PACid:19641563_10_57 -> AT2G22540.1_PACid_19641563_10_57
AT3G57390.1|PACid:19659472_10_57 -> AT3G57390.1_PACid_19659472_10_57
AT5G13790.1|PACid:19669343_10_57 -> AT5G13790.1_PACid_19669343_10_57
AT5G51870.2|PACid:19672301_10_57 -> AT5G51870.2_PACid_19672301_10_57
AT5G51870.1|PACid:19672300_10_57 -> AT5G51870.1_PACid_19672300_10_57
AT5G51870.3|PACid:19672299_10_57 -> AT5G51870.3_PACid_19672299_10_57
AT3G58780.2|PACid:19662660_25_72 -> AT3G58780.2_PACid_19662660_25_72
AT2G42830.1|PACid:19643528_25_72 -> AT2G42830.1_PACid_19643528_25_72
AT3G58780.1|PACid:19662659_25_72 -> AT3G58780.1_PACid_19662659_25_72
AT2G42830.2|PACid:19643527_25_72 -> AT2G42830.2_PACid_19643527_25_72
AT3G58780.3|PACid:19662658_25_72 -> AT3G58780.3_PACid_19662658_25_72
AT3G02310.1|PACid:19661943_10_57 -> AT3G02310.1_PACid_19661943_10_57
AT2G14210.1|PACid:19638394_10_57 -> AT2G14210.1_PACid_19638394_10_57
AT2G03710.3|PACid:19640310_10_57 -> AT2G03710.3_PACid_19640310_10_57
AT1G69120.1|PACid:19653480_10_57 -> AT1G69120.1_PACid_19653480_10_57
AT5G60910.1|PACid:19670614_10_57 -> AT5G60910.1_PACid_19670614_10_57
AT5G51860.2|PACid:19671372_10_57 -> AT5G51860.2_PACid_19671372_10_57
AT5G51860.1|PACid:19671371_10_57 -> AT5G51860.1_PACid_19671371_10_57
AT2G03710.2|PACid:19640309_10_57 -> AT2G03710.2_PACid_19640309_10_57
AT2G03710.1|PACid:19640308_10_57 -> AT2G03710.1_PACid_19640308_10_57
AT3G30260.1|PACid:19662130_10_57 -> AT3G30260.1_PACid_19662130_10_57
AT2G24840.1|PACid:19642372_71_118 -> AT2G24840.1_PACid_19642372_71_118
AT2G22540.2|PACid:19641564_10_55 -> AT2G22540.2_PACid_19641564_10_55
AT3G57230.1|PACid:19665060_10_57 -> AT3G57230.1_PACid_19665060_10_57
AT3G57230.2|PACid:19665061_10_57 -> AT3G57230.2_PACid_19665061_10_57
AT4G37940.1|PACid:19644309_10_57 -> AT4G37940.1_PACid_19644309_10_57
AT4G24540.1|PACid:19648389_10_57 -> AT4G24540.1_PACid_19648389_10_57
AT3G61120.1|PACid:19662463_10_57 -> AT3G61120.1_PACid_19662463_10_57
AT3G54340.1|PACid:19659884_10_57 -> AT3G54340.1_PACid_19659884_10_57
AT1G26310.1|PACid:19650942_10_57 -> AT1G26310.1_PACid_19650942_10_57
AT1G22130.1|PACid:19651829_10_55 -> AT1G22130.1_PACid_19651829_10_55
AT5G62165.4|PACid:19672598_10_57 -> AT5G62165.4_PACid_19672598_10_57
AT5G60440.1|PACid:19665878_15_62 -> AT5G60440.1_PACid_19665878_15_62
AT5G62165.1|PACid:19672595_10_57 -> AT5G62165.1_PACid_19672595_10_57
AT5G62165.2|PACid:19672596_10_57 -> AT5G62165.2_PACid_19672596_10_57
AT5G62165.3|PACid:19672597_10_57 -> AT5G62165.3_PACid_19672597_10_57
AT2G22630.1|PACid:19642313_10_57 -> AT2G22630.1_PACid_19642313_10_57
AT1G77980.1|PACid:19650219_10_55 -> AT1G77980.1_PACid_19650219_10_55
AT1G71692.1|PACid:19653064_10_56 -> AT1G71692.1_PACid_19653064_10_56
AT1G01530.1|PACid:19655032_15_62 -> AT1G01530.1_PACid_19655032_15_62
AT1G65360.1|PACid:19652033_15_62 -> AT1G65360.1_PACid_19652033_15_62
AT5G10140.2|PACid:19672042_10_57 -> AT5G10140.2_PACid_19672042_10_57
AT5G10140.4|PACid:19672041_10_57 -> AT5G10140.4_PACid_19672041_10_57
AT5G10140.3|PACid:19672040_10_57 -> AT5G10140.3_PACid_19672040_10_57
AT5G10140.1|PACid:19672039_10_57 -> AT5G10140.1_PACid_19672039_10_57
AT3G66656.1|PACid:19662106_10_57 -> AT3G66656.1_PACid_19662106_10_57
AT5G23260.2|PACid:19667542_10_57 -> AT5G23260.2_PACid_19667542_10_57
AT5G23260.3|PACid:19667544_10_57 -> AT5G23260.3_PACid_19667544_10_57
AT5G23260.1|PACid:19667543_10_57 -> AT5G23260.1_PACid_19667543_10_57
AT4G36590.1|PACid:19644661_15_62 -> AT4G36590.1_PACid_19644661_15_62
AT2G34440.1|PACid:19639540_12_57 -> AT2G34440.1_PACid_19639540_12_57
AT5G65070.1|PACid:19666742_10_57 -> AT5G65070.1_PACid_19666742_10_57
AT1G77950.1|PACid:19656697_10_55 -> AT1G77950.1_PACid_19656697_10_55
AT1G77950.2|PACid:19656698_10_55 -> AT1G77950.2_PACid_19656698_10_55
AT5G65070.3|PACid:19666740_10_57 -> AT5G65070.3_PACid_19666740_10_57
AT5G65070.2|PACid:19666741_10_57 -> AT5G65070.2_PACid_19666741_10_57
AT1G77080.5|PACid:19652600_10_55 -> AT1G77080.5_PACid_19652600_10_55
AT1G77080.2|PACid:19652599_10_55 -> AT1G77080.2_PACid_19652599_10_55
AT1G77080.4|PACid:19652598_10_55 -> AT1G77080.4_PACid_19652598_10_55
AT5G65080.2|PACid:19670373_10_55 -> AT5G65080.2_PACid_19670373_10_55
AT1G31140.1|PACid:19657778_10_57 -> AT1G31140.1_PACid_19657778_10_57
AT1G31140.2|PACid:19657777_10_57 -> AT1G31140.2_PACid_19657777_10_57
AT5G65080.1|PACid:19670372_17_62 -> AT5G65080.1_PACid_19670372_17_62
AT1G47760.1|PACid:19657551_10_57 -> AT1G47760.1_PACid_19657551_10_57
AT5G20240.1|PACid:19673101_10_57 -> AT5G20240.1_PACid_19673101_10_57
AT1G18750.1|PACid:19654582_10_57 -> AT1G18750.1_PACid_19654582_10_57
AT1G72350.1|PACid:19656010_55_98 -> AT1G72350.1_PACid_19656010_55_98
AT5G65050.2|PACid:19667307_10_55 -> AT5G65050.2_PACid_19667307_10_55
AT5G65050.1|PACid:19667306_10_55 -> AT5G65050.1_PACid_19667306_10_55
AT5G65050.3|PACid:19667305_10_55 -> AT5G65050.3_PACid_19667305_10_55
AT5G65060.2|PACid:19668929_10_55 -> AT5G65060.2_PACid_19668929_10_55
AT5G65060.1|PACid:19668928_10_55 -> AT5G65060.1_PACid_19668928_10_55
AT1G17310.1|PACid:19656321_56_103 -> AT1G17310.1_PACid_19656321_56_103
AT1G28460.1|PACid:19649164_16_63 -> AT1G28460.1_PACid_19649164_16_63
AT2G03060.2|PACid:19640478_10_53 -> AT2G03060.2_PACid_19640478_10_53
AT2G03060.1|PACid:19640479_10_53 -> AT2G03060.1_PACid_19640479_10_53
AT3G04100.1|PACid:19663352_22_69 -> AT3G04100.1_PACid_19663352_22_69
AT3G04100.1|PACid:19663352_104_117 -> AT3G04100.1_PACid_19663352_104_117
AT1G29962.1|PACid:19658277_16_63 -> AT1G29962.1_PACid_19658277_16_63
AT5G48670.1|PACid:19672717_10_51 -> AT5G48670.1_PACid_19672717_10_51
AT2G26320.1|PACid:19638466_26_73 -> AT2G26320.1_PACid_19638466_26_73
AT1G69540.1|PACid:19658298_11_53 -> AT1G69540.1_PACid_19658298_11_53
AT3G05860.2|PACid:19660459_10_51 -> AT3G05860.2_PACid_19660459_10_51
AT3G05860.3|PACid:19660458_10_51 -> AT3G05860.3_PACid_19660458_10_51
AT3G05860.1|PACid:19660457_10_51 -> AT3G05860.1_PACid_19660457_10_51
AT5G27960.1|PACid:19666678_9_48 -> AT5G27960.1_PACid_19666678_9_48
AT1G65330.1|PACid:19653684_9_53 -> AT1G65330.1_PACid_19653684_9_53
AT5G55690.1|PACid:19665481_10_51 -> AT5G55690.1_PACid_19665481_10_51
AT5G55690.1|PACid:19665481_137_148 -> AT5G55690.1_PACid_19665481_137_148
AT1G65300.1|PACid:19652716_10_51 -> AT1G65300.1_PACid_19652716_10_51
AT5G26630.1|PACid:19667105_10_50 -> AT5G26630.1_PACid_19667105_10_50
AT5G26650.1|PACid:19669215_9_48 -> AT5G26650.1_PACid_19669215_9_48
AT1G28450.1|PACid:19650560_16_63 -> AT1G28450.1_PACid_19650560_16_63
AT3G18650.1|PACid:19661489_5_23 -> AT3G18650.1_PACid_19661489_5_23
AT3G18650.1|PACid:19661489_30_72 -> AT3G18650.1_PACid_19661489_30_72
AT5G58890.1|PACid:19667567_10_52 -> AT5G58890.1_PACid_19667567_10_52
AT5G26580.1|PACid:19673075_11_50 -> AT5G26580.1_PACid_19673075_11_50
AT4G02235.1|PACid:19647863_9_54 -> AT4G02235.1_PACid_19647863_9_54
AT1G22590.2|PACid:19655507_11_50 -> AT1G22590.2_PACid_19655507_11_50
AT5G65330.1|PACid:19672137_7_52 -> AT5G65330.1_PACid_19672137_7_52
AT5G39750.1|PACid:19667213_25_64 -> AT5G39750.1_PACid_19667213_25_64
AT5G40120.1|PACid:19671880_17_56 -> AT5G40120.1_PACid_19671880_17_56
AT5G38740.1|PACid:19668168_26_65 -> AT5G38740.1_PACid_19668168_26_65
AT5G41200.1|PACid:19667742_19_57 -> AT5G41200.1_PACid_19667742_19_57
AT5G40220.1|PACid:19669238_18_57 -> AT5G40220.1_PACid_19669238_18_57
AT1G46408.1|PACid:19654736_12_53 -> AT1G46408.1_PACid_19654736_12_53
AT5G39810.1|PACid:19670065_25_64 -> AT5G39810.1_PACid_19670065_25_64
AT1G31630.1|PACid:19652269_10_56 -> AT1G31630.1_PACid_19652269_10_56
AT4G11250.1|PACid:19648763_10_51 -> AT4G11250.1_PACid_19648763_10_51
AT5G27090.2|PACid:19670535_29_70 -> AT5G27090.2_PACid_19670535_29_70
AT5G27090.1|PACid:19670534_29_70 -> AT5G27090.1_PACid_19670534_29_70
AT5G06500.1|PACid:19671199_10_53 -> AT5G06500.1_PACid_19671199_10_53
AT5G27070.1|PACid:19671195_30_71 -> AT5G27070.1_PACid_19671195_30_71
AT5G26950.1|PACid:19666538_30_71 -> AT5G26950.1_PACid_19666538_30_71
AT5G26880.1|PACid:19668576_156_166 -> AT5G26880.1_PACid_19668576_156_166
AT5G26880.1|PACid:19668576_241_274 -> AT5G26880.1_PACid_19668576_241_274
AT5G27944.1|PACid:19666623_30_71 -> AT5G27944.1_PACid_19666623_30_71
AT5G27580.1|PACid:19672891_30_71 -> AT5G27580.1_PACid_19672891_30_71
AT2G40210.1|PACid:19638131_10_51 -> AT2G40210.1_PACid_19638131_10_51
AT1G31640.1|PACid:19651329_12_56 -> AT1G31640.1_PACid_19651329_12_56
AT5G04640.1|PACid:19673003_13_53 -> AT5G04640.1_PACid_19673003_13_53
AT5G49490.1|PACid:19668119_54_95 -> AT5G49490.1_PACid_19668119_54_95
AT1G60920.1|PACid:19654635_12_50 -> AT1G60920.1_PACid_19654635_12_50
AT1G48150.1|PACid:19654851_28_67 -> AT1G48150.1_PACid_19654851_28_67
AT5G38620.1|PACid:19667041_14_55 -> AT5G38620.1_PACid_19667041_14_55
AT5G27130.1|PACid:19666602_23_63 -> AT5G27130.1_PACid_19666602_23_63
AT1G60040.1|PACid:19653511_20_62 -> AT1G60040.1_PACid_19653511_20_62
AT5G49420.1|PACid:19672206_16_57 -> AT5G49420.1_PACid_19672206_16_57
AT2G28700.1|PACid:19641128_11_50 -> AT2G28700.1_PACid_19641128_11_50
AT5G27050.1|PACid:19667506_1_28 -> AT5G27050.1_PACid_19667506_1_28
AT1G59810.1|PACid:19650751_19_61 -> AT1G59810.1_PACid_19650751_19_61
AT1G60880.1|PACid:19658292_12_41 -> AT1G60880.1_PACid_19658292_12_41
AT1G54760.1|PACid:19656422_19_43 -> AT1G54760.1_PACid_19656422_19_43
AT5G37415.1|PACid:19671670_85_109 -> AT5G37415.1_PACid_19671670_85_109
AT5G27810.1|PACid:19666054_1_26 -> AT5G27810.1_PACid_19666054_1_26
AT1G33070.1|PACid:19656210_4_24 -> AT1G33070.1_PACid_19656210_4_24
AT2G15660.1|PACid:19640579_30_44 -> AT2G15660.1_PACid_19640579_30_44

                                    Gap/Ambiguity  Composition  p-value
   1  Medtr4g102530.1_MADS                  2.04%    passed     99.88%
   2  Medtr8g033270.1_MADS                  2.04%    passed     99.99%
   3  Medtr7g075870.1_MADS                  2.04%    passed     99.99%
   4  Medtr8g033220.1_MADS                  2.04%    passed     99.78%
   5  Medtr8g033250.1_MADS                  2.04%    passed     99.78%
   6  Medtr3g005530.1_MADS                  2.04%    passed     99.30%
   7  Medtr3g084980.1_MADS                  2.04%    passed     99.25%
   8  Medtr2g017865.1_MADS                  2.04%    passed     99.30%
   9  Medtr5g032520.1_MADS                  2.04%    passed    100.00%
  10  Medtr5g032150.1_MADS                  2.04%    passed    100.00%
  11  Medtr8g097090.1_MADS                  2.04%    passed     99.42%
  12  Medtr6g015975.1_MADS                  2.04%    passed     99.42%
  13  Medtr8g087860.1_MADS                  2.04%    passed     97.80%
  14  Medtr7g016600.1_MADS                  2.04%    passed     99.96%
  15  Medtr3g452380.3_MADS                  2.04%    passed     93.07%
  16  Medtr1g053070.1_MADS                  2.04%    passed     99.82%
  17  Medtr0003s0590.1_MADS                 2.04%    passed     99.59%
  18  Medtr8g066260.1_MADS                  2.04%    passed     78.85%
  19  Medtr2g009890.1_MADS                  2.04%    passed     99.87%
  20  Medtr7g075850.1_MADS                  2.04%    passed     99.93%
  21  Medtr3g102570.1_MADS                  6.12%    passed     99.96%
  22  Medtr3g113030.1_MADS                  2.04%    passed     98.35%
  23  Medtr6g464720.1_MADS                  2.04%    passed     99.97%
  24  Medtr5g046790.1_MADS                  2.04%    passed     99.72%
  25  Medtr5g066180.1_MADS                  2.04%    passed     99.95%
  26  Medtr4g109810.1_MADS                  2.04%    passed     98.56%
  27  Medtr5g021270.2_MADS                  4.08%    passed     20.21%
  28  Medtr4g109830.1_MADS                  2.04%    passed     99.99%
  29  Medtr5g031000.1_MADS                  2.04%    passed     99.99%
  30  Medtr1g101970.1_MADS                  2.04%    passed     99.57%
  31  Medtr4g084740.1_MADS                  2.04%    passed     86.50%
  32  Medtr4g093970.1_MADS                  2.04%    passed     97.98%
  33  Medtr4g036050.1_MADS                  4.08%    passed     68.55%
  34  Medtr7g016630.1_MADS                  2.04%    passed     99.35%
  35  Medtr3g088615.1_MADS                  2.04%    passed     98.63%
  36  Medtr1g038300.1_MADS                  2.04%    passed     49.21%
  37  Medtr1g029670.1_MADS                  2.04%    passed     89.54%
  38  Medtr5g041650.1_MADS                  8.16%    passed     42.14%
  39  Medtr5g061740.1_MADS                 48.98%    passed     15.45%
  40  AT2G45650.1_PACid_19638787_10_57      2.04%    passed     99.99%
  41  AT4G11880.1_PACid_19643844_10_57      2.04%    passed     99.99%
  42  AT4G09960.1_PACid_19648309_10_57      2.04%    passed     99.30%
  43  AT4G09960.4_PACid_19648308_10_57      2.04%    passed     99.30%
  44  AT4G18960.1_PACid_19647337_26_73      2.04%    passed     99.30%
  45  AT4G09960.3_PACid_19648307_36_83      2.04%    passed     99.30%
  46  AT4G09960.2_PACid_19648310_10_57      2.04%    passed     99.30%
  47  AT2G45660.1_PACid_19641052_10_57      2.04%    passed    100.00%
  48  AT4G22950.1_PACid_19647692_10_57      2.04%    passed     99.90%
  49  AT4G22950.1_PACid_19647692_94_105    75.51%    passed     91.04%
  50  AT1G24260.3_PACid_19651405_10_57      2.04%    passed     99.42%
  51  AT5G15800.1_PACid_19670123_10_57      2.04%    passed     99.42%
  52  AT1G24260.1_PACid_19651404_10_57      2.04%    passed     99.42%
  53  AT1G24260.2_PACid_19651403_10_57      2.04%    passed     99.42%
  54  AT5G15800.2_PACid_19670122_10_57      2.04%    passed     99.42%
  55  AT2G22540.1_PACid_19641563_10_57      2.04%    passed     97.09%
  56  AT3G57390.1_PACid_19659472_10_57      2.04%    passed     99.16%
  57  AT5G13790.1_PACid_19669343_10_57      2.04%    passed     99.73%
  58  AT5G51870.2_PACid_19672301_10_57      2.04%    passed     55.76%
  59  AT5G51870.1_PACid_19672300_10_57      2.04%    passed     55.76%
  60  AT5G51870.3_PACid_19672299_10_57      2.04%    passed     55.76%
  61  AT3G58780.2_PACid_19662660_25_72      2.04%    passed     97.80%
  62  AT2G42830.1_PACid_19643528_25_72      2.04%    passed     97.80%
  63  AT3G58780.1_PACid_19662659_25_72      2.04%    passed     97.80%
  64  AT2G42830.2_PACid_19643527_25_72      2.04%    passed     97.80%
  65  AT3G58780.3_PACid_19662658_25_72      2.04%    passed     97.80%
  66  AT3G02310.1_PACid_19661943_10_57      2.04%    passed     99.75%
  67  AT2G14210.1_PACid_19638394_10_57      2.04%    passed     99.41%
  68  AT2G03710.3_PACid_19640310_10_57      2.04%    passed     98.79%
  69  AT1G69120.1_PACid_19653480_10_57      2.04%    passed     73.17%
  70  AT5G60910.1_PACid_19670614_10_57      2.04%    passed     99.91%
  71  AT5G51860.2_PACid_19671372_10_57      2.04%    passed     97.35%
  72  AT5G51860.1_PACid_19671371_10_57      2.04%    passed     97.35%
  73  AT2G03710.2_PACid_19640309_10_57      2.04%    passed     98.79%
  74  AT2G03710.1_PACid_19640308_10_57      2.04%    passed     98.79%
  75  AT3G30260.1_PACid_19662130_10_57      2.04%    passed     99.86%
  76  AT2G24840.1_PACid_19642372_71_118     2.04%    passed     52.41%
  77  AT2G22540.2_PACid_19641564_10_55      6.12%    passed     98.38%
  78  AT3G57230.1_PACid_19665060_10_57      2.04%    passed     99.99%
  79  AT3G57230.2_PACid_19665061_10_57      2.04%    passed     99.99%
  80  AT4G37940.1_PACid_19644309_10_57      2.04%    passed     93.17%
  81  AT4G24540.1_PACid_19648389_10_57      2.04%    passed     79.87%
  82  AT3G61120.1_PACid_19662463_10_57      2.04%    passed     99.98%
  83  AT3G54340.1_PACid_19659884_10_57      2.04%    passed     67.71%
  84  AT1G26310.1_PACid_19650942_10_57      2.04%    passed     99.93%
  85  AT1G22130.1_PACid_19651829_10_55      6.12%    passed     94.42%
  86  AT5G62165.4_PACid_19672598_10_57      2.04%    passed     99.78%
  87  AT5G60440.1_PACid_19665878_15_62      2.04%    passed     89.20%
  88  AT5G62165.1_PACid_19672595_10_57      2.04%    passed     99.78%
  89  AT5G62165.2_PACid_19672596_10_57      2.04%    passed     99.78%
  90  AT5G62165.3_PACid_19672597_10_57      2.04%    passed     99.78%
  91  AT2G22630.1_PACid_19642313_10_57      2.04%    passed     73.64%
  92  AT1G77980.1_PACid_19650219_10_55      6.12%    passed     96.88%
  93  AT1G71692.1_PACid_19653064_10_56      4.08%    passed     84.87%
  94  AT1G01530.1_PACid_19655032_15_62      2.04%    passed     99.66%
  95  AT1G65360.1_PACid_19652033_15_62      2.04%    passed     32.67%
  96  AT5G10140.2_PACid_19672042_10_57      2.04%    passed     96.60%
  97  AT5G10140.4_PACid_19672041_10_57      2.04%    passed     96.60%
  98  AT5G10140.3_PACid_19672040_10_57      2.04%    passed     96.60%
  99  AT5G10140.1_PACid_19672039_10_57      2.04%    passed     96.60%
 100  AT3G66656.1_PACid_19662106_10_57      2.04%    passed     84.95%
 101  AT5G23260.2_PACid_19667542_10_57      2.04%    passed     97.40%
 102  AT5G23260.3_PACid_19667544_10_57      2.04%    passed     97.40%
 103  AT5G23260.1_PACid_19667543_10_57      2.04%    passed     97.40%
 104  AT4G36590.1_PACid_19644661_15_62      2.04%    passed     78.03%
 105  AT2G34440.1_PACid_19639540_12_57      6.12%    passed     87.39%
 106  AT5G65070.1_PACid_19666742_10_57      2.04%    passed     98.26%
 107  AT1G77950.1_PACid_19656697_10_55      6.12%    passed     94.44%
 108  AT1G77950.2_PACid_19656698_10_55      6.12%    passed     94.44%
 109  AT5G65070.3_PACid_19666740_10_57      2.04%    passed     98.26%
 110  AT5G65070.2_PACid_19666741_10_57      2.04%    passed     98.26%
 111  AT1G77080.5_PACid_19652600_10_55      6.12%    passed     90.36%
 112  AT1G77080.2_PACid_19652599_10_55      6.12%    passed     90.36%
 113  AT1G77080.4_PACid_19652598_10_55      6.12%    passed     90.36%
 114  AT5G65080.2_PACid_19670373_10_55      6.12%    passed     99.16%
 115  AT1G31140.1_PACid_19657778_10_57      2.04%    passed     57.63%
 116  AT1G31140.2_PACid_19657777_10_57      2.04%    passed     57.63%
 117  AT5G65080.1_PACid_19670372_17_62      6.12%    passed     99.16%
 118  AT1G47760.1_PACid_19657551_10_57      2.04%    passed     90.19%
 119  AT5G20240.1_PACid_19673101_10_57      2.04%    passed     79.87%
 120  AT1G18750.1_PACid_19654582_10_57      2.04%    passed     99.90%
 121  AT1G72350.1_PACid_19656010_55_98     10.20%    passed     96.57%
 122  AT5G65050.2_PACid_19667307_10_55      6.12%    passed     94.65%
 123  AT5G65050.1_PACid_19667306_10_55      6.12%    passed     94.65%
 124  AT5G65050.3_PACid_19667305_10_55      6.12%    passed     94.65%
 125  AT5G65060.2_PACid_19668929_10_55      6.12%    passed     93.83%
 126  AT5G65060.1_PACid_19668928_10_55      6.12%    passed     93.83%
 127  AT1G17310.1_PACid_19656321_56_103     2.04%    passed     97.86%
 128  AT1G28460.1_PACid_19649164_16_63      2.04%    passed     82.07%
 129  AT2G03060.2_PACid_19640478_10_53     10.20%    passed     94.45%
 130  AT2G03060.1_PACid_19640479_10_53     10.20%    passed     94.45%
 131  AT3G04100.1_PACid_19663352_22_69      2.04%    passed      6.60%
 132  AT3G04100.1_PACid_19663352_104_117   71.43%    passed     10.85%
 133  AT1G29962.1_PACid_19658277_16_63      2.04%    passed     98.53%
 134  AT5G48670.1_PACid_19672717_10_51     14.29%    passed     75.63%
 135  AT2G26320.1_PACid_19638466_26_73      2.04%    passed     65.73%
 136  AT1G69540.1_PACid_19658298_11_53     12.24%    failed      0.11%
 137  AT3G05860.2_PACid_19660459_10_51     14.29%    passed     96.73%
 138  AT3G05860.3_PACid_19660458_10_51     14.29%    passed     96.73%
 139  AT3G05860.1_PACid_19660457_10_51     14.29%    passed     96.73%
 140  AT5G27960.1_PACid_19666678_9_48      18.37%    passed     99.26%
 141  AT1G65330.1_PACid_19653684_9_53       8.16%    passed     98.80%
 142  AT5G55690.1_PACid_19665481_10_51     14.29%    passed     63.75%
 143  AT5G55690.1_PACid_19665481_137_148   75.51%    passed     32.52%
 144  AT1G65300.1_PACid_19652716_10_51     14.29%    passed     64.42%
 145  AT5G26630.1_PACid_19667105_10_50     16.33%    passed     84.55%
 146  AT5G26650.1_PACid_19669215_9_48      18.37%    passed     99.79%
 147  AT1G28450.1_PACid_19650560_16_63      2.04%    passed     95.86%
 148  AT3G18650.1_PACid_19661489_5_23      61.22%    failed      0.94%
 149  AT3G18650.1_PACid_19661489_30_72     12.24%    passed     59.18%
 150  AT5G58890.1_PACid_19667567_10_52     12.24%    passed     78.49%
 151  AT5G26580.1_PACid_19673075_11_50     18.37%    passed     79.89%
 152  AT4G02235.1_PACid_19647863_9_54       6.12%    passed     58.64%
 153  AT1G22590.2_PACid_19655507_11_50     18.37%    passed     99.55%
 154  AT5G65330.1_PACid_19672137_7_52       6.12%    passed     57.79%
 155  AT5G39750.1_PACid_19667213_25_64     18.37%    passed     26.56%
 156  AT5G40120.1_PACid_19671880_17_56     18.37%    passed     26.56%
 157  AT5G38740.1_PACid_19668168_26_65     18.37%    passed     26.56%
 158  AT5G41200.1_PACid_19667742_19_57     20.41%    passed     23.62%
 159  AT5G40220.1_PACid_19669238_18_57     18.37%    passed     26.56%
 160  AT1G46408.1_PACid_19654736_12_53     14.29%    passed     89.76%
 161  AT5G39810.1_PACid_19670065_25_64     18.37%    passed     28.19%
 162  AT1G31630.1_PACid_19652269_10_56      4.08%    passed     13.57%
 163  AT4G11250.1_PACid_19648763_10_51     14.29%    passed     12.67%
 164  AT5G27090.2_PACid_19670535_29_70     14.29%    passed     85.02%
 165  AT5G27090.1_PACid_19670534_29_70     14.29%    passed     85.02%
 166  AT5G06500.1_PACid_19671199_10_53     10.20%    failed      4.23%
 167  AT5G27070.1_PACid_19671195_30_71     14.29%    passed     73.50%
 168  AT5G26950.1_PACid_19666538_30_71     14.29%    passed     73.50%
 169  AT5G26880.1_PACid_19668576_156_166   77.55%    passed     62.43%
 170  AT5G26880.1_PACid_19668576_241_274   30.61%    passed     26.14%
 171  AT5G27944.1_PACid_19666623_30_71     14.29%    passed     68.60%
 172  AT5G27580.1_PACid_19672891_30_71     14.29%    passed     53.24%
 173  AT2G40210.1_PACid_19638131_10_51     14.29%    passed     53.45%
 174  AT1G31640.1_PACid_19651329_12_56      8.16%    failed      2.24%
 175  AT5G04640.1_PACid_19673003_13_53     16.33%    passed     64.04%
 176  AT5G49490.1_PACid_19668119_54_95     14.29%    passed     53.69%
 177  AT1G60920.1_PACid_19654635_12_50     20.41%    passed     98.73%
 178  AT1G48150.1_PACid_19654851_28_67     18.37%    passed     73.74%
 179  AT5G38620.1_PACid_19667041_14_55     14.29%    passed     36.91%
 180  AT5G27130.1_PACid_19666602_23_63     16.33%    passed     89.89%
 181  AT1G60040.1_PACid_19653511_20_62     12.24%    failed      3.55%
 182  AT5G49420.1_PACid_19672206_16_57     14.29%    passed     44.65%
 183  AT2G28700.1_PACid_19641128_11_50     18.37%    passed     56.28%
 184  AT5G27050.1_PACid_19667506_1_28      42.86%    passed     93.43%
 185  AT1G59810.1_PACid_19650751_19_61     12.24%    failed      2.97%
 186  AT1G60880.1_PACid_19658292_12_41     38.78%    passed     99.31%
 187  AT1G54760.1_PACid_19656422_19_43     48.98%    passed     73.62%
 188  AT5G37415.1_PACid_19671670_85_109    48.98%    failed      0.31%
 189  AT5G27810.1_PACid_19666054_1_26      46.94%    passed     27.82%
 190  AT1G33070.1_PACid_19656210_4_24      57.14%    passed     84.31%
 191  AT2G15660.1_PACid_19640579_30_44     69.39%    failed      1.91%
WARNING: 7 sequences contain more than 50% gaps/ambiguity
****  TOTAL                                 9.54%  8 sequences failed composition chi2 test (p-value<5%; df=19)
NOTE: AT2G45650.1_PACid_19638787_10_57 is identical to Medtr8g033270.1_MADS but kept for subsequent analysis
NOTE: AT4G11880.1_PACid_19643844_10_57 is identical to Medtr7g075870.1_MADS but kept for subsequent analysis
NOTE: Medtr8g033250.1_MADS is identical to Medtr8g033220.1_MADS but kept for subsequent analysis
NOTE: Medtr2g017865.1_MADS is identical to Medtr3g005530.1_MADS but kept for subsequent analysis
NOTE: Medtr5g032150.1_MADS is identical to Medtr5g032520.1_MADS but kept for subsequent analysis
NOTE: Medtr6g015975.1_MADS is identical to Medtr8g097090.1_MADS but kept for subsequent analysis
NOTE: AT4G09960.4_PACid_19648308_10_57 is identical to AT4G09960.1_PACid_19648309_10_57 but kept for subsequent analysis
NOTE: AT5G51870.1_PACid_19672300_10_57 is identical to AT5G51870.2_PACid_19672301_10_57 but kept for subsequent analysis
NOTE: AT2G42830.1_PACid_19643528_25_72 is identical to AT3G58780.2_PACid_19662660_25_72 but kept for subsequent analysis
NOTE: AT2G03710.2_PACid_19640309_10_57 is identical to AT2G03710.3_PACid_19640310_10_57 but kept for subsequent analysis
NOTE: AT5G51860.1_PACid_19671371_10_57 is identical to AT5G51860.2_PACid_19671372_10_57 but kept for subsequent analysis
NOTE: AT3G57230.2_PACid_19665061_10_57 is identical to AT3G57230.1_PACid_19665060_10_57 but kept for subsequent analysis
NOTE: AT5G62165.1_PACid_19672595_10_57 is identical to AT5G62165.4_PACid_19672598_10_57 but kept for subsequent analysis
NOTE: AT5G10140.4_PACid_19672041_10_57 is identical to AT5G10140.2_PACid_19672042_10_57 but kept for subsequent analysis
NOTE: AT5G23260.3_PACid_19667544_10_57 is identical to AT5G23260.2_PACid_19667542_10_57 but kept for subsequent analysis
NOTE: AT5G65070.3_PACid_19666740_10_57 is identical to AT5G65070.1_PACid_19666742_10_57 but kept for subsequent analysis
NOTE: AT1G77950.2_PACid_19656698_10_55 is identical to AT1G77950.1_PACid_19656697_10_55 but kept for subsequent analysis
NOTE: AT1G77080.2_PACid_19652599_10_55 is identical to AT1G77080.5_PACid_19652600_10_55 but kept for subsequent analysis
NOTE: AT5G65080.1_PACid_19670372_17_62 is identical to AT5G65080.2_PACid_19670373_10_55 but kept for subsequent analysis
NOTE: AT1G31140.2_PACid_19657777_10_57 is identical to AT1G31140.1_PACid_19657778_10_57 but kept for subsequent analysis
NOTE: AT5G65050.1_PACid_19667306_10_55 is identical to AT5G65050.2_PACid_19667307_10_55 but kept for subsequent analysis
NOTE: AT5G65060.1_PACid_19668928_10_55 is identical to AT5G65060.2_PACid_19668929_10_55 but kept for subsequent analysis
NOTE: AT2G03060.1_PACid_19640479_10_53 is identical to AT2G03060.2_PACid_19640478_10_53 but kept for subsequent analysis
NOTE: AT3G05860.3_PACid_19660458_10_51 is identical to AT3G05860.2_PACid_19660459_10_51 but kept for subsequent analysis
NOTE: AT5G40120.1_PACid_19671880_17_56 is identical to AT5G39750.1_PACid_19667213_25_64 but kept for subsequent analysis
NOTE: AT5G27090.1_PACid_19670534_29_70 is identical to AT5G27090.2_PACid_19670535_29_70 but kept for subsequent analysis
NOTE: AT5G26950.1_PACid_19666538_30_71 is identical to AT5G27070.1_PACid_19671195_30_71 but kept for subsequent analysis
NOTE: 24 identical sequences (see below) will be ignored for subsequent analysis
NOTE: AT4G18960.1_PACid_19647337_26_73 (identical to Medtr3g005530.1_MADS) is ignored but added at the end
NOTE: AT1G24260.3_PACid_19651405_10_57 (identical to Medtr8g097090.1_MADS) is ignored but added at the end
NOTE: AT5G15800.1_PACid_19670123_10_57 (identical to Medtr8g097090.1_MADS) is ignored but added at the end
NOTE: AT1G24260.1_PACid_19651404_10_57 (identical to Medtr8g097090.1_MADS) is ignored but added at the end
NOTE: AT1G24260.2_PACid_19651403_10_57 (identical to Medtr8g097090.1_MADS) is ignored but added at the end
NOTE: AT5G15800.2_PACid_19670122_10_57 (identical to Medtr8g097090.1_MADS) is ignored but added at the end
NOTE: AT4G09960.3_PACid_19648307_36_83 (identical to AT4G09960.1_PACid_19648309_10_57) is ignored but added at the end
NOTE: AT4G09960.2_PACid_19648310_10_57 (identical to AT4G09960.1_PACid_19648309_10_57) is ignored but added at the end
NOTE: AT5G51870.3_PACid_19672299_10_57 (identical to AT5G51870.2_PACid_19672301_10_57) is ignored but added at the end
NOTE: AT3G58780.1_PACid_19662659_25_72 (identical to AT3G58780.2_PACid_19662660_25_72) is ignored but added at the end
NOTE: AT2G42830.2_PACid_19643527_25_72 (identical to AT3G58780.2_PACid_19662660_25_72) is ignored but added at the end
NOTE: AT3G58780.3_PACid_19662658_25_72 (identical to AT3G58780.2_PACid_19662660_25_72) is ignored but added at the end
NOTE: AT2G03710.1_PACid_19640308_10_57 (identical to AT2G03710.3_PACid_19640310_10_57) is ignored but added at the end
NOTE: AT5G62165.2_PACid_19672596_10_57 (identical to AT5G62165.4_PACid_19672598_10_57) is ignored but added at the end
NOTE: AT5G62165.3_PACid_19672597_10_57 (identical to AT5G62165.4_PACid_19672598_10_57) is ignored but added at the end
NOTE: AT5G10140.3_PACid_19672040_10_57 (identical to AT5G10140.2_PACid_19672042_10_57) is ignored but added at the end
NOTE: AT5G10140.1_PACid_19672039_10_57 (identical to AT5G10140.2_PACid_19672042_10_57) is ignored but added at the end
NOTE: AT5G23260.1_PACid_19667543_10_57 (identical to AT5G23260.2_PACid_19667542_10_57) is ignored but added at the end
NOTE: AT5G65070.2_PACid_19666741_10_57 (identical to AT5G65070.1_PACid_19666742_10_57) is ignored but added at the end
NOTE: AT1G77080.4_PACid_19652598_10_55 (identical to AT1G77080.5_PACid_19652600_10_55) is ignored but added at the end
NOTE: AT5G65050.3_PACid_19667305_10_55 (identical to AT5G65050.2_PACid_19667307_10_55) is ignored but added at the end
NOTE: AT3G05860.1_PACid_19660457_10_51 (identical to AT3G05860.2_PACid_19660459_10_51) is ignored but added at the end
NOTE: AT5G38740.1_PACid_19668168_26_65 (identical to AT5G39750.1_PACid_19667213_25_64) is ignored but added at the end
NOTE: AT5G40220.1_PACid_19669238_18_57 (identical to AT5G39750.1_PACid_19667213_25_64) is ignored but added at the end

For your convenience alignment with unique sequences printed to /Users/bushrakhan/Desktop/NIPGR-data/MADS-box-Evolutionary-gene-detection/Workflow_Step-by-Step/TASK_6/uploads/Medicago_MADS_ML.uniqueseq.phy


Create initial parsimony tree by phylogenetic likelihood library (PLL)... 0.041 seconds
NOTE: ModelFinder requires 7 MB RAM!
ModelFinder will test 168 protein models (sample size: 49) ...
 No. Model         -LnL         df  AIC          AICc         BIC
Measuring multi-threading efficiency up to 10 CPU cores
Increase to 10 rounds for branch lengths
69 trees examined
Threads: 1 / Time: 10.073 sec / Speedup: 1.000 / Efficiency: 100% / LogL: -9984
Threads: 2 / Time: 17.977 sec / Speedup: 0.560 / Efficiency: 28% / LogL: -9984
BEST NUMBER OF THREADS: 1

  1  Dayhoff       4893.088     331 10448.176    230232.176   11074.368
  2  Dayhoff+I     4893.072     332 10450.145    231562.145   11078.229
  3  Dayhoff+G4    4736.584     332 10137.168    231249.168   10765.253
  4  Dayhoff+I+G4  4736.569     333 10139.137    232583.137   10769.114
  5  Dayhoff+F     4874.678     350 10449.357    256149.357   11111.494
  6  Dayhoff+F+I   4874.648     351 10451.296    257555.296   11115.325
  7  Dayhoff+F+G4  4715.013     351 10132.026    257236.026   10796.055
  8  Dayhoff+F+I+G4 4715.003     352 10134.005    258646.005   10799.926
  9  mtMAM         5321.031     331 11304.062    231088.062   11930.255
 10  mtMAM+I       5320.956     332 11305.912    232417.912   11933.996
 11  mtMAM+G4      5005.107     332 10674.214    231786.214   11302.299
 12  mtMAM+I+G4    5005.156     333 10676.312    233120.312   11306.288
 13  mtMAM+F       5055.592     350 10811.185    256511.185   11473.322
 14  mtMAM+F+I     5055.557     351 10813.114    257917.114   11477.142
 15  mtMAM+F+G4    4816.362     351 10334.725    257438.725   10998.753
 16  mtMAM+F+I+G4  4816.358     352 10336.717    258848.717   11002.637
 17  JTT           4877.632     331 10417.265    230201.265   11043.457
 18  JTT+I         4877.604     332 10419.209    231531.209   11047.293
 19  JTT+G4        4698.277     332 10060.555    231172.555   10688.639
 20  JTT+I+G4      4698.278     333 10062.556    232506.556   10692.532
 21  JTT+F         4888.082     350 10476.164    256176.164   11138.301
 22  JTT+F+I       4888.064     351 10478.127    257582.127   11142.156
 23  JTT+F+G4      4702.871     351 10107.742    257211.742   10771.771
 24  JTT+F+I+G4    4702.828     352 10109.657    258621.657   10775.578
 25  WAG           4878.471     331 10418.942    230202.942   11045.134
 26  WAG+I         4878.424     332 10420.848    231532.848   11048.933
 27  WAG+G4        4708.853     332 10081.707    231193.707   10709.791
 28  WAG+I+G4      4708.831     333 10083.661    232527.661   10713.637
 29  WAG+F         4894.318     350 10488.636    256188.636   11150.773
 30  WAG+F+I       4894.301     351 10490.602    257594.602   11154.631
 31  WAG+F+G4      4717.089     351 10136.177    257240.177   10800.206
 32  WAG+F+I+G4    4717.078     352 10138.156    258650.156   10804.076
 33  cpREV         4924.692     331 10511.385    230295.385   11137.577
 34  cpREV+I       4924.595     332 10513.190    231625.190   11141.274
 35  cpREV+G4      4718.416     332 10100.833    231212.833   10728.917
 36  cpREV+I+G4    4718.410     333 10102.820    232546.820   10732.796
 37  cpREV+F       4990.379     350 10680.757    256380.757   11342.894
 38  cpREV+F+I     4990.309     351 10682.617    257786.617   11346.646
 39  cpREV+F+G4    4779.136     351 10260.272    257364.272   10924.301
 40  cpREV+F+I+G4  4779.118     352 10262.236    258774.236   10928.157
 41  mtREV         5168.007     331 10998.015    230782.015   11624.207
 42  mtREV+I       5167.980     332 10999.960    232111.960   11628.044
 43  mtREV+G4      4938.804     332 10541.608    231653.608   11169.693
 44  mtREV+I+G4    4938.798     333 10543.597    232987.597   11173.573
 45  mtREV+F       4947.843     350 10595.685    256295.685   11257.822
 46  mtREV+F+I     4947.821     351 10597.642    257701.642   11261.671
 47  mtREV+F+G4    4762.166     351 10226.332    257330.332   10890.361
 48  mtREV+F+I+G4  4762.142     352 10228.285    258740.285   10894.206
 49  rtREV         4944.833     331 10551.666    230335.666   11177.859
 50  rtREV+I       4944.789     332 10553.579    231665.579   11181.663
 51  rtREV+G4      4753.366     332 10170.733    231282.733   10798.817
 52  rtREV+I+G4    4753.339     333 10172.678    232616.678   10802.654
 53  rtREV+F       4936.078     350 10572.155    256272.155   11234.292
 54  rtREV+F+I     4936.023     351 10574.046    257678.046   11238.075
 55  rtREV+F+G4    4736.177     351 10174.355    257278.355   10838.384
 56  rtREV+F+I+G4  4736.168     352 10176.336    258688.336   10842.257
 57  mtART         5278.660     331 11219.320    231003.320   11845.513
 58  mtART+I       5278.655     332 11221.310    232333.310   11849.395
 59  mtART+G4      4936.508     332 10537.015    231649.015   11165.100
 60  mtART+I+G4    4936.508     333 10539.015    232983.015   11168.991
 61  mtART+F       5069.981     350 10839.962    256539.962   11502.099
 62  mtART+F+I     5069.734     351 10841.468    257945.468   11505.497
 63  mtART+F+G4    4808.240     351 10318.479    257422.479   10982.508
 64  mtART+F+I+G4  4808.237     352 10320.475    258832.475   10986.396
 65  mtZOA         5129.187     331 10920.374    230704.374   11546.566
 66  mtZOA+I       5129.165     332 10922.330    232034.330   11550.415
 67  mtZOA+G4      4837.323     332 10338.647    231450.647   10966.731
 68  mtZOA+I+G4    4837.323     333 10340.646    232784.646   10970.623
 69  mtZOA+F       4978.216     350 10656.432    256356.432   11318.569
 70  mtZOA+F+I     4978.199     351 10658.397    257762.397   11322.426
 71  mtZOA+F+G4    4750.545     351 10203.090    257307.090   10867.119
 72  mtZOA+F+I+G4  4750.370     352 10204.740    258716.740   10870.661
 73  VT            4906.208     331 10474.417    230258.417   11100.609
 74  VT+I          4906.164     332 10476.329    231588.329   11104.413
 75  VT+G4         4738.519     332 10141.037    231253.037   10769.121
 76  VT+I+G4       4738.518     333 10143.036    232587.036   10773.012
 77  VT+F          4922.021     350 10544.041    256244.041   11206.178
 78  VT+F+I        4921.981     351 10545.963    257649.963   11209.992
 79  VT+F+G4       4749.942     351 10201.883    257305.883   10865.912
 80  VT+F+I+G4     4749.940     352 10203.881    258715.881   10869.802
 81  LG            4858.220     331 10378.440    230162.440   11004.632
 82  LG+I          4858.177     332 10380.354    231492.354   11008.439
 83  LG+G4         4666.574     332 9997.147     231109.147   10625.231
 84  LG+I+G4       4666.574     333 9999.147     232443.147   10629.124
 85  LG+F          4884.142     350 10468.284    256168.284   11130.421
 86  LG+F+I        4884.121     351 10470.242    257574.242   11134.271
 87  LG+F+G4       4686.200     351 10074.399    257178.399   10738.428
 88  LG+F+I+G4     4686.181     352 10076.363    258588.363   10742.284
 89  DCMut         4893.407     331 10448.813    230232.813   11075.006
 90  DCMut+I       4893.381     332 10450.762    231562.762   11078.847
 91  DCMut+G4      4737.167     332 10138.334    231250.334   10766.418
 92  DCMut+I+G4    4737.155     333 10140.309    232584.309   10770.285
 93  DCMut+F       4874.941     350 10449.882    256149.882   11112.019
 94  DCMut+F+I     4874.909     351 10451.819    257555.819   11115.848
 95  DCMut+F+G4    4715.511     351 10133.022    257237.022   10797.051
 96  DCMut+F+I+G4  4715.503     352 10135.005    258647.005   10800.926
 97  PMB           4957.801     331 10577.603    230361.603   11203.795
 98  PMB+I         4957.768     332 10579.536    231691.536   11207.621
 99  PMB+G4        4789.445     332 10242.891    231354.891   10870.975
100  PMB+I+G4      4789.444     333 10244.888    232688.888   10874.864
101  PMB+F         4978.576     350 10657.151    256357.151   11319.288
102  PMB+F+I       4978.553     351 10659.106    257763.106   11323.135
103  PMB+F+G4      4805.715     351 10313.431    257417.431   10977.460
104  PMB+F+I+G4    4805.700     352 10315.400    258827.400   10981.321
105  HIVb          5004.345     331 10670.689    230454.689   11296.882
106  HIVb+I        5004.317     332 10672.634    231784.634   11300.718
107  HIVb+G4       4768.847     332 10201.693    231313.693   10829.778
108  HIVb+I+G4     4768.838     333 10203.677    232647.677   10833.653
109  HIVb+F        5030.223     350 10760.446    256460.446   11422.583
110  HIVb+F+I      5030.211     351 10762.423    257866.423   11426.452
111  HIVb+F+G4     4781.451     351 10264.901    257368.901   10928.930
112  HIVb+F+I+G4   4781.443     352 10266.887    258778.887   10932.808
113  HIVw          5257.205     331 11176.410    230960.410   11802.603
114  HIVw+I        5257.193     332 11178.386    232290.386   11806.470
115  HIVw+G4       4978.531     332 10621.062    231733.062   11249.146
116  HIVw+I+G4     4978.531     333 10623.063    233067.063   11253.039
117  HIVw+F        5231.957     350 11163.914    256863.914   11826.051
118  HIVw+F+I      5231.948     351 11165.897    258269.897   11829.926
119  HIVw+F+G4     4962.357     351 10626.714    257730.714   11290.743
120  HIVw+F+I+G4   4962.357     352 10628.714    259140.714   11294.635
121  JTTDCMut      4874.963     331 10411.926    230195.926   11038.118
122  JTTDCMut+I    4874.941     332 10413.882    231525.882   11041.966
123  JTTDCMut+G4   4697.022     332 10058.045    231170.045   10686.129
124  JTTDCMut+I+G4 4696.903     333 10059.806    232503.806   10689.783
125  JTTDCMut+F    4885.818     350 10471.636    256171.636   11133.773
126  JTTDCMut+F+I  4885.803     351 10473.605    257577.605   11137.634
127  JTTDCMut+F+G4 4701.679     351 10105.358    257209.358   10769.387
128  JTTDCMut+F+I+G4 4701.644     352 10107.287    258619.287   10773.208
129  FLU           4981.710     331 10625.421    230409.421   11251.613
130  FLU+I         4981.664     332 10627.329    231739.329   11255.413
131  FLU+G4        4736.212     332 10136.425    231248.425   10764.509
132  FLU+I+G4      4736.208     333 10138.416    232582.416   10768.392
133  FLU+F         5038.408     350 10776.816    256476.816   11438.953
134  FLU+F+I       5038.362     351 10778.723    257882.723   11442.752
135  FLU+F+G4      4768.045     351 10238.089    257342.089   10902.118
136  FLU+F+I+G4    4768.046     352 10240.091    258752.091   10906.012
137  Blosum62      4949.550     331 10561.100    230345.100   11187.293
138  Blosum62+I    4949.517     332 10563.033    231675.033   11191.118
139  Blosum62+G4   4778.026     332 10220.052    231332.052   10848.137
140  Blosum62+I+G4 4778.025     333 10222.050    232666.050   10852.026
141  Blosum62+F    4976.850     350 10653.699    256353.699   11315.837
142  Blosum62+F+I  4976.802     351 10655.605    257759.605   11319.634
143  Blosum62+F+G4 4800.705     351 10303.410    257407.410   10967.439
144  Blosum62+F+I+G4 4800.705     352 10305.410    258817.410   10971.330
145  mtMet         5138.812     331 10939.624    230723.624   11565.817
146  mtMet+I       5138.805     332 10941.609    232053.609   11569.694
147  mtMet+G4      4880.717     332 10425.434    231537.434   11053.518
148  mtMet+I+G4    4880.717     333 10427.433    232871.433   11057.409
149  mtMet+F       4948.600     350 10597.200    256297.200   11259.337
150  mtMet+F+I     4948.591     351 10599.181    257703.181   11263.210
151  mtMet+F+G4    4746.744     351 10195.488    257299.488   10859.517
152  mtMet+F+I+G4  4746.745     352 10197.490    258709.490   10863.411
153  mtVer         5231.731     331 11125.461    230909.461   11751.654
154  mtVer+I       5231.649     332 11127.299    232239.299   11755.383
155  mtVer+G4      4969.998     332 10603.996    231715.996   11232.080
156  mtVer+I+G4    4970.000     333 10606.000    233050.000   11235.976
157  mtVer+F       4997.934     350 10695.868    256395.868   11358.005
158  mtVer+F+I     4997.880     351 10697.759    257801.759   11361.788
159  mtVer+F+G4    4799.230     351 10300.461    257404.461   10964.490
160  mtVer+F+I+G4  4799.230     352 10302.459    258814.459   10968.380
161  mtInv         5133.185     331 10928.369    230712.369   11554.562
162  mtInv+I       5133.180     332 10930.360    232042.360   11558.444
163  mtInv+G4      4891.571     332 10447.141    231559.141   11075.225
164  mtInv+I+G4    4891.565     333 10449.130    232893.130   11079.106
165  mtInv+F       4919.429     350 10538.858    256238.858   11200.996
166  mtInv+F+I     4919.421     351 10540.842    257644.842   11204.871
167  mtInv+F+G4    4731.474     351 10164.948    257268.948   10828.977
168  mtInv+F+I+G4  4731.455     352 10166.910    258678.910   10832.830
Akaike Information Criterion:           LG+G4
Corrected Akaike Information Criterion: LG
Bayesian Information Criterion:         LG+G4
Best-fit model: LG+G4 chosen according to BIC

All model information printed to /Users/bushrakhan/Desktop/NIPGR-data/MADS-box-Evolutionary-gene-detection/Workflow_Step-by-Step/TASK_6/uploads/Medicago_MADS_ML.model.gz
CPU time for ModelFinder: 77.348 seconds (0h:1m:17s)
Wall-clock time for ModelFinder: 91.258 seconds (0h:1m:31s)
Generating 1000 samples for ultrafast bootstrap (seed: 117896)...

NOTE: 7 MB RAM (0 GB) is required!
Measuring multi-threading efficiency up to 10 CPU cores
Increase to 10 rounds for branch lengths
21 trees examined
Threads: 1 / Time: 10.004 sec / Speedup: 1.000 / Efficiency: 100% / LogL: -9305
Threads: 2 / Time: 10.819 sec / Speedup: 0.925 / Efficiency: 46% / LogL: -9305
BEST NUMBER OF THREADS: 1

Estimate model parameters (epsilon = 0.100)
1. Initial log-likelihood: -4669.341
2. Current log-likelihood: -4667.008
3. Current log-likelihood: -4666.594
Optimal log-likelihood: -4666.574
Gamma shape alpha: 1.316
Parameters optimization took 3 rounds (0.794 sec)
Computing ML distances based on estimated model parameters... 10.375 sec
WARNING: Some pairwise ML distances are too long (saturated)
Computing BIONJ tree...
0.022 seconds
Log-likelihood of BIONJ tree: -4688.530
--------------------------------------------------------------------
|             INITIALIZING CANDIDATE TREE SET                      |
--------------------------------------------------------------------
Generating 98 parsimony trees... 4.779 second
Computing log-likelihood of 98 initial trees ... 11.647 seconds
Current best score: -4591.962

Do NNI search on 20 best initial trees
Estimate model parameters (epsilon = 0.100)
BETTER TREE FOUND at iteration 1: -4574.460
Estimate model parameters (epsilon = 0.100)
BETTER TREE FOUND at iteration 3: -4563.802
Estimate model parameters (epsilon = 0.100)
BETTER TREE FOUND at iteration 4: -4562.655
Estimate model parameters (epsilon = 0.100)
BETTER TREE FOUND at iteration 6: -4547.778
Iteration 10 / LogL: -4574.318 / Time: 0h:1m:14s
Iteration 20 / LogL: -4574.022 / Time: 0h:1m:35s
Finish initializing candidate tree set (20)
Current best tree score: -4547.778 / CPU time: 61.368
Number of iterations: 20
--------------------------------------------------------------------
|               OPTIMIZING CANDIDATE TREE SET                      |
--------------------------------------------------------------------
Estimate model parameters (epsilon = 0.100)
BETTER TREE FOUND at iteration 24: -4544.836
Estimate model parameters (epsilon = 0.100)
BETTER TREE FOUND at iteration 26: -4543.862
Iteration 30 / LogL: -4545.074 / Time: 0h:1m:58s (0h:6m:33s left)
Estimate model parameters (epsilon = 0.100)
BETTER TREE FOUND at iteration 34: -4542.896
Iteration 40 / LogL: -4546.815 / Time: 0h:2m:23s (0h:5m:44s left)
Estimate model parameters (epsilon = 0.100)
BETTER TREE FOUND at iteration 44: -4542.295
Iteration 50 / LogL: -4543.487 / Time: 0h:2m:45s (0h:5m:18s left)
Log-likelihood cutoff on original alignment: -4612.275
Iteration 60 / LogL: -4542.944 / Time: 0h:3m:10s (0h:4m:31s left)
Estimate model parameters (epsilon = 0.100)
BETTER TREE FOUND at iteration 68: -4536.969
Iteration 70 / LogL: -4542.103 / Time: 0h:3m:33s (0h:5m:3s left)
Iteration 80 / LogL: -4543.970 / Time: 0h:3m:54s (0h:4m:20s left)
Iteration 90 / LogL: -4558.455 / Time: 0h:4m:18s (0h:3m:46s left)
Estimate model parameters (epsilon = 0.100)
BETTER TREE FOUND at iteration 94: -4536.750
Iteration 100 / LogL: -4547.930 / Time: 0h:4m:41s (0h:4m:27s left)
Log-likelihood cutoff on original alignment: -4612.275
NOTE: Bootstrap correlation coefficient of split occurrence frequencies: 0.986
NOTE: UFBoot does not converge, continue at least 100 more iterations
Estimate model parameters (epsilon = 0.100)
BETTER TREE FOUND at iteration 102: -4536.668
Iteration 110 / LogL: -4537.703 / Time: 0h:5m:8s (0h:4m:20s left)
Estimate model parameters (epsilon = 0.100)
BETTER TREE FOUND at iteration 117: -4536.486
Iteration 120 / LogL: -4542.253 / Time: 0h:5m:32s (0h:4m:30s left)
Iteration 130 / LogL: -4541.993 / Time: 0h:5m:57s (0h:4m:0s left)
Iteration 140 / LogL: -4602.884 / Time: 0h:6m:19s (0h:3m:29s left)
Estimate model parameters (epsilon = 0.100)
BETTER TREE FOUND at iteration 141: -4536.138
Estimate model parameters (epsilon = 0.100)
BETTER TREE FOUND at iteration 148: -4535.863
Iteration 150 / LogL: -4537.294 / Time: 0h:6m:41s (0h:4m:23s left)
Log-likelihood cutoff on original alignment: -4593.836
Estimate model parameters (epsilon = 0.100)
BETTER TREE FOUND at iteration 154: -4535.118
Iteration 160 / LogL: -4536.453 / Time: 0h:7m:4s (0h:4m:10s left)
Estimate model parameters (epsilon = 0.100)
BETTER TREE FOUND at iteration 163: -4535.023
Iteration 170 / LogL: -4536.642 / Time: 0h:7m:27s (0h:4m:6s left)
Iteration 180 / LogL: -4536.191 / Time: 0h:7m:52s (0h:3m:38s left)
Estimate model parameters (epsilon = 0.100)
BETTER TREE FOUND at iteration 181: -4534.714
Estimate model parameters (epsilon = 0.100)
BETTER TREE FOUND at iteration 182: -4534.257
Iteration 190 / LogL: -4539.326 / Time: 0h:8m:15s (0h:4m:1s left)
Estimate model parameters (epsilon = 0.100)
BETTER TREE FOUND at iteration 193: -4533.599
Iteration 200 / LogL: -4534.345 / Time: 0h:8m:37s (0h:4m:1s left)
Log-likelihood cutoff on original alignment: -4593.836
NOTE: Bootstrap correlation coefficient of split occurrence frequencies: 0.984
NOTE: UFBoot does not converge, continue at least 100 more iterations
Estimate model parameters (epsilon = 0.100)
BETTER TREE FOUND at iteration 205: -4533.137
Iteration 210 / LogL: -4535.993 / Time: 0h:8m:57s (0h:4m:4s left)
Estimate model parameters (epsilon = 0.100)
BETTER TREE FOUND at iteration 218: -4532.597
Iteration 220 / LogL: -4534.873 / Time: 0h:9m:16s (0h:4m:9s left)
Iteration 230 / LogL: -4544.572 / Time: 0h:9m:38s (0h:3m:42s left)
Iteration 240 / LogL: -4534.719 / Time: 0h:9m:58s (0h:3m:15s left)
Estimate model parameters (epsilon = 0.100)
BETTER TREE FOUND at iteration 242: -4532.288
Iteration 250 / LogL: -4535.915 / Time: 0h:10m:18s (0h:3m:48s left)
Log-likelihood cutoff on original alignment: -4593.836
Iteration 260 / LogL: -4537.599 / Time: 0h:10m:41s (0h:3m:23s left)
Iteration 270 / LogL: -4535.766 / Time: 0h:11m:2s (0h:2m:57s left)
Estimate model parameters (epsilon = 0.100)
BETTER TREE FOUND at iteration 274: -4532.000
Iteration 280 / LogL: -4532.261 / Time: 0h:11m:20s (0h:3m:49s left)
Iteration 290 / LogL: -4532.033 / Time: 0h:11m:32s (0h:3m:21s left)
Iteration 300 / LogL: -4536.521 / Time: 0h:11m:44s (0h:2m:54s left)
Log-likelihood cutoff on original alignment: -4593.836
NOTE: Bootstrap correlation coefficient of split occurrence frequencies: 0.982
NOTE: UFBoot does not converge, continue at least 100 more iterations
Iteration 310 / LogL: -4532.335 / Time: 0h:11m:58s (0h:3m:29s left)
Iteration 320 / LogL: -4544.511 / Time: 0h:12m:12s (0h:3m:3s left)
Iteration 330 / LogL: -4533.241 / Time: 0h:12m:26s (0h:2m:38s left)
Iteration 340 / LogL: -4532.590 / Time: 0h:12m:39s (0h:2m:14s left)
Iteration 350 / LogL: -4532.872 / Time: 0h:12m:53s (0h:1m:50s left)
Log-likelihood cutoff on original alignment: -4593.836
Iteration 360 / LogL: -4539.400 / Time: 0h:13m:7s (0h:1m:27s left)
Iteration 370 / LogL: -4537.185 / Time: 0h:13m:20s (0h:1m:5s left)
Iteration 380 / LogL: -4535.845 / Time: 0h:13m:33s (0h:0m:42s left)
Iteration 390 / LogL: -4538.047 / Time: 0h:13m:46s (0h:0m:21s left)
Iteration 400 / LogL: -4535.245 / Time: 0h:13m:58s (0h:0m:0s left)
Log-likelihood cutoff on original alignment: -4593.836
NOTE: Bootstrap correlation coefficient of split occurrence frequencies: 0.991
TREE SEARCH COMPLETED AFTER 400 ITERATIONS / Time: 0h:13m:59s

--------------------------------------------------------------------
|                    FINALIZING TREE SEARCH                        |
--------------------------------------------------------------------
Performs final model parameters optimization
Estimate model parameters (epsilon = 0.010)
1. Initial log-likelihood: -4532.000
Optimal log-likelihood: -4531.998
Gamma shape alpha: 1.342
Parameters optimization took 1 rounds (0.091 sec)
BEST SCORE FOUND : -4531.998
Creating bootstrap support values...
Split supports printed to NEXUS file /Users/bushrakhan/Desktop/NIPGR-data/MADS-box-Evolutionary-gene-detection/Workflow_Step-by-Step/TASK_6/uploads/Medicago_MADS_ML.splits.nex
Total tree length: 30.762

Total number of iterations: 400
CPU time used for tree search: 772.654 sec (0h:12m:52s)
Wall-clock time used for tree search: 804.845 sec (0h:13m:24s)
Total CPU time used: 805.808 sec (0h:13m:25s)
Total wall-clock time used: 840.114 sec (0h:14m:0s)

Computing bootstrap consensus tree...
Reading input file /Users/bushrakhan/Desktop/NIPGR-data/MADS-box-Evolutionary-gene-detection/Workflow_Step-by-Step/TASK_6/uploads/Medicago_MADS_ML.splits.nex...
167 taxa and 1760 splits.
Consensus tree written to /Users/bushrakhan/Desktop/NIPGR-data/MADS-box-Evolutionary-gene-detection/Workflow_Step-by-Step/TASK_6/uploads/Medicago_MADS_ML.contree
Reading input trees file /Users/bushrakhan/Desktop/NIPGR-data/MADS-box-Evolutionary-gene-detection/Workflow_Step-by-Step/TASK_6/uploads/Medicago_MADS_ML.contree
Log-likelihood of consensus tree: -4532.032

Analysis results written to: 
  IQ-TREE report:                /Users/bushrakhan/Desktop/NIPGR-data/MADS-box-Evolutionary-gene-detection/Workflow_Step-by-Step/TASK_6/uploads/Medicago_MADS_ML.iqtree
  Maximum-likelihood tree:       /Users/bushrakhan/Desktop/NIPGR-data/MADS-box-Evolutionary-gene-detection/Workflow_Step-by-Step/TASK_6/uploads/Medicago_MADS_ML.treefile
  Likelihood distances:          /Users/bushrakhan/Desktop/NIPGR-data/MADS-box-Evolutionary-gene-detection/Workflow_Step-by-Step/TASK_6/uploads/Medicago_MADS_ML.mldist

Ultrafast bootstrap approximation results written to:
  Split support values:          /Users/bushrakhan/Desktop/NIPGR-data/MADS-box-Evolutionary-gene-detection/Workflow_Step-by-Step/TASK_6/uploads/Medicago_MADS_ML.splits.nex
  Consensus tree:                /Users/bushrakhan/Desktop/NIPGR-data/MADS-box-Evolutionary-gene-detection/Workflow_Step-by-Step/TASK_6/uploads/Medicago_MADS_ML.contree
  Screen log file:               /Users/bushrakhan/Desktop/NIPGR-data/MADS-box-Evolutionary-gene-detection/Workflow_Step-by-Step/TASK_6/uploads/Medicago_MADS_ML.log

Date and Time: Sat Apr  4 00:56:05 2026
