IQ-TREE multicore version 1.6.12 for Mac OS X 64-bit built Aug 15 2019
Developed by Bui Quang Minh, Nguyen Lam Tung, Olga Chernomor,
Heiko Schmidt, Dominik Schrempf, Michael Woodhams.

Host:    Bushras-MacBook-Air.local (SSE4.2, 16 GB RAM)
Command: /Users/bushrakhan/Desktop/NIPGR-data/MADS-box-Evolutionary-gene-detection/bin/iqtree -s /Users/bushrakhan/Desktop/NIPGR-data/MADS-box-Evolutionary-gene-detection/Workflow_Step-by-Step/TASK_3/uploads/Nymphaea_MADS_Aligned.fa -nt AUTO -m TEST -bb 1000 -pre /Users/bushrakhan/Desktop/NIPGR-data/MADS-box-Evolutionary-gene-detection/Workflow_Step-by-Step/TASK_3/uploads/Nymphaea_MADS_ML
Seed:    705683 (Using SPRNG - Scalable Parallel Random Number Generator)
Time:    Fri Apr  3 23:41:14 2026
Kernel:  SSE2 - auto-detect threads (10 CPU cores detected)

Reading alignment file /Users/bushrakhan/Desktop/NIPGR-data/MADS-box-Evolutionary-gene-detection/Workflow_Step-by-Step/TASK_3/uploads/Nymphaea_MADS_Aligned.fa ... Fasta format detected
Alignment most likely contains protein sequences
Alignment has 174 sequences with 49 columns, 49 distinct patterns
46 parsimony-informative, 2 singleton sites, 0 constant sites
WARNING: Some sequence names are changed as follows:
AT2G45650.1|PACid:19638787_10_57 -> AT2G45650.1_PACid_19638787_10_57
AT4G11880.1|PACid:19643844_10_57 -> AT4G11880.1_PACid_19643844_10_57
AT4G09960.1|PACid:19648309_10_57 -> AT4G09960.1_PACid_19648309_10_57
AT4G09960.4|PACid:19648308_10_57 -> AT4G09960.4_PACid_19648308_10_57
AT4G18960.1|PACid:19647337_26_73 -> AT4G18960.1_PACid_19647337_26_73
AT4G09960.3|PACid:19648307_36_83 -> AT4G09960.3_PACid_19648307_36_83
AT4G09960.2|PACid:19648310_10_57 -> AT4G09960.2_PACid_19648310_10_57
AT2G45660.1|PACid:19641052_10_57 -> AT2G45660.1_PACid_19641052_10_57
AT4G22950.1|PACid:19647692_10_57 -> AT4G22950.1_PACid_19647692_10_57
AT4G22950.1|PACid:19647692_94_105 -> AT4G22950.1_PACid_19647692_94_105
AT1G24260.3|PACid:19651405_10_57 -> AT1G24260.3_PACid_19651405_10_57
AT5G15800.1|PACid:19670123_10_57 -> AT5G15800.1_PACid_19670123_10_57
AT1G24260.1|PACid:19651404_10_57 -> AT1G24260.1_PACid_19651404_10_57
AT1G24260.2|PACid:19651403_10_57 -> AT1G24260.2_PACid_19651403_10_57
AT5G15800.2|PACid:19670122_10_57 -> AT5G15800.2_PACid_19670122_10_57
AT2G22540.1|PACid:19641563_10_57 -> AT2G22540.1_PACid_19641563_10_57
AT3G57390.1|PACid:19659472_10_57 -> AT3G57390.1_PACid_19659472_10_57
AT5G13790.1|PACid:19669343_10_57 -> AT5G13790.1_PACid_19669343_10_57
AT5G51870.2|PACid:19672301_10_57 -> AT5G51870.2_PACid_19672301_10_57
AT5G51870.1|PACid:19672300_10_57 -> AT5G51870.1_PACid_19672300_10_57
AT5G51870.3|PACid:19672299_10_57 -> AT5G51870.3_PACid_19672299_10_57
AT3G58780.2|PACid:19662660_25_72 -> AT3G58780.2_PACid_19662660_25_72
AT2G42830.1|PACid:19643528_25_72 -> AT2G42830.1_PACid_19643528_25_72
AT3G58780.1|PACid:19662659_25_72 -> AT3G58780.1_PACid_19662659_25_72
AT2G42830.2|PACid:19643527_25_72 -> AT2G42830.2_PACid_19643527_25_72
AT3G58780.3|PACid:19662658_25_72 -> AT3G58780.3_PACid_19662658_25_72
AT3G02310.1|PACid:19661943_10_57 -> AT3G02310.1_PACid_19661943_10_57
AT2G14210.1|PACid:19638394_10_57 -> AT2G14210.1_PACid_19638394_10_57
AT2G03710.3|PACid:19640310_10_57 -> AT2G03710.3_PACid_19640310_10_57
AT1G69120.1|PACid:19653480_10_57 -> AT1G69120.1_PACid_19653480_10_57
AT5G60910.1|PACid:19670614_10_57 -> AT5G60910.1_PACid_19670614_10_57
AT5G51860.2|PACid:19671372_10_57 -> AT5G51860.2_PACid_19671372_10_57
AT5G51860.1|PACid:19671371_10_57 -> AT5G51860.1_PACid_19671371_10_57
AT2G03710.2|PACid:19640309_10_57 -> AT2G03710.2_PACid_19640309_10_57
AT2G03710.1|PACid:19640308_10_57 -> AT2G03710.1_PACid_19640308_10_57
AT3G30260.1|PACid:19662130_10_57 -> AT3G30260.1_PACid_19662130_10_57
AT2G24840.1|PACid:19642372_71_118 -> AT2G24840.1_PACid_19642372_71_118
AT2G22540.2|PACid:19641564_10_55 -> AT2G22540.2_PACid_19641564_10_55
AT3G57230.1|PACid:19665060_10_57 -> AT3G57230.1_PACid_19665060_10_57
AT3G57230.2|PACid:19665061_10_57 -> AT3G57230.2_PACid_19665061_10_57
AT4G37940.1|PACid:19644309_10_57 -> AT4G37940.1_PACid_19644309_10_57
AT4G24540.1|PACid:19648389_10_57 -> AT4G24540.1_PACid_19648389_10_57
AT3G61120.1|PACid:19662463_10_57 -> AT3G61120.1_PACid_19662463_10_57
AT3G54340.1|PACid:19659884_10_57 -> AT3G54340.1_PACid_19659884_10_57
AT1G26310.1|PACid:19650942_10_57 -> AT1G26310.1_PACid_19650942_10_57
AT1G22130.1|PACid:19651829_10_55 -> AT1G22130.1_PACid_19651829_10_55
AT5G62165.4|PACid:19672598_10_57 -> AT5G62165.4_PACid_19672598_10_57
AT5G60440.1|PACid:19665878_15_62 -> AT5G60440.1_PACid_19665878_15_62
AT5G62165.1|PACid:19672595_10_57 -> AT5G62165.1_PACid_19672595_10_57
AT5G62165.2|PACid:19672596_10_57 -> AT5G62165.2_PACid_19672596_10_57
AT5G62165.3|PACid:19672597_10_57 -> AT5G62165.3_PACid_19672597_10_57
AT2G22630.1|PACid:19642313_10_57 -> AT2G22630.1_PACid_19642313_10_57
AT1G77980.1|PACid:19650219_10_55 -> AT1G77980.1_PACid_19650219_10_55
AT1G71692.1|PACid:19653064_10_56 -> AT1G71692.1_PACid_19653064_10_56
AT1G01530.1|PACid:19655032_15_62 -> AT1G01530.1_PACid_19655032_15_62
AT1G65360.1|PACid:19652033_15_62 -> AT1G65360.1_PACid_19652033_15_62
AT5G10140.2|PACid:19672042_10_57 -> AT5G10140.2_PACid_19672042_10_57
AT5G10140.4|PACid:19672041_10_57 -> AT5G10140.4_PACid_19672041_10_57
AT5G10140.3|PACid:19672040_10_57 -> AT5G10140.3_PACid_19672040_10_57
AT5G10140.1|PACid:19672039_10_57 -> AT5G10140.1_PACid_19672039_10_57
AT3G66656.1|PACid:19662106_10_57 -> AT3G66656.1_PACid_19662106_10_57
AT5G23260.2|PACid:19667542_10_57 -> AT5G23260.2_PACid_19667542_10_57
AT5G23260.3|PACid:19667544_10_57 -> AT5G23260.3_PACid_19667544_10_57
AT5G23260.1|PACid:19667543_10_57 -> AT5G23260.1_PACid_19667543_10_57
AT4G36590.1|PACid:19644661_15_62 -> AT4G36590.1_PACid_19644661_15_62
AT2G34440.1|PACid:19639540_12_57 -> AT2G34440.1_PACid_19639540_12_57
AT5G65070.1|PACid:19666742_10_57 -> AT5G65070.1_PACid_19666742_10_57
AT1G77950.1|PACid:19656697_10_55 -> AT1G77950.1_PACid_19656697_10_55
AT1G77950.2|PACid:19656698_10_55 -> AT1G77950.2_PACid_19656698_10_55
AT5G65070.3|PACid:19666740_10_57 -> AT5G65070.3_PACid_19666740_10_57
AT5G65070.2|PACid:19666741_10_57 -> AT5G65070.2_PACid_19666741_10_57
AT1G77080.5|PACid:19652600_10_55 -> AT1G77080.5_PACid_19652600_10_55
AT1G77080.2|PACid:19652599_10_55 -> AT1G77080.2_PACid_19652599_10_55
AT1G77080.4|PACid:19652598_10_55 -> AT1G77080.4_PACid_19652598_10_55
AT5G65080.2|PACid:19670373_10_55 -> AT5G65080.2_PACid_19670373_10_55
AT1G31140.1|PACid:19657778_10_57 -> AT1G31140.1_PACid_19657778_10_57
AT1G31140.2|PACid:19657777_10_57 -> AT1G31140.2_PACid_19657777_10_57
AT5G65080.1|PACid:19670372_17_62 -> AT5G65080.1_PACid_19670372_17_62
AT1G47760.1|PACid:19657551_10_57 -> AT1G47760.1_PACid_19657551_10_57
AT5G20240.1|PACid:19673101_10_57 -> AT5G20240.1_PACid_19673101_10_57
AT1G18750.1|PACid:19654582_10_57 -> AT1G18750.1_PACid_19654582_10_57
AT1G72350.1|PACid:19656010_55_98 -> AT1G72350.1_PACid_19656010_55_98
AT5G65050.2|PACid:19667307_10_55 -> AT5G65050.2_PACid_19667307_10_55
AT5G65050.1|PACid:19667306_10_55 -> AT5G65050.1_PACid_19667306_10_55
AT5G65050.3|PACid:19667305_10_55 -> AT5G65050.3_PACid_19667305_10_55
AT5G65060.2|PACid:19668929_10_55 -> AT5G65060.2_PACid_19668929_10_55
AT5G65060.1|PACid:19668928_10_55 -> AT5G65060.1_PACid_19668928_10_55
AT1G17310.1|PACid:19656321_56_103 -> AT1G17310.1_PACid_19656321_56_103
AT1G28460.1|PACid:19649164_16_63 -> AT1G28460.1_PACid_19649164_16_63
AT2G03060.2|PACid:19640478_10_53 -> AT2G03060.2_PACid_19640478_10_53
AT2G03060.1|PACid:19640479_10_53 -> AT2G03060.1_PACid_19640479_10_53
AT3G04100.1|PACid:19663352_22_69 -> AT3G04100.1_PACid_19663352_22_69
AT3G04100.1|PACid:19663352_104_117 -> AT3G04100.1_PACid_19663352_104_117
AT1G29962.1|PACid:19658277_16_63 -> AT1G29962.1_PACid_19658277_16_63
AT5G48670.1|PACid:19672717_10_51 -> AT5G48670.1_PACid_19672717_10_51
AT2G26320.1|PACid:19638466_26_73 -> AT2G26320.1_PACid_19638466_26_73
AT1G69540.1|PACid:19658298_11_53 -> AT1G69540.1_PACid_19658298_11_53
AT3G05860.2|PACid:19660459_10_51 -> AT3G05860.2_PACid_19660459_10_51
AT3G05860.3|PACid:19660458_10_51 -> AT3G05860.3_PACid_19660458_10_51
AT3G05860.1|PACid:19660457_10_51 -> AT3G05860.1_PACid_19660457_10_51
AT5G27960.1|PACid:19666678_9_48 -> AT5G27960.1_PACid_19666678_9_48
AT1G65330.1|PACid:19653684_9_53 -> AT1G65330.1_PACid_19653684_9_53
AT5G55690.1|PACid:19665481_10_51 -> AT5G55690.1_PACid_19665481_10_51
AT5G55690.1|PACid:19665481_137_148 -> AT5G55690.1_PACid_19665481_137_148
AT1G65300.1|PACid:19652716_10_51 -> AT1G65300.1_PACid_19652716_10_51
AT5G26630.1|PACid:19667105_10_50 -> AT5G26630.1_PACid_19667105_10_50
AT5G26650.1|PACid:19669215_9_48 -> AT5G26650.1_PACid_19669215_9_48
AT1G28450.1|PACid:19650560_16_63 -> AT1G28450.1_PACid_19650560_16_63
AT3G18650.1|PACid:19661489_5_23 -> AT3G18650.1_PACid_19661489_5_23
AT3G18650.1|PACid:19661489_30_72 -> AT3G18650.1_PACid_19661489_30_72
AT5G58890.1|PACid:19667567_10_52 -> AT5G58890.1_PACid_19667567_10_52
AT5G26580.1|PACid:19673075_11_50 -> AT5G26580.1_PACid_19673075_11_50
AT4G02235.1|PACid:19647863_9_54 -> AT4G02235.1_PACid_19647863_9_54
AT1G22590.2|PACid:19655507_11_50 -> AT1G22590.2_PACid_19655507_11_50
AT5G65330.1|PACid:19672137_7_52 -> AT5G65330.1_PACid_19672137_7_52
AT5G39750.1|PACid:19667213_25_64 -> AT5G39750.1_PACid_19667213_25_64
AT5G40120.1|PACid:19671880_17_56 -> AT5G40120.1_PACid_19671880_17_56
AT5G38740.1|PACid:19668168_26_65 -> AT5G38740.1_PACid_19668168_26_65
AT5G41200.1|PACid:19667742_19_57 -> AT5G41200.1_PACid_19667742_19_57
AT5G40220.1|PACid:19669238_18_57 -> AT5G40220.1_PACid_19669238_18_57
AT1G46408.1|PACid:19654736_12_53 -> AT1G46408.1_PACid_19654736_12_53
AT5G39810.1|PACid:19670065_25_64 -> AT5G39810.1_PACid_19670065_25_64
AT1G31630.1|PACid:19652269_10_56 -> AT1G31630.1_PACid_19652269_10_56
AT4G11250.1|PACid:19648763_10_51 -> AT4G11250.1_PACid_19648763_10_51
AT5G27090.2|PACid:19670535_29_70 -> AT5G27090.2_PACid_19670535_29_70
AT5G27090.1|PACid:19670534_29_70 -> AT5G27090.1_PACid_19670534_29_70
AT5G06500.1|PACid:19671199_10_53 -> AT5G06500.1_PACid_19671199_10_53
AT5G27070.1|PACid:19671195_30_71 -> AT5G27070.1_PACid_19671195_30_71
AT5G26950.1|PACid:19666538_30_71 -> AT5G26950.1_PACid_19666538_30_71
AT5G26880.1|PACid:19668576_156_166 -> AT5G26880.1_PACid_19668576_156_166
AT5G26880.1|PACid:19668576_241_274 -> AT5G26880.1_PACid_19668576_241_274
AT5G27944.1|PACid:19666623_30_71 -> AT5G27944.1_PACid_19666623_30_71
AT5G27580.1|PACid:19672891_30_71 -> AT5G27580.1_PACid_19672891_30_71
AT2G40210.1|PACid:19638131_10_51 -> AT2G40210.1_PACid_19638131_10_51
AT1G31640.1|PACid:19651329_12_56 -> AT1G31640.1_PACid_19651329_12_56
AT5G04640.1|PACid:19673003_13_53 -> AT5G04640.1_PACid_19673003_13_53
AT5G49490.1|PACid:19668119_54_95 -> AT5G49490.1_PACid_19668119_54_95
AT1G60920.1|PACid:19654635_12_50 -> AT1G60920.1_PACid_19654635_12_50
AT1G48150.1|PACid:19654851_28_67 -> AT1G48150.1_PACid_19654851_28_67
AT5G38620.1|PACid:19667041_14_55 -> AT5G38620.1_PACid_19667041_14_55
AT5G27130.1|PACid:19666602_23_63 -> AT5G27130.1_PACid_19666602_23_63
AT1G60040.1|PACid:19653511_20_62 -> AT1G60040.1_PACid_19653511_20_62
AT5G49420.1|PACid:19672206_16_57 -> AT5G49420.1_PACid_19672206_16_57
AT2G28700.1|PACid:19641128_11_50 -> AT2G28700.1_PACid_19641128_11_50
AT5G27050.1|PACid:19667506_1_28 -> AT5G27050.1_PACid_19667506_1_28
AT1G59810.1|PACid:19650751_19_61 -> AT1G59810.1_PACid_19650751_19_61
AT1G60880.1|PACid:19658292_12_41 -> AT1G60880.1_PACid_19658292_12_41
AT1G54760.1|PACid:19656422_19_43 -> AT1G54760.1_PACid_19656422_19_43
AT5G37415.1|PACid:19671670_85_109 -> AT5G37415.1_PACid_19671670_85_109
AT5G27810.1|PACid:19666054_1_26 -> AT5G27810.1_PACid_19666054_1_26
AT1G33070.1|PACid:19656210_4_24 -> AT1G33070.1_PACid_19656210_4_24
AT2G15660.1|PACid:19640579_30_44 -> AT2G15660.1_PACid_19640579_30_44

                                    Gap/Ambiguity  Composition  p-value
   1  Nycol.I01697.1.p_MADS                 2.04%    passed     99.95%
   2  Nycol.I01691.1.p_MADS                 2.04%    passed     99.97%
   3  Nycol.H00296.1.p_MADS                 2.04%    passed     98.80%
   4  Nycol.I00043.1.p_MADS                 2.04%    passed     99.61%
   5  Nycol.G00206.1.p_MADS                 2.04%    passed     99.76%
   6  Nycol.A03014.1.p_MADS                 2.04%    passed     99.85%
   7  Nycol.H00297.1.p_MADS                 2.04%    passed     99.99%
   8  Nycol.C02244.1.p_MADS                 2.04%    passed     97.62%
   9  Nycol.B01084.1.p_MADS                 2.04%    passed     99.70%
  10  Nycol.I00993.1.p_MADS                 2.04%    passed     96.65%
  11  Nycol.H00870.1.p_MADS                 2.04%    passed     99.93%
  12  Nycol.A01976.1.p_MADS                 2.04%    passed     99.73%
  13  Nycol.M00404.1.p_MADS                 2.04%    passed     96.79%
  14  Nycol.A00172.1.p_MADS                 4.08%    passed     82.39%
  15  Nycol.G00190.1.p_MADS                 4.08%    passed     79.76%
  16  Nycol.I01732.1.p_MADS                 2.04%    passed     99.67%
  17  Nycol.A00432.1.p_MADS                 2.04%    passed     99.45%
  18  Nycol.F00482.1.p_MADS                 2.04%    passed     26.68%
  19  Nycol.F00306.1.p_MADS                 2.04%    passed     76.57%
  20  Nycol.F00329.1.p_MADS                26.53%    passed     32.73%
  21  Nycol.F00337.1.p_MADS                26.53%    passed     17.29%
  22  Nycol.F00318.1.p_MADS                26.53%    passed     24.58%
  23  AT2G45650.1_PACid_19638787_10_57      2.04%    passed     99.97%
  24  AT4G11880.1_PACid_19643844_10_57      2.04%    passed     99.99%
  25  AT4G09960.1_PACid_19648309_10_57      2.04%    passed     99.02%
  26  AT4G09960.4_PACid_19648308_10_57      2.04%    passed     99.02%
  27  AT4G18960.1_PACid_19647337_26_73      2.04%    passed     99.02%
  28  AT4G09960.3_PACid_19648307_36_83      2.04%    passed     99.02%
  29  AT4G09960.2_PACid_19648310_10_57      2.04%    passed     99.02%
  30  AT2G45660.1_PACid_19641052_10_57      2.04%    passed    100.00%
  31  AT4G22950.1_PACid_19647692_10_57      2.04%    passed     99.87%
  32  AT4G22950.1_PACid_19647692_94_105    75.51%    passed     90.85%
  33  AT1G24260.3_PACid_19651405_10_57      2.04%    passed     98.80%
  34  AT5G15800.1_PACid_19670123_10_57      2.04%    passed     98.80%
  35  AT1G24260.1_PACid_19651404_10_57      2.04%    passed     98.80%
  36  AT1G24260.2_PACid_19651403_10_57      2.04%    passed     98.80%
  37  AT5G15800.2_PACid_19670122_10_57      2.04%    passed     98.80%
  38  AT2G22540.1_PACid_19641563_10_57      2.04%    passed     97.45%
  39  AT3G57390.1_PACid_19659472_10_57      2.04%    passed     98.79%
  40  AT5G13790.1_PACid_19669343_10_57      2.04%    passed     99.67%
  41  AT5G51870.2_PACid_19672301_10_57      2.04%    passed     60.67%
  42  AT5G51870.1_PACid_19672300_10_57      2.04%    passed     60.67%
  43  AT5G51870.3_PACid_19672299_10_57      2.04%    passed     60.67%
  44  AT3G58780.2_PACid_19662660_25_72      2.04%    passed     97.22%
  45  AT2G42830.1_PACid_19643528_25_72      2.04%    passed     97.22%
  46  AT3G58780.1_PACid_19662659_25_72      2.04%    passed     97.22%
  47  AT2G42830.2_PACid_19643527_25_72      2.04%    passed     97.22%
  48  AT3G58780.3_PACid_19662658_25_72      2.04%    passed     97.22%
  49  AT3G02310.1_PACid_19661943_10_57      2.04%    passed     99.42%
  50  AT2G14210.1_PACid_19638394_10_57      2.04%    passed     99.61%
  51  AT2G03710.3_PACid_19640310_10_57      2.04%    passed     97.80%
  52  AT1G69120.1_PACid_19653480_10_57      2.04%    passed     74.49%
  53  AT5G60910.1_PACid_19670614_10_57      2.04%    passed     99.89%
  54  AT5G51860.2_PACid_19671372_10_57      2.04%    passed     97.89%
  55  AT5G51860.1_PACid_19671371_10_57      2.04%    passed     97.89%
  56  AT2G03710.2_PACid_19640309_10_57      2.04%    passed     97.80%
  57  AT2G03710.1_PACid_19640308_10_57      2.04%    passed     97.80%
  58  AT3G30260.1_PACid_19662130_10_57      2.04%    passed     99.84%
  59  AT2G24840.1_PACid_19642372_71_118     2.04%    passed     54.21%
  60  AT2G22540.2_PACid_19641564_10_55      6.12%    passed     98.67%
  61  AT3G57230.1_PACid_19665060_10_57      2.04%    passed     99.99%
  62  AT3G57230.2_PACid_19665061_10_57      2.04%    passed     99.99%
  63  AT4G37940.1_PACid_19644309_10_57      2.04%    passed     94.86%
  64  AT4G24540.1_PACid_19648389_10_57      2.04%    passed     81.98%
  65  AT3G61120.1_PACid_19662463_10_57      2.04%    passed     99.98%
  66  AT3G54340.1_PACid_19659884_10_57      2.04%    passed     68.38%
  67  AT1G26310.1_PACid_19650942_10_57      2.04%    passed     99.92%
  68  AT1G22130.1_PACid_19651829_10_55      6.12%    passed     94.72%
  69  AT5G62165.4_PACid_19672598_10_57      2.04%    passed     99.80%
  70  AT5G60440.1_PACid_19665878_15_62      2.04%    passed     89.43%
  71  AT5G62165.1_PACid_19672595_10_57      2.04%    passed     99.80%
  72  AT5G62165.2_PACid_19672596_10_57      2.04%    passed     99.80%
  73  AT5G62165.3_PACid_19672597_10_57      2.04%    passed     99.80%
  74  AT2G22630.1_PACid_19642313_10_57      2.04%    passed     78.03%
  75  AT1G77980.1_PACid_19650219_10_55      6.12%    passed     97.18%
  76  AT1G71692.1_PACid_19653064_10_56      4.08%    passed     86.52%
  77  AT1G01530.1_PACid_19655032_15_62      2.04%    passed     99.73%
  78  AT1G65360.1_PACid_19652033_15_62      2.04%    passed     34.90%
  79  AT5G10140.2_PACid_19672042_10_57      2.04%    passed     96.78%
  80  AT5G10140.4_PACid_19672041_10_57      2.04%    passed     96.78%
  81  AT5G10140.3_PACid_19672040_10_57      2.04%    passed     96.78%
  82  AT5G10140.1_PACid_19672039_10_57      2.04%    passed     96.78%
  83  AT3G66656.1_PACid_19662106_10_57      2.04%    passed     84.74%
  84  AT5G23260.2_PACid_19667542_10_57      2.04%    passed     97.89%
  85  AT5G23260.3_PACid_19667544_10_57      2.04%    passed     97.89%
  86  AT5G23260.1_PACid_19667543_10_57      2.04%    passed     97.89%
  87  AT4G36590.1_PACid_19644661_15_62      2.04%    passed     78.70%
  88  AT2G34440.1_PACid_19639540_12_57      6.12%    passed     89.49%
  89  AT5G65070.1_PACid_19666742_10_57      2.04%    passed     98.45%
  90  AT1G77950.1_PACid_19656697_10_55      6.12%    passed     95.79%
  91  AT1G77950.2_PACid_19656698_10_55      6.12%    passed     95.79%
  92  AT5G65070.3_PACid_19666740_10_57      2.04%    passed     98.45%
  93  AT5G65070.2_PACid_19666741_10_57      2.04%    passed     98.45%
  94  AT1G77080.5_PACid_19652600_10_55      6.12%    passed     90.53%
  95  AT1G77080.2_PACid_19652599_10_55      6.12%    passed     90.53%
  96  AT1G77080.4_PACid_19652598_10_55      6.12%    passed     90.53%
  97  AT5G65080.2_PACid_19670373_10_55      6.12%    passed     99.35%
  98  AT1G31140.1_PACid_19657778_10_57      2.04%    passed     60.23%
  99  AT1G31140.2_PACid_19657777_10_57      2.04%    passed     60.23%
 100  AT5G65080.1_PACid_19670372_17_62      6.12%    passed     99.35%
 101  AT1G47760.1_PACid_19657551_10_57      2.04%    passed     88.78%
 102  AT5G20240.1_PACid_19673101_10_57      2.04%    passed     73.41%
 103  AT1G18750.1_PACid_19654582_10_57      2.04%    passed     99.93%
 104  AT1G72350.1_PACid_19656010_55_98     10.20%    passed     97.18%
 105  AT5G65050.2_PACid_19667307_10_55      6.12%    passed     94.87%
 106  AT5G65050.1_PACid_19667306_10_55      6.12%    passed     94.87%
 107  AT5G65050.3_PACid_19667305_10_55      6.12%    passed     94.87%
 108  AT5G65060.2_PACid_19668929_10_55      6.12%    passed     94.32%
 109  AT5G65060.1_PACid_19668928_10_55      6.12%    passed     94.32%
 110  AT1G17310.1_PACid_19656321_56_103     2.04%    passed     97.78%
 111  AT1G28460.1_PACid_19649164_16_63      2.04%    passed     82.82%
 112  AT2G03060.2_PACid_19640478_10_53     10.20%    passed     93.39%
 113  AT2G03060.1_PACid_19640479_10_53     10.20%    passed     93.39%
 114  AT3G04100.1_PACid_19663352_22_69      2.04%    passed      8.20%
 115  AT3G04100.1_PACid_19663352_104_117   71.43%    passed     13.22%
 116  AT1G29962.1_PACid_19658277_16_63      2.04%    passed     98.75%
 117  AT5G48670.1_PACid_19672717_10_51     14.29%    passed     77.10%
 118  AT2G26320.1_PACid_19638466_26_73      2.04%    passed     67.07%
 119  AT1G69540.1_PACid_19658298_11_53     12.24%    failed      0.24%
 120  AT3G05860.2_PACid_19660459_10_51     14.29%    passed     96.67%
 121  AT3G05860.3_PACid_19660458_10_51     14.29%    passed     96.67%
 122  AT3G05860.1_PACid_19660457_10_51     14.29%    passed     96.67%
 123  AT5G27960.1_PACid_19666678_9_48      18.37%    passed     99.39%
 124  AT1G65330.1_PACid_19653684_9_53       8.16%    passed     98.73%
 125  AT5G55690.1_PACid_19665481_10_51     14.29%    passed     65.21%
 126  AT5G55690.1_PACid_19665481_137_148   75.51%    passed     30.67%
 127  AT1G65300.1_PACid_19652716_10_51     14.29%    passed     65.27%
 128  AT5G26630.1_PACid_19667105_10_50     16.33%    passed     84.10%
 129  AT5G26650.1_PACid_19669215_9_48      18.37%    passed     99.85%
 130  AT1G28450.1_PACid_19650560_16_63      2.04%    passed     96.11%
 131  AT3G18650.1_PACid_19661489_5_23      61.22%    failed      1.00%
 132  AT3G18650.1_PACid_19661489_30_72     12.24%    passed     78.74%
 133  AT5G58890.1_PACid_19667567_10_52     12.24%    passed     79.06%
 134  AT5G26580.1_PACid_19673075_11_50     18.37%    passed     82.11%
 135  AT4G02235.1_PACid_19647863_9_54       6.12%    passed     76.52%
 136  AT1G22590.2_PACid_19655507_11_50     18.37%    passed     99.62%
 137  AT5G65330.1_PACid_19672137_7_52       6.12%    passed     74.78%
 138  AT5G39750.1_PACid_19667213_25_64     18.37%    passed     44.59%
 139  AT5G40120.1_PACid_19671880_17_56     18.37%    passed     44.59%
 140  AT5G38740.1_PACid_19668168_26_65     18.37%    passed     44.59%
 141  AT5G41200.1_PACid_19667742_19_57     20.41%    passed     40.89%
 142  AT5G40220.1_PACid_19669238_18_57     18.37%    passed     44.59%
 143  AT1G46408.1_PACid_19654736_12_53     14.29%    passed     89.82%
 144  AT5G39810.1_PACid_19670065_25_64     18.37%    passed     46.89%
 145  AT1G31630.1_PACid_19652269_10_56      4.08%    passed     23.16%
 146  AT4G11250.1_PACid_19648763_10_51     14.29%    passed     24.43%
 147  AT5G27090.2_PACid_19670535_29_70     14.29%    passed     87.54%
 148  AT5G27090.1_PACid_19670534_29_70     14.29%    passed     87.54%
 149  AT5G06500.1_PACid_19671199_10_53     10.20%    passed      9.13%
 150  AT5G27070.1_PACid_19671195_30_71     14.29%    passed     77.45%
 151  AT5G26950.1_PACid_19666538_30_71     14.29%    passed     77.45%
 152  AT5G26880.1_PACid_19668576_156_166   77.55%    passed     65.59%
 153  AT5G26880.1_PACid_19668576_241_274   30.61%    passed     31.34%
 154  AT5G27944.1_PACid_19666623_30_71     14.29%    passed     73.59%
 155  AT5G27580.1_PACid_19672891_30_71     14.29%    passed     57.43%
 156  AT2G40210.1_PACid_19638131_10_51     14.29%    passed     72.75%
 157  AT1G31640.1_PACid_19651329_12_56      8.16%    passed      5.38%
 158  AT5G04640.1_PACid_19673003_13_53     16.33%    passed     66.95%
 159  AT5G49490.1_PACid_19668119_54_95     14.29%    passed     58.97%
 160  AT1G60920.1_PACid_19654635_12_50     20.41%    passed     98.91%
 161  AT1G48150.1_PACid_19654851_28_67     18.37%    passed     76.07%
 162  AT5G38620.1_PACid_19667041_14_55     14.29%    passed     41.57%
 163  AT5G27130.1_PACid_19666602_23_63     16.33%    passed     91.28%
 164  AT1G60040.1_PACid_19653511_20_62     12.24%    passed      7.88%
 165  AT5G49420.1_PACid_19672206_16_57     14.29%    passed     49.77%
 166  AT2G28700.1_PACid_19641128_11_50     18.37%    passed     54.38%
 167  AT5G27050.1_PACid_19667506_1_28      42.86%    passed     93.76%
 168  AT1G59810.1_PACid_19650751_19_61     12.24%    passed      6.98%
 169  AT1G60880.1_PACid_19658292_12_41     38.78%    passed     99.31%
 170  AT1G54760.1_PACid_19656422_19_43     48.98%    passed     74.88%
 171  AT5G37415.1_PACid_19671670_85_109    48.98%    failed      1.36%
 172  AT5G27810.1_PACid_19666054_1_26      46.94%    passed     31.73%
 173  AT1G33070.1_PACid_19656210_4_24      57.14%    passed     84.63%
 174  AT2G15660.1_PACid_19640579_30_44     69.39%    failed      2.49%
WARNING: 7 sequences contain more than 50% gaps/ambiguity
****  TOTAL                                10.37%  4 sequences failed composition chi2 test (p-value<5%; df=19)
NOTE: AT2G45650.1_PACid_19638787_10_57 is identical to Nycol.I01691.1.p_MADS but kept for subsequent analysis
NOTE: AT1G24260.3_PACid_19651405_10_57 is identical to Nycol.H00296.1.p_MADS but kept for subsequent analysis
NOTE: AT4G09960.4_PACid_19648308_10_57 is identical to AT4G09960.1_PACid_19648309_10_57 but kept for subsequent analysis
NOTE: AT5G51870.1_PACid_19672300_10_57 is identical to AT5G51870.2_PACid_19672301_10_57 but kept for subsequent analysis
NOTE: AT2G42830.1_PACid_19643528_25_72 is identical to AT3G58780.2_PACid_19662660_25_72 but kept for subsequent analysis
NOTE: AT2G03710.2_PACid_19640309_10_57 is identical to AT2G03710.3_PACid_19640310_10_57 but kept for subsequent analysis
NOTE: AT5G51860.1_PACid_19671371_10_57 is identical to AT5G51860.2_PACid_19671372_10_57 but kept for subsequent analysis
NOTE: AT3G57230.2_PACid_19665061_10_57 is identical to AT3G57230.1_PACid_19665060_10_57 but kept for subsequent analysis
NOTE: AT5G62165.1_PACid_19672595_10_57 is identical to AT5G62165.4_PACid_19672598_10_57 but kept for subsequent analysis
NOTE: AT5G10140.4_PACid_19672041_10_57 is identical to AT5G10140.2_PACid_19672042_10_57 but kept for subsequent analysis
NOTE: AT5G23260.3_PACid_19667544_10_57 is identical to AT5G23260.2_PACid_19667542_10_57 but kept for subsequent analysis
NOTE: AT5G65070.3_PACid_19666740_10_57 is identical to AT5G65070.1_PACid_19666742_10_57 but kept for subsequent analysis
NOTE: AT1G77950.2_PACid_19656698_10_55 is identical to AT1G77950.1_PACid_19656697_10_55 but kept for subsequent analysis
NOTE: AT1G77080.2_PACid_19652599_10_55 is identical to AT1G77080.5_PACid_19652600_10_55 but kept for subsequent analysis
NOTE: AT5G65080.1_PACid_19670372_17_62 is identical to AT5G65080.2_PACid_19670373_10_55 but kept for subsequent analysis
NOTE: AT1G31140.2_PACid_19657777_10_57 is identical to AT1G31140.1_PACid_19657778_10_57 but kept for subsequent analysis
NOTE: AT5G65050.1_PACid_19667306_10_55 is identical to AT5G65050.2_PACid_19667307_10_55 but kept for subsequent analysis
NOTE: AT5G65060.1_PACid_19668928_10_55 is identical to AT5G65060.2_PACid_19668929_10_55 but kept for subsequent analysis
NOTE: AT2G03060.1_PACid_19640479_10_53 is identical to AT2G03060.2_PACid_19640478_10_53 but kept for subsequent analysis
NOTE: AT3G05860.3_PACid_19660458_10_51 is identical to AT3G05860.2_PACid_19660459_10_51 but kept for subsequent analysis
NOTE: AT5G40120.1_PACid_19671880_17_56 is identical to AT5G39750.1_PACid_19667213_25_64 but kept for subsequent analysis
NOTE: AT5G27090.1_PACid_19670534_29_70 is identical to AT5G27090.2_PACid_19670535_29_70 but kept for subsequent analysis
NOTE: AT5G26950.1_PACid_19666538_30_71 is identical to AT5G27070.1_PACid_19671195_30_71 but kept for subsequent analysis
NOTE: 22 identical sequences (see below) will be ignored for subsequent analysis
NOTE: AT5G15800.1_PACid_19670123_10_57 (identical to Nycol.H00296.1.p_MADS) is ignored but added at the end
NOTE: AT1G24260.1_PACid_19651404_10_57 (identical to Nycol.H00296.1.p_MADS) is ignored but added at the end
NOTE: AT1G24260.2_PACid_19651403_10_57 (identical to Nycol.H00296.1.p_MADS) is ignored but added at the end
NOTE: AT5G15800.2_PACid_19670122_10_57 (identical to Nycol.H00296.1.p_MADS) is ignored but added at the end
NOTE: AT4G09960.3_PACid_19648307_36_83 (identical to AT4G09960.1_PACid_19648309_10_57) is ignored but added at the end
NOTE: AT4G09960.2_PACid_19648310_10_57 (identical to AT4G09960.1_PACid_19648309_10_57) is ignored but added at the end
NOTE: AT5G51870.3_PACid_19672299_10_57 (identical to AT5G51870.2_PACid_19672301_10_57) is ignored but added at the end
NOTE: AT3G58780.1_PACid_19662659_25_72 (identical to AT3G58780.2_PACid_19662660_25_72) is ignored but added at the end
NOTE: AT2G42830.2_PACid_19643527_25_72 (identical to AT3G58780.2_PACid_19662660_25_72) is ignored but added at the end
NOTE: AT3G58780.3_PACid_19662658_25_72 (identical to AT3G58780.2_PACid_19662660_25_72) is ignored but added at the end
NOTE: AT2G03710.1_PACid_19640308_10_57 (identical to AT2G03710.3_PACid_19640310_10_57) is ignored but added at the end
NOTE: AT5G62165.2_PACid_19672596_10_57 (identical to AT5G62165.4_PACid_19672598_10_57) is ignored but added at the end
NOTE: AT5G62165.3_PACid_19672597_10_57 (identical to AT5G62165.4_PACid_19672598_10_57) is ignored but added at the end
NOTE: AT5G10140.3_PACid_19672040_10_57 (identical to AT5G10140.2_PACid_19672042_10_57) is ignored but added at the end
NOTE: AT5G10140.1_PACid_19672039_10_57 (identical to AT5G10140.2_PACid_19672042_10_57) is ignored but added at the end
NOTE: AT5G23260.1_PACid_19667543_10_57 (identical to AT5G23260.2_PACid_19667542_10_57) is ignored but added at the end
NOTE: AT5G65070.2_PACid_19666741_10_57 (identical to AT5G65070.1_PACid_19666742_10_57) is ignored but added at the end
NOTE: AT1G77080.4_PACid_19652598_10_55 (identical to AT1G77080.5_PACid_19652600_10_55) is ignored but added at the end
NOTE: AT5G65050.3_PACid_19667305_10_55 (identical to AT5G65050.2_PACid_19667307_10_55) is ignored but added at the end
NOTE: AT3G05860.1_PACid_19660457_10_51 (identical to AT3G05860.2_PACid_19660459_10_51) is ignored but added at the end
NOTE: AT5G38740.1_PACid_19668168_26_65 (identical to AT5G39750.1_PACid_19667213_25_64) is ignored but added at the end
NOTE: AT5G40220.1_PACid_19669238_18_57 (identical to AT5G39750.1_PACid_19667213_25_64) is ignored but added at the end

For your convenience alignment with unique sequences printed to /Users/bushrakhan/Desktop/NIPGR-data/MADS-box-Evolutionary-gene-detection/Workflow_Step-by-Step/TASK_3/uploads/Nymphaea_MADS_ML.uniqueseq.phy


Create initial parsimony tree by phylogenetic likelihood library (PLL)... 0.021 seconds
NOTE: ModelFinder requires 6 MB RAM!
ModelFinder will test 168 protein models (sample size: 49) ...
 No. Model         -LnL         df  AIC          AICc         BIC
Measuring multi-threading efficiency up to 10 CPU cores
Increase to 10 rounds for branch lengths
99 trees examined
Threads: 1 / Time: 10.009 sec / Speedup: 1.000 / Efficiency: 100% / LogL: -9560
Threads: 2 / Time: 9.614 sec / Speedup: 1.041 / Efficiency: 52% / LogL: -9560
Threads: 3 / Time: 21.452 sec / Speedup: 0.467 / Efficiency: 16% / LogL: -9560
BEST NUMBER OF THREADS: 1

  1  Dayhoff       4679.522     301 9961.043     191765.043   10530.481
  2  Dayhoff+I     4679.514     302 9963.029     192975.029   10534.359
  3  Dayhoff+G4    4541.300     302 9686.601     192698.601   10257.930
  4  Dayhoff+I+G4  4541.278     303 9688.556     193912.556   10261.778
  5  Dayhoff+F     4663.450     320 9966.900     215406.900   10572.282
  6  Dayhoff+F+I   4663.429     321 9968.858     216692.858   10576.132
  7  Dayhoff+F+G4  4518.283     321 9678.567     216402.567   10285.841
  8  Dayhoff+F+I+G4 4518.283     322 9680.566     217692.566   10289.732
  9  mtMAM         5087.762     301 10777.523    192581.523   11346.961
 10  mtMAM+I       5087.698     302 10779.396    193791.396   11350.725
 11  mtMAM+G4      4805.461     302 10214.921    193226.921   10786.251
 12  mtMAM+I+G4    4805.398     303 10216.796    194440.796   10790.018
 13  mtMAM+F       4827.873     320 10295.747    215735.747   10901.129
 14  mtMAM+F+I     4827.854     321 10297.708    217021.708   10904.982
 15  mtMAM+F+G4    4619.760     321 9881.521     216605.521   10488.795
 16  mtMAM+F+I+G4  4619.725     322 9883.451     217895.451   10492.617
 17  JTT           4661.798     301 9925.596     191729.596   10495.034
 18  JTT+I         4661.723     302 9927.447     192939.447   10498.776
 19  JTT+G4        4498.966     302 9601.931     192613.931   10173.261
 20  JTT+I+G4      4498.959     303 9603.917     193827.917   10177.139
 21  JTT+F         4671.412     320 9982.823     215422.823   10588.206
 22  JTT+F+I       4671.353     321 9984.706     216708.706   10591.980
 23  JTT+F+G4      4502.656     321 9647.313     216371.313   10254.587
 24  JTT+F+I+G4    4502.654     322 9649.308     217661.308   10258.474
 25  WAG           4660.478     301 9922.956     191726.956   10492.394
 26  WAG+I         4660.471     302 9924.942     192936.942   10496.272
 27  WAG+G4        4507.896     302 9619.792     192631.792   10191.122
 28  WAG+I+G4      4507.895     303 9621.789     193845.789   10195.011
 29  WAG+F         4676.447     320 9992.895     215432.895   10598.277
 30  WAG+F+I       4676.420     321 9994.841     216718.841   10602.115
 31  WAG+F+G4      4515.687     321 9673.373     216397.373   10280.648
 32  WAG+F+I+G4    4515.681     322 9675.361     217687.361   10284.528
 33  cpREV         4701.535     301 10005.070    191809.070   10574.507
 34  cpREV+I       4701.532     302 10007.065    193019.065   10578.394
 35  cpREV+G4      4518.607     302 9641.214     192653.214   10212.544
 36  cpREV+I+G4    4518.604     303 9643.207     193867.207   10216.429
 37  cpREV+F       4762.733     320 10165.466    215605.466   10770.848
 38  cpREV+F+I     4762.725     321 10167.450    216891.450   10774.724
 39  cpREV+F+G4    4573.403     321 9788.805     216512.805   10396.080
 40  cpREV+F+I+G4  4573.400     322 9790.801     217802.801   10399.967
 41  mtREV         4942.622     301 10487.244    192291.244   11056.682
 42  mtREV+I       4942.596     302 10489.192    193501.192   11060.522
 43  mtREV+G4      4738.549     302 10081.097    193093.097   10652.427
 44  mtREV+I+G4    4738.494     303 10082.988    194306.988   10656.210
 45  mtREV+F       4730.769     320 10101.537    215541.537   10706.920
 46  mtREV+F+I     4730.754     321 10103.508    216827.508   10710.783
 47  mtREV+F+G4    4565.836     321 9773.672     216497.672   10380.947
 48  mtREV+F+I+G4  4565.807     322 9775.614     217787.614   10384.780
 49  rtREV         4724.054     301 10050.108    191854.108   10619.546
 50  rtREV+I       4724.018     302 10052.036    193064.036   10623.366
 51  rtREV+G4      4553.559     302 9711.119     192723.119   10282.449
 52  rtREV+I+G4    4553.557     303 9713.114     193937.114   10286.336
 53  rtREV+F       4721.968     320 10083.936    215523.936   10689.319
 54  rtREV+F+I     4721.939     321 10085.879    216809.879   10693.153
 55  rtREV+F+G4    4540.440     321 9722.880     216446.880   10330.154
 56  rtREV+F+I+G4  4540.430     322 9724.859     217736.859   10334.025
 57  mtART         5053.463     301 10708.927    192512.927   11278.365
 58  mtART+I       5053.433     302 10710.867    193722.867   11282.196
 59  mtART+G4      4753.595     302 10111.190    193123.190   10682.520
 60  mtART+I+G4    4753.555     303 10113.109    194337.109   10686.331
 61  mtART+F       4841.366     320 10322.732    215762.732   10928.114
 62  mtART+F+I     4841.354     321 10324.707    217048.707   10931.982
 63  mtART+F+G4    4616.954     321 9875.907     216599.907   10483.181
 64  mtART+F+I+G4  4616.953     322 9877.906     217889.906   10487.072
 65  mtZOA         4909.357     301 10420.715    192224.715   10990.153
 66  mtZOA+I       4909.355     302 10422.710    193434.710   10994.040
 67  mtZOA+G4      4650.393     302 9904.786     192916.786   10476.116
 68  mtZOA+I+G4    4650.388     303 9906.776     194130.776   10479.997
 69  mtZOA+F       4756.288     320 10152.577    215592.577   10757.959
 70  mtZOA+F+I     4756.277     321 10154.553    216878.553   10761.828
 71  mtZOA+F+G4    4558.630     321 9759.259     216483.259   10366.534
 72  mtZOA+F+I+G4  4558.615     322 9761.230     217773.230   10370.396
 73  VT            4689.482     301 9980.963     191784.963   10550.401
 74  VT+I          4689.469     302 9982.938     192994.938   10554.268
 75  VT+G4         4536.245     302 9676.490     192688.490   10247.820
 76  VT+I+G4       4536.243     303 9678.486     193902.486   10251.708
 77  VT+F          4705.326     320 10050.652    215490.652   10656.034
 78  VT+F+I        4705.291     321 10052.582    216776.582   10659.856
 79  VT+F+G4       4547.692     321 9737.385     216461.385   10344.659
 80  VT+F+I+G4     4547.687     322 9739.374     217751.374   10348.540
 81  LG            4640.427     301 9882.854     191686.854   10452.292
 82  LG+I          4640.407     302 9884.815     192896.815   10456.144
 83  LG+G4         4467.377     302 9538.753     192550.753   10110.083
 84  LG+I+G4       4467.376     303 9540.752     193764.752   10113.973
 85  LG+F          4667.695     320 9975.390     215415.390   10580.773
 86  LG+F+I        4667.615     321 9977.230     216701.230   10584.504
 87  LG+F+G4       4486.599     321 9615.198     216339.198   10222.473
 88  LG+F+I+G4     4486.582     322 9617.163     217629.163   10226.329
 89  DCMut         4679.818     301 9961.636     191765.636   10531.074
 90  DCMut+I       4679.799     302 9963.599     192975.599   10534.928
 91  DCMut+G4      4541.879     302 9687.757     192699.757   10259.087
 92  DCMut+I+G4    4541.867     303 9689.733     193913.733   10262.955
 93  DCMut+F       4663.725     320 9967.450     215407.450   10572.832
 94  DCMut+F+I     4663.709     321 9969.418     216693.418   10576.693
 95  DCMut+F+G4    4518.828     321 9679.657     216403.657   10286.931
 96  DCMut+F+I+G4  4518.828     322 9681.656     217693.656   10290.822
 97  PMB           4737.702     301 10077.403    191881.403   10646.841
 98  PMB+I         4737.695     302 10079.390    193091.390   10650.720
 99  PMB+G4        4584.561     302 9773.122     192785.122   10344.451
100  PMB+I+G4      4584.551     303 9775.102     193999.102   10348.324
101  PMB+F         4757.696     320 10155.391    215595.391   10760.774
102  PMB+F+I       4757.682     321 10157.364    216881.364   10764.638
103  PMB+F+G4      4599.047     321 9840.094     216564.094   10447.368
104  PMB+F+I+G4    4599.029     322 9842.058     217854.058   10451.224
105  HIVb          4786.463     301 10174.926    191978.926   10744.364
106  HIVb+I        4786.452     302 10176.904    193188.904   10748.234
107  HIVb+G4       4572.111     302 9748.222     192760.222   10319.551
108  HIVb+I+G4     4572.100     303 9750.200     193974.200   10323.421
109  HIVb+F        4809.759     320 10259.518    215699.518   10864.901
110  HIVb+F+I      4809.736     321 10261.472    216985.472   10868.746
111  HIVb+F+G4     4584.258     321 9810.515     216534.515   10417.790
112  HIVb+F+I+G4   4584.214     322 9812.429     217824.429   10421.595
113  HIVw          5014.341     301 10630.682    192434.682   11200.120
114  HIVw+I        5014.325     302 10632.650    193644.650   11203.980
115  HIVw+G4       4756.664     302 10117.328    193129.328   10688.657
116  HIVw+I+G4     4756.618     303 10119.235    194343.235   10692.457
117  HIVw+F        4983.716     320 10607.433    216047.433   11212.815
118  HIVw+F+I      4983.706     321 10609.412    217333.412   11216.686
119  HIVw+F+G4     4729.988     321 10101.976    216825.976   10709.251
120  HIVw+F+I+G4   4729.960     322 10103.919    218115.919   10713.085
121  JTTDCMut      4659.718     301 9921.436     191725.436   10490.874
122  JTTDCMut+I    4659.693     302 9923.387     192935.387   10494.716
123  JTTDCMut+G4   4497.461     302 9598.922     192610.922   10170.252
124  JTTDCMut+I+G4 4497.457     303 9600.913     193824.913   10174.135
125  JTTDCMut+F    4669.431     320 9978.863     215418.863   10584.245
126  JTTDCMut+F+I  4669.355     321 9980.710     216704.710   10587.985
127  JTTDCMut+F+G4 4501.206     321 9644.412     216368.412   10251.686
128  JTTDCMut+F+I+G4 4501.206     322 9646.411     217658.411   10255.578
129  FLU           4773.199     301 10148.398    191952.398   10717.835
130  FLU+I         4773.196     302 10150.393    193162.393   10721.722
131  FLU+G4        4545.267     302 9694.534     192706.534   10265.864
132  FLU+I+G4      4545.264     303 9696.529     193920.529   10269.750
133  FLU+F         4824.335     320 10288.669    215728.669   10894.052
134  FLU+F+I       4824.329     321 10290.657    217014.657   10897.931
135  FLU+F+G4      4569.732     321 9781.463     216505.463   10388.737
136  FLU+F+I+G4    4569.731     322 9783.462     217795.462   10392.628
137  Blosum62      4731.300     301 10064.601    191868.601   10634.039
138  Blosum62+I    4731.282     302 10066.564    193078.564   10637.894
139  Blosum62+G4   4577.406     302 9758.813     192770.813   10330.143
140  Blosum62+I+G4 4577.404     303 9760.808     193984.808   10334.029
141  Blosum62+F    4760.905     320 10161.811    215601.811   10767.193
142  Blosum62+F+I  4760.885     321 10163.770    216887.770   10771.045
143  Blosum62+F+G4 4599.694     321 9841.388     216565.388   10448.662
144  Blosum62+F+I+G4 4599.667     322 9843.334     217855.334   10452.500
145  mtMet         4915.881     301 10433.762    192237.762   11003.200
146  mtMet+I       4915.869     302 10435.738    193447.738   11007.068
147  mtMet+G4      4683.344     302 9970.688     192982.688   10542.017
148  mtMet+I+G4    4683.345     303 9972.690     194196.690   10545.911
149  mtMet+F       4733.248     320 10106.496    215546.496   10711.878
150  mtMet+F+I     4733.245     321 10108.490    216832.490   10715.764
151  mtMet+F+G4    4553.509     321 9749.019     216473.019   10356.293
152  mtMet+F+I+G4  4553.509     322 9751.018     217763.018   10360.184
153  mtVer         5006.096     301 10614.192    192418.192   11183.630
154  mtVer+I       5006.066     302 10616.132    193628.132   11187.462
155  mtVer+G4      4767.349     302 10138.698    193150.698   10710.028
156  mtVer+I+G4    4767.348     303 10140.695    194364.695   10713.917
157  mtVer+F       4783.719     320 10207.437    215647.437   10812.820
158  mtVer+F+I     4783.698     321 10209.396    216933.396   10816.670
159  mtVer+F+G4    4603.296     321 9848.592     216572.592   10455.867
160  mtVer+F+I+G4  4603.287     322 9850.574     217862.574   10459.740
161  mtInv         4908.506     301 10419.012    192223.012   10988.449
162  mtInv+I       4908.502     302 10421.003    193433.003   10992.333
163  mtInv+G4      4691.189     302 9986.377     192998.377   10557.707
164  mtInv+I+G4    4691.182     303 9988.364     194212.364   10561.585
165  mtInv+F       4704.182     320 10048.365    215488.365   10653.747
166  mtInv+F+I     4704.126     321 10050.252    216774.252   10657.526
167  mtInv+F+G4    4536.714     321 9715.427     216439.427   10322.701
168  mtInv+F+I+G4  4536.699     322 9717.397     217729.397   10326.563
Akaike Information Criterion:           LG+G4
Corrected Akaike Information Criterion: LG
Bayesian Information Criterion:         LG+G4
Best-fit model: LG+G4 chosen according to BIC

All model information printed to /Users/bushrakhan/Desktop/NIPGR-data/MADS-box-Evolutionary-gene-detection/Workflow_Step-by-Step/TASK_3/uploads/Nymphaea_MADS_ML.model.gz
CPU time for ModelFinder: 103.090 seconds (0h:1m:43s)
Wall-clock time for ModelFinder: 91.101 seconds (0h:1m:31s)
Generating 1000 samples for ultrafast bootstrap (seed: 705683)...

NOTE: 6 MB RAM (0 GB) is required!
Measuring multi-threading efficiency up to 10 CPU cores
Increase to 10 rounds for branch lengths
28 trees examined
Threads: 1 / Time: 10.272 sec / Speedup: 1.000 / Efficiency: 100% / LogL: -8832
Threads: 2 / Time: 10.986 sec / Speedup: 0.935 / Efficiency: 47% / LogL: -8832
BEST NUMBER OF THREADS: 1

Estimate model parameters (epsilon = 0.100)
1. Initial log-likelihood: -4469.388
2. Current log-likelihood: -4467.704
3. Current log-likelihood: -4467.398
Optimal log-likelihood: -4467.376
Gamma shape alpha: 1.327
Parameters optimization took 3 rounds (0.623 sec)
Computing ML distances based on estimated model parameters... 8.989 sec
WARNING: Some pairwise ML distances are too long (saturated)
Computing BIONJ tree...
0.020 seconds
Log-likelihood of BIONJ tree: -4513.278
--------------------------------------------------------------------
|             INITIALIZING CANDIDATE TREE SET                      |
--------------------------------------------------------------------
Generating 98 parsimony trees... 3.280 second
Computing log-likelihood of 98 initial trees ... 9.402 seconds
Current best score: -4428.899

Do NNI search on 20 best initial trees
Estimate model parameters (epsilon = 0.100)
BETTER TREE FOUND at iteration 1: -4393.910
Iteration 10 / LogL: -4414.078 / Time: 0h:1m:1s
Iteration 20 / LogL: -4430.163 / Time: 0h:1m:18s
Finish initializing candidate tree set (20)
Current best tree score: -4393.910 / CPU time: 47.033
Number of iterations: 20
--------------------------------------------------------------------
|               OPTIMIZING CANDIDATE TREE SET                      |
--------------------------------------------------------------------
Estimate model parameters (epsilon = 0.100)
BETTER TREE FOUND at iteration 22: -4386.828
Estimate model parameters (epsilon = 0.100)
BETTER TREE FOUND at iteration 27: -4383.194
Iteration 30 / LogL: -4431.572 / Time: 0h:1m:38s (0h:5m:28s left)
Iteration 40 / LogL: -4388.612 / Time: 0h:1m:55s (0h:4m:18s left)
Estimate model parameters (epsilon = 0.100)
BETTER TREE FOUND at iteration 45: -4379.211
Iteration 50 / LogL: -4379.937 / Time: 0h:2m:12s (0h:4m:17s left)
Log-likelihood cutoff on original alignment: -4432.374
Iteration 60 / LogL: -4382.247 / Time: 0h:2m:32s (0h:3m:39s left)
Iteration 70 / LogL: -4384.129 / Time: 0h:2m:48s (0h:3m:2s left)
Iteration 80 / LogL: -4380.868 / Time: 0h:3m:5s (0h:2m:32s left)
Estimate model parameters (epsilon = 0.100)
BETTER TREE FOUND at iteration 89: -4379.035
Iteration 90 / LogL: -4382.030 / Time: 0h:3m:24s (0h:3m:46s left)
Estimate model parameters (epsilon = 0.100)
BETTER TREE FOUND at iteration 95: -4377.890
Estimate model parameters (epsilon = 0.100)
BETTER TREE FOUND at iteration 98: -4377.219
Iteration 100 / LogL: -4379.015 / Time: 0h:3m:40s (0h:3m:38s left)
Log-likelihood cutoff on original alignment: -4432.374
NOTE: Bootstrap correlation coefficient of split occurrence frequencies: 0.987
NOTE: UFBoot does not converge, continue at least 100 more iterations
Estimate model parameters (epsilon = 0.100)
BETTER TREE FOUND at iteration 101: -4377.058
Iteration 110 / LogL: -4384.108 / Time: 0h:3m:58s (0h:3m:19s left)
Estimate model parameters (epsilon = 0.100)
BETTER TREE FOUND at iteration 111: -4376.964
Iteration 120 / LogL: -4386.300 / Time: 0h:4m:13s (0h:3m:14s left)
Iteration 130 / LogL: -4380.823 / Time: 0h:4m:30s (0h:2m:49s left)
Iteration 140 / LogL: -4382.463 / Time: 0h:4m:47s (0h:2m:26s left)
BETTER TREE FOUND at iteration 149: -4376.955
Iteration 150 / LogL: -4377.699 / Time: 0h:5m:1s (0h:3m:20s left)
Log-likelihood cutoff on original alignment: -4432.374
Estimate model parameters (epsilon = 0.100)
BETTER TREE FOUND at iteration 151: -4376.805
Estimate model parameters (epsilon = 0.100)
BETTER TREE FOUND at iteration 156: -4376.615
Iteration 160 / LogL: -4376.646 / Time: 0h:5m:18s (0h:3m:12s left)
Iteration 170 / LogL: -4380.269 / Time: 0h:5m:33s (0h:2m:49s left)
Iteration 180 / LogL: -4377.269 / Time: 0h:5m:49s (0h:2m:28s left)
Estimate model parameters (epsilon = 0.100)
BETTER TREE FOUND at iteration 189: -4376.600
Iteration 190 / LogL: -4377.472 / Time: 0h:6m:6s (0h:3m:11s left)
Estimate model parameters (epsilon = 0.100)
BETTER TREE FOUND at iteration 199: -4376.122
Iteration 200 / LogL: -4379.393 / Time: 0h:6m:22s (0h:3m:10s left)
Log-likelihood cutoff on original alignment: -4432.374
NOTE: Bootstrap correlation coefficient of split occurrence frequencies: 0.992
Iteration 210 / LogL: -4376.964 / Time: 0h:6m:40s (0h:2m:52s left)
Iteration 220 / LogL: -4379.744 / Time: 0h:6m:57s (0h:2m:32s left)
Iteration 230 / LogL: -4379.734 / Time: 0h:7m:13s (0h:2m:12s left)
Estimate model parameters (epsilon = 0.100)
BETTER TREE FOUND at iteration 232: -4375.489
Iteration 240 / LogL: -4379.147 / Time: 0h:7m:29s (0h:2m:53s left)
Iteration 250 / LogL: -4375.555 / Time: 0h:7m:46s (0h:2m:33s left)
Log-likelihood cutoff on original alignment: -4432.374
Iteration 260 / LogL: -4375.548 / Time: 0h:8m:3s (0h:2m:14s left)
Estimate model parameters (epsilon = 0.100)
BETTER TREE FOUND at iteration 269: -4375.477
Iteration 270 / LogL: -4379.768 / Time: 0h:8m:19s (0h:3m:3s left)
Iteration 280 / LogL: -4375.869 / Time: 0h:8m:36s (0h:2m:44s left)
Iteration 290 / LogL: -4375.894 / Time: 0h:8m:53s (0h:2m:25s left)
Iteration 300 / LogL: -4378.527 / Time: 0h:9m:9s (0h:2m:6s left)
Log-likelihood cutoff on original alignment: -4432.374
NOTE: Bootstrap correlation coefficient of split occurrence frequencies: 0.991
Iteration 310 / LogL: -4378.167 / Time: 0h:9m:27s (0h:2m:45s left)
Iteration 320 / LogL: -4378.636 / Time: 0h:9m:44s (0h:2m:26s left)
Iteration 330 / LogL: -4385.822 / Time: 0h:10m:2s (0h:2m:8s left)
Iteration 340 / LogL: -4379.910 / Time: 0h:10m:19s (0h:1m:49s left)
Estimate model parameters (epsilon = 0.100)
BETTER TREE FOUND at iteration 350: -4375.464
Iteration 350 / LogL: -4375.464 / Time: 0h:10m:36s (0h:3m:2s left)
Log-likelihood cutoff on original alignment: -4432.374
Iteration 360 / LogL: -4427.862 / Time: 0h:10m:53s (0h:2m:43s left)
Iteration 370 / LogL: -4382.442 / Time: 0h:11m:8s (0h:2m:25s left)
Iteration 380 / LogL: -4376.172 / Time: 0h:11m:24s (0h:2m:6s left)
Iteration 390 / LogL: -4377.384 / Time: 0h:11m:42s (0h:1m:48s left)
Iteration 400 / LogL: -4376.630 / Time: 0h:11m:59s (0h:1m:30s left)
Log-likelihood cutoff on original alignment: -4432.374
NOTE: Bootstrap correlation coefficient of split occurrence frequencies: 0.989
NOTE: UFBoot does not converge, continue at least 100 more iterations
Iteration 410 / LogL: -4378.256 / Time: 0h:12m:17s (0h:2m:42s left)
Iteration 420 / LogL: -4377.634 / Time: 0h:12m:34s (0h:2m:24s left)
Iteration 430 / LogL: -4387.098 / Time: 0h:12m:51s (0h:2m:5s left)
Iteration 440 / LogL: -4376.465 / Time: 0h:13m:8s (0h:1m:47s left)
Iteration 450 / LogL: -4375.610 / Time: 0h:13m:26s (0h:1m:29s left)
Log-likelihood cutoff on original alignment: -4432.374
Iteration 460 / LogL: -4379.618 / Time: 0h:13m:45s (0h:1m:11s left)
Iteration 470 / LogL: -4379.531 / Time: 0h:14m:1s (0h:0m:53s left)
Iteration 480 / LogL: -4375.477 / Time: 0h:14m:19s (0h:0m:35s left)
Iteration 490 / LogL: -4375.758 / Time: 0h:14m:35s (0h:0m:17s left)
Iteration 500 / LogL: -4376.522 / Time: 0h:14m:53s (0h:0m:0s left)
Log-likelihood cutoff on original alignment: -4432.374
NOTE: Bootstrap correlation coefficient of split occurrence frequencies: 0.992
TREE SEARCH COMPLETED AFTER 500 ITERATIONS / Time: 0h:14m:54s

--------------------------------------------------------------------
|                    FINALIZING TREE SEARCH                        |
--------------------------------------------------------------------
Performs final model parameters optimization
Estimate model parameters (epsilon = 0.010)
1. Initial log-likelihood: -4375.464
Optimal log-likelihood: -4375.464
Gamma shape alpha: 1.394
Parameters optimization took 1 rounds (0.117 sec)
BEST SCORE FOUND : -4375.464
Creating bootstrap support values...
Split supports printed to NEXUS file /Users/bushrakhan/Desktop/NIPGR-data/MADS-box-Evolutionary-gene-detection/Workflow_Step-by-Step/TASK_3/uploads/Nymphaea_MADS_ML.splits.nex
Total tree length: 32.153

Total number of iterations: 500
CPU time used for tree search: 848.956 sec (0h:14m:8s)
Wall-clock time used for tree search: 862.339 sec (0h:14m:22s)
Total CPU time used: 883.511 sec (0h:14m:43s)
Total wall-clock time used: 895.178 sec (0h:14m:55s)

Computing bootstrap consensus tree...
Reading input file /Users/bushrakhan/Desktop/NIPGR-data/MADS-box-Evolutionary-gene-detection/Workflow_Step-by-Step/TASK_3/uploads/Nymphaea_MADS_ML.splits.nex...
152 taxa and 1646 splits.
Consensus tree written to /Users/bushrakhan/Desktop/NIPGR-data/MADS-box-Evolutionary-gene-detection/Workflow_Step-by-Step/TASK_3/uploads/Nymphaea_MADS_ML.contree
Reading input trees file /Users/bushrakhan/Desktop/NIPGR-data/MADS-box-Evolutionary-gene-detection/Workflow_Step-by-Step/TASK_3/uploads/Nymphaea_MADS_ML.contree
Log-likelihood of consensus tree: -4376.087

Analysis results written to: 
  IQ-TREE report:                /Users/bushrakhan/Desktop/NIPGR-data/MADS-box-Evolutionary-gene-detection/Workflow_Step-by-Step/TASK_3/uploads/Nymphaea_MADS_ML.iqtree
  Maximum-likelihood tree:       /Users/bushrakhan/Desktop/NIPGR-data/MADS-box-Evolutionary-gene-detection/Workflow_Step-by-Step/TASK_3/uploads/Nymphaea_MADS_ML.treefile
  Likelihood distances:          /Users/bushrakhan/Desktop/NIPGR-data/MADS-box-Evolutionary-gene-detection/Workflow_Step-by-Step/TASK_3/uploads/Nymphaea_MADS_ML.mldist

Ultrafast bootstrap approximation results written to:
  Split support values:          /Users/bushrakhan/Desktop/NIPGR-data/MADS-box-Evolutionary-gene-detection/Workflow_Step-by-Step/TASK_3/uploads/Nymphaea_MADS_ML.splits.nex
  Consensus tree:                /Users/bushrakhan/Desktop/NIPGR-data/MADS-box-Evolutionary-gene-detection/Workflow_Step-by-Step/TASK_3/uploads/Nymphaea_MADS_ML.contree
  Screen log file:               /Users/bushrakhan/Desktop/NIPGR-data/MADS-box-Evolutionary-gene-detection/Workflow_Step-by-Step/TASK_3/uploads/Nymphaea_MADS_ML.log

Date and Time: Fri Apr  3 23:57:42 2026
