IQ-TREE multicore version 1.6.12 for Mac OS X 64-bit built Aug 15 2019
Developed by Bui Quang Minh, Nguyen Lam Tung, Olga Chernomor,
Heiko Schmidt, Dominik Schrempf, Michael Woodhams.

Host:    Bushras-MacBook-Air.local (SSE4.2, 16 GB RAM)
Command: /Users/bushrakhan/Desktop/NIPGR-data/MADS-box-Evolutionary-gene-detection/bin/iqtree -s /Users/bushrakhan/Desktop/NIPGR-data/MADS-box-Evolutionary-gene-detection/Workflow_Step-by-Step/TASK_3/uploads/Nymphaea_Kbox_Aligned.fa -nt AUTO -m TEST -bb 1000 -pre /Users/bushrakhan/Desktop/NIPGR-data/MADS-box-Evolutionary-gene-detection/Workflow_Step-by-Step/TASK_3/uploads/Nymphaea_Kbox_ML
Seed:    705654 (Using SPRNG - Scalable Parallel Random Number Generator)
Time:    Fri Apr  3 23:41:14 2026
Kernel:  SSE2 - auto-detect threads (10 CPU cores detected)

Reading alignment file /Users/bushrakhan/Desktop/NIPGR-data/MADS-box-Evolutionary-gene-detection/Workflow_Step-by-Step/TASK_3/uploads/Nymphaea_Kbox_Aligned.fa ... Fasta format detected
Alignment most likely contains protein sequences
Alignment has 130 sequences with 103 columns, 103 distinct patterns
87 parsimony-informative, 10 singleton sites, 6 constant sites
WARNING: Some sequence names are changed as follows:
AT1G69120.1|PACid:19653480_85_172 -> AT1G69120.1_PACid_19653480_85_172
AT1G26310.1|PACid:19650942_85_174 -> AT1G26310.1_PACid_19650942_85_174
AT5G60910.2|PACid:19670615_23_110 -> AT5G60910.2_PACid_19670615_23_110
AT5G60910.1|PACid:19670614_85_172 -> AT5G60910.1_PACid_19670614_85_172
AT2G45650.1|PACid:19638787_83_170 -> AT2G45650.1_PACid_19638787_83_170
AT3G58780.2|PACid:19662660_93_179 -> AT3G58780.2_PACid_19662660_93_179
AT3G58780.1|PACid:19662659_100_186 -> AT3G58780.1_PACid_19662659_100_186
AT3G58780.3|PACid:19662658_125_211 -> AT3G58780.3_PACid_19662658_125_211
AT4G18960.1|PACid:19647337_102_187 -> AT4G18960.1_PACid_19647337_102_187
AT4G18960.2|PACid:19647338_88_173 -> AT4G18960.2_PACid_19647338_88_173
AT2G45660.1|PACid:19641052_83_171 -> AT2G45660.1_PACid_19641052_83_171
AT2G42830.1|PACid:19643528_100_186 -> AT2G42830.1_PACid_19643528_100_186
AT5G15800.1|PACid:19670123_84_172 -> AT5G15800.1_PACid_19670123_84_172
AT5G15800.2|PACid:19670122_84_172 -> AT5G15800.2_PACid_19670122_84_172
AT4G09960.1|PACid:19648309_86_171 -> AT4G09960.1_PACid_19648309_86_171
AT4G37940.1|PACid:19644309_83_171 -> AT4G37940.1_PACid_19644309_83_171
AT4G37940.1|PACid:19644309_159_183 -> AT4G37940.1_PACid_19644309_159_183
AT4G09960.3|PACid:19648307_112_197 -> AT4G09960.3_PACid_19648307_112_197
AT1G24260.2|PACid:19651403_93_175 -> AT1G24260.2_PACid_19651403_93_175
AT3G02310.1|PACid:19661943_84_172 -> AT3G02310.1_PACid_19661943_84_172
AT2G42830.2|PACid:19643527_100_188 -> AT2G42830.2_PACid_19643527_100_188
AT1G24260.1|PACid:19651404_92_174 -> AT1G24260.1_PACid_19651404_92_174
AT4G22950.1|PACid:19647692_83_169 -> AT4G22950.1_PACid_19647692_83_169
AT3G57230.1|PACid:19665060_82_170 -> AT3G57230.1_PACid_19665060_82_170
AT3G57230.1|PACid:19665060_165_184 -> AT3G57230.1_PACid_19665060_165_184
AT3G61120.1|PACid:19662463_85_168 -> AT3G61120.1_PACid_19662463_85_168
AT2G14210.1|PACid:19638394_83_170 -> AT2G14210.1_PACid_19638394_83_170
AT2G14210.1|PACid:19638394_170_185 -> AT2G14210.1_PACid_19638394_170_185
AT2G03710.3|PACid:19640310_85_172 -> AT2G03710.3_PACid_19640310_85_172
AT2G22630.1|PACid:19642313_83_171 -> AT2G22630.1_PACid_19642313_83_171
AT2G22630.1|PACid:19642313_165_183 -> AT2G22630.1_PACid_19642313_165_183
AT2G03710.2|PACid:19640309_85_173 -> AT2G03710.2_PACid_19640309_85_173
AT2G03710.1|PACid:19640308_85_173 -> AT2G03710.1_PACid_19640308_85_173
AT4G11880.1|PACid:19643844_84_171 -> AT4G11880.1_PACid_19643844_84_171
AT4G09960.4|PACid:19648308_86_175 -> AT4G09960.4_PACid_19648308_86_175
AT3G30260.1|PACid:19662130_87_171 -> AT3G30260.1_PACid_19662130_87_171
AT5G62165.1|PACid:19672595_84_170 -> AT5G62165.1_PACid_19672595_84_170
AT5G62165.2|PACid:19672596_84_170 -> AT5G62165.2_PACid_19672596_84_170
AT5G62165.3|PACid:19672597_84_170 -> AT5G62165.3_PACid_19672597_84_170
AT1G24260.3|PACid:19651405_93_160 -> AT1G24260.3_PACid_19651405_93_160
AT5G51870.1|PACid:19672300_88_172 -> AT5G51870.1_PACid_19672300_88_172
AT5G51870.3|PACid:19672299_88_171 -> AT5G51870.3_PACid_19672299_88_171
AT5G23260.2|PACid:19667542_82_170 -> AT5G23260.2_PACid_19667542_82_170
AT5G13790.1|PACid:19669343_75_165 -> AT5G13790.1_PACid_19669343_75_165
AT5G51860.2|PACid:19671372_89_172 -> AT5G51860.2_PACid_19671372_89_172
AT1G71692.1|PACid:19653064_99_180 -> AT1G71692.1_PACid_19653064_99_180
AT5G51860.1|PACid:19671371_89_171 -> AT5G51860.1_PACid_19671371_89_171
AT4G09960.2|PACid:19648310_86_165 -> AT4G09960.2_PACid_19648310_86_165
AT5G62165.5|PACid:19672599_43_117 -> AT5G62165.5_PACid_19672599_43_117
AT4G24540.1|PACid:19648389_91_172 -> AT4G24540.1_PACid_19648389_91_172
AT3G57390.2|PACid:19659473_34_118 -> AT3G57390.2_PACid_19659473_34_118
AT3G57390.1|PACid:19659472_95_179 -> AT3G57390.1_PACid_19659472_95_179
AT2G22540.2|PACid:19641564_87_165 -> AT2G22540.2_PACid_19641564_87_165
AT2G22540.1|PACid:19641563_92_170 -> AT2G22540.1_PACid_19641563_92_170
AT2G22540.1|PACid:19641563_166_184 -> AT2G22540.1_PACid_19641563_166_184
AT3G54340.1|PACid:19659884_81_168 -> AT3G54340.1_PACid_19659884_81_168
AT5G20240.1|PACid:19673101_81_164 -> AT5G20240.1_PACid_19673101_81_164
AT3G57230.2|PACid:19665061_106_169 -> AT3G57230.2_PACid_19665061_106_169
AT3G57230.2|PACid:19665061_164_183 -> AT3G57230.2_PACid_19665061_164_183
AT5G51870.2|PACid:19672301_88_148 -> AT5G51870.2_PACid_19672301_88_148
AT5G23260.1|PACid:19667543_82_165 -> AT5G23260.1_PACid_19667543_82_165
AT5G62165.4|PACid:19672598_84_157 -> AT5G62165.4_PACid_19672598_84_157
AT5G23260.3|PACid:19667544_82_152 -> AT5G23260.3_PACid_19667544_82_152
AT5G10140.2|PACid:19672042_89_164 -> AT5G10140.2_PACid_19672042_89_164
AT5G10140.1|PACid:19672039_89_164 -> AT5G10140.1_PACid_19672039_89_164
AT5G10140.3|PACid:19672040_89_164 -> AT5G10140.3_PACid_19672040_89_164
AT2G41470.1|PACid:19641817_21_83 -> AT2G41470.1_PACid_19641817_21_83
AT2G41470.1|PACid:19641817_120_196 -> AT2G41470.1_PACid_19641817_120_196
AT2G41470.1|PACid:19641817_249_309 -> AT2G41470.1_PACid_19641817_249_309
AT2G41470.1|PACid:19641817_355_410 -> AT2G41470.1_PACid_19641817_355_410
AT1G77080.2|PACid:19652599_93_160 -> AT1G77080.2_PACid_19652599_93_160
AT1G77080.5|PACid:19652600_96_164 -> AT1G77080.5_PACid_19652600_96_164
AT5G65060.1|PACid:19668928_96_164 -> AT5G65060.1_PACid_19668928_96_164
AT1G77080.4|PACid:19652598_96_164 -> AT1G77080.4_PACid_19652598_96_164
AT5G65050.2|PACid:19667307_98_164 -> AT5G65050.2_PACid_19667307_98_164
AT5G65080.1|PACid:19670372_101_170 -> AT5G65080.1_PACid_19670372_101_170
AT5G65050.3|PACid:19667305_98_164 -> AT5G65050.3_PACid_19667305_98_164
AT5G65080.2|PACid:19670373_93_162 -> AT5G65080.2_PACid_19670373_93_162
AT5G65060.2|PACid:19668929_102_153 -> AT5G65060.2_PACid_19668929_102_153
AT5G65070.2|PACid:19666741_141_195 -> AT5G65070.2_PACid_19666741_141_195
AT5G65070.1|PACid:19666742_110_164 -> AT5G65070.1_PACid_19666742_110_164
AT5G65070.3|PACid:19666740_142_196 -> AT5G65070.3_PACid_19666740_142_196
AT5G10140.4|PACid:19672041_90_154 -> AT5G10140.4_PACid_19672041_90_154
AT1G77080.3|PACid:19652601_82_126 -> AT1G77080.3_PACid_19652601_82_126
AT1G31150.1|PACid:19651250_574_639 -> AT1G31150.1_PACid_19651250_574_639
AT5G65050.1|PACid:19667306_98_149 -> AT5G65050.1_PACid_19667306_98_149
AT1G31140.2|PACid:19657777_95_158 -> AT1G31140.2_PACid_19657777_95_158
AT1G31140.1|PACid:19657778_95_156 -> AT1G31140.1_PACid_19657778_95_156
AT2G41445.1|PACid:19641714_37_93 -> AT2G41445.1_PACid_19641714_37_93
AT2G41445.1|PACid:19641714_149_217 -> AT2G41445.1_PACid_19641714_149_217
AT1G77950.1|PACid:19656697_125_198 -> AT1G77950.1_PACid_19656697_125_198
AT1G77950.2|PACid:19656698_125_198 -> AT1G77950.2_PACid_19656698_125_198
AT1G22130.1|PACid:19651829_125_192 -> AT1G22130.1_PACid_19651829_125_192
AT1G77980.1|PACid:19650219_124_189 -> AT1G77980.1_PACid_19650219_124_189
AT2G41440.1|PACid:19638798_42_120 -> AT2G41440.1_PACid_19638798_42_120
AT2G41440.1|PACid:19638798_151_202 -> AT2G41440.1_PACid_19638798_151_202
AT2G41440.2|PACid:19638799_33_84 -> AT2G41440.2_PACid_19638799_33_84
AT1G69540.1|PACid:19658298_146_182 -> AT1G69540.1_PACid_19658298_146_182
AT1G59810.1|PACid:19650751_99_152 -> AT1G59810.1_PACid_19650751_99_152
AT2G03060.2|PACid:19640478_88_99 -> AT2G03060.2_PACid_19640478_88_99
AT2G03060.2|PACid:19640478_114_176 -> AT2G03060.2_PACid_19640478_114_176
AT4G27630.1|PACid:19644925_67_96 -> AT4G27630.1_PACid_19644925_67_96
AT4G27630.1|PACid:19644925_136_162 -> AT4G27630.1_PACid_19644925_136_162
AT2G11620.1|PACid:19641263_210_250 -> AT2G11620.1_PACid_19641263_210_250
AT2G11620.1|PACid:19641263_324_348 -> AT2G11620.1_PACid_19641263_324_348
AT2G11620.1|PACid:19641263_364_388 -> AT2G11620.1_PACid_19641263_364_388
AT2G11620.1|PACid:19641263_406_426 -> AT2G11620.1_PACid_19641263_406_426
AT2G11620.1|PACid:19641263_442_465 -> AT2G11620.1_PACid_19641263_442_465

                                    Gap/Ambiguity  Composition  p-value
   1  Nycol.I01691.1.p_Kbox                13.59%    passed     76.90%
   2  Nycol.H00296.1.p_Kbox                14.56%    passed     92.79%
   3  Nycol.G00206.1.p_Kbox                15.53%    passed     73.84%
   4  Nycol.I01697.1.p_Kbox                14.56%    passed     70.59%
   5  Nycol.C02244.1.p_Kbox                15.53%    passed     95.29%
   6  Nycol.A01976.1.p_Kbox                15.53%    passed     38.93%
   7  Nycol.I00043.1.p_Kbox                14.56%    passed     53.45%
   8  Nycol.A03014.1.p_Kbox                15.53%    passed     14.38%
   9  Nycol.I00993.1.p_Kbox                15.53%    passed     92.74%
  10  Nycol.H00297.1.p_Kbox                10.68%    passed     89.78%
  11  Nycol.A00432.1.p_Kbox                18.45%    passed     49.66%
  12  Nycol.G00190.1.p_Kbox                17.48%    passed     41.69%
  13  Nycol.B01084.1.p_Kbox                13.59%    passed     89.00%
  14  Nycol.M00404.1.p_Kbox                15.53%    passed     69.63%
  15  Nycol.I01732.1.p_Kbox                24.27%    passed     75.71%
  16  Nycol.H00870.1.p_Kbox                18.45%    passed     97.33%
  17  Nycol.F00337.1.p_Kbox                27.18%    passed     20.33%
  18  Nycol.A00172.1.p_Kbox                20.39%    passed      5.88%
  19  Nycol.F00482.1.p_Kbox                40.78%    passed     52.42%
  20  Nycol.F00306.1.p_Kbox                44.66%    failed      1.21%
  21  Nycol.F00318.1.p_Kbox                38.83%    passed     49.48%
  22  Nycol.F00329.1.p_Kbox                64.08%    failed      0.60%
  23  AT1G69120.1_PACid_19653480_85_172    41.75%    passed     88.27%
  24  AT1G26310.1_PACid_19650942_85_174    41.75%    passed     95.92%
  25  AT5G60910.2_PACid_19670615_23_110    41.75%    passed     73.57%
  26  AT5G60910.1_PACid_19670614_85_172    41.75%    passed     73.57%
  27  AT2G45650.1_PACid_19638787_83_170    41.75%    passed     17.22%
  28  AT3G58780.2_PACid_19662660_93_179    41.75%    passed     65.93%
  29  AT3G58780.1_PACid_19662659_100_186   41.75%    passed     65.93%
  30  AT3G58780.3_PACid_19662658_125_211   41.75%    passed     65.93%
  31  AT4G18960.1_PACid_19647337_102_187   41.75%    passed     34.91%
  32  AT4G18960.2_PACid_19647338_88_173    41.75%    passed     34.91%
  33  AT2G45660.1_PACid_19641052_83_171    41.75%    passed     42.82%
  34  AT2G42830.1_PACid_19643528_100_186   41.75%    passed     88.01%
  35  AT5G15800.1_PACid_19670123_84_172    41.75%    passed     31.02%
  36  AT5G15800.2_PACid_19670122_84_172    41.75%    passed     31.02%
  37  AT4G09960.1_PACid_19648309_86_171    41.75%    passed     76.10%
  38  AT4G37940.1_PACid_19644309_83_171    41.75%    passed     60.72%
  39  AT4G37940.1_PACid_19644309_159_183   75.73%    passed     92.96%
  40  AT4G09960.3_PACid_19648307_112_197   41.75%    passed     76.10%
  41  AT1G24260.2_PACid_19651403_93_175    41.75%    passed     76.99%
  42  AT3G02310.1_PACid_19661943_84_172    41.75%    passed     27.90%
  43  AT2G42830.2_PACid_19643527_100_188   41.75%    passed     88.01%
  44  AT1G24260.1_PACid_19651404_92_174    41.75%    passed     76.99%
  45  AT4G22950.1_PACid_19647692_83_169    41.75%    passed     83.67%
  46  AT3G57230.1_PACid_19665060_82_170    41.75%    passed     78.88%
  47  AT3G57230.1_PACid_19665060_165_184   80.58%    passed     17.61%
  48  AT3G61120.1_PACid_19662463_85_168    41.75%    passed     67.98%
  49  AT2G14210.1_PACid_19638394_83_170    41.75%    passed     92.64%
  50  AT2G14210.1_PACid_19638394_170_185   84.47%    passed     31.07%
  51  AT2G03710.3_PACid_19640310_85_172    41.75%    passed     95.69%
  52  AT2G22630.1_PACid_19642313_83_171    41.75%    passed     95.85%
  53  AT2G22630.1_PACid_19642313_165_183   81.55%    passed     96.34%
  54  AT2G03710.2_PACid_19640309_85_173    41.75%    passed     95.69%
  55  AT2G03710.1_PACid_19640308_85_173    41.75%    passed     95.69%
  56  AT4G11880.1_PACid_19643844_84_171    41.75%    passed     96.04%
  57  AT4G09960.4_PACid_19648308_86_175    41.75%    passed     76.10%
  58  AT3G30260.1_PACid_19662130_87_171    41.75%    passed     61.69%
  59  AT5G62165.1_PACid_19672595_84_170    41.75%    passed     77.12%
  60  AT5G62165.2_PACid_19672596_84_170    41.75%    passed     77.12%
  61  AT5G62165.3_PACid_19672597_84_170    41.75%    passed     77.12%
  62  AT1G24260.3_PACid_19651405_93_160    41.75%    passed     76.99%
  63  AT5G51870.1_PACid_19672300_88_172    41.75%    passed     95.13%
  64  AT5G51870.3_PACid_19672299_88_171    41.75%    passed     95.13%
  65  AT5G23260.2_PACid_19667542_82_170    41.75%    failed      0.17%
  66  AT5G13790.1_PACid_19669343_75_165    41.75%    passed     96.60%
  67  AT5G51860.2_PACid_19671372_89_172    41.75%    passed     46.28%
  68  AT1G71692.1_PACid_19653064_99_180    41.75%    passed     18.35%
  69  AT5G51860.1_PACid_19671371_89_171    41.75%    passed     46.28%
  70  AT4G09960.2_PACid_19648310_86_165    41.75%    passed     57.93%
  71  AT5G62165.5_PACid_19672599_43_117    41.75%    passed     31.47%
  72  AT4G24540.1_PACid_19648389_91_172    41.75%    passed     45.65%
  73  AT3G57390.2_PACid_19659473_34_118    41.75%    passed     99.55%
  74  AT3G57390.1_PACid_19659472_95_179    41.75%    passed     99.55%
  75  AT2G22540.2_PACid_19641564_87_165    41.75%    passed     84.42%
  76  AT2G22540.1_PACid_19641563_92_170    41.75%    passed     84.42%
  77  AT2G22540.1_PACid_19641563_166_184   81.55%    passed     48.75%
  78  AT3G54340.1_PACid_19659884_81_168    41.75%    passed     26.37%
  79  AT5G20240.1_PACid_19673101_81_164    41.75%    passed     30.25%
  80  AT3G57230.2_PACid_19665061_106_169   41.75%    passed     64.98%
  81  AT3G57230.2_PACid_19665061_164_183   80.58%    passed     17.61%
  82  AT5G51870.2_PACid_19672301_88_148    41.75%    passed     73.27%
  83  AT5G23260.1_PACid_19667543_82_165    41.75%    failed      0.17%
  84  AT5G62165.4_PACid_19672598_84_157    41.75%    passed     78.68%
  85  AT5G23260.3_PACid_19667544_82_152    41.75%    failed      0.17%
  86  AT5G10140.2_PACid_19672042_89_164    41.75%    passed     35.93%
  87  AT5G10140.1_PACid_19672039_89_164    41.75%    passed     35.93%
  88  AT5G10140.3_PACid_19672040_89_164    41.75%    passed     35.93%
  89  AT2G41470.1_PACid_19641817_21_83     41.75%    passed     26.68%
  90  AT2G41470.1_PACid_19641817_120_196   41.75%    passed     30.34%
  91  AT2G41470.1_PACid_19641817_249_309   41.75%    passed     76.89%
  92  AT2G41470.1_PACid_19641817_355_410   45.63%    failed      0.18%
  93  AT1G77080.2_PACid_19652599_93_160    41.75%    passed     64.83%
  94  AT1G77080.5_PACid_19652600_96_164    41.75%    passed     71.19%
  95  AT5G65060.1_PACid_19668928_96_164    41.75%    passed     56.73%
  96  AT1G77080.4_PACid_19652598_96_164    41.75%    passed     71.19%
  97  AT5G65050.2_PACid_19667307_98_164    41.75%    passed     64.42%
  98  AT5G65080.1_PACid_19670372_101_170   41.75%    passed     83.88%
  99  AT5G65050.3_PACid_19667305_98_164    41.75%    passed     64.42%
 100  AT5G65080.2_PACid_19670373_93_162    41.75%    passed     83.88%
 101  AT5G65060.2_PACid_19668929_102_153   49.51%    passed     74.80%
 102  AT5G65070.2_PACid_19666741_141_195   46.60%    passed     86.82%
 103  AT5G65070.1_PACid_19666742_110_164   46.60%    passed     86.82%
 104  AT5G65070.3_PACid_19666740_142_196   46.60%    passed     86.82%
 105  AT5G10140.4_PACid_19672041_90_154    41.75%    passed     35.58%
 106  AT1G77080.3_PACid_19652601_82_126    56.31%    passed     35.50%
 107  AT1G31150.1_PACid_19651250_574_639   41.75%    passed     64.24%
 108  AT5G65050.1_PACid_19667306_98_149    49.51%    passed     55.31%
 109  AT1G31140.2_PACid_19657777_95_158    41.75%    passed     72.55%
 110  AT1G31140.1_PACid_19657778_95_156    41.75%    passed     55.20%
 111  AT2G41445.1_PACid_19641714_37_93     44.66%    passed     59.79%
 112  AT2G41445.1_PACid_19641714_149_217   41.75%    passed      6.02%
 113  AT1G77950.1_PACid_19656697_125_198   41.75%    passed     12.20%
 114  AT1G77950.2_PACid_19656698_125_198   41.75%    passed     12.20%
 115  AT1G22130.1_PACid_19651829_125_192   41.75%    passed      7.46%
 116  AT1G77980.1_PACid_19650219_124_189   41.75%    passed     11.46%
 117  AT2G41440.1_PACid_19638798_42_120    41.75%    passed     89.77%
 118  AT2G41440.1_PACid_19638798_151_202   49.51%    failed      0.43%
 119  AT2G41440.2_PACid_19638799_33_84     49.51%    failed      0.43%
 120  AT1G69540.1_PACid_19658298_146_182   64.08%    passed     12.47%
 121  AT1G59810.1_PACid_19650751_99_152    47.57%    passed     67.58%
 122  AT2G03060.2_PACid_19640478_88_99     88.35%    passed     46.99%
 123  AT2G03060.2_PACid_19640478_114_176   41.75%    passed     52.41%
 124  AT4G27630.1_PACid_19644925_67_96     70.87%    passed     12.20%
 125  AT4G27630.1_PACid_19644925_136_162   73.79%    passed     89.25%
 126  AT2G11620.1_PACid_19641263_210_250   60.19%    failed      0.00%
 127  AT2G11620.1_PACid_19641263_324_348   75.73%    failed      0.01%
 128  AT2G11620.1_PACid_19641263_364_388   75.73%    passed     32.51%
 129  AT2G11620.1_PACid_19641263_406_426   79.61%    passed     29.84%
 130  AT2G11620.1_PACid_19641263_442_465   76.70%    failed      4.71%
WARNING: 17 sequences contain more than 50% gaps/ambiguity
****  TOTAL                                43.03%  11 sequences failed composition chi2 test (p-value<5%; df=19)
NOTE: AT5G60910.1_PACid_19670614_85_172 is identical to AT5G60910.2_PACid_19670615_23_110 but kept for subsequent analysis
NOTE: AT3G58780.1_PACid_19662659_100_186 is identical to AT3G58780.2_PACid_19662660_93_179 but kept for subsequent analysis
NOTE: AT4G18960.2_PACid_19647338_88_173 is identical to AT4G18960.1_PACid_19647337_102_187 but kept for subsequent analysis
NOTE: AT2G42830.2_PACid_19643527_100_188 is identical to AT2G42830.1_PACid_19643528_100_186 but kept for subsequent analysis
NOTE: AT5G15800.2_PACid_19670122_84_172 is identical to AT5G15800.1_PACid_19670123_84_172 but kept for subsequent analysis
NOTE: AT4G09960.3_PACid_19648307_112_197 is identical to AT4G09960.1_PACid_19648309_86_171 but kept for subsequent analysis
NOTE: AT1G24260.1_PACid_19651404_92_174 is identical to AT1G24260.2_PACid_19651403_93_175 but kept for subsequent analysis
NOTE: AT3G57230.2_PACid_19665061_164_183 is identical to AT3G57230.1_PACid_19665060_165_184 but kept for subsequent analysis
NOTE: AT2G03710.2_PACid_19640309_85_173 is identical to AT2G03710.3_PACid_19640310_85_172 but kept for subsequent analysis
NOTE: AT5G62165.2_PACid_19672596_84_170 is identical to AT5G62165.1_PACid_19672595_84_170 but kept for subsequent analysis
NOTE: AT5G51870.3_PACid_19672299_88_171 is identical to AT5G51870.1_PACid_19672300_88_172 but kept for subsequent analysis
NOTE: AT5G23260.1_PACid_19667543_82_165 is identical to AT5G23260.2_PACid_19667542_82_170 but kept for subsequent analysis
NOTE: AT5G51860.1_PACid_19671371_89_171 is identical to AT5G51860.2_PACid_19671372_89_172 but kept for subsequent analysis
NOTE: AT3G57390.1_PACid_19659472_95_179 is identical to AT3G57390.2_PACid_19659473_34_118 but kept for subsequent analysis
NOTE: AT2G22540.1_PACid_19641563_92_170 is identical to AT2G22540.2_PACid_19641564_87_165 but kept for subsequent analysis
NOTE: AT5G10140.1_PACid_19672039_89_164 is identical to AT5G10140.2_PACid_19672042_89_164 but kept for subsequent analysis
NOTE: AT1G77080.4_PACid_19652598_96_164 is identical to AT1G77080.5_PACid_19652600_96_164 but kept for subsequent analysis
NOTE: AT5G65050.3_PACid_19667305_98_164 is identical to AT5G65050.2_PACid_19667307_98_164 but kept for subsequent analysis
NOTE: AT5G65080.2_PACid_19670373_93_162 is identical to AT5G65080.1_PACid_19670372_101_170 but kept for subsequent analysis
NOTE: AT5G65070.1_PACid_19666742_110_164 is identical to AT5G65070.2_PACid_19666741_141_195 but kept for subsequent analysis
NOTE: AT1G77950.2_PACid_19656698_125_198 is identical to AT1G77950.1_PACid_19656697_125_198 but kept for subsequent analysis
NOTE: AT2G41440.2_PACid_19638799_33_84 is identical to AT2G41440.1_PACid_19638798_151_202 but kept for subsequent analysis
NOTE: 8 identical sequences (see below) will be ignored for subsequent analysis
NOTE: AT3G58780.3_PACid_19662658_125_211 (identical to AT3G58780.2_PACid_19662660_93_179) is ignored but added at the end
NOTE: AT4G09960.4_PACid_19648308_86_175 (identical to AT4G09960.1_PACid_19648309_86_171) is ignored but added at the end
NOTE: AT1G24260.3_PACid_19651405_93_160 (identical to AT1G24260.2_PACid_19651403_93_175) is ignored but added at the end
NOTE: AT2G03710.1_PACid_19640308_85_173 (identical to AT2G03710.3_PACid_19640310_85_172) is ignored but added at the end
NOTE: AT5G62165.3_PACid_19672597_84_170 (identical to AT5G62165.1_PACid_19672595_84_170) is ignored but added at the end
NOTE: AT5G23260.3_PACid_19667544_82_152 (identical to AT5G23260.2_PACid_19667542_82_170) is ignored but added at the end
NOTE: AT5G10140.3_PACid_19672040_89_164 (identical to AT5G10140.2_PACid_19672042_89_164) is ignored but added at the end
NOTE: AT5G65070.3_PACid_19666740_142_196 (identical to AT5G65070.2_PACid_19666741_141_195) is ignored but added at the end

For your convenience alignment with unique sequences printed to /Users/bushrakhan/Desktop/NIPGR-data/MADS-box-Evolutionary-gene-detection/Workflow_Step-by-Step/TASK_3/uploads/Nymphaea_Kbox_ML.uniqueseq.phy


Create initial parsimony tree by phylogenetic likelihood library (PLL)... 0.017 seconds
NOTE: ModelFinder requires 9 MB RAM!
ModelFinder will test 168 protein models (sample size: 103) ...
 No. Model         -LnL         df  AIC          AICc         BIC
Measuring multi-threading efficiency up to 10 CPU cores
Increase to 10 rounds for branch lengths
69 trees examined
Threads: 1 / Time: 10.070 sec / Speedup: 1.000 / Efficiency: 100% / LogL: -15027
Threads: 2 / Time: 7.766 sec / Speedup: 1.297 / Efficiency: 65% / LogL: -15027
Threads: 3 / Time: 12.455 sec / Speedup: 0.809 / Efficiency: 27% / LogL: -15027
BEST NUMBER OF THREADS: 2

  1  Dayhoff       8857.918     241 18197.837    134841.837   18832.807
  2  Dayhoff+I     8857.889     242 18199.778    135811.778   18837.383
  3  Dayhoff+G4    8747.386     242 17978.772    135590.772   18616.377
  4  Dayhoff+I+G4  8747.380     243 17980.760    136564.760   18621.000
  5  Dayhoff+F     8823.722     260 18167.443    153887.443   18852.473
  6  Dayhoff+F+I   8823.644     261 18169.288    154933.288   18856.952
  7  Dayhoff+F+G4  8702.895     261 17927.789    154691.789   18615.454
  8  Dayhoff+F+I+G4 8702.860     262 17929.719    155741.719   18620.018
  9  mtMAM         9420.968     241 19323.937    135967.937   19958.906
 10  mtMAM+I       9420.939     242 19325.879    136937.879   19963.483
 11  mtMAM+G4      9151.111     242 18786.222    136398.222   19423.827
 12  mtMAM+I+G4    9151.116     243 18788.231    137372.231   19428.471
 13  mtMAM+F       9017.317     260 18554.635    154274.635   19239.664
 14  mtMAM+F+I     9017.252     261 18556.504    155320.504   19244.168
 15  mtMAM+F+G4    8869.792     261 18261.584    155025.584   18949.248
 16  mtMAM+F+I+G4  8869.731     262 18263.461    156075.461   18953.760
 17  JTT           8749.058     241 17980.116    134624.116   18615.086
 18  JTT+I         8748.988     242 17981.975    135593.975   18619.580
 19  JTT+G4        8641.334     242 17766.668    135378.668   18404.272
 20  JTT+I+G4      8641.318     243 17768.636    136352.636   18408.875
 21  JTT+F         8716.861     260 17953.722    153673.722   18638.751
 22  JTT+F+I       8716.816     261 17955.632    154719.632   18643.296
 23  JTT+F+G4      8601.805     261 17725.609    154489.609   18413.274
 24  JTT+F+I+G4    8601.789     262 17727.578    155539.578   18417.877
 25  WAG           8781.519     241 18045.038    134689.038   18680.007
 26  WAG+I         8781.459     242 18046.918    135658.918   18684.523
 27  WAG+G4        8674.322     242 17832.645    135444.645   18470.249
 28  WAG+I+G4      8674.317     243 17834.634    136418.634   18474.873
 29  WAG+F         8837.713     260 18195.426    153915.426   18880.455
 30  WAG+F+I       8837.635     261 18197.269    154961.269   18884.934
 31  WAG+F+G4      8706.860     261 17935.720    154699.720   18623.384
 32  WAG+F+I+G4    8706.842     262 17937.685    155749.685   18627.984
 33  cpREV         8891.299     241 18264.598    134908.598   18899.568
 34  cpREV+I       8891.269     242 18266.537    135878.537   18904.142
 35  cpREV+G4      8755.237     242 17994.473    135606.473   18632.077
 36  cpREV+I+G4    8755.211     243 17996.421    136580.421   18636.661
 37  cpREV+F       9001.519     260 18523.038    154243.038   19208.068
 38  cpREV+F+I     9001.508     261 18525.015    155289.015   19212.679
 39  cpREV+F+G4    8831.807     261 18185.614    154949.614   18873.278
 40  cpREV+F+I+G4  8831.801     262 18187.602    155999.602   18877.901
 41  mtREV         9219.058     241 18920.117    135564.117   19555.087
 42  mtREV+I       9219.032     242 18922.064    136534.064   19559.669
 43  mtREV+G4      9032.364     242 18548.727    136160.727   19186.332
 44  mtREV+I+G4    9032.363     243 18550.725    137134.725   19190.964
 45  mtREV+F       8902.708     260 18325.415    154045.415   19010.445
 46  mtREV+F+I     8902.625     261 18327.250    155091.250   19014.914
 47  mtREV+F+G4    8777.842     261 18077.684    154841.684   18765.348
 48  mtREV+F+I+G4  8777.245     262 18078.490    155890.490   18768.789
 49  rtREV         8780.040     241 18042.080    134686.080   18677.050
 50  rtREV+I       8780.002     242 18044.004    135656.004   18681.608
 51  rtREV+G4      8674.390     242 17832.780    135444.780   18470.385
 52  rtREV+I+G4    8674.364     243 17834.728    136418.728   18474.967
 53  rtREV+F       8775.180     260 18070.361    153790.361   18755.390
 54  rtREV+F+I     8775.147     261 18072.294    154836.294   18759.958
 55  rtREV+F+G4    8659.506     261 17841.012    154605.012   18528.676
 56  rtREV+F+I+G4  8659.473     262 17842.945    155654.945   18533.244
 57  mtART         9431.853     241 19345.706    135989.706   19980.676
 58  mtART+I       9431.803     242 19347.606    136959.606   19985.211
 59  mtART+G4      9129.224     242 18742.448    136354.448   19380.052
 60  mtART+I+G4    9129.220     243 18744.439    137328.439   19384.678
 61  mtART+F       8950.740     260 18421.480    154141.480   19106.510
 62  mtART+F+I     8950.660     261 18423.320    155187.320   19110.984
 63  mtART+F+G4    8792.802     261 18107.603    154871.603   18795.268
 64  mtART+F+I+G4  8792.761     262 18109.522    155921.522   18799.821
 65  mtZOA         9173.409     241 18828.817    135472.817   19463.787
 66  mtZOA+I       9173.378     242 18830.757    136442.757   19468.361
 67  mtZOA+G4      8945.727     242 18375.454    135987.454   19013.058
 68  mtZOA+I+G4    8945.647     243 18377.294    136961.294   19017.534
 69  mtZOA+F       8869.018     260 18258.036    153978.036   18943.065
 70  mtZOA+F+I     8868.962     261 18259.925    155023.925   18947.589
 71  mtZOA+F+G4    8732.138     261 17986.276    154750.276   18673.941
 72  mtZOA+F+I+G4  8732.128     262 17988.256    155800.256   18678.555
 73  VT            8764.674     241 18011.349    134655.349   18646.318
 74  VT+I          8764.617     242 18013.234    135625.234   18650.839
 75  VT+G4         8664.502     242 17813.004    135425.004   18450.608
 76  VT+I+G4       8664.493     243 17814.985    136398.985   18455.224
 77  VT+F          8779.601     260 18079.201    153799.201   18764.231
 78  VT+F+I        8779.547     261 18081.094    154845.094   18768.758
 79  VT+F+G4       8671.118     261 17864.237    154628.237   18551.901
 80  VT+F+I+G4     8671.100     262 17866.201    155678.201   18556.500
 81  LG            8730.725     241 17943.450    134587.450   18578.420
 82  LG+I          8730.677     242 17945.355    135557.355   18582.959
 83  LG+G4         8613.798     242 17711.597    135323.597   18349.201
 84  LG+I+G4       8613.788     243 17713.575    136297.575   18353.814
 85  LG+F          8766.533     260 18053.067    153773.067   18738.096
 86  LG+F+I        8766.481     261 18054.963    154818.963   18742.627
 87  LG+F+G4       8645.549     261 17813.098    154577.098   18500.762
 88  LG+F+I+G4     8645.528     262 17815.056    155627.056   18505.355
 89  DCMut         8857.569     241 18197.138    134841.138   18832.108
 90  DCMut+I       8857.527     242 18199.055    135811.055   18836.659
 91  DCMut+G4      8747.402     242 17978.804    135590.804   18616.408
 92  DCMut+I+G4    8747.388     243 17980.776    136564.776   18621.016
 93  DCMut+F       8823.360     260 18166.721    153886.721   18851.750
 94  DCMut+F+I     8823.287     261 18168.573    154932.573   18856.238
 95  DCMut+F+G4    8702.760     261 17927.520    154691.520   18615.185
 96  DCMut+F+I+G4  8702.722     262 17929.444    155741.444   18619.743
 97  PMB           8866.199     241 18214.399    134858.399   18849.369
 98  PMB+I         8866.172     242 18216.343    135828.343   18853.948
 99  PMB+G4        8759.510     242 18003.020    135615.020   18640.625
100  PMB+I+G4      8759.484     243 18004.968    136588.968   18645.207
101  PMB+F         8902.461     260 18324.922    154044.922   19009.952
102  PMB+F+I       8902.440     261 18326.881    155090.881   19014.545
103  PMB+F+G4      8787.953     261 18097.905    154861.905   18785.570
104  PMB+F+I+G4    8787.923     262 18099.845    155911.845   18790.144
105  HIVb          8923.162     241 18328.324    134972.324   18963.294
106  HIVb+I        8923.134     242 18330.269    135942.269   18967.873
107  HIVb+G4       8771.950     242 18027.900    135639.900   18665.504
108  HIVb+I+G4     8771.894     243 18029.787    136613.787   18670.027
109  HIVb+F        8857.236     260 18234.473    153954.473   18919.503
110  HIVb+F+I      8857.214     261 18236.428    155000.428   18924.092
111  HIVb+F+G4     8697.628     261 17917.255    154681.255   18604.919
112  HIVb+F+I+G4   8697.550     262 17919.101    155731.101   18609.400
113  HIVw          9346.959     241 19175.918    135819.918   19810.888
114  HIVw+I        9346.896     242 19177.791    136789.791   19815.396
115  HIVw+G4       9153.665     242 18791.330    136403.330   19428.934
116  HIVw+I+G4     9153.614     243 18793.229    137377.229   19433.468
117  HIVw+F        9139.739     260 18799.477    154519.477   19484.507
118  HIVw+F+I      9139.692     261 18801.383    155565.383   19489.048
119  HIVw+F+G4     8935.988     261 18393.976    155157.976   19081.640
120  HIVw+F+I+G4   8935.959     262 18395.918    156207.918   19086.217
121  JTTDCMut      8751.178     241 17984.355    134628.355   18619.325
122  JTTDCMut+I    8751.156     242 17986.312    135598.312   18623.916
123  JTTDCMut+G4   8643.683     242 17771.366    135383.366   18408.971
124  JTTDCMut+I+G4 8643.667     243 17773.333    136357.333   18413.572
125  JTTDCMut+F    8721.153     260 17962.306    153682.306   18647.335
126  JTTDCMut+F+I  8721.086     261 17964.172    154728.172   18651.837
127  JTTDCMut+F+G4 8605.975     261 17733.950    154497.950   18421.614
128  JTTDCMut+F+I+G4 8605.965     262 17735.930    155547.930   18426.229
129  FLU           8956.260     241 18394.521    135038.521   19029.491
130  FLU+I         8956.237     242 18396.474    136008.474   19034.079
131  FLU+G4        8803.990     242 18091.980    135703.980   18729.584
132  FLU+I+G4      8803.986     243 18093.971    136677.971   18734.210
133  FLU+F         8965.496     260 18450.992    154170.992   19136.022
134  FLU+F+I       8965.456     261 18452.912    155216.912   19140.577
135  FLU+F+G4      8786.578     261 18095.157    154859.157   18782.821
136  FLU+F+I+G4    8786.550     262 18097.100    155909.100   18787.399
137  Blosum62      8848.033     241 18178.066    134822.066   18813.035
138  Blosum62+I    8848.003     242 18180.006    135792.006   18817.610
139  Blosum62+G4   8738.742     242 17961.485    135573.485   18599.089
140  Blosum62+I+G4 8738.740     243 17963.480    136547.480   18603.719
141  Blosum62+F    8921.863     260 18363.726    154083.726   19048.756
142  Blosum62+F+I  8921.795     261 18365.590    155129.590   19053.254
143  Blosum62+F+G4 8799.456     261 18120.912    154884.912   18808.576
144  Blosum62+F+I+G4 8799.414     262 18122.828    155934.828   18813.126
145  mtMet         9199.350     241 18880.701    135524.701   19515.670
146  mtMet+I       9199.282     242 18882.564    136494.564   19520.169
147  mtMet+G4      9000.196     242 18484.391    136096.391   19121.996
148  mtMet+I+G4    9000.187     243 18486.374    137070.374   19126.613
149  mtMet+F       8819.664     260 18159.329    153879.329   18844.358
150  mtMet+F+I     8819.621     261 18161.243    154925.243   18848.907
151  mtMet+F+G4    8692.487     261 17906.974    154670.974   18594.638
152  mtMet+F+I+G4  8692.481     262 17908.963    155720.963   18599.262
153  mtVer         9254.415     241 18990.830    135634.830   19625.800
154  mtVer+I       9254.338     242 18992.676    136604.676   19630.280
155  mtVer+G4      9066.745     242 18617.489    136229.489   19255.094
156  mtVer+I+G4    9066.727     243 18619.455    137203.455   19259.694
157  mtVer+F       8940.618     260 18401.236    154121.236   19086.265
158  mtVer+F+I     8940.552     261 18403.104    155167.104   19090.768
159  mtVer+F+G4    8800.258     261 18122.515    154886.515   18810.180
160  mtVer+F+I+G4  8800.233     262 18124.465    155936.465   18814.764
161  mtInv         9258.483     241 18998.966    135642.966   19633.935
162  mtInv+I       9258.454     242 19000.908    136612.908   19638.513
163  mtInv+G4      9063.757     242 18611.515    136223.515   19249.119
164  mtInv+I+G4    9063.744     243 18613.488    137197.488   19253.727
165  mtInv+F       8795.865     260 18111.730    153831.730   18796.760
166  mtInv+F+I     8795.827     261 18113.653    154877.653   18801.317
167  mtInv+F+G4    8673.523     261 17869.045    154633.045   18556.710
168  mtInv+F+I+G4  8673.488     262 17870.977    155682.977   18561.276
Akaike Information Criterion:           LG+G4
Corrected Akaike Information Criterion: LG
Bayesian Information Criterion:         LG+G4
Best-fit model: LG+G4 chosen according to BIC

All model information printed to /Users/bushrakhan/Desktop/NIPGR-data/MADS-box-Evolutionary-gene-detection/Workflow_Step-by-Step/TASK_3/uploads/Nymphaea_Kbox_ML.model.gz
CPU time for ModelFinder: 129.605 seconds (0h:2m:9s)
Wall-clock time for ModelFinder: 85.871 seconds (0h:1m:25s)
Generating 1000 samples for ultrafast bootstrap (seed: 705654)...

NOTE: 9 MB RAM (0 GB) is required!
Measuring multi-threading efficiency up to 10 CPU cores
Increase to 10 rounds for branch lengths
17 trees examined
Threads: 1 / Time: 10.291 sec / Speedup: 1.000 / Efficiency: 100% / LogL: -14470
Threads: 2 / Time: 7.466 sec / Speedup: 1.378 / Efficiency: 69% / LogL: -14470
Threads: 3 / Time: 9.065 sec / Speedup: 1.135 / Efficiency: 38% / LogL: -14470
BEST NUMBER OF THREADS: 2

Estimate model parameters (epsilon = 0.100)
1. Initial log-likelihood: -8648.120
2. Current log-likelihood: -8618.964
3. Current log-likelihood: -8614.618
4. Current log-likelihood: -8613.854
Optimal log-likelihood: -8613.795
Gamma shape alpha: 3.828
Parameters optimization took 4 rounds (1.330 sec)
Computing ML distances based on estimated model parameters... 6.287 sec
WARNING: Some pairwise ML distances are too long (saturated)
Computing BIONJ tree...
0.021 seconds
Log-likelihood of BIONJ tree: -8618.127
--------------------------------------------------------------------
|             INITIALIZING CANDIDATE TREE SET                      |
--------------------------------------------------------------------
Generating 98 parsimony trees... 2.853 second
Computing log-likelihood of 98 initial trees ... 12.353 seconds
Current best score: -8557.216

Do NNI search on 20 best initial trees
Estimate model parameters (epsilon = 0.100)
BETTER TREE FOUND at iteration 1: -8516.487
Estimate model parameters (epsilon = 0.100)
BETTER TREE FOUND at iteration 3: -8507.132
Estimate model parameters (epsilon = 0.100)
BETTER TREE FOUND at iteration 4: -8505.053
Iteration 10 / LogL: -8536.910 / Time: 0h:1m:13s
Iteration 20 / LogL: -8524.234 / Time: 0h:1m:40s
Finish initializing candidate tree set (20)
Current best tree score: -8505.053 / CPU time: 66.403
Number of iterations: 20
--------------------------------------------------------------------
|               OPTIMIZING CANDIDATE TREE SET                      |
--------------------------------------------------------------------
Estimate model parameters (epsilon = 0.100)
BETTER TREE FOUND at iteration 28: -8504.350
Iteration 30 / LogL: -8504.931 / Time: 0h:2m:5s (0h:7m:3s left)
Estimate model parameters (epsilon = 0.100)
BETTER TREE FOUND at iteration 38: -8504.124
Iteration 40 / LogL: -8506.741 / Time: 0h:2m:22s (0h:5m:58s left)
Estimate model parameters (epsilon = 0.100)
BETTER TREE FOUND at iteration 41: -8501.773
Estimate model parameters (epsilon = 0.100)
BETTER TREE FOUND at iteration 45: -8501.408
Iteration 50 / LogL: -8501.409 / Time: 0h:2m:38s (0h:5m:6s left)
Log-likelihood cutoff on original alignment: -8550.743
BETTER TREE FOUND at iteration 51: -8501.408
Estimate model parameters (epsilon = 0.100)
BETTER TREE FOUND at iteration 52: -8499.932
Estimate model parameters (epsilon = 0.100)
BETTER TREE FOUND at iteration 54: -8499.383
Iteration 60 / LogL: -8499.384 / Time: 0h:2m:53s (0h:4m:36s left)
Iteration 70 / LogL: -8499.892 / Time: 0h:3m:7s (0h:3m:47s left)
Estimate model parameters (epsilon = 0.100)
BETTER TREE FOUND at iteration 74: -8499.353
Estimate model parameters (epsilon = 0.100)
BETTER TREE FOUND at iteration 78: -8498.941
Iteration 80 / LogL: -8500.251 / Time: 0h:3m:21s (0h:4m:10s left)
Iteration 90 / LogL: -8500.830 / Time: 0h:3m:35s (0h:3m:32s left)
Iteration 100 / LogL: -8501.638 / Time: 0h:3m:49s (0h:3m:0s left)
Log-likelihood cutoff on original alignment: -8550.743
NOTE: Bootstrap correlation coefficient of split occurrence frequencies: 0.979
NOTE: UFBoot does not converge, continue at least 100 more iterations
Estimate model parameters (epsilon = 0.100)
BETTER TREE FOUND at iteration 109: -8498.460
Iteration 110 / LogL: -8503.902 / Time: 0h:4m:4s (0h:3m:42s left)
Iteration 120 / LogL: -8542.285 / Time: 0h:4m:18s (0h:3m:13s left)
Estimate model parameters (epsilon = 0.100)
BETTER TREE FOUND at iteration 125: -8498.421
Iteration 130 / LogL: -8498.676 / Time: 0h:4m:33s (0h:3m:21s left)
Iteration 140 / LogL: -8500.177 / Time: 0h:4m:49s (0h:2m:56s left)
Estimate model parameters (epsilon = 0.100)
BETTER TREE FOUND at iteration 145: -8498.132
Estimate model parameters (epsilon = 0.100)
BETTER TREE FOUND at iteration 147: -8498.021
Iteration 150 / LogL: -8498.428 / Time: 0h:5m:2s (0h:3m:17s left)
Log-likelihood cutoff on original alignment: -8550.743
Iteration 160 / LogL: -8498.720 / Time: 0h:5m:16s (0h:2m:53s left)
Iteration 170 / LogL: -8498.128 / Time: 0h:5m:30s (0h:2m:30s left)
Iteration 180 / LogL: -8498.021 / Time: 0h:5m:44s (0h:2m:8s left)
Iteration 190 / LogL: -8498.637 / Time: 0h:5m:57s (0h:1m:47s left)
Iteration 200 / LogL: -8498.021 / Time: 0h:6m:11s (0h:1m:27s left)
Log-likelihood cutoff on original alignment: -8550.743
NOTE: Bootstrap correlation coefficient of split occurrence frequencies: 0.997
Iteration 210 / LogL: -8502.005 / Time: 0h:6m:25s (0h:2m:45s left)
Iteration 220 / LogL: -8500.245 / Time: 0h:6m:40s (0h:2m:26s left)
Iteration 230 / LogL: -8498.021 / Time: 0h:6m:54s (0h:2m:6s left)
Estimate model parameters (epsilon = 0.100)
BETTER TREE FOUND at iteration 235: -8496.169
Iteration 240 / LogL: -8498.026 / Time: 0h:7m:9s (0h:2m:50s left)
Estimate model parameters (epsilon = 0.100)
BETTER TREE FOUND at iteration 242: -8495.703
Estimate model parameters (epsilon = 0.100)
BETTER TREE FOUND at iteration 243: -8495.370
Iteration 250 / LogL: -8496.192 / Time: 0h:7m:24s (0h:2m:46s left)
Log-likelihood cutoff on original alignment: -8550.743
Iteration 260 / LogL: -8500.287 / Time: 0h:7m:39s (0h:2m:27s left)
Iteration 270 / LogL: -8497.952 / Time: 0h:7m:54s (0h:2m:8s left)
Iteration 280 / LogL: -8495.706 / Time: 0h:8m:8s (0h:1m:50s left)
UPDATE BEST LOG-LIKELIHOOD: -8495.370
Iteration 290 / LogL: -8496.476 / Time: 0h:8m:21s (0h:1m:32s left)
Iteration 300 / LogL: -8495.706 / Time: 0h:8m:36s (0h:1m:14s left)
Log-likelihood cutoff on original alignment: -8550.743
NOTE: Bootstrap correlation coefficient of split occurrence frequencies: 0.991
Iteration 310 / LogL: -8499.855 / Time: 0h:8m:51s (0h:2m:34s left)
Iteration 320 / LogL: -8500.566 / Time: 0h:9m:6s (0h:2m:16s left)
Estimate model parameters (epsilon = 0.100)
BETTER TREE FOUND at iteration 327: -8495.337
Iteration 330 / LogL: -8497.421 / Time: 0h:9m:22s (0h:2m:45s left)
Iteration 340 / LogL: -8497.500 / Time: 0h:9m:37s (0h:2m:28s left)
Iteration 350 / LogL: -8495.371 / Time: 0h:9m:51s (0h:2m:10s left)
Log-likelihood cutoff on original alignment: -8550.743
Iteration 360 / LogL: -8507.085 / Time: 0h:10m:7s (0h:1m:53s left)
Estimate model parameters (epsilon = 0.100)
BETTER TREE FOUND at iteration 362: -8493.717
Estimate model parameters (epsilon = 0.100)
BETTER TREE FOUND at iteration 363: -8492.380
Iteration 370 / LogL: -8492.874 / Time: 0h:10m:24s (0h:2m:37s left)
Estimate model parameters (epsilon = 0.100)
BETTER TREE FOUND at iteration 378: -8492.323
Iteration 380 / LogL: -8494.964 / Time: 0h:10m:41s (0h:2m:45s left)
Iteration 390 / LogL: -8493.138 / Time: 0h:10m:59s (0h:2m:29s left)
Iteration 400 / LogL: -8512.427 / Time: 0h:11m:14s (0h:2m:11s left)
Log-likelihood cutoff on original alignment: -8550.743
NOTE: Bootstrap correlation coefficient of split occurrence frequencies: 0.987
NOTE: UFBoot does not converge, continue at least 100 more iterations
Iteration 410 / LogL: -8495.170 / Time: 0h:11m:29s (0h:2m:31s left)
Iteration 420 / LogL: -8493.681 / Time: 0h:11m:46s (0h:2m:14s left)
Iteration 430 / LogL: -8498.067 / Time: 0h:12m:1s (0h:1m:57s left)
Iteration 440 / LogL: -8492.324 / Time: 0h:12m:17s (0h:1m:40s left)
Iteration 450 / LogL: -8492.562 / Time: 0h:12m:33s (0h:1m:23s left)
Log-likelihood cutoff on original alignment: -8550.743
Iteration 460 / LogL: -8492.381 / Time: 0h:12m:49s (0h:1m:7s left)
Iteration 470 / LogL: -8492.446 / Time: 0h:13m:4s (0h:0m:50s left)
Iteration 480 / LogL: -8492.991 / Time: 0h:13m:21s (0h:0m:33s left)
Iteration 490 / LogL: -8492.323 / Time: 0h:13m:36s (0h:0m:16s left)
Iteration 500 / LogL: -8492.381 / Time: 0h:13m:51s (0h:0m:0s left)
Log-likelihood cutoff on original alignment: -8550.743
NOTE: Bootstrap correlation coefficient of split occurrence frequencies: 0.986
NOTE: UFBoot does not converge, continue at least 100 more iterations
Iteration 510 / LogL: -8496.334 / Time: 0h:14m:7s (0h:2m:29s left)
Iteration 520 / LogL: -8493.363 / Time: 0h:14m:22s (0h:2m:12s left)
Iteration 530 / LogL: -8492.679 / Time: 0h:14m:38s (0h:1m:56s left)
Iteration 540 / LogL: -8492.323 / Time: 0h:14m:55s (0h:1m:39s left)
Iteration 550 / LogL: -8496.203 / Time: 0h:15m:8s (0h:1m:22s left)
Log-likelihood cutoff on original alignment: -8550.743
Iteration 560 / LogL: -8492.819 / Time: 0h:15m:21s (0h:1m:5s left)
Iteration 570 / LogL: -8492.991 / Time: 0h:15m:33s (0h:0m:49s left)
Iteration 580 / LogL: -8500.853 / Time: 0h:15m:45s (0h:0m:32s left)
Iteration 590 / LogL: -8495.230 / Time: 0h:15m:57s (0h:0m:16s left)
Iteration 600 / LogL: -8492.382 / Time: 0h:16m:8s (0h:0m:0s left)
Log-likelihood cutoff on original alignment: -8550.743
NOTE: Bootstrap correlation coefficient of split occurrence frequencies: 0.982
NOTE: UFBoot does not converge, continue at least 100 more iterations
Iteration 610 / LogL: -8496.407 / Time: 0h:16m:20s (0h:2m:24s left)
Iteration 620 / LogL: -8498.200 / Time: 0h:16m:32s (0h:2m:8s left)
Iteration 630 / LogL: -8492.563 / Time: 0h:16m:43s (0h:1m:51s left)
Iteration 640 / LogL: -8492.702 / Time: 0h:16m:56s (0h:1m:35s left)
Iteration 650 / LogL: -8496.352 / Time: 0h:17m:8s (0h:1m:19s left)
Log-likelihood cutoff on original alignment: -8550.743
Iteration 660 / LogL: -8492.991 / Time: 0h:17m:20s (0h:1m:3s left)
Iteration 670 / LogL: -8493.160 / Time: 0h:17m:32s (0h:0m:47s left)
Iteration 680 / LogL: -8492.842 / Time: 0h:17m:45s (0h:0m:31s left)
Iteration 690 / LogL: -8492.323 / Time: 0h:17m:56s (0h:0m:15s left)
Iteration 700 / LogL: -8493.067 / Time: 0h:18m:10s (0h:0m:0s left)
Log-likelihood cutoff on original alignment: -8550.743
NOTE: Bootstrap correlation coefficient of split occurrence frequencies: 0.985
NOTE: UFBoot does not converge, continue at least 100 more iterations
Iteration 710 / LogL: -8495.396 / Time: 0h:18m:22s (0h:2m:19s left)
Iteration 720 / LogL: -8496.636 / Time: 0h:18m:34s (0h:2m:4s left)
Iteration 730 / LogL: -8492.381 / Time: 0h:18m:45s (0h:1m:48s left)
Iteration 740 / LogL: -8494.576 / Time: 0h:18m:57s (0h:1m:32s left)
Iteration 750 / LogL: -8496.245 / Time: 0h:19m:9s (0h:1m:16s left)
Log-likelihood cutoff on original alignment: -8550.743
Iteration 760 / LogL: -8492.857 / Time: 0h:19m:22s (0h:1m:1s left)
Iteration 770 / LogL: -8493.459 / Time: 0h:19m:36s (0h:0m:45s left)
Iteration 780 / LogL: -8492.558 / Time: 0h:19m:48s (0h:0m:30s left)
Iteration 790 / LogL: -8492.734 / Time: 0h:20m:5s (0h:0m:15s left)
Iteration 800 / LogL: -8495.941 / Time: 0h:20m:29s (0h:0m:0s left)
Log-likelihood cutoff on original alignment: -8550.743
NOTE: Bootstrap correlation coefficient of split occurrence frequencies: 0.996
TREE SEARCH COMPLETED AFTER 800 ITERATIONS / Time: 0h:20m:30s

--------------------------------------------------------------------
|                    FINALIZING TREE SEARCH                        |
--------------------------------------------------------------------
Performs final model parameters optimization
Estimate model parameters (epsilon = 0.010)
1. Initial log-likelihood: -8492.323
Optimal log-likelihood: -8492.323
Gamma shape alpha: 3.796
Parameters optimization took 1 rounds (0.168 sec)
BEST SCORE FOUND : -8492.323
Creating bootstrap support values...
Split supports printed to NEXUS file /Users/bushrakhan/Desktop/NIPGR-data/MADS-box-Evolutionary-gene-detection/Workflow_Step-by-Step/TASK_3/uploads/Nymphaea_Kbox_ML.splits.nex
Total tree length: 48.095

Total number of iterations: 800
CPU time used for tree search: 2267.179 sec (0h:37m:47s)
Wall-clock time used for tree search: 1196.490 sec (0h:19m:56s)
Total CPU time used: 2315.052 sec (0h:38m:35s)
Total wall-clock time used: 1231.393 sec (0h:20m:31s)

Computing bootstrap consensus tree...
Reading input file /Users/bushrakhan/Desktop/NIPGR-data/MADS-box-Evolutionary-gene-detection/Workflow_Step-by-Step/TASK_3/uploads/Nymphaea_Kbox_ML.splits.nex...
122 taxa and 1417 splits.
Consensus tree written to /Users/bushrakhan/Desktop/NIPGR-data/MADS-box-Evolutionary-gene-detection/Workflow_Step-by-Step/TASK_3/uploads/Nymphaea_Kbox_ML.contree
Reading input trees file /Users/bushrakhan/Desktop/NIPGR-data/MADS-box-Evolutionary-gene-detection/Workflow_Step-by-Step/TASK_3/uploads/Nymphaea_Kbox_ML.contree
Log-likelihood of consensus tree: -8492.381

Analysis results written to: 
  IQ-TREE report:                /Users/bushrakhan/Desktop/NIPGR-data/MADS-box-Evolutionary-gene-detection/Workflow_Step-by-Step/TASK_3/uploads/Nymphaea_Kbox_ML.iqtree
  Maximum-likelihood tree:       /Users/bushrakhan/Desktop/NIPGR-data/MADS-box-Evolutionary-gene-detection/Workflow_Step-by-Step/TASK_3/uploads/Nymphaea_Kbox_ML.treefile
  Likelihood distances:          /Users/bushrakhan/Desktop/NIPGR-data/MADS-box-Evolutionary-gene-detection/Workflow_Step-by-Step/TASK_3/uploads/Nymphaea_Kbox_ML.mldist

Ultrafast bootstrap approximation results written to:
  Split support values:          /Users/bushrakhan/Desktop/NIPGR-data/MADS-box-Evolutionary-gene-detection/Workflow_Step-by-Step/TASK_3/uploads/Nymphaea_Kbox_ML.splits.nex
  Consensus tree:                /Users/bushrakhan/Desktop/NIPGR-data/MADS-box-Evolutionary-gene-detection/Workflow_Step-by-Step/TASK_3/uploads/Nymphaea_Kbox_ML.contree
  Screen log file:               /Users/bushrakhan/Desktop/NIPGR-data/MADS-box-Evolutionary-gene-detection/Workflow_Step-by-Step/TASK_3/uploads/Nymphaea_Kbox_ML.log

Date and Time: Sat Apr  4 00:03:13 2026
