--- Processing Amborella_trichopoda ---
Initial MIKCc candidates (MADS+K-box and NOT AP2): 16
Final candidates: 16
--- Processing Cinnamomum_kanehirae ---
Initial MIKCc candidates (MADS+K-box and NOT AP2): 31
Final candidates: 31
--- Processing Glycine_max ---
Initial MIKCc candidates (MADS+K-box and NOT AP2): 87
Final candidates: 87
--- Processing Helianthus_annuuss ---
Initial MIKCc candidates (MADS+K-box and NOT AP2): 58
Final candidates: 58
--- Processing Medicago_truncatula ---
Initial MIKCc candidates (MADS+K-box and NOT AP2): 39
Final candidates: 39
--- Processing Nelumbo_nucifera ---
Initial MIKCc candidates (MADS+K-box and NOT AP2): 47
Final candidates: 47
--- Processing Nymphaea_colorata ---
Initial MIKCc candidates (MADS+K-box and NOT AP2): 22
Final candidates: 22
--- Processing Oryza_sativa ---
Initial MIKCc candidates (MADS+K-box and NOT AP2): 39
Final candidates: 39
--- Processing Prunus_persica ---
Initial MIKCc candidates (MADS+K-box and NOT AP2): 76
Final candidates: 76
